[ 2015-05-02T20:37:59+08:00 ] ::1 /puys/
INFO: [ app_init ] --START--
INFO: Run Behavior\BuildLiteBehavior [ RunTime:0.000063s ]
INFO: [ app_init ] --END-- [ RunTime:0.007912s ]
INFO: [ app_begin ] --START--
INFO: Run Behavior\ReadHtmlCacheBehavior [ RunTime:0.003457s ]
INFO: [ app_begin ] --END-- [ RunTime:0.003866s ]
SQL: SHOW COLUMNS FROM `goods` [ RunTime:0.021970s ]
NOTIC: [8] Undefined variable: where E:\wamp\php_coding\www\puys\Application\Home\Controller\IndexController.class.php 第 8 行.
SQL: SELECT COUNT(*) AS tp_count FROM `goods` LIMIT 1   [ RunTime:0.000765s ]
NOTIC: [8] Undefined variable: where E:\wamp\php_coding\www\puys\Application\Home\Controller\IndexController.class.php 第 9 行.
SQL: SELECT `id`,`mall_id`,`title`,`gclass`,`info`,`add_time`,`count`,`count_xl`,`keywords`,`goods_thumb`,`goods_img`,`m_price`,`s_price`,`isdiscount`,`isrec` FROM `goods` ORDER BY add_time desc LIMIT 0,15   [ RunTime:0.022486s ]
SQL: SELECT COUNT(*) AS tp_count FROM `goods` LIMIT 1   [ RunTime:0.000732s ]
SQL: SHOW COLUMNS FROM `gclass` [ RunTime:0.007465s ]
SQL: SELECT * FROM `gclass`  [ RunTime:0.000694s ]
INFO: [ view_parse ] --START--
INFO: [ template_filter ] --START--
INFO: Run Behavior\ContentReplaceBehavior [ RunTime:0.000546s ]
INFO: [ template_filter ] --END-- [ RunTime:0.001045s ]
SQL: SHOW COLUMNS FROM `gpic` [ RunTime:0.007599s ]
SQL: SELECT * FROM `gpic` WHERE `goodid` = 153 LIMIT 1   [ RunTime:0.000923s ]
SQL: SELECT * FROM `gpic` WHERE `goodid` = 152 LIMIT 1   [ RunTime:0.010176s ]
SQL: SELECT * FROM `gpic` WHERE `goodid` = 151 LIMIT 1   [ RunTime:0.001107s ]
SQL: SELECT * FROM `gpic` WHERE `goodid` = 150 LIMIT 1   [ RunTime:0.001014s ]
SQL: SELECT * FROM `gpic` WHERE `goodid` = 149 LIMIT 1   [ RunTime:0.000695s ]
SQL: SELECT * FROM `gpic` WHERE `goodid` = 148 LIMIT 1   [ RunTime:0.000672s ]
SQL: SELECT * FROM `gpic` WHERE `goodid` = 147 LIMIT 1   [ RunTime:0.000749s ]
SQL: SELECT * FROM `gpic` WHERE `goodid` = 146 LIMIT 1   [ RunTime:0.000711s ]
SQL: SELECT * FROM `gpic` WHERE `goodid` = 145 LIMIT 1   [ RunTime:0.000638s ]
SQL: SELECT * FROM `gpic` WHERE `goodid` = 144 LIMIT 1   [ RunTime:0.000687s ]
SQL: SELECT * FROM `gpic` WHERE `goodid` = 143 LIMIT 1   [ RunTime:0.000714s ]
SQL: SELECT * FROM `gpic` WHERE `goodid` = 142 LIMIT 1   [ RunTime:0.000999s ]
SQL: SELECT * FROM `gpic` WHERE `goodid` = 121 LIMIT 1   [ RunTime:0.000717s ]
SQL: SELECT * FROM `gpic` WHERE `goodid` = 120 LIMIT 1   [ RunTime:0.000643s ]
SQL: SELECT * FROM `gpic` WHERE `goodid` = 118 LIMIT 1   [ RunTime:0.000745s ]
INFO: Run Behavior\ParseTemplateBehavior [ RunTime:0.195714s ]
INFO: [ view_parse ] --END-- [ RunTime:0.196003s ]
INFO: [ view_filter ] --START--
INFO: Run Behavior\WriteHtmlCacheBehavior [ RunTime:0.017896s ]
INFO: [ view_filter ] --END-- [ RunTime:0.018180s ]
INFO: [ app_end ] --START--
INFO: Run Behavior\ShowPageTraceBehavior [ RunTime:0.003063s ]
INFO: [ app_end ] --END-- [ RunTime:0.003427s ]

[ 2015-05-02T20:38:00+08:00 ] ::1 /puys/index.php/Home/Msg/checkmsg.html
INFO: [ app_init ] --START--
INFO: Run Behavior\BuildLiteBehavior [ RunTime:0.000091s ]
INFO: [ app_init ] --END-- [ RunTime:0.002207s ]
INFO: [ app_begin ] --START--
INFO: Run Behavior\ReadHtmlCacheBehavior [ RunTime:0.002677s ]
INFO: [ app_begin ] --END-- [ RunTime:0.003099s ]

[ 2015-05-02T20:38:02+08:00 ] ::1 /puys/index.php/Home/Login/index.html
INFO: [ app_init ] --START--
INFO: Run Behavior\BuildLiteBehavior [ RunTime:0.000153s ]
INFO: [ app_init ] --END-- [ RunTime:0.001750s ]
INFO: [ app_begin ] --START--
INFO: Run Behavior\ReadHtmlCacheBehavior [ RunTime:0.001674s ]
INFO: [ app_begin ] --END-- [ RunTime:0.001959s ]
INFO: [ view_parse ] --START--
INFO: [ template_filter ] --START--
INFO: Run Behavior\ContentReplaceBehavior [ RunTime:0.000427s ]
INFO: [ template_filter ] --END-- [ RunTime:0.000847s ]
INFO: Run Behavior\ParseTemplateBehavior [ RunTime:0.034713s ]
INFO: [ view_parse ] --END-- [ RunTime:0.035024s ]
INFO: [ view_filter ] --START--
INFO: Run Behavior\WriteHtmlCacheBehavior [ RunTime:0.001252s ]
INFO: [ view_filter ] --END-- [ RunTime:0.001525s ]
INFO: [ app_end ] --START--
INFO: Run Behavior\ShowPageTraceBehavior [ RunTime:0.002016s ]
INFO: [ app_end ] --END-- [ RunTime:0.002289s ]

[ 2015-05-02T20:38:02+08:00 ] ::1 /puys/index.php/Home/Msg/checkmsg.html
INFO: [ app_init ] --START--
INFO: Run Behavior\BuildLiteBehavior [ RunTime:0.000111s ]
INFO: [ app_init ] --END-- [ RunTime:0.001783s ]
INFO: [ app_begin ] --START--
INFO: Run Behavior\ReadHtmlCacheBehavior [ RunTime:0.002493s ]
INFO: [ app_begin ] --END-- [ RunTime:0.002936s ]

