[ 2015-03-24T20:11:08+08:00 ] ::1 /1/
INFO: [ app_init ] --START--
INFO: Run Behavior\BuildLiteBehavior [ RunTime:0.000087s ]
INFO: [ app_init ] --END-- [ RunTime:0.001766s ]

[ 2015-03-24T20:13:24+08:00 ] ::1 /1/
INFO: [ app_init ] --START--
INFO: Run Behavior\BuildLiteBehavior [ RunTime:0.000090s ]
INFO: [ app_init ] --END-- [ RunTime:0.001720s ]

[ 2015-03-24T20:13:29+08:00 ] ::1 /1/
INFO: [ app_init ] --START--
INFO: Run Behavior\BuildLiteBehavior [ RunTime:0.000097s ]
INFO: [ app_init ] --END-- [ RunTime:0.001456s ]

[ 2015-03-24T20:13:31+08:00 ] ::1 /1/
INFO: [ app_init ] --START--
INFO: Run Behavior\BuildLiteBehavior [ RunTime:0.000056s ]
INFO: [ app_init ] --END-- [ RunTime:0.001131s ]

[ 2015-03-24T20:13:33+08:00 ] ::1 /1/index.php/Home/Login/hangon.html
INFO: [ app_init ] --START--
INFO: Run Behavior\BuildLiteBehavior [ RunTime:0.000055s ]
INFO: [ app_init ] --END-- [ RunTime:0.001336s ]

[ 2015-03-24T20:13:34+08:00 ] ::1 /1/index.php/Home/Login/style.css
INFO: [ app_init ] --START--
INFO: Run Behavior\BuildLiteBehavior [ RunTime:0.000057s ]
INFO: [ app_init ] --END-- [ RunTime:0.001241s ]
ERR: 非法操作:style.css

[ 2015-03-24T20:17:34+08:00 ] ::1 /1/index.php/Home/Login/hangon.html
INFO: [ app_init ] --START--
INFO: Run Behavior\BuildLiteBehavior [ RunTime:0.000057s ]
INFO: [ app_init ] --END-- [ RunTime:0.001227s ]

[ 2015-03-24T20:17:34+08:00 ] ::1 /1/index.php/Home/Login/style.css
INFO: [ app_init ] --START--
INFO: Run Behavior\BuildLiteBehavior [ RunTime:0.000096s ]
INFO: [ app_init ] --END-- [ RunTime:0.001598s ]
ERR: 非法操作:style.css

[ 2015-03-24T20:17:36+08:00 ] ::1 /1/index.php
INFO: [ app_init ] --START--
INFO: Run Behavior\BuildLiteBehavior [ RunTime:0.000056s ]
INFO: [ app_init ] --END-- [ RunTime:0.001339s ]

[ 2015-03-24T20:17:39+08:00 ] ::1 /1/index.php
INFO: [ app_init ] --START--
INFO: Run Behavior\BuildLiteBehavior [ RunTime:0.000088s ]
INFO: [ app_init ] --END-- [ RunTime:0.001676s ]

[ 2015-03-24T20:17:46+08:00 ] ::1 /1/index.php/Home/Index/index.html
INFO: [ app_init ] --START--
INFO: Run Behavior\BuildLiteBehavior [ RunTime:0.000057s ]
INFO: [ app_init ] --END-- [ RunTime:0.001316s ]

[ 2015-03-24T20:17:46+08:00 ] ::1 /1/index.php/Home/Index/css/slippry.css
INFO: [ app_init ] --START--
INFO: Run Behavior\BuildLiteBehavior [ RunTime:0.000093s ]
INFO: [ app_init ] --END-- [ RunTime:0.001384s ]
ERR: 非法操作:css

[ 2015-03-24T20:17:50+08:00 ] ::1 /1/index.php/Home/Index/index.html
INFO: [ app_init ] --START--
INFO: Run Behavior\BuildLiteBehavior [ RunTime:0.000077s ]
INFO: [ app_init ] --END-- [ RunTime:0.001372s ]

[ 2015-03-24T20:17:50+08:00 ] ::1 /1/index.php/Home/Index/css/slippry.css
INFO: [ app_init ] --START--
INFO: Run Behavior\BuildLiteBehavior [ RunTime:0.000084s ]
INFO: [ app_init ] --END-- [ RunTime:0.001735s ]
ERR: 非法操作:css

[ 2015-03-24T20:55:20+08:00 ] ::1 /1/
INFO: [ app_init ] --START--
INFO: Run Behavior\BuildLiteBehavior [ RunTime:0.000058s ]
INFO: [ app_init ] --END-- [ RunTime:0.001267s ]

[ 2015-03-24T20:57:40+08:00 ] ::1 /1/index.php/Home/Detail/detail_good/id/87.html
INFO: [ app_init ] --START--
INFO: Run Behavior\BuildLiteBehavior [ RunTime:0.000058s ]
INFO: [ app_init ] --END-- [ RunTime:0.001319s ]

[ 2015-03-24T20:57:40+08:00 ] ::1 /1/index.php/Home/Detail/detail_good/id/css/slippry.css
INFO: [ app_init ] --START--
INFO: Run Behavior\BuildLiteBehavior [ RunTime:0.000060s ]
INFO: [ app_init ] --END-- [ RunTime:0.001703s ]

[ 2015-03-24T20:57:40+08:00 ] ::1 /1/index.php/Home/Detail/detail_good/id/js/jstarbox.js
INFO: [ app_init ] --START--
INFO: Run Behavior\BuildLiteBehavior [ RunTime:0.000057s ]
INFO: [ app_init ] --END-- [ RunTime:0.001167s ]

[ 2015-03-24T21:49:23+08:00 ] ::1 /1/
INFO: [ app_init ] --START--
INFO: Run Behavior\BuildLiteBehavior [ RunTime:0.000088s ]
INFO: [ app_init ] --END-- [ RunTime:0.001747s ]

[ 2015-03-24T21:49:26+08:00 ] ::1 /1/index.php/Home/Login/hangon.html
INFO: [ app_init ] --START--
INFO: Run Behavior\BuildLiteBehavior [ RunTime:0.000055s ]
INFO: [ app_init ] --END-- [ RunTime:0.001184s ]

[ 2015-03-24T21:49:26+08:00 ] ::1 /1/index.php/Home/Login/style.css
INFO: [ app_init ] --START--
INFO: Run Behavior\BuildLiteBehavior [ RunTime:0.000092s ]
INFO: [ app_init ] --END-- [ RunTime:0.001607s ]
ERR: 非法操作:style.css

[ 2015-03-24T21:49:32+08:00 ] ::1 /1/index.php/Home/Login/index.html
INFO: [ app_init ] --START--
INFO: Run Behavior\BuildLiteBehavior [ RunTime:0.000056s ]
INFO: [ app_init ] --END-- [ RunTime:0.001154s ]

[ 2015-03-24T21:49:34+08:00 ] ::1 /1/index.php/Home/Index/index.html
INFO: [ app_init ] --START--
INFO: Run Behavior\BuildLiteBehavior [ RunTime:0.000054s ]
INFO: [ app_init ] --END-- [ RunTime:0.001053s ]

[ 2015-03-24T21:49:34+08:00 ] ::1 /1/index.php/Home/Index/css/slippry.css
INFO: [ app_init ] --START--
INFO: Run Behavior\BuildLiteBehavior [ RunTime:0.000088s ]
INFO: [ app_init ] --END-- [ RunTime:0.001385s ]
ERR: 非法操作:css

[ 2015-03-24T21:49:36+08:00 ] ::1 /1/index.php/Home/Index/role.html
INFO: [ app_init ] --START--
INFO: Run Behavior\BuildLiteBehavior [ RunTime:0.000151s ]
INFO: [ app_init ] --END-- [ RunTime:0.001702s ]

[ 2015-03-24T21:49:36+08:00 ] ::1 /1/index.php/Home/Com/index.html
INFO: [ app_init ] --START--
INFO: Run Behavior\BuildLiteBehavior [ RunTime:0.000056s ]
INFO: [ app_init ] --END-- [ RunTime:0.001105s ]

[ 2015-03-24T21:49:38+08:00 ] ::1 /1/index.php/Home/Publish/index.html
INFO: [ app_init ] --START--
INFO: Run Behavior\BuildLiteBehavior [ RunTime:0.000086s ]
INFO: [ app_init ] --END-- [ RunTime:0.001516s ]

[ 2015-03-24T21:49:41+08:00 ] ::1 /1/index.php/Home/Com/index.html
INFO: [ app_init ] --START--
INFO: Run Behavior\BuildLiteBehavior [ RunTime:0.000087s ]
INFO: [ app_init ] --END-- [ RunTime:0.002629s ]

[ 2015-03-24T21:49:46+08:00 ] ::1 /1/index.php/Home/Login/logout.html
INFO: [ app_init ] --START--
INFO: Run Behavior\BuildLiteBehavior [ RunTime:0.000107s ]
INFO: [ app_init ] --END-- [ RunTime:0.001594s ]

[ 2015-03-24T21:49:47+08:00 ] ::1 /1/index.php/Home/Index/index.html
INFO: [ app_init ] --START--
INFO: Run Behavior\BuildLiteBehavior [ RunTime:0.000057s ]
INFO: [ app_init ] --END-- [ RunTime:0.001219s ]

[ 2015-03-24T21:49:48+08:00 ] ::1 /1/index.php/Home/Index/css/slippry.css
INFO: [ app_init ] --START--
INFO: Run Behavior\BuildLiteBehavior [ RunTime:0.000090s ]
INFO: [ app_init ] --END-- [ RunTime:0.003539s ]
ERR: 非法操作:css

[ 2015-03-24T21:49:50+08:00 ] ::1 /1/index.php/Home/Login/hangon.html
INFO: [ app_init ] --START--
INFO: Run Behavior\BuildLiteBehavior [ RunTime:0.000093s ]
INFO: [ app_init ] --END-- [ RunTime:0.001645s ]

[ 2015-03-24T21:49:50+08:00 ] ::1 /1/index.php/Home/Login/style.css
INFO: [ app_init ] --START--
INFO: Run Behavior\BuildLiteBehavior [ RunTime:0.000118s ]
INFO: [ app_init ] --END-- [ RunTime:0.001433s ]
ERR: 非法操作:style.css

[ 2015-03-24T21:49:59+08:00 ] ::1 /1/index.php/Home/Login/index.html
INFO: [ app_init ] --START--
INFO: Run Behavior\BuildLiteBehavior [ RunTime:0.000057s ]
INFO: [ app_init ] --END-- [ RunTime:0.001172s ]

[ 2015-03-24T21:50:02+08:00 ] ::1 /1/index.php/Home/Login/hangon.html
INFO: [ app_init ] --START--
INFO: Run Behavior\BuildLiteBehavior [ RunTime:0.000057s ]
INFO: [ app_init ] --END-- [ RunTime:0.001215s ]

[ 2015-03-24T21:50:02+08:00 ] ::1 /1/index.php/Home/Login/style.css
INFO: [ app_init ] --START--
INFO: Run Behavior\BuildLiteBehavior [ RunTime:0.000056s ]
INFO: [ app_init ] --END-- [ RunTime:0.001121s ]
ERR: 非法操作:style.css

[ 2015-03-24T21:50:12+08:00 ] ::1 /1/index.php/Home/Register/index.html
INFO: [ app_init ] --START--
INFO: Run Behavior\BuildLiteBehavior [ RunTime:0.000099s ]
INFO: [ app_init ] --END-- [ RunTime:0.002747s ]

[ 2015-03-24T21:50:12+08:00 ] ::1 /1/index.php/Home/Register/style.css
INFO: [ app_init ] --START--
INFO: Run Behavior\BuildLiteBehavior [ RunTime:0.000060s ]
INFO: [ app_init ] --END-- [ RunTime:0.001253s ]
ERR: 非法操作:style.css

[ 2015-03-24T21:50:31+08:00 ] ::1 /1/index.php/Home/Register/userReg.html
INFO: [ app_init ] --START--
INFO: Run Behavior\BuildLiteBehavior [ RunTime:0.000097s ]
INFO: [ app_init ] --END-- [ RunTime:0.002037s ]

[ 2015-03-24T21:50:32+08:00 ] ::1 /1/index.php/Home/Login/hangon.html
INFO: [ app_init ] --START--
INFO: Run Behavior\BuildLiteBehavior [ RunTime:0.000057s ]
INFO: [ app_init ] --END-- [ RunTime:0.001251s ]

[ 2015-03-24T21:50:32+08:00 ] ::1 /1/index.php/Home/Login/style.css
INFO: [ app_init ] --START--
INFO: Run Behavior\BuildLiteBehavior [ RunTime:0.000086s ]
INFO: [ app_init ] --END-- [ RunTime:0.001613s ]
ERR: 非法操作:style.css

[ 2015-03-24T21:50:35+08:00 ] ::1 /1/index.php/Home/Login/index.html
INFO: [ app_init ] --START--
INFO: Run Behavior\BuildLiteBehavior [ RunTime:0.000092s ]
INFO: [ app_init ] --END-- [ RunTime:0.001683s ]

[ 2015-03-24T21:50:37+08:00 ] ::1 /1/index.php/Home/Index/index.html
INFO: [ app_init ] --START--
INFO: Run Behavior\BuildLiteBehavior [ RunTime:0.000059s ]
INFO: [ app_init ] --END-- [ RunTime:0.001458s ]

[ 2015-03-24T21:50:37+08:00 ] ::1 /1/index.php/Home/Index/css/slippry.css
INFO: [ app_init ] --START--
INFO: Run Behavior\BuildLiteBehavior [ RunTime:0.000085s ]
INFO: [ app_init ] --END-- [ RunTime:0.001572s ]
ERR: 非法操作:css

[ 2015-03-24T21:50:39+08:00 ] ::1 /1/index.php/Home/Index/role.html
INFO: [ app_init ] --START--
INFO: Run Behavior\BuildLiteBehavior [ RunTime:0.000097s ]
INFO: [ app_init ] --END-- [ RunTime:0.001907s ]

[ 2015-03-24T21:50:39+08:00 ] ::1 /1/index.php/Home/Stu/index.html
INFO: [ app_init ] --START--
INFO: Run Behavior\BuildLiteBehavior [ RunTime:0.000110s ]
INFO: [ app_init ] --END-- [ RunTime:0.002483s ]

[ 2015-03-24T21:50:41+08:00 ] ::1 /1/index.php/Home/Stu/index.html
INFO: [ app_init ] --START--
INFO: Run Behavior\BuildLiteBehavior [ RunTime:0.000057s ]
INFO: [ app_init ] --END-- [ RunTime:0.001721s ]

[ 2015-03-24T21:50:49+08:00 ] ::1 /1/index.php/Home/Stu/stufile.html
INFO: [ app_init ] --START--
INFO: Run Behavior\BuildLiteBehavior [ RunTime:0.000063s ]
INFO: [ app_init ] --END-- [ RunTime:0.002486s ]

[ 2015-03-24T21:50:52+08:00 ] ::1 /1/index.php/Home/Stu/index.html
INFO: [ app_init ] --START--
INFO: Run Behavior\BuildLiteBehavior [ RunTime:0.000102s ]
INFO: [ app_init ] --END-- [ RunTime:0.001667s ]

[ 2015-03-24T21:51:00+08:00 ] ::1 /1/index.php/Home/Stu/index.html
INFO: [ app_init ] --START--
INFO: Run Behavior\BuildLiteBehavior [ RunTime:0.000057s ]
INFO: [ app_init ] --END-- [ RunTime:0.001179s ]

[ 2015-03-24T21:58:22+08:00 ] ::1 /1/index.php/Home/Index/index.html
INFO: [ app_init ] --START--
INFO: Run Behavior\BuildLiteBehavior [ RunTime:0.000063s ]
INFO: [ app_init ] --END-- [ RunTime:0.001466s ]

[ 2015-03-24T21:58:23+08:00 ] ::1 /1/index.php/Home/Index/css/slippry.css
INFO: [ app_init ] --START--
INFO: Run Behavior\BuildLiteBehavior [ RunTime:0.000094s ]
INFO: [ app_init ] --END-- [ RunTime:0.001669s ]
ERR: 非法操作:css

[ 2015-03-24T21:59:22+08:00 ] ::1 /1/index.php/Home/Index/role.html
INFO: [ app_init ] --START--
INFO: Run Behavior\BuildLiteBehavior [ RunTime:0.000087s ]
INFO: [ app_init ] --END-- [ RunTime:0.001466s ]

[ 2015-03-24T21:59:22+08:00 ] ::1 /1/index.php/Home/Stu/index.html
INFO: [ app_init ] --START--
INFO: Run Behavior\BuildLiteBehavior [ RunTime:0.000058s ]
INFO: [ app_init ] --END-- [ RunTime:0.001194s ]

[ 2015-03-24T22:02:40+08:00 ] ::1 /1/index.php/Home/Stu/index.html
INFO: [ app_init ] --START--
INFO: Run Behavior\BuildLiteBehavior [ RunTime:0.000058s ]
INFO: [ app_init ] --END-- [ RunTime:0.001270s ]

[ 2015-03-24T22:02:46+08:00 ] ::1 /1/index.php/Home/Stu/index.html
INFO: [ app_init ] --START--
INFO: Run Behavior\BuildLiteBehavior [ RunTime:0.000092s ]
INFO: [ app_init ] --END-- [ RunTime:0.001816s ]

[ 2015-03-24T22:04:34+08:00 ] ::1 /1/index.php/Home/Stu/index.html
INFO: [ app_init ] --START--
INFO: Run Behavior\BuildLiteBehavior [ RunTime:0.000058s ]
INFO: [ app_init ] --END-- [ RunTime:0.001764s ]

[ 2015-03-24T22:05:28+08:00 ] ::1 /1/index.php/Home/Stu/index.html
INFO: [ app_init ] --START--
INFO: Run Behavior\BuildLiteBehavior [ RunTime:0.000057s ]
INFO: [ app_init ] --END-- [ RunTime:0.001129s ]

[ 2015-03-24T22:05:35+08:00 ] ::1 /1/index.php/Home/Index/role.html
INFO: [ app_init ] --START--
INFO: Run Behavior\BuildLiteBehavior [ RunTime:0.000058s ]
INFO: [ app_init ] --END-- [ RunTime:0.001112s ]

[ 2015-03-24T22:05:36+08:00 ] ::1 /1/index.php/Home/Stu/index.html
INFO: [ app_init ] --START--
INFO: Run Behavior\BuildLiteBehavior [ RunTime:0.000059s ]
INFO: [ app_init ] --END-- [ RunTime:0.001208s ]

[ 2015-03-24T22:05:41+08:00 ] ::1 /1/index.php/Home/Detail/detail_good/id/82.html
INFO: [ app_init ] --START--
INFO: Run Behavior\BuildLiteBehavior [ RunTime:0.000058s ]
INFO: [ app_init ] --END-- [ RunTime:0.001129s ]

[ 2015-03-24T22:05:41+08:00 ] ::1 /1/index.php/Home/Detail/detail_good/id/css/slippry.css
INFO: [ app_init ] --START--
INFO: Run Behavior\BuildLiteBehavior [ RunTime:0.000088s ]
INFO: [ app_init ] --END-- [ RunTime:0.002242s ]

[ 2015-03-24T22:05:41+08:00 ] ::1 /1/index.php/Home/Detail/detail_good/id/js/jstarbox.js
INFO: [ app_init ] --START--
INFO: Run Behavior\BuildLiteBehavior [ RunTime:0.000082s ]
INFO: [ app_init ] --END-- [ RunTime:0.001655s ]

[ 2015-03-24T22:07:26+08:00 ] ::1 /1/index.php/Home/Detail/detail_good/id/82.html
INFO: [ app_init ] --START--
INFO: Run Behavior\BuildLiteBehavior [ RunTime:0.000057s ]
INFO: [ app_init ] --END-- [ RunTime:0.001431s ]

[ 2015-03-24T22:07:26+08:00 ] ::1 /1/index.php/Home/Detail/detail_good/id/css/slippry.css
INFO: [ app_init ] --START--
INFO: Run Behavior\BuildLiteBehavior [ RunTime:0.000095s ]
INFO: [ app_init ] --END-- [ RunTime:0.001693s ]

[ 2015-03-24T22:07:26+08:00 ] ::1 /1/index.php/Home/Detail/detail_good/id/js/jstarbox.js
INFO: [ app_init ] --START--
INFO: Run Behavior\BuildLiteBehavior [ RunTime:0.000093s ]
INFO: [ app_init ] --END-- [ RunTime:0.001508s ]

[ 2015-03-24T22:07:28+08:00 ] ::1 /1/index.php/Home/Detail/detail_good/id/82.html
INFO: [ app_init ] --START--
INFO: Run Behavior\BuildLiteBehavior [ RunTime:0.000058s ]
INFO: [ app_init ] --END-- [ RunTime:0.001130s ]

[ 2015-03-24T22:07:29+08:00 ] ::1 /1/index.php/Home/Detail/detail_good/id/css/slippry.css
INFO: [ app_init ] --START--
INFO: Run Behavior\BuildLiteBehavior [ RunTime:0.000091s ]
INFO: [ app_init ] --END-- [ RunTime:0.001338s ]

[ 2015-03-24T22:07:29+08:00 ] ::1 /1/index.php/Home/Detail/detail_good/id/js/jstarbox.js
INFO: [ app_init ] --START--
INFO: Run Behavior\BuildLiteBehavior [ RunTime:0.000098s ]
INFO: [ app_init ] --END-- [ RunTime:0.001568s ]

[ 2015-03-24T22:07:32+08:00 ] ::1 /1/index.php/Home/Detail/detail_good/id/82.html
INFO: [ app_init ] --START--
INFO: Run Behavior\BuildLiteBehavior [ RunTime:0.000058s ]
INFO: [ app_init ] --END-- [ RunTime:0.001319s ]

[ 2015-03-24T22:07:33+08:00 ] ::1 /1/index.php/Home/Detail/detail_good/id/css/slippry.css
INFO: [ app_init ] --START--
INFO: Run Behavior\BuildLiteBehavior [ RunTime:0.000058s ]
INFO: [ app_init ] --END-- [ RunTime:0.001572s ]

[ 2015-03-24T22:07:33+08:00 ] ::1 /1/index.php/Home/Detail/detail_good/id/js/jstarbox.js
INFO: [ app_init ] --START--
INFO: Run Behavior\BuildLiteBehavior [ RunTime:0.000096s ]
INFO: [ app_init ] --END-- [ RunTime:0.001833s ]

[ 2015-03-24T22:07:39+08:00 ] ::1 /1/index.php/Home/Detail/detail_good/id/82.html
INFO: [ app_init ] --START--
INFO: Run Behavior\BuildLiteBehavior [ RunTime:0.000059s ]
INFO: [ app_init ] --END-- [ RunTime:0.001796s ]

[ 2015-03-24T22:07:39+08:00 ] ::1 /1/index.php/Home/Detail/detail_good/id/css/slippry.css
INFO: [ app_init ] --START--
INFO: Run Behavior\BuildLiteBehavior [ RunTime:0.000058s ]
INFO: [ app_init ] --END-- [ RunTime:0.001206s ]

[ 2015-03-24T22:07:39+08:00 ] ::1 /1/index.php/Home/Detail/detail_good/id/js/jstarbox.js
INFO: [ app_init ] --START--
INFO: Run Behavior\BuildLiteBehavior [ RunTime:0.000091s ]
INFO: [ app_init ] --END-- [ RunTime:0.001560s ]

[ 2015-03-24T22:15:34+08:00 ] ::1 /1/index.php/Home/Index/role.html
INFO: [ app_init ] --START--
INFO: Run Behavior\BuildLiteBehavior [ RunTime:0.000143s ]
INFO: [ app_init ] --END-- [ RunTime:0.002325s ]

[ 2015-03-24T22:15:34+08:00 ] ::1 /1/index.php/Home/Stu/index.html
INFO: [ app_init ] --START--
INFO: Run Behavior\BuildLiteBehavior [ RunTime:0.000057s ]
INFO: [ app_init ] --END-- [ RunTime:0.001079s ]

[ 2015-03-24T22:15:36+08:00 ] ::1 /1/index.php/Home/Stu/stufile.html
INFO: [ app_init ] --START--
INFO: Run Behavior\BuildLiteBehavior [ RunTime:0.000065s ]
INFO: [ app_init ] --END-- [ RunTime:0.001236s ]

[ 2015-03-24T22:15:38+08:00 ] ::1 /1/index.php/Home/Stu/stufile.html
INFO: [ app_init ] --START--
INFO: Run Behavior\BuildLiteBehavior [ RunTime:0.000064s ]
INFO: [ app_init ] --END-- [ RunTime:0.001480s ]

[ 2015-03-24T22:15:39+08:00 ] ::1 /1/index.php/Home/Stu/index.html
INFO: [ app_init ] --START--
INFO: Run Behavior\BuildLiteBehavior [ RunTime:0.000094s ]
INFO: [ app_init ] --END-- [ RunTime:0.001698s ]

[ 2015-03-24T22:19:17+08:00 ] ::1 /1/index.php/Home/Index/role.html
INFO: [ app_init ] --START--
INFO: Run Behavior\BuildLiteBehavior [ RunTime:0.000103s ]
INFO: [ app_init ] --END-- [ RunTime:0.002081s ]

[ 2015-03-24T22:19:17+08:00 ] ::1 /1/index.php/Home/Stu/index.html
INFO: [ app_init ] --START--
INFO: Run Behavior\BuildLiteBehavior [ RunTime:0.000091s ]
INFO: [ app_init ] --END-- [ RunTime:0.001696s ]

[ 2015-03-24T22:19:19+08:00 ] ::1 /1/index.php/Home/Stu/stufile.html
INFO: [ app_init ] --START--
INFO: Run Behavior\BuildLiteBehavior [ RunTime:0.000079s ]
INFO: [ app_init ] --END-- [ RunTime:0.001494s ]

[ 2015-03-24T22:19:20+08:00 ] ::1 /1/index.php/Home/Stu/index.html
INFO: [ app_init ] --START--
INFO: Run Behavior\BuildLiteBehavior [ RunTime:0.000059s ]
INFO: [ app_init ] --END-- [ RunTime:0.001361s ]

[ 2015-03-24T22:19:21+08:00 ] ::1 /1/index.php/Home/Stu/stufile.html
INFO: [ app_init ] --START--
INFO: Run Behavior\BuildLiteBehavior [ RunTime:0.000058s ]
INFO: [ app_init ] --END-- [ RunTime:0.001132s ]

[ 2015-03-24T22:19:23+08:00 ] ::1 /1/index.php/Home/Stu/stufile.html
INFO: [ app_init ] --START--
INFO: Run Behavior\BuildLiteBehavior [ RunTime:0.000057s ]
INFO: [ app_init ] --END-- [ RunTime:0.001219s ]

[ 2015-03-24T22:19:29+08:00 ] ::1 /1/index.php/Home/Stu/stufile.html
INFO: [ app_init ] --START--
INFO: Run Behavior\BuildLiteBehavior [ RunTime:0.000057s ]
INFO: [ app_init ] --END-- [ RunTime:0.001316s ]

[ 2015-03-24T22:19:30+08:00 ] ::1 /1/index.php/Home/Stu/stufile.html
INFO: [ app_init ] --START--
INFO: Run Behavior\BuildLiteBehavior [ RunTime:0.000066s ]
INFO: [ app_init ] --END-- [ RunTime:0.001163s ]

[ 2015-03-24T22:19:31+08:00 ] ::1 /1/index.php/Home/Stu/stufile.html
INFO: [ app_init ] --START--
INFO: Run Behavior\BuildLiteBehavior [ RunTime:0.000056s ]
INFO: [ app_init ] --END-- [ RunTime:0.001212s ]

[ 2015-03-24T22:19:32+08:00 ] ::1 /1/index.php/Home/Stu/stufile.html
INFO: [ app_init ] --START--
INFO: Run Behavior\BuildLiteBehavior [ RunTime:0.000058s ]
INFO: [ app_init ] --END-- [ RunTime:0.001229s ]

[ 2015-03-24T22:19:34+08:00 ] ::1 /1/index.php/Home/Stu/stufile.html
INFO: [ app_init ] --START--
INFO: Run Behavior\BuildLiteBehavior [ RunTime:0.000057s ]
INFO: [ app_init ] --END-- [ RunTime:0.001218s ]

[ 2015-03-24T22:19:35+08:00 ] ::1 /1/index.php/Home/Stu/stufile.html
INFO: [ app_init ] --START--
INFO: Run Behavior\BuildLiteBehavior [ RunTime:0.000085s ]
INFO: [ app_init ] --END-- [ RunTime:0.001452s ]

[ 2015-03-24T22:19:44+08:00 ] ::1 /1/index.php/Home/Stu/stufile.html
INFO: [ app_init ] --START--
INFO: Run Behavior\BuildLiteBehavior [ RunTime:0.000055s ]
INFO: [ app_init ] --END-- [ RunTime:0.001106s ]

[ 2015-03-24T22:19:46+08:00 ] ::1 /1/index.php/Home/Stu/index.html
INFO: [ app_init ] --START--
INFO: Run Behavior\BuildLiteBehavior [ RunTime:0.000056s ]
INFO: [ app_init ] --END-- [ RunTime:0.001090s ]

[ 2015-03-24T22:19:47+08:00 ] ::1 /1/index.php/Home/Stu/index.html
INFO: [ app_init ] --START--
INFO: Run Behavior\BuildLiteBehavior [ RunTime:0.000057s ]
INFO: [ app_init ] --END-- [ RunTime:0.001250s ]

[ 2015-03-24T22:19:48+08:00 ] ::1 /1/index.php/Home/Stu/stufile.html
INFO: [ app_init ] --START--
INFO: Run Behavior\BuildLiteBehavior [ RunTime:0.000077s ]
INFO: [ app_init ] --END-- [ RunTime:0.001158s ]

[ 2015-03-24T22:19:49+08:00 ] ::1 /1/index.php/Home/Stu/index.html
INFO: [ app_init ] --START--
INFO: Run Behavior\BuildLiteBehavior [ RunTime:0.000056s ]
INFO: [ app_init ] --END-- [ RunTime:0.001213s ]

[ 2015-03-24T22:20:19+08:00 ] ::1 /1/index.php/Home/Detail/detail_good/id/82.html
INFO: [ app_init ] --START--
INFO: Run Behavior\BuildLiteBehavior [ RunTime:0.000065s ]
INFO: [ app_init ] --END-- [ RunTime:0.001265s ]

[ 2015-03-24T22:20:20+08:00 ] ::1 /1/index.php/Home/Detail/detail_good/id/css/slippry.css
INFO: [ app_init ] --START--
INFO: Run Behavior\BuildLiteBehavior [ RunTime:0.000109s ]
INFO: [ app_init ] --END-- [ RunTime:0.002912s ]

[ 2015-03-24T22:20:20+08:00 ] ::1 /1/index.php/Home/Detail/detail_good/id/js/jstarbox.js
INFO: [ app_init ] --START--
INFO: Run Behavior\BuildLiteBehavior [ RunTime:0.000076s ]
INFO: [ app_init ] --END-- [ RunTime:0.002226s ]

[ 2015-03-24T22:20:23+08:00 ] ::1 /1/index.php/Home/Index/role.html
INFO: [ app_init ] --START--
INFO: Run Behavior\BuildLiteBehavior [ RunTime:0.000145s ]
INFO: [ app_init ] --END-- [ RunTime:0.001907s ]

[ 2015-03-24T22:20:24+08:00 ] ::1 /1/index.php/Home/Stu/index.html
INFO: [ app_init ] --START--
INFO: Run Behavior\BuildLiteBehavior [ RunTime:0.000082s ]
INFO: [ app_init ] --END-- [ RunTime:0.001217s ]

[ 2015-03-24T22:20:25+08:00 ] ::1 /1/index.php/Home/Stu/index.html
INFO: [ app_init ] --START--
INFO: Run Behavior\BuildLiteBehavior [ RunTime:0.000070s ]
INFO: [ app_init ] --END-- [ RunTime:0.001416s ]

[ 2015-03-24T22:21:48+08:00 ] ::1 /1/index.php/Home/Stu/stufile.html
INFO: [ app_init ] --START--
INFO: Run Behavior\BuildLiteBehavior [ RunTime:0.000060s ]
INFO: [ app_init ] --END-- [ RunTime:0.001422s ]

[ 2015-03-24T22:27:23+08:00 ] ::1 /1/index.php/Home/Stu/stufile.html
INFO: [ app_init ] --START--
INFO: Run Behavior\BuildLiteBehavior [ RunTime:0.000127s ]
INFO: [ app_init ] --END-- [ RunTime:0.001984s ]

[ 2015-03-24T22:27:51+08:00 ] ::1 /1/index.php/Home/Stu/stufile.html
INFO: [ app_init ] --START--
INFO: Run Behavior\BuildLiteBehavior [ RunTime:0.000091s ]
INFO: [ app_init ] --END-- [ RunTime:0.001593s ]

[ 2015-03-24T22:27:53+08:00 ] ::1 /1/index.php/Home/Stu/stufile.html
INFO: [ app_init ] --START--
INFO: Run Behavior\BuildLiteBehavior [ RunTime:0.000058s ]
INFO: [ app_init ] --END-- [ RunTime:0.001522s ]

[ 2015-03-24T22:27:58+08:00 ] ::1 /1/index.php/Home/Stu/stufile.html
INFO: [ app_init ] --START--
INFO: Run Behavior\BuildLiteBehavior [ RunTime:0.000072s ]
INFO: [ app_init ] --END-- [ RunTime:0.001750s ]

[ 2015-03-24T22:30:15+08:00 ] ::1 /1/index.php/Home/Stu/stufile.html
INFO: [ app_init ] --START--
INFO: Run Behavior\BuildLiteBehavior [ RunTime:0.000096s ]
INFO: [ app_init ] --END-- [ RunTime:0.001935s ]

[ 2015-03-24T22:31:44+08:00 ] ::1 /1/index.php/Home/Stu/stufile.html
INFO: [ app_init ] --START--
INFO: Run Behavior\BuildLiteBehavior [ RunTime:0.000056s ]
INFO: [ app_init ] --END-- [ RunTime:0.001367s ]

[ 2015-03-24T22:32:29+08:00 ] ::1 /1/index.php/Home/Stu/stufile.html
INFO: [ app_init ] --START--
INFO: Run Behavior\BuildLiteBehavior [ RunTime:0.000259s ]
INFO: [ app_init ] --END-- [ RunTime:0.002562s ]

[ 2015-03-24T22:32:30+08:00 ] ::1 /1/index.php/Home/Stu/stufile.html
INFO: [ app_init ] --START--
INFO: Run Behavior\BuildLiteBehavior [ RunTime:0.000093s ]
INFO: [ app_init ] --END-- [ RunTime:0.001567s ]

[ 2015-03-24T22:32:32+08:00 ] ::1 /1/index.php/Home/Stu/stufile.html
INFO: [ app_init ] --START--
INFO: Run Behavior\BuildLiteBehavior [ RunTime:0.000090s ]
INFO: [ app_init ] --END-- [ RunTime:0.001528s ]

[ 2015-03-24T22:32:33+08:00 ] ::1 /1/index.php/Home/Stu/stufile.html
INFO: [ app_init ] --START--
INFO: Run Behavior\BuildLiteBehavior [ RunTime:0.000100s ]
INFO: [ app_init ] --END-- [ RunTime:0.001510s ]

[ 2015-03-24T22:32:34+08:00 ] ::1 /1/index.php/Home/Stu/stufile.html
INFO: [ app_init ] --START--
INFO: Run Behavior\BuildLiteBehavior [ RunTime:0.000095s ]
INFO: [ app_init ] --END-- [ RunTime:0.001352s ]

[ 2015-03-24T22:32:35+08:00 ] ::1 /1/index.php/Home/Stu/index.html
INFO: [ app_init ] --START--
INFO: Run Behavior\BuildLiteBehavior [ RunTime:0.000095s ]
INFO: [ app_init ] --END-- [ RunTime:0.001505s ]

[ 2015-03-24T22:32:36+08:00 ] ::1 /1/index.php/Home/Stu/index.html
INFO: [ app_init ] --START--
INFO: Run Behavior\BuildLiteBehavior [ RunTime:0.000060s ]
INFO: [ app_init ] --END-- [ RunTime:0.001560s ]

[ 2015-03-24T22:32:37+08:00 ] ::1 /1/index.php/Home/Stu/stufile.html
INFO: [ app_init ] --START--
INFO: Run Behavior\BuildLiteBehavior [ RunTime:0.000111s ]
INFO: [ app_init ] --END-- [ RunTime:0.002012s ]

[ 2015-03-24T22:33:36+08:00 ] ::1 /1/index.php/Home/Stu/stufile.html
INFO: [ app_init ] --START--
INFO: Run Behavior\BuildLiteBehavior [ RunTime:0.000056s ]
INFO: [ app_init ] --END-- [ RunTime:0.001214s ]

[ 2015-03-24T22:34:19+08:00 ] ::1 /1/index.php/Home/Stu/stufile.html
INFO: [ app_init ] --START--
INFO: Run Behavior\BuildLiteBehavior [ RunTime:0.000085s ]
INFO: [ app_init ] --END-- [ RunTime:0.001263s ]

[ 2015-03-24T22:35:02+08:00 ] ::1 /1/index.php/Home/Stu/index.html
INFO: [ app_init ] --START--
INFO: Run Behavior\BuildLiteBehavior [ RunTime:0.000088s ]
INFO: [ app_init ] --END-- [ RunTime:0.001909s ]

[ 2015-03-24T22:35:05+08:00 ] ::1 /1/index.php/Home/Stu/stufile.html
INFO: [ app_init ] --START--
INFO: Run Behavior\BuildLiteBehavior [ RunTime:0.000077s ]
INFO: [ app_init ] --END-- [ RunTime:0.001232s ]

[ 2015-03-24T22:35:29+08:00 ] ::1 /1/index.php/Home/Stu/index.html
INFO: [ app_init ] --START--
INFO: Run Behavior\BuildLiteBehavior [ RunTime:0.000064s ]
INFO: [ app_init ] --END-- [ RunTime:0.001125s ]

[ 2015-03-24T22:35:35+08:00 ] ::1 /1/index.php/Home/Stu/do_stufile
INFO: [ app_init ] --START--
INFO: Run Behavior\BuildLiteBehavior [ RunTime:0.000057s ]
INFO: [ app_init ] --END-- [ RunTime:0.001287s ]
ERR: 非法数据对象！:[birth=>1944-12-22]

[ 2015-03-24T22:36:12+08:00 ] ::1 /1/index.php/Home/Stu/do_stufile
INFO: [ app_init ] --START--
INFO: Run Behavior\BuildLiteBehavior [ RunTime:0.000084s ]
INFO: [ app_init ] --END-- [ RunTime:0.001200s ]

[ 2015-03-24T22:41:03+08:00 ] ::1 /1/index.php/Home/Stu/do_stufile
INFO: [ app_init ] --START--
INFO: Run Behavior\BuildLiteBehavior [ RunTime:0.000088s ]
INFO: [ app_init ] --END-- [ RunTime:0.001932s ]
ERR: 模板不存在:./Application/Home/View/Stu/stufile.html

[ 2015-03-24T22:43:38+08:00 ] ::1 /1/index.php/Home/Stu/do_stufile
INFO: [ app_init ] --START--
INFO: Run Behavior\BuildLiteBehavior [ RunTime:0.000093s ]
INFO: [ app_init ] --END-- [ RunTime:0.002346s ]

[ 2015-03-24T22:43:52+08:00 ] ::1 /1/index.php/Home/Stu/
INFO: [ app_init ] --START--
INFO: Run Behavior\BuildLiteBehavior [ RunTime:0.000095s ]
INFO: [ app_init ] --END-- [ RunTime:0.001632s ]

[ 2015-03-24T22:43:54+08:00 ] ::1 /1/index.php/Home/Stu/stufile.html
INFO: [ app_init ] --START--
INFO: Run Behavior\BuildLiteBehavior [ RunTime:0.000057s ]
INFO: [ app_init ] --END-- [ RunTime:0.001157s ]

[ 2015-03-24T22:43:57+08:00 ] ::1 /1/index.php/Home/Stu/stufile.html
INFO: [ app_init ] --START--
INFO: Run Behavior\BuildLiteBehavior [ RunTime:0.000063s ]
INFO: [ app_init ] --END-- [ RunTime:0.001119s ]

[ 2015-03-24T22:46:10+08:00 ] ::1 /1/index.php/Home/Stu/stufile.html
INFO: [ app_init ] --START--
INFO: Run Behavior\BuildLiteBehavior [ RunTime:0.000120s ]
INFO: [ app_init ] --END-- [ RunTime:0.002087s ]

[ 2015-03-24T22:46:47+08:00 ] ::1 /1/index.php/Home/Stu/stufile.html
INFO: [ app_init ] --START--
INFO: Run Behavior\BuildLiteBehavior [ RunTime:0.000059s ]
INFO: [ app_init ] --END-- [ RunTime:0.001309s ]

[ 2015-03-24T22:49:28+08:00 ] ::1 /1/index.php/Home/Stu/stufile.html
INFO: [ app_init ] --START--
INFO: Run Behavior\BuildLiteBehavior [ RunTime:0.000060s ]
INFO: [ app_init ] --END-- [ RunTime:0.001466s ]

[ 2015-03-24T22:49:36+08:00 ] ::1 /1/index.php/Home/Stu/stufile.html
INFO: [ app_init ] --START--
INFO: Run Behavior\BuildLiteBehavior [ RunTime:0.000060s ]
INFO: [ app_init ] --END-- [ RunTime:0.001423s ]

[ 2015-03-24T22:51:46+08:00 ] ::1 /1/index.php/Home/Stu/stufile.html
INFO: [ app_init ] --START--
INFO: Run Behavior\BuildLiteBehavior [ RunTime:0.000057s ]
INFO: [ app_init ] --END-- [ RunTime:0.001690s ]

[ 2015-03-24T22:52:18+08:00 ] ::1 /1/index.php/Home/Stu/stufile.html
INFO: [ app_init ] --START--
INFO: Run Behavior\BuildLiteBehavior [ RunTime:0.000057s ]
INFO: [ app_init ] --END-- [ RunTime:0.001303s ]

[ 2015-03-24T22:52:58+08:00 ] ::1 /1/index.php/Home/Stu/stufile.html
INFO: [ app_init ] --START--
INFO: Run Behavior\BuildLiteBehavior [ RunTime:0.000058s ]
INFO: [ app_init ] --END-- [ RunTime:0.001343s ]

[ 2015-03-24T22:54:06+08:00 ] ::1 /1/index.php/Home/Stu/stufile.html
INFO: [ app_init ] --START--
INFO: Run Behavior\BuildLiteBehavior [ RunTime:0.000062s ]
INFO: [ app_init ] --END-- [ RunTime:0.001397s ]

[ 2015-03-24T22:54:08+08:00 ] ::1 /1/index.php/Home/Stu/stufile.html
INFO: [ app_init ] --START--
INFO: Run Behavior\BuildLiteBehavior [ RunTime:0.000061s ]
INFO: [ app_init ] --END-- [ RunTime:0.001511s ]

[ 2015-03-24T22:54:28+08:00 ] ::1 /1/index.php/Home/Stu/stufile.html
INFO: [ app_init ] --START--
INFO: Run Behavior\BuildLiteBehavior [ RunTime:0.000072s ]
INFO: [ app_init ] --END-- [ RunTime:0.001516s ]

[ 2015-03-24T22:54:42+08:00 ] ::1 /1/index.php/Home/Stu/stufile.html
INFO: [ app_init ] --START--
INFO: Run Behavior\BuildLiteBehavior [ RunTime:0.000080s ]
INFO: [ app_init ] --END-- [ RunTime:0.001365s ]

[ 2015-03-24T22:55:08+08:00 ] ::1 /1/index.php/Home/Stu/stufile.html
INFO: [ app_init ] --START--
INFO: Run Behavior\BuildLiteBehavior [ RunTime:0.000058s ]
INFO: [ app_init ] --END-- [ RunTime:0.001313s ]

[ 2015-03-24T22:55:13+08:00 ] ::1 /1/index.php/Home/Stu/stufile.html
INFO: [ app_init ] --START--
INFO: Run Behavior\BuildLiteBehavior [ RunTime:0.000057s ]
INFO: [ app_init ] --END-- [ RunTime:0.001228s ]

[ 2015-03-24T22:55:40+08:00 ] ::1 /1/index.php/Home/Stu/do_stufile
INFO: [ app_init ] --START--
INFO: Run Behavior\BuildLiteBehavior [ RunTime:0.000057s ]
INFO: [ app_init ] --END-- [ RunTime:0.001269s ]

[ 2015-03-24T22:55:50+08:00 ] ::1 /1/index.php/Home/Stu/do_stufile
INFO: [ app_init ] --START--
INFO: Run Behavior\BuildLiteBehavior [ RunTime:0.000098s ]
INFO: [ app_init ] --END-- [ RunTime:0.001397s ]

[ 2015-03-24T22:56:23+08:00 ] ::1 /1/index.php/Home/Stu/do_stufile
INFO: [ app_init ] --START--
INFO: Run Behavior\BuildLiteBehavior [ RunTime:0.000126s ]
INFO: [ app_init ] --END-- [ RunTime:0.002380s ]

[ 2015-03-24T22:56:23+08:00 ] ::1 /1/index.php/Home/Stu/information.html
INFO: [ app_init ] --START--
INFO: Run Behavior\BuildLiteBehavior [ RunTime:0.000059s ]
INFO: [ app_init ] --END-- [ RunTime:0.001361s ]

[ 2015-03-24T22:56:37+08:00 ] ::1 /1/index.php/Home/Stu/stufile.html
INFO: [ app_init ] --START--
INFO: Run Behavior\BuildLiteBehavior [ RunTime:0.000059s ]
INFO: [ app_init ] --END-- [ RunTime:0.001366s ]

[ 2015-03-24T22:56:51+08:00 ] ::1 /1/index.php/Home/Stu/do_stufile
INFO: [ app_init ] --START--
INFO: Run Behavior\BuildLiteBehavior [ RunTime:0.000058s ]
INFO: [ app_init ] --END-- [ RunTime:0.001370s ]

[ 2015-03-24T22:56:51+08:00 ] ::1 /1/index.php/Home/Stu/index.html
INFO: [ app_init ] --START--
INFO: Run Behavior\BuildLiteBehavior [ RunTime:0.000057s ]
INFO: [ app_init ] --END-- [ RunTime:0.001292s ]

[ 2015-03-24T22:56:57+08:00 ] ::1 /1/index.php/Home/Stu/index.html
INFO: [ app_init ] --START--
INFO: Run Behavior\BuildLiteBehavior [ RunTime:0.000110s ]
INFO: [ app_init ] --END-- [ RunTime:0.002053s ]

[ 2015-03-24T22:56:58+08:00 ] ::1 /1/index.php/Home/Stu/stufile.html
INFO: [ app_init ] --START--
INFO: Run Behavior\BuildLiteBehavior [ RunTime:0.000107s ]
INFO: [ app_init ] --END-- [ RunTime:0.001338s ]

[ 2015-03-24T22:57:00+08:00 ] ::1 /1/index.php/Home/Stu/stufile.html
INFO: [ app_init ] --START--
INFO: Run Behavior\BuildLiteBehavior [ RunTime:0.000097s ]
INFO: [ app_init ] --END-- [ RunTime:0.002225s ]

[ 2015-03-24T22:58:05+08:00 ] ::1 /1/index.php/Home/Stu/stufile.html
INFO: [ app_init ] --START--
INFO: Run Behavior\BuildLiteBehavior [ RunTime:0.000057s ]
INFO: [ app_init ] --END-- [ RunTime:0.001637s ]

[ 2015-03-24T22:58:06+08:00 ] ::1 /1/index.php/Home/Stu/index.html
INFO: [ app_init ] --START--
INFO: Run Behavior\BuildLiteBehavior [ RunTime:0.000083s ]
INFO: [ app_init ] --END-- [ RunTime:0.001797s ]

[ 2015-03-24T22:58:08+08:00 ] ::1 /1/index.php/Home/Stu/
INFO: [ app_init ] --START--
INFO: Run Behavior\BuildLiteBehavior [ RunTime:0.000058s ]
INFO: [ app_init ] --END-- [ RunTime:0.001306s ]

[ 2015-03-24T22:58:10+08:00 ] ::1 /1/index.php/Home/Stu/index.html
INFO: [ app_init ] --START--
INFO: Run Behavior\BuildLiteBehavior [ RunTime:0.000118s ]
INFO: [ app_init ] --END-- [ RunTime:0.001469s ]

[ 2015-03-24T22:58:13+08:00 ] ::1 /1/index.php/Home/Index/role.html
INFO: [ app_init ] --START--
INFO: Run Behavior\BuildLiteBehavior [ RunTime:0.000059s ]
INFO: [ app_init ] --END-- [ RunTime:0.001515s ]

[ 2015-03-24T22:58:14+08:00 ] ::1 /1/index.php/Home/Stu/index.html
INFO: [ app_init ] --START--
INFO: Run Behavior\BuildLiteBehavior [ RunTime:0.000057s ]
INFO: [ app_init ] --END-- [ RunTime:0.001259s ]

[ 2015-03-24T22:58:15+08:00 ] ::1 /1/index.php/Home/Stu/stufile.html
INFO: [ app_init ] --START--
INFO: Run Behavior\BuildLiteBehavior [ RunTime:0.000059s ]
INFO: [ app_init ] --END-- [ RunTime:0.001253s ]

[ 2015-03-24T22:58:17+08:00 ] ::1 /1/index.php/Home/Stu/stufile.html
INFO: [ app_init ] --START--
INFO: Run Behavior\BuildLiteBehavior [ RunTime:0.000076s ]
INFO: [ app_init ] --END-- [ RunTime:0.001850s ]

[ 2015-03-24T22:58:20+08:00 ] ::1 /1/index.php/Home/Stu/stufile.html
INFO: [ app_init ] --START--
INFO: Run Behavior\BuildLiteBehavior [ RunTime:0.000057s ]
INFO: [ app_init ] --END-- [ RunTime:0.001275s ]

[ 2015-03-24T22:58:23+08:00 ] ::1 /1/index.php/Home/Stu/stufile.html
INFO: [ app_init ] --START--
INFO: Run Behavior\BuildLiteBehavior [ RunTime:0.000058s ]
INFO: [ app_init ] --END-- [ RunTime:0.001294s ]

[ 2015-03-24T22:58:25+08:00 ] ::1 /1/index.php/Home/Stu/stufile.html
INFO: [ app_init ] --START--
INFO: Run Behavior\BuildLiteBehavior [ RunTime:0.000100s ]
INFO: [ app_init ] --END-- [ RunTime:0.001870s ]

[ 2015-03-24T22:58:27+08:00 ] ::1 /1/index.php/Home/Stu/index.html
INFO: [ app_init ] --START--
INFO: Run Behavior\BuildLiteBehavior [ RunTime:0.000058s ]
INFO: [ app_init ] --END-- [ RunTime:0.001197s ]

[ 2015-03-24T22:58:32+08:00 ] ::1 /1/index.php/Home/Stu/do_stufile
INFO: [ app_init ] --START--
INFO: Run Behavior\BuildLiteBehavior [ RunTime:0.000057s ]
INFO: [ app_init ] --END-- [ RunTime:0.001325s ]

[ 2015-03-24T22:58:32+08:00 ] ::1 /1/index.php/Home/Stu/index.html
INFO: [ app_init ] --START--
INFO: Run Behavior\BuildLiteBehavior [ RunTime:0.000058s ]
INFO: [ app_init ] --END-- [ RunTime:0.001349s ]

[ 2015-03-24T22:58:34+08:00 ] ::1 /1/index.php/Home/Stu/stufile.html
INFO: [ app_init ] --START--
INFO: Run Behavior\BuildLiteBehavior [ RunTime:0.000073s ]
INFO: [ app_init ] --END-- [ RunTime:0.001498s ]

[ 2015-03-24T22:58:37+08:00 ] ::1 /1/index.php/Home/Stu/do_stufile
INFO: [ app_init ] --START--
INFO: Run Behavior\BuildLiteBehavior [ RunTime:0.000057s ]
INFO: [ app_init ] --END-- [ RunTime:0.001267s ]

[ 2015-03-24T22:58:37+08:00 ] ::1 /1/index.php/Home/Stu/index.html
INFO: [ app_init ] --START--
INFO: Run Behavior\BuildLiteBehavior [ RunTime:0.000058s ]
INFO: [ app_init ] --END-- [ RunTime:0.001290s ]

[ 2015-03-24T22:58:39+08:00 ] ::1 /1/index.php/Home/Stu/stufile.html
INFO: [ app_init ] --START--
INFO: Run Behavior\BuildLiteBehavior [ RunTime:0.000061s ]
INFO: [ app_init ] --END-- [ RunTime:0.001562s ]

[ 2015-03-24T22:58:46+08:00 ] ::1 /1/index.php/Home/Stu/do_stufile
INFO: [ app_init ] --START--
INFO: Run Behavior\BuildLiteBehavior [ RunTime:0.000061s ]
INFO: [ app_init ] --END-- [ RunTime:0.002206s ]

[ 2015-03-24T22:58:46+08:00 ] ::1 /1/index.php/Home/Stu/index.html
INFO: [ app_init ] --START--
INFO: Run Behavior\BuildLiteBehavior [ RunTime:0.000059s ]
INFO: [ app_init ] --END-- [ RunTime:0.001509s ]

[ 2015-03-24T22:58:48+08:00 ] ::1 /1/index.php/Home/Stu/stufile.html
INFO: [ app_init ] --START--
INFO: Run Behavior\BuildLiteBehavior [ RunTime:0.000057s ]
INFO: [ app_init ] --END-- [ RunTime:0.001209s ]

[ 2015-03-24T22:58:57+08:00 ] ::1 /1/index.php/Home/Stu/do_stufile
INFO: [ app_init ] --START--
INFO: Run Behavior\BuildLiteBehavior [ RunTime:0.000056s ]
INFO: [ app_init ] --END-- [ RunTime:0.001169s ]

[ 2015-03-24T22:58:57+08:00 ] ::1 /1/index.php/Home/Stu/index.html
INFO: [ app_init ] --START--
INFO: Run Behavior\BuildLiteBehavior [ RunTime:0.000060s ]
INFO: [ app_init ] --END-- [ RunTime:0.001367s ]

[ 2015-03-24T22:59:00+08:00 ] ::1 /1/index.php/Home/Stu/stufile.html
INFO: [ app_init ] --START--
INFO: Run Behavior\BuildLiteBehavior [ RunTime:0.000090s ]
INFO: [ app_init ] --END-- [ RunTime:0.001444s ]

[ 2015-03-24T22:59:03+08:00 ] ::1 /1/index.php/Home/Stu/stufile.html
INFO: [ app_init ] --START--
INFO: Run Behavior\BuildLiteBehavior [ RunTime:0.000056s ]
INFO: [ app_init ] --END-- [ RunTime:0.001271s ]

[ 2015-03-24T23:08:38+08:00 ] ::1 /1/index.php/Home/Stu/stufile.html
INFO: [ app_init ] --START--
INFO: Run Behavior\BuildLiteBehavior [ RunTime:0.000059s ]
INFO: [ app_init ] --END-- [ RunTime:0.001318s ]

[ 2015-03-24T23:08:43+08:00 ] ::1 /1/index.php/Home/Stu/stufile.html
INFO: [ app_init ] --START--
INFO: Run Behavior\BuildLiteBehavior [ RunTime:0.000058s ]
INFO: [ app_init ] --END-- [ RunTime:0.001295s ]

[ 2015-03-24T23:10:43+08:00 ] ::1 /1/index.php/Home/Stu/stufile.html
INFO: [ app_init ] --START--
INFO: Run Behavior\BuildLiteBehavior [ RunTime:0.000058s ]
INFO: [ app_init ] --END-- [ RunTime:0.001320s ]

[ 2015-03-24T23:13:25+08:00 ] ::1 /1/index.php/Home/Stu/stufile.html
INFO: [ app_init ] --START--
INFO: Run Behavior\BuildLiteBehavior [ RunTime:0.000085s ]
INFO: [ app_init ] --END-- [ RunTime:0.001793s ]

[ 2015-03-24T23:14:46+08:00 ] ::1 /1/index.php/Home/Stu/stufile.html
INFO: [ app_init ] --START--
INFO: Run Behavior\BuildLiteBehavior [ RunTime:0.000135s ]
INFO: [ app_init ] --END-- [ RunTime:0.002261s ]

[ 2015-03-24T23:15:30+08:00 ] ::1 /1/index.php/Home/Stu/stufile.html
INFO: [ app_init ] --START--
INFO: Run Behavior\BuildLiteBehavior [ RunTime:0.000110s ]
INFO: [ app_init ] --END-- [ RunTime:0.002137s ]

[ 2015-03-24T23:15:38+08:00 ] ::1 /1/index.php/Home/Stu/stufile.html
INFO: [ app_init ] --START--
INFO: Run Behavior\BuildLiteBehavior [ RunTime:0.000060s ]
INFO: [ app_init ] --END-- [ RunTime:0.001571s ]

[ 2015-03-24T23:16:13+08:00 ] ::1 /1/index.php/Home/Stu/stufile.html
INFO: [ app_init ] --START--
INFO: Run Behavior\BuildLiteBehavior [ RunTime:0.000061s ]
INFO: [ app_init ] --END-- [ RunTime:0.001429s ]

[ 2015-03-24T23:16:29+08:00 ] ::1 /1/index.php/Home/Stu/stufile.html
INFO: [ app_init ] --START--
INFO: Run Behavior\BuildLiteBehavior [ RunTime:0.000058s ]
INFO: [ app_init ] --END-- [ RunTime:0.001295s ]

[ 2015-03-24T23:17:34+08:00 ] ::1 /1/index.php/Home/Stu/stufile.html
INFO: [ app_init ] --START--
INFO: Run Behavior\BuildLiteBehavior [ RunTime:0.000059s ]
INFO: [ app_init ] --END-- [ RunTime:0.001304s ]

[ 2015-03-24T23:17:35+08:00 ] ::1 /1/index.php/Home/Stu/stufile.html
INFO: [ app_init ] --START--
INFO: Run Behavior\BuildLiteBehavior [ RunTime:0.000058s ]
INFO: [ app_init ] --END-- [ RunTime:0.001305s ]

[ 2015-03-24T23:17:35+08:00 ] ::1 /1/index.php/Home/Stu/stufile.html
INFO: [ app_init ] --START--
INFO: Run Behavior\BuildLiteBehavior [ RunTime:0.000111s ]
INFO: [ app_init ] --END-- [ RunTime:0.001701s ]

[ 2015-03-24T23:17:35+08:00 ] ::1 /1/index.php/Home/Stu/stufile.html
INFO: [ app_init ] --START--
INFO: Run Behavior\BuildLiteBehavior [ RunTime:0.000068s ]
INFO: [ app_init ] --END-- [ RunTime:0.001307s ]

[ 2015-03-24T23:18:04+08:00 ] ::1 /1/index.php/Home/Stu/stufile.html
INFO: [ app_init ] --START--
INFO: Run Behavior\BuildLiteBehavior [ RunTime:0.000055s ]
INFO: [ app_init ] --END-- [ RunTime:0.001180s ]

[ 2015-03-24T23:18:58+08:00 ] ::1 /1/index.php/Home/Stu/stufile.html
INFO: [ app_init ] --START--
INFO: Run Behavior\BuildLiteBehavior [ RunTime:0.000069s ]
INFO: [ app_init ] --END-- [ RunTime:0.001409s ]

[ 2015-03-24T23:19:01+08:00 ] ::1 /1/index.php/Home/Stu/stufile.html
INFO: [ app_init ] --START--
INFO: Run Behavior\BuildLiteBehavior [ RunTime:0.000058s ]
INFO: [ app_init ] --END-- [ RunTime:0.001671s ]

[ 2015-03-24T23:19:39+08:00 ] ::1 /1/index.php/Home/Stu/stufile.html
INFO: [ app_init ] --START--
INFO: Run Behavior\BuildLiteBehavior [ RunTime:0.000098s ]
INFO: [ app_init ] --END-- [ RunTime:0.002182s ]

[ 2015-03-24T23:19:40+08:00 ] ::1 /1/index.php/Home/Stu/index.html
INFO: [ app_init ] --START--
INFO: Run Behavior\BuildLiteBehavior [ RunTime:0.000099s ]
INFO: [ app_init ] --END-- [ RunTime:0.001732s ]

[ 2015-03-24T23:19:44+08:00 ] ::1 /1/index.php/Home/Stu/stufile.html
INFO: [ app_init ] --START--
INFO: Run Behavior\BuildLiteBehavior [ RunTime:0.000057s ]
INFO: [ app_init ] --END-- [ RunTime:0.001275s ]

[ 2015-03-24T23:19:55+08:00 ] ::1 /1/index.php/Home/Stu/do_stufile
INFO: [ app_init ] --START--
INFO: Run Behavior\BuildLiteBehavior [ RunTime:0.000073s ]
INFO: [ app_init ] --END-- [ RunTime:0.001689s ]

[ 2015-03-24T23:19:55+08:00 ] ::1 /1/index.php/Home/Stu/index.html
INFO: [ app_init ] --START--
INFO: Run Behavior\BuildLiteBehavior [ RunTime:0.000057s ]
INFO: [ app_init ] --END-- [ RunTime:0.001223s ]

[ 2015-03-24T23:19:56+08:00 ] ::1 /1/index.php/Home/Stu/stufile.html
INFO: [ app_init ] --START--
INFO: Run Behavior\BuildLiteBehavior [ RunTime:0.000059s ]
INFO: [ app_init ] --END-- [ RunTime:0.001361s ]

[ 2015-03-24T23:19:58+08:00 ] ::1 /1/index.php/Home/Stu/stufile.html
INFO: [ app_init ] --START--
INFO: Run Behavior\BuildLiteBehavior [ RunTime:0.000086s ]
INFO: [ app_init ] --END-- [ RunTime:0.001856s ]

[ 2015-03-24T23:20:15+08:00 ] ::1 /1/index.php/Home/Stu/stufile.html
INFO: [ app_init ] --START--
INFO: Run Behavior\BuildLiteBehavior [ RunTime:0.000059s ]
INFO: [ app_init ] --END-- [ RunTime:0.001450s ]

[ 2015-03-24T23:20:16+08:00 ] ::1 /1/index.php/Home/Stu/index.html
INFO: [ app_init ] --START--
INFO: Run Behavior\BuildLiteBehavior [ RunTime:0.000057s ]
INFO: [ app_init ] --END-- [ RunTime:0.001263s ]

[ 2015-03-24T23:20:17+08:00 ] ::1 /1/index.php/Home/Stu/index.html
INFO: [ app_init ] --START--
INFO: Run Behavior\BuildLiteBehavior [ RunTime:0.000088s ]
INFO: [ app_init ] --END-- [ RunTime:0.001732s ]

[ 2015-03-24T23:20:20+08:00 ] ::1 /1/index.php
INFO: [ app_init ] --START--
INFO: Run Behavior\BuildLiteBehavior [ RunTime:0.000057s ]
INFO: [ app_init ] --END-- [ RunTime:0.001275s ]

[ 2015-03-24T23:20:22+08:00 ] ::1 /1/index.php/Home/Index/role.html
INFO: [ app_init ] --START--
INFO: Run Behavior\BuildLiteBehavior [ RunTime:0.000059s ]
INFO: [ app_init ] --END-- [ RunTime:0.001310s ]

[ 2015-03-24T23:20:22+08:00 ] ::1 /1/index.php/Home/Stu/index.html
INFO: [ app_init ] --START--
INFO: Run Behavior\BuildLiteBehavior [ RunTime:0.000057s ]
INFO: [ app_init ] --END-- [ RunTime:0.001258s ]

[ 2015-03-24T23:20:24+08:00 ] ::1 /1/index.php/Home/Stu/stufile.html
INFO: [ app_init ] --START--
INFO: Run Behavior\BuildLiteBehavior [ RunTime:0.000058s ]
INFO: [ app_init ] --END-- [ RunTime:0.001281s ]

[ 2015-03-24T23:20:25+08:00 ] ::1 /1/index.php/Home/Stu/stufile.html
INFO: [ app_init ] --START--
INFO: Run Behavior\BuildLiteBehavior [ RunTime:0.000060s ]
INFO: [ app_init ] --END-- [ RunTime:0.001721s ]

[ 2015-03-24T23:21:04+08:00 ] ::1 /1/index.php/Home/Stu/stufile.html
INFO: [ app_init ] --START--
INFO: Run Behavior\BuildLiteBehavior [ RunTime:0.000058s ]
INFO: [ app_init ] --END-- [ RunTime:0.001299s ]

[ 2015-03-24T23:21:05+08:00 ] ::1 /1/index.php/Home/Stu/index.html
INFO: [ app_init ] --START--
INFO: Run Behavior\BuildLiteBehavior [ RunTime:0.000070s ]
INFO: [ app_init ] --END-- [ RunTime:0.001323s ]

[ 2015-03-24T23:21:09+08:00 ] ::1 /1/index.php/
INFO: [ app_init ] --START--
INFO: Run Behavior\BuildLiteBehavior [ RunTime:0.000056s ]
INFO: [ app_init ] --END-- [ RunTime:0.001341s ]

[ 2015-03-24T23:21:12+08:00 ] ::1 /1/index.php/Home/Index/role.html
INFO: [ app_init ] --START--
INFO: Run Behavior\BuildLiteBehavior [ RunTime:0.000057s ]
INFO: [ app_init ] --END-- [ RunTime:0.001236s ]

[ 2015-03-24T23:21:12+08:00 ] ::1 /1/index.php/Home/Stu/index.html
INFO: [ app_init ] --START--
INFO: Run Behavior\BuildLiteBehavior [ RunTime:0.000086s ]
INFO: [ app_init ] --END-- [ RunTime:0.001863s ]

[ 2015-03-24T23:21:15+08:00 ] ::1 /1/index.php/Home/Index/role.html
INFO: [ app_init ] --START--
INFO: Run Behavior\BuildLiteBehavior [ RunTime:0.000089s ]
INFO: [ app_init ] --END-- [ RunTime:0.001828s ]

[ 2015-03-24T23:21:15+08:00 ] ::1 /1/index.php/Home/Stu/index.html
INFO: [ app_init ] --START--
INFO: Run Behavior\BuildLiteBehavior [ RunTime:0.000079s ]
INFO: [ app_init ] --END-- [ RunTime:0.001373s ]

[ 2015-03-24T23:21:16+08:00 ] ::1 /1/index.php/Home/Stu/stufile.html
INFO: [ app_init ] --START--
INFO: Run Behavior\BuildLiteBehavior [ RunTime:0.000056s ]
INFO: [ app_init ] --END-- [ RunTime:0.001242s ]

[ 2015-03-24T23:21:18+08:00 ] ::1 /1/index.php/Home/Stu/stufile.html
INFO: [ app_init ] --START--
INFO: Run Behavior\BuildLiteBehavior [ RunTime:0.000088s ]
INFO: [ app_init ] --END-- [ RunTime:0.002121s ]

[ 2015-03-24T23:21:22+08:00 ] ::1 /1/index.php/Home/Stu/stufile.html
INFO: [ app_init ] --START--
INFO: Run Behavior\BuildLiteBehavior [ RunTime:0.000056s ]
INFO: [ app_init ] --END-- [ RunTime:0.001289s ]

[ 2015-03-24T23:21:28+08:00 ] ::1 /1/index.php/Home/Stu/stufile.html
INFO: [ app_init ] --START--
INFO: Run Behavior\BuildLiteBehavior [ RunTime:0.000057s ]
INFO: [ app_init ] --END-- [ RunTime:0.001173s ]

[ 2015-03-24T23:22:17+08:00 ] ::1 /1/index.php/Home/Stu/stufile.html
INFO: [ app_init ] --START--
INFO: Run Behavior\BuildLiteBehavior [ RunTime:0.000056s ]
INFO: [ app_init ] --END-- [ RunTime:0.001294s ]

[ 2015-03-24T23:22:44+08:00 ] ::1 /1/index.php/Home/Stu/index.html
INFO: [ app_init ] --START--
INFO: Run Behavior\BuildLiteBehavior [ RunTime:0.000058s ]
INFO: [ app_init ] --END-- [ RunTime:0.001546s ]

[ 2015-03-24T23:22:49+08:00 ] ::1 /1/index.php/
INFO: [ app_init ] --START--
INFO: Run Behavior\BuildLiteBehavior [ RunTime:0.000092s ]
INFO: [ app_init ] --END-- [ RunTime:0.001748s ]

[ 2015-03-24T23:24:46+08:00 ] ::1 /1/index.php/
INFO: [ app_init ] --START--
INFO: Run Behavior\BuildLiteBehavior [ RunTime:0.000055s ]
INFO: [ app_init ] --END-- [ RunTime:0.001186s ]

[ 2015-03-24T23:28:15+08:00 ] ::1 /1/index.php/
INFO: [ app_init ] --START--
INFO: Run Behavior\BuildLiteBehavior [ RunTime:0.000060s ]
INFO: [ app_init ] --END-- [ RunTime:0.001611s ]

[ 2015-03-24T23:28:18+08:00 ] ::1 /1/index.php/
INFO: [ app_init ] --START--
INFO: Run Behavior\BuildLiteBehavior [ RunTime:0.000064s ]
INFO: [ app_init ] --END-- [ RunTime:0.002862s ]

[ 2015-03-24T23:28:24+08:00 ] ::1 /1/index.php/?
INFO: [ app_init ] --START--
INFO: Run Behavior\BuildLiteBehavior [ RunTime:0.000056s ]
INFO: [ app_init ] --END-- [ RunTime:0.001458s ]

[ 2015-03-24T23:28:50+08:00 ] ::1 /1/index.php/?
INFO: [ app_init ] --START--
INFO: Run Behavior\BuildLiteBehavior [ RunTime:0.000091s ]
INFO: [ app_init ] --END-- [ RunTime:0.002568s ]

[ 2015-03-24T23:29:06+08:00 ] ::1 /1/index.php/?
INFO: [ app_init ] --START--
INFO: Run Behavior\BuildLiteBehavior [ RunTime:0.000088s ]
INFO: [ app_init ] --END-- [ RunTime:0.002608s ]

[ 2015-03-24T23:29:17+08:00 ] ::1 /1/index.php/Home/Login/logout.html
INFO: [ app_init ] --START--
INFO: Run Behavior\BuildLiteBehavior [ RunTime:0.000062s ]
INFO: [ app_init ] --END-- [ RunTime:0.001462s ]

[ 2015-03-24T23:29:18+08:00 ] ::1 /1/index.php/Home/Index/index.html
INFO: [ app_init ] --START--
INFO: Run Behavior\BuildLiteBehavior [ RunTime:0.000057s ]
INFO: [ app_init ] --END-- [ RunTime:0.001323s ]

[ 2015-03-24T23:29:18+08:00 ] ::1 /1/index.php/Home/Index/css/slippry.css
INFO: [ app_init ] --START--
INFO: Run Behavior\BuildLiteBehavior [ RunTime:0.000085s ]
INFO: [ app_init ] --END-- [ RunTime:0.001617s ]
ERR: 非法操作:css

[ 2015-03-24T23:29:20+08:00 ] ::1 /1/index.php/Home/Login/hangon.html
INFO: [ app_init ] --START--
INFO: Run Behavior\BuildLiteBehavior [ RunTime:0.000058s ]
INFO: [ app_init ] --END-- [ RunTime:0.001236s ]

[ 2015-03-24T23:29:21+08:00 ] ::1 /1/index.php/Home/Login/style.css
INFO: [ app_init ] --START--
INFO: Run Behavior\BuildLiteBehavior [ RunTime:0.000058s ]
INFO: [ app_init ] --END-- [ RunTime:0.001238s ]
ERR: 非法操作:style.css

[ 2015-03-24T23:29:30+08:00 ] ::1 /1/index.php/Home/Login/index.html
INFO: [ app_init ] --START--
INFO: Run Behavior\BuildLiteBehavior [ RunTime:0.000059s ]
INFO: [ app_init ] --END-- [ RunTime:0.001269s ]

[ 2015-03-24T23:29:31+08:00 ] ::1 /1/index.php/Home/Index/index.html
INFO: [ app_init ] --START--
INFO: Run Behavior\BuildLiteBehavior [ RunTime:0.000059s ]
INFO: [ app_init ] --END-- [ RunTime:0.001326s ]

[ 2015-03-24T23:29:31+08:00 ] ::1 /1/index.php/Home/Index/css/slippry.css
INFO: [ app_init ] --START--
INFO: Run Behavior\BuildLiteBehavior [ RunTime:0.000086s ]
INFO: [ app_init ] --END-- [ RunTime:0.001697s ]
ERR: 非法操作:css

[ 2015-03-24T23:29:33+08:00 ] ::1 /1/index.php/Home/Index/role.html
INFO: [ app_init ] --START--
INFO: Run Behavior\BuildLiteBehavior [ RunTime:0.000073s ]
INFO: [ app_init ] --END-- [ RunTime:0.001496s ]

[ 2015-03-24T23:29:33+08:00 ] ::1 /1/index.php/Home/Com/index.html
INFO: [ app_init ] --START--
INFO: Run Behavior\BuildLiteBehavior [ RunTime:0.000056s ]
INFO: [ app_init ] --END-- [ RunTime:0.001383s ]

[ 2015-03-24T23:29:35+08:00 ] ::1 /1/index.php/Home/Com/index.html
INFO: [ app_init ] --START--
INFO: Run Behavior\BuildLiteBehavior [ RunTime:0.000056s ]
INFO: [ app_init ] --END-- [ RunTime:0.001235s ]

[ 2015-03-24T23:29:36+08:00 ] ::1 /1/index.php/Home/Com/profile.html
INFO: [ app_init ] --START--
INFO: Run Behavior\BuildLiteBehavior [ RunTime:0.000057s ]
INFO: [ app_init ] --END-- [ RunTime:0.001244s ]

[ 2015-03-24T23:29:38+08:00 ] ::1 /1/index.php/Home/Com/profile.html
INFO: [ app_init ] --START--
INFO: Run Behavior\BuildLiteBehavior [ RunTime:0.000087s ]
INFO: [ app_init ] --END-- [ RunTime:0.001659s ]

[ 2015-03-24T23:29:40+08:00 ] ::1 /1/index.php/Home/Com/profile.html
INFO: [ app_init ] --START--
INFO: Run Behavior\BuildLiteBehavior [ RunTime:0.000056s ]
INFO: [ app_init ] --END-- [ RunTime:0.001223s ]

[ 2015-03-24T23:29:45+08:00 ] ::1 /1/index.php/Home/Com/profile.html
INFO: [ app_init ] --START--
INFO: Run Behavior\BuildLiteBehavior [ RunTime:0.000058s ]
INFO: [ app_init ] --END-- [ RunTime:0.001715s ]

