[ 2015-03-31T00:00:57+08:00 ] ::1 /1/index.php/Home/Publish/index.html
INFO: [ app_init ] --START--
INFO: Run Behavior\BuildLiteBehavior [ RunTime:0.000099s ]
INFO: [ app_init ] --END-- [ RunTime:0.002450s ]

[ 2015-03-31T00:00:58+08:00 ] ::1 /1/index.php/Home/Publish/css/slippry.css
INFO: [ app_init ] --START--
INFO: Run Behavior\BuildLiteBehavior [ RunTime:0.000108s ]
INFO: [ app_init ] --END-- [ RunTime:0.001829s ]
ERR: 非法操作:css

[ 2015-03-31T00:01:12+08:00 ] ::1 /1/index.php/Home/Publish/index.html
INFO: [ app_init ] --START--
INFO: Run Behavior\BuildLiteBehavior [ RunTime:0.000098s ]
INFO: [ app_init ] --END-- [ RunTime:0.002626s ]

[ 2015-03-31T00:01:12+08:00 ] ::1 /1/index.php/Home/Publish/css/slippry.css
INFO: [ app_init ] --START--
INFO: Run Behavior\BuildLiteBehavior [ RunTime:0.000086s ]
INFO: [ app_init ] --END-- [ RunTime:0.002539s ]
ERR: 非法操作:css

[ 2015-03-31T00:01:17+08:00 ] ::1 /1/index.php/Home/Publish/index.html
INFO: [ app_init ] --START--
INFO: Run Behavior\BuildLiteBehavior [ RunTime:0.000094s ]
INFO: [ app_init ] --END-- [ RunTime:0.001641s ]

[ 2015-03-31T00:01:18+08:00 ] ::1 /1/index.php/Home/Publish/css/slippry.css
INFO: [ app_init ] --START--
INFO: Run Behavior\BuildLiteBehavior [ RunTime:0.000167s ]
INFO: [ app_init ] --END-- [ RunTime:0.017275s ]
ERR: 非法操作:css

[ 2015-03-31T00:06:57+08:00 ] ::1 /1/index.php/Home/Publish/index.html
INFO: [ app_init ] --START--
INFO: Run Behavior\BuildLiteBehavior [ RunTime:0.000089s ]
INFO: [ app_init ] --END-- [ RunTime:0.002185s ]

[ 2015-03-31T00:06:57+08:00 ] ::1 /1/index.php/Home/Publish/css/slippry.css
INFO: [ app_init ] --START--
INFO: Run Behavior\BuildLiteBehavior [ RunTime:0.000155s ]
INFO: [ app_init ] --END-- [ RunTime:0.002784s ]
ERR: 非法操作:css

[ 2015-03-31T00:07:33+08:00 ] ::1 /1/index.php/Home/Publish/index.html
INFO: [ app_init ] --START--
INFO: Run Behavior\BuildLiteBehavior [ RunTime:0.000103s ]
INFO: [ app_init ] --END-- [ RunTime:0.002062s ]

[ 2015-03-31T00:07:33+08:00 ] ::1 /1/index.php/Home/Publish/css/slippry.css
INFO: [ app_init ] --START--
INFO: Run Behavior\BuildLiteBehavior [ RunTime:0.000072s ]
INFO: [ app_init ] --END-- [ RunTime:0.001878s ]
ERR: 非法操作:css

[ 2015-03-31T00:09:20+08:00 ] ::1 /1/index.php/Home/Publish/index.html
INFO: [ app_init ] --START--
INFO: Run Behavior\BuildLiteBehavior [ RunTime:0.000092s ]
INFO: [ app_init ] --END-- [ RunTime:0.001899s ]

[ 2015-03-31T00:09:20+08:00 ] ::1 /1/index.php/Home/Publish/css/slippry.css
INFO: [ app_init ] --START--
INFO: Run Behavior\BuildLiteBehavior [ RunTime:0.000069s ]
INFO: [ app_init ] --END-- [ RunTime:0.001887s ]
ERR: 非法操作:css

[ 2015-03-31T00:10:20+08:00 ] ::1 /1/index.php/Home/Publish/index.html
INFO: [ app_init ] --START--
INFO: Run Behavior\BuildLiteBehavior [ RunTime:0.000338s ]
INFO: [ app_init ] --END-- [ RunTime:0.002829s ]

[ 2015-03-31T00:10:20+08:00 ] ::1 /1/index.php/Home/Publish/css/slippry.css
INFO: [ app_init ] --START--
INFO: Run Behavior\BuildLiteBehavior [ RunTime:0.000082s ]
INFO: [ app_init ] --END-- [ RunTime:0.001433s ]
ERR: 非法操作:css

[ 2015-03-31T00:10:44+08:00 ] ::1 /1/index.php/Home/Publish/index.html
INFO: [ app_init ] --START--
INFO: Run Behavior\BuildLiteBehavior [ RunTime:0.000082s ]
INFO: [ app_init ] --END-- [ RunTime:0.002340s ]

[ 2015-03-31T00:10:45+08:00 ] ::1 /1/index.php/Home/Publish/css/slippry.css
INFO: [ app_init ] --START--
INFO: Run Behavior\BuildLiteBehavior [ RunTime:0.000087s ]
INFO: [ app_init ] --END-- [ RunTime:0.001481s ]
ERR: 非法操作:css

[ 2015-03-31T00:11:29+08:00 ] ::1 /1/index.php/Home/Publish/index.html
INFO: [ app_init ] --START--
INFO: Run Behavior\BuildLiteBehavior [ RunTime:0.000115s ]
INFO: [ app_init ] --END-- [ RunTime:0.002145s ]

[ 2015-03-31T00:11:29+08:00 ] ::1 /1/index.php/Home/Publish/css/slippry.css
INFO: [ app_init ] --START--
INFO: Run Behavior\BuildLiteBehavior [ RunTime:0.000107s ]
INFO: [ app_init ] --END-- [ RunTime:0.001806s ]
ERR: 非法操作:css

[ 2015-03-31T00:12:03+08:00 ] ::1 /1/index.php/Home/Publish/index.html
INFO: [ app_init ] --START--
INFO: Run Behavior\BuildLiteBehavior [ RunTime:0.000131s ]
INFO: [ app_init ] --END-- [ RunTime:0.006643s ]

[ 2015-03-31T00:12:04+08:00 ] ::1 /1/index.php/Home/Publish/css/slippry.css
INFO: [ app_init ] --START--
INFO: Run Behavior\BuildLiteBehavior [ RunTime:0.000193s ]
INFO: [ app_init ] --END-- [ RunTime:0.002204s ]
ERR: 非法操作:css

[ 2015-03-31T00:12:40+08:00 ] ::1 /1/index.php/Home/Publish/css/slippry.css
INFO: [ app_init ] --START--
INFO: Run Behavior\BuildLiteBehavior [ RunTime:0.000054s ]
INFO: [ app_init ] --END-- [ RunTime:0.001562s ]
ERR: 非法操作:css

[ 2015-03-31T00:14:34+08:00 ] ::1 /1/index.php/Home/Publish/css/slippry.css
INFO: [ app_init ] --START--
INFO: Run Behavior\BuildLiteBehavior [ RunTime:0.000082s ]
INFO: [ app_init ] --END-- [ RunTime:0.001656s ]
ERR: 非法操作:css

[ 2015-03-31T00:16:07+08:00 ] ::1 /1/index.php/Home/Publish/index.html
INFO: [ app_init ] --START--
INFO: Run Behavior\BuildLiteBehavior [ RunTime:0.000100s ]
INFO: [ app_init ] --END-- [ RunTime:0.002454s ]

[ 2015-03-31T00:16:07+08:00 ] ::1 /1/index.php/Home/Publish/css/slippry.css
INFO: [ app_init ] --START--
INFO: Run Behavior\BuildLiteBehavior [ RunTime:0.000062s ]
INFO: [ app_init ] --END-- [ RunTime:0.001406s ]
ERR: 非法操作:css

[ 2015-03-31T00:16:46+08:00 ] ::1 /1/index.php/Home/Publish/index.html
INFO: [ app_init ] --START--
INFO: Run Behavior\BuildLiteBehavior [ RunTime:0.000096s ]
INFO: [ app_init ] --END-- [ RunTime:0.001905s ]

[ 2015-03-31T00:16:46+08:00 ] ::1 /1/index.php/Home/Publish/css/slippry.css
INFO: [ app_init ] --START--
INFO: Run Behavior\BuildLiteBehavior [ RunTime:0.000112s ]
INFO: [ app_init ] --END-- [ RunTime:0.001839s ]
ERR: 非法操作:css

[ 2015-03-31T00:17:10+08:00 ] ::1 /1/index.php/Home/Publish/css/slippry.css
INFO: [ app_init ] --START--
INFO: Run Behavior\BuildLiteBehavior [ RunTime:0.000058s ]
INFO: [ app_init ] --END-- [ RunTime:0.001349s ]
ERR: 非法操作:css

[ 2015-03-31T00:17:49+08:00 ] ::1 /1/index.php/Home/Publish/index.html
INFO: [ app_init ] --START--
INFO: Run Behavior\BuildLiteBehavior [ RunTime:0.000073s ]
INFO: [ app_init ] --END-- [ RunTime:0.001381s ]

[ 2015-03-31T00:17:50+08:00 ] ::1 /1/index.php/Home/Publish/css/slippry.css
INFO: [ app_init ] --START--
INFO: Run Behavior\BuildLiteBehavior [ RunTime:0.000076s ]
INFO: [ app_init ] --END-- [ RunTime:0.002564s ]
ERR: 非法操作:css

[ 2015-03-31T00:18:20+08:00 ] ::1 /1/index.php/Home/Publish/index.html
INFO: [ app_init ] --START--
INFO: Run Behavior\BuildLiteBehavior [ RunTime:0.000099s ]
INFO: [ app_init ] --END-- [ RunTime:0.001979s ]

[ 2015-03-31T00:18:20+08:00 ] ::1 /1/index.php/Home/Publish/css/slippry.css
INFO: [ app_init ] --START--
INFO: Run Behavior\BuildLiteBehavior [ RunTime:0.000117s ]
INFO: [ app_init ] --END-- [ RunTime:0.002235s ]
ERR: 非法操作:css

[ 2015-03-31T00:18:47+08:00 ] ::1 /1/index.php/Home/Publish/css/slippry.css
INFO: [ app_init ] --START--
INFO: Run Behavior\BuildLiteBehavior [ RunTime:0.000113s ]
INFO: [ app_init ] --END-- [ RunTime:0.002774s ]
ERR: 非法操作:css

[ 2015-03-31T00:19:45+08:00 ] ::1 /1/index.php/Home/Publish/index.html
INFO: [ app_init ] --START--
INFO: Run Behavior\BuildLiteBehavior [ RunTime:0.000117s ]
INFO: [ app_init ] --END-- [ RunTime:0.005064s ]

[ 2015-03-31T00:19:45+08:00 ] ::1 /1/index.php/Home/Publish/css/slippry.css
INFO: [ app_init ] --START--
INFO: Run Behavior\BuildLiteBehavior [ RunTime:0.000287s ]
INFO: [ app_init ] --END-- [ RunTime:0.003609s ]
ERR: 非法操作:css

[ 2015-03-31T00:20:00+08:00 ] ::1 /1/index.php/Home/Publish/css/slippry.css
INFO: [ app_init ] --START--
INFO: Run Behavior\BuildLiteBehavior [ RunTime:0.000086s ]
INFO: [ app_init ] --END-- [ RunTime:0.001710s ]
ERR: 非法操作:css

[ 2015-03-31T00:22:18+08:00 ] ::1 /1/index.php/Home/Publish/index.html
INFO: [ app_init ] --START--
INFO: Run Behavior\BuildLiteBehavior [ RunTime:0.000126s ]
INFO: [ app_init ] --END-- [ RunTime:0.001853s ]

[ 2015-03-31T00:22:18+08:00 ] ::1 /1/index.php/Home/Publish/css/slippry.css
INFO: [ app_init ] --START--
INFO: Run Behavior\BuildLiteBehavior [ RunTime:0.000102s ]
INFO: [ app_init ] --END-- [ RunTime:0.002076s ]
ERR: 非法操作:css

[ 2015-03-31T00:22:39+08:00 ] ::1 /1/index.php/Home/Publish/css/slippry.css
INFO: [ app_init ] --START--
INFO: Run Behavior\BuildLiteBehavior [ RunTime:0.000092s ]
INFO: [ app_init ] --END-- [ RunTime:0.003022s ]
ERR: 非法操作:css

[ 2015-03-31T00:25:44+08:00 ] ::1 /1/index.php/Home/Publish/index.html
INFO: [ app_init ] --START--
INFO: Run Behavior\BuildLiteBehavior [ RunTime:0.000091s ]
INFO: [ app_init ] --END-- [ RunTime:0.001513s ]

[ 2015-03-31T00:25:45+08:00 ] ::1 /1/index.php/Home/Publish/css/slippry.css
INFO: [ app_init ] --START--
INFO: Run Behavior\BuildLiteBehavior [ RunTime:0.000097s ]
INFO: [ app_init ] --END-- [ RunTime:0.002448s ]
ERR: 非法操作:css

[ 2015-03-31T00:26:09+08:00 ] ::1 /1/index.php/Home/Publish/index.html
INFO: [ app_init ] --START--
INFO: Run Behavior\BuildLiteBehavior [ RunTime:0.000061s ]
INFO: [ app_init ] --END-- [ RunTime:0.002453s ]

[ 2015-03-31T00:26:09+08:00 ] ::1 /1/index.php/Home/Publish/css/slippry.css
INFO: [ app_init ] --START--
INFO: Run Behavior\BuildLiteBehavior [ RunTime:0.000300s ]
INFO: [ app_init ] --END-- [ RunTime:0.001973s ]
ERR: 非法操作:css

[ 2015-03-31T00:27:44+08:00 ] ::1 /1/index.php/Home/Publish/css/slippry.css
INFO: [ app_init ] --START--
INFO: Run Behavior\BuildLiteBehavior [ RunTime:0.000062s ]
INFO: [ app_init ] --END-- [ RunTime:0.001606s ]
ERR: 非法操作:css

[ 2015-03-31T00:29:00+08:00 ] ::1 /1/index.php/Home/Publish/index.html
INFO: [ app_init ] --START--
INFO: Run Behavior\BuildLiteBehavior [ RunTime:0.000089s ]
INFO: [ app_init ] --END-- [ RunTime:0.004801s ]

[ 2015-03-31T00:29:00+08:00 ] ::1 /1/index.php/Home/Publish/css/slippry.css
INFO: [ app_init ] --START--
INFO: Run Behavior\BuildLiteBehavior [ RunTime:0.000140s ]
INFO: [ app_init ] --END-- [ RunTime:0.002821s ]
ERR: 非法操作:css

[ 2015-03-31T00:29:53+08:00 ] ::1 /1/index.php/Home/Publish/index.html
INFO: [ app_init ] --START--
INFO: Run Behavior\BuildLiteBehavior [ RunTime:0.000092s ]
INFO: [ app_init ] --END-- [ RunTime:0.002074s ]

[ 2015-03-31T00:29:53+08:00 ] ::1 /1/index.php/Home/Publish/css/slippry.css
INFO: [ app_init ] --START--
INFO: Run Behavior\BuildLiteBehavior [ RunTime:0.000211s ]
INFO: [ app_init ] --END-- [ RunTime:0.043025s ]
ERR: 非法操作:css

[ 2015-03-31T00:30:27+08:00 ] ::1 /1/index.php/Home/Publish/index.html
INFO: [ app_init ] --START--
INFO: Run Behavior\BuildLiteBehavior [ RunTime:0.000093s ]
INFO: [ app_init ] --END-- [ RunTime:0.001674s ]

[ 2015-03-31T00:30:28+08:00 ] ::1 /1/index.php/Home/Publish/css/slippry.css
INFO: [ app_init ] --START--
INFO: Run Behavior\BuildLiteBehavior [ RunTime:0.000057s ]
INFO: [ app_init ] --END-- [ RunTime:0.001585s ]
ERR: 非法操作:css

[ 2015-03-31T00:30:44+08:00 ] ::1 /1/index.php/Home/Publish/css/slippry.css
INFO: [ app_init ] --START--
INFO: Run Behavior\BuildLiteBehavior [ RunTime:0.000065s ]
INFO: [ app_init ] --END-- [ RunTime:0.001760s ]
ERR: 非法操作:css

[ 2015-03-31T00:31:27+08:00 ] ::1 /1/index.php/Home/Publish/index.html
INFO: [ app_init ] --START--
INFO: Run Behavior\BuildLiteBehavior [ RunTime:0.000065s ]
INFO: [ app_init ] --END-- [ RunTime:0.001574s ]

[ 2015-03-31T00:31:28+08:00 ] ::1 /1/index.php/Home/Publish/css/slippry.css
INFO: [ app_init ] --START--
INFO: Run Behavior\BuildLiteBehavior [ RunTime:0.000115s ]
INFO: [ app_init ] --END-- [ RunTime:0.002320s ]
ERR: 非法操作:css

[ 2015-03-31T00:31:44+08:00 ] ::1 /1/index.php/Home/Publish/css/slippry.css
INFO: [ app_init ] --START--
INFO: Run Behavior\BuildLiteBehavior [ RunTime:0.000064s ]
INFO: [ app_init ] --END-- [ RunTime:0.001883s ]
ERR: 非法操作:css

[ 2015-03-31T00:33:19+08:00 ] ::1 /1/index.php/Home/Publish/index.html
INFO: [ app_init ] --START--
INFO: Run Behavior\BuildLiteBehavior [ RunTime:0.000235s ]
INFO: [ app_init ] --END-- [ RunTime:0.002678s ]

[ 2015-03-31T00:33:19+08:00 ] ::1 /1/index.php/Home/Publish/css/slippry.css
INFO: [ app_init ] --START--
INFO: Run Behavior\BuildLiteBehavior [ RunTime:0.000088s ]
INFO: [ app_init ] --END-- [ RunTime:0.001857s ]
ERR: 非法操作:css

[ 2015-03-31T00:33:31+08:00 ] ::1 /1/index.php/Home/Publish/css/slippry.css
INFO: [ app_init ] --START--
INFO: Run Behavior\BuildLiteBehavior [ RunTime:0.000085s ]
INFO: [ app_init ] --END-- [ RunTime:0.001876s ]
ERR: 非法操作:css

[ 2015-03-31T00:34:04+08:00 ] ::1 /1/index.php/Home/Publish/index.html
INFO: [ app_init ] --START--
INFO: Run Behavior\BuildLiteBehavior [ RunTime:0.000056s ]
INFO: [ app_init ] --END-- [ RunTime:0.001102s ]

[ 2015-03-31T00:34:05+08:00 ] ::1 /1/index.php/Home/Publish/css/slippry.css
INFO: [ app_init ] --START--
INFO: Run Behavior\BuildLiteBehavior [ RunTime:0.000096s ]
INFO: [ app_init ] --END-- [ RunTime:0.001847s ]
ERR: 非法操作:css

[ 2015-03-31T00:34:38+08:00 ] ::1 /1/index.php/Home/Publish/index.html
INFO: [ app_init ] --START--
INFO: Run Behavior\BuildLiteBehavior [ RunTime:0.000059s ]
INFO: [ app_init ] --END-- [ RunTime:0.001869s ]

[ 2015-03-31T00:34:38+08:00 ] ::1 /1/index.php/Home/Publish/css/slippry.css
INFO: [ app_init ] --START--
INFO: Run Behavior\BuildLiteBehavior [ RunTime:0.000106s ]
INFO: [ app_init ] --END-- [ RunTime:0.001857s ]
ERR: 非法操作:css

[ 2015-03-31T00:35:25+08:00 ] ::1 /1/index.php/Home/Publish/index.html
INFO: [ app_init ] --START--
INFO: Run Behavior\BuildLiteBehavior [ RunTime:0.000212s ]
INFO: [ app_init ] --END-- [ RunTime:0.006922s ]

[ 2015-03-31T00:35:25+08:00 ] ::1 /1/index.php/Home/Publish/css/slippry.css
INFO: [ app_init ] --START--
INFO: Run Behavior\BuildLiteBehavior [ RunTime:0.000111s ]
INFO: [ app_init ] --END-- [ RunTime:0.001975s ]
ERR: 非法操作:css

[ 2015-03-31T00:36:23+08:00 ] ::1 /1/index.php/Home/Publish/index.html
INFO: [ app_init ] --START--
INFO: Run Behavior\BuildLiteBehavior [ RunTime:0.000157s ]
INFO: [ app_init ] --END-- [ RunTime:0.001895s ]

[ 2015-03-31T00:36:24+08:00 ] ::1 /1/index.php/Home/Publish/css/slippry.css
INFO: [ app_init ] --START--
INFO: Run Behavior\BuildLiteBehavior [ RunTime:0.000063s ]
INFO: [ app_init ] --END-- [ RunTime:0.001755s ]
ERR: 非法操作:css

[ 2015-03-31T00:36:42+08:00 ] ::1 /1/index.php/Home/Publish/index.html
INFO: [ app_init ] --START--
INFO: Run Behavior\BuildLiteBehavior [ RunTime:0.000063s ]
INFO: [ app_init ] --END-- [ RunTime:0.001418s ]

[ 2015-03-31T00:36:42+08:00 ] ::1 /1/index.php/Home/Publish/css/slippry.css
INFO: [ app_init ] --START--
INFO: Run Behavior\BuildLiteBehavior [ RunTime:0.000091s ]
INFO: [ app_init ] --END-- [ RunTime:0.002356s ]
ERR: 非法操作:css

[ 2015-03-31T12:26:35+08:00 ] ::1 /1/index.php/Home/Publish/index.html
INFO: [ app_init ] --START--
INFO: Run Behavior\BuildLiteBehavior [ RunTime:0.000030s ]
INFO: [ app_init ] --END-- [ RunTime:0.232579s ]
ERR: _STORAGE_WRITE_ERROR_:./Application/Runtime/Cache/Home/b31fecaa8feb7fafd7a2a302920645cd.php

[ 2015-03-31T12:26:36+08:00 ] ::1 /1/index.php/Home/Publish/index.html
INFO: [ app_init ] --START--
INFO: Run Behavior\BuildLiteBehavior [ RunTime:0.000039s ]
INFO: [ app_init ] --END-- [ RunTime:0.232564s ]

[ 2015-03-31T12:26:36+08:00 ] ::1 /1/index.php/Home/Publish/css/slippry.css
INFO: [ app_init ] --START--
INFO: Run Behavior\BuildLiteBehavior [ RunTime:0.000062s ]
INFO: [ app_init ] --END-- [ RunTime:0.001072s ]
ERR: 非法操作:css

[ 2015-03-31T12:33:45+08:00 ] ::1 /1/index.php/Home/Publish/index.html
INFO: [ app_init ] --START--
INFO: Run Behavior\BuildLiteBehavior [ RunTime:0.000063s ]
INFO: [ app_init ] --END-- [ RunTime:0.001800s ]

[ 2015-03-31T12:33:45+08:00 ] ::1 /1/index.php/Home/Publish/css/slippry.css
INFO: [ app_init ] --START--
INFO: Run Behavior\BuildLiteBehavior [ RunTime:0.000207s ]
INFO: [ app_init ] --END-- [ RunTime:0.001873s ]
ERR: 非法操作:css

[ 2015-03-31T12:37:18+08:00 ] ::1 /1/
INFO: [ app_init ] --START--
INFO: Run Behavior\BuildLiteBehavior [ RunTime:0.000061s ]
INFO: [ app_init ] --END-- [ RunTime:0.001643s ]

[ 2015-03-31T12:40:15+08:00 ] ::1 /1/
INFO: [ app_init ] --START--
INFO: Run Behavior\BuildLiteBehavior [ RunTime:0.000070s ]
INFO: [ app_init ] --END-- [ RunTime:0.001370s ]

[ 2015-03-31T12:40:28+08:00 ] ::1 /1/index.php/Home/Detail/detail_good/id/87.html
INFO: [ app_init ] --START--
INFO: Run Behavior\BuildLiteBehavior [ RunTime:0.000093s ]
INFO: [ app_init ] --END-- [ RunTime:0.001700s ]

[ 2015-03-31T12:40:28+08:00 ] ::1 /1/index.php/Home/Detail/detail_good/id/css/slippry.css
INFO: [ app_init ] --START--
INFO: Run Behavior\BuildLiteBehavior [ RunTime:0.000049s ]
INFO: [ app_init ] --END-- [ RunTime:0.000965s ]

[ 2015-03-31T12:40:28+08:00 ] ::1 /1/index.php/Home/Detail/detail_good/id/js/jstarbox.js
INFO: [ app_init ] --START--
INFO: Run Behavior\BuildLiteBehavior [ RunTime:0.000098s ]
INFO: [ app_init ] --END-- [ RunTime:0.001862s ]

[ 2015-03-31T12:44:49+08:00 ] ::1 /1/index.php/Home/Index/role.html
INFO: [ app_init ] --START--
INFO: Run Behavior\BuildLiteBehavior [ RunTime:0.000058s ]
INFO: [ app_init ] --END-- [ RunTime:0.001900s ]

[ 2015-03-31T12:44:49+08:00 ] ::1 /1/index.php/Home/Stu/index.html
INFO: [ app_init ] --START--
INFO: Run Behavior\BuildLiteBehavior [ RunTime:0.000058s ]
INFO: [ app_init ] --END-- [ RunTime:0.001487s ]

[ 2015-03-31T12:44:51+08:00 ] ::1 /1/index.php/Home/Stu/stufile.html
INFO: [ app_init ] --START--
INFO: Run Behavior\BuildLiteBehavior [ RunTime:0.000065s ]
INFO: [ app_init ] --END-- [ RunTime:0.001584s ]

[ 2015-03-31T12:44:51+08:00 ] ::1 /1/index.php/Home/Stu/ajax.html
INFO: [ app_init ] --START--
INFO: Run Behavior\BuildLiteBehavior [ RunTime:0.000096s ]
INFO: [ app_init ] --END-- [ RunTime:0.002336s ]
INFO: [ app_begin ] --START--
INFO: Run Behavior\ReadHtmlCacheBehavior [ RunTime:0.003651s ]
INFO: [ app_begin ] --END-- [ RunTime:0.004272s ]
SQL: SHOW COLUMNS FROM `student` [ RunTime:0.007371s ]
SQL: SELECT * FROM `student` WHERE `student_id` = 8 LIMIT 1   [ RunTime:0.000679s ]

[ 2015-03-31T12:44:53+08:00 ] ::1 /1/index.php/Home/Stu/index.html
INFO: [ app_init ] --START--
INFO: Run Behavior\BuildLiteBehavior [ RunTime:0.000058s ]
INFO: [ app_init ] --END-- [ RunTime:0.001555s ]

[ 2015-03-31T12:44:56+08:00 ] ::1 /1/index.php/Home/Login/logout.html
INFO: [ app_init ] --START--
INFO: Run Behavior\BuildLiteBehavior [ RunTime:0.000059s ]
INFO: [ app_init ] --END-- [ RunTime:0.001766s ]

[ 2015-03-31T12:44:58+08:00 ] ::1 /1/index.php/Home/Index/index.html
INFO: [ app_init ] --START--
INFO: Run Behavior\BuildLiteBehavior [ RunTime:0.000058s ]
INFO: [ app_init ] --END-- [ RunTime:0.001458s ]

[ 2015-03-31T12:44:58+08:00 ] ::1 /1/index.php/Home/Index/css/slippry.css
INFO: [ app_init ] --START--
INFO: Run Behavior\BuildLiteBehavior [ RunTime:0.000091s ]
INFO: [ app_init ] --END-- [ RunTime:0.002074s ]
ERR: 非法操作:css

[ 2015-03-31T12:45:00+08:00 ] ::1 /1/index.php/Home/Login/index.html
INFO: [ app_init ] --START--
INFO: Run Behavior\BuildLiteBehavior [ RunTime:0.000063s ]
INFO: [ app_init ] --END-- [ RunTime:0.001364s ]

[ 2015-03-31T12:45:00+08:00 ] ::1 /1/index.php/Home/Login/css/slippry.css
INFO: [ app_init ] --START--
INFO: Run Behavior\BuildLiteBehavior [ RunTime:0.000091s ]
INFO: [ app_init ] --END-- [ RunTime:0.001846s ]
ERR: 非法操作:css

[ 2015-03-31T12:45:08+08:00 ] ::1 /1/index.php/Home/Login/login.html
INFO: [ app_init ] --START--
INFO: Run Behavior\BuildLiteBehavior [ RunTime:0.000056s ]
INFO: [ app_init ] --END-- [ RunTime:0.001388s ]

[ 2015-03-31T12:45:09+08:00 ] ::1 /1/index.php/Home/Index/index.html
INFO: [ app_init ] --START--
INFO: Run Behavior\BuildLiteBehavior [ RunTime:0.000058s ]
INFO: [ app_init ] --END-- [ RunTime:0.001278s ]

[ 2015-03-31T12:45:09+08:00 ] ::1 /1/index.php/Home/Index/css/slippry.css
INFO: [ app_init ] --START--
INFO: Run Behavior\BuildLiteBehavior [ RunTime:0.000072s ]
INFO: [ app_init ] --END-- [ RunTime:0.001508s ]
ERR: 非法操作:css

[ 2015-03-31T12:45:12+08:00 ] ::1 /1/index.php/Home/Index/role.html
INFO: [ app_init ] --START--
INFO: Run Behavior\BuildLiteBehavior [ RunTime:0.000058s ]
INFO: [ app_init ] --END-- [ RunTime:0.001619s ]

[ 2015-03-31T12:45:12+08:00 ] ::1 /1/index.php/Home/Com/index.html
INFO: [ app_init ] --START--
INFO: Run Behavior\BuildLiteBehavior [ RunTime:0.000094s ]
INFO: [ app_init ] --END-- [ RunTime:0.001899s ]

[ 2015-03-31T12:45:14+08:00 ] ::1 /1/index.php/Home/Publish/index.html
INFO: [ app_init ] --START--
INFO: Run Behavior\BuildLiteBehavior [ RunTime:0.000073s ]
INFO: [ app_init ] --END-- [ RunTime:0.001318s ]

[ 2015-03-31T12:45:14+08:00 ] ::1 /1/index.php/Home/Publish/css/slippry.css
INFO: [ app_init ] --START--
INFO: Run Behavior\BuildLiteBehavior [ RunTime:0.000056s ]
INFO: [ app_init ] --END-- [ RunTime:0.001144s ]
ERR: 非法操作:css

[ 2015-03-31T12:45:32+08:00 ] ::1 /1/index.php/Home/Publish/css/slippry.css
INFO: [ app_init ] --START--
INFO: Run Behavior\BuildLiteBehavior [ RunTime:0.000056s ]
INFO: [ app_init ] --END-- [ RunTime:0.001193s ]
ERR: 非法操作:css

[ 2015-03-31T12:46:06+08:00 ] ::1 /1/index.php/Home/Publish/index.html
INFO: [ app_init ] --START--
INFO: Run Behavior\BuildLiteBehavior [ RunTime:0.000058s ]
INFO: [ app_init ] --END-- [ RunTime:0.001490s ]

[ 2015-03-31T12:46:06+08:00 ] ::1 /1/index.php/Home/Publish/css/slippry.css
INFO: [ app_init ] --START--
INFO: Run Behavior\BuildLiteBehavior [ RunTime:0.000121s ]
INFO: [ app_init ] --END-- [ RunTime:0.001940s ]
ERR: 非法操作:css

[ 2015-03-31T12:46:25+08:00 ] ::1 /1/index.php/Home/Index/role.html
INFO: [ app_init ] --START--
INFO: Run Behavior\BuildLiteBehavior [ RunTime:0.000093s ]
INFO: [ app_init ] --END-- [ RunTime:0.001451s ]

[ 2015-03-31T12:46:25+08:00 ] ::1 /1/index.php/Home/Com/index.html
INFO: [ app_init ] --START--
INFO: Run Behavior\BuildLiteBehavior [ RunTime:0.000095s ]
INFO: [ app_init ] --END-- [ RunTime:0.001879s ]

[ 2015-03-31T12:48:22+08:00 ] ::1 /1/index.php/Home/Publish/index.html
INFO: [ app_init ] --START--
INFO: Run Behavior\BuildLiteBehavior [ RunTime:0.000058s ]
INFO: [ app_init ] --END-- [ RunTime:0.001382s ]

[ 2015-03-31T12:48:22+08:00 ] ::1 /1/index.php/Home/Publish/css/slippry.css
INFO: [ app_init ] --START--
INFO: Run Behavior\BuildLiteBehavior [ RunTime:0.000099s ]
INFO: [ app_init ] --END-- [ RunTime:0.001605s ]
ERR: 非法操作:css

[ 2015-03-31T12:48:45+08:00 ] ::1 /1/index.php/Home/Publish/index.html
INFO: [ app_init ] --START--
INFO: Run Behavior\BuildLiteBehavior [ RunTime:0.000057s ]
INFO: [ app_init ] --END-- [ RunTime:0.001452s ]

[ 2015-03-31T12:48:45+08:00 ] ::1 /1/index.php/Home/Publish/css/slippry.css
INFO: [ app_init ] --START--
INFO: Run Behavior\BuildLiteBehavior [ RunTime:0.000057s ]
INFO: [ app_init ] --END-- [ RunTime:0.001499s ]
ERR: 非法操作:css

[ 2015-03-31T12:49:23+08:00 ] ::1 /1/index.php/Home/Publish/index.html
INFO: [ app_init ] --START--
INFO: Run Behavior\BuildLiteBehavior [ RunTime:0.000080s ]
INFO: [ app_init ] --END-- [ RunTime:0.002040s ]

[ 2015-03-31T12:49:23+08:00 ] ::1 /1/index.php/Home/Publish/css/slippry.css
INFO: [ app_init ] --START--
INFO: Run Behavior\BuildLiteBehavior [ RunTime:0.000085s ]
INFO: [ app_init ] --END-- [ RunTime:0.001840s ]
ERR: 非法操作:css

[ 2015-03-31T12:49:31+08:00 ] ::1 /1/index.php/Home/Publish/index.html
INFO: [ app_init ] --START--
INFO: Run Behavior\BuildLiteBehavior [ RunTime:0.000055s ]
INFO: [ app_init ] --END-- [ RunTime:0.001135s ]

[ 2015-03-31T12:49:31+08:00 ] ::1 /1/index.php/Home/Publish/css/slippry.css
INFO: [ app_init ] --START--
INFO: Run Behavior\BuildLiteBehavior [ RunTime:0.000100s ]
INFO: [ app_init ] --END-- [ RunTime:0.001966s ]
ERR: 非法操作:css

[ 2015-03-31T12:51:01+08:00 ] ::1 /1/index.php/Home/Publish/index.html
INFO: [ app_init ] --START--
INFO: Run Behavior\BuildLiteBehavior [ RunTime:0.000105s ]
INFO: [ app_init ] --END-- [ RunTime:0.001966s ]

[ 2015-03-31T12:51:02+08:00 ] ::1 /1/index.php/Home/Publish/css/slippry.css
INFO: [ app_init ] --START--
INFO: Run Behavior\BuildLiteBehavior [ RunTime:0.000088s ]
INFO: [ app_init ] --END-- [ RunTime:0.001745s ]
ERR: 非法操作:css

[ 2015-03-31T12:51:12+08:00 ] ::1 /1/index.php/Home/Publish/css/slippry.css
INFO: [ app_init ] --START--
INFO: Run Behavior\BuildLiteBehavior [ RunTime:0.000134s ]
INFO: [ app_init ] --END-- [ RunTime:0.002237s ]
ERR: 非法操作:css

[ 2015-03-31T12:52:12+08:00 ] ::1 /1/index.php/Home/Publish/css/slippry.css
INFO: [ app_init ] --START--
INFO: Run Behavior\BuildLiteBehavior [ RunTime:0.000102s ]
INFO: [ app_init ] --END-- [ RunTime:0.002017s ]
ERR: 非法操作:css

[ 2015-03-31T12:52:54+08:00 ] ::1 /1/index.php/Home/Publish/index.html
INFO: [ app_init ] --START--
INFO: Run Behavior\BuildLiteBehavior [ RunTime:0.000087s ]
INFO: [ app_init ] --END-- [ RunTime:0.001636s ]

[ 2015-03-31T12:52:55+08:00 ] ::1 /1/index.php/Home/Publish/css/slippry.css
INFO: [ app_init ] --START--
INFO: Run Behavior\BuildLiteBehavior [ RunTime:0.000092s ]
INFO: [ app_init ] --END-- [ RunTime:0.001673s ]
ERR: 非法操作:css

[ 2015-03-31T12:53:05+08:00 ] ::1 /1/index.php/Home/Publish/css/slippry.css
INFO: [ app_init ] --START--
INFO: Run Behavior\BuildLiteBehavior [ RunTime:0.000060s ]
INFO: [ app_init ] --END-- [ RunTime:0.001429s ]
ERR: 非法操作:css

[ 2015-03-31T12:54:07+08:00 ] ::1 /1/index.php/Home/Publish/index.html
INFO: [ app_init ] --START--
INFO: Run Behavior\BuildLiteBehavior [ RunTime:0.000059s ]
INFO: [ app_init ] --END-- [ RunTime:0.001268s ]

[ 2015-03-31T12:54:08+08:00 ] ::1 /1/index.php/Home/Publish/css/slippry.css
INFO: [ app_init ] --START--
INFO: Run Behavior\BuildLiteBehavior [ RunTime:0.000099s ]
INFO: [ app_init ] --END-- [ RunTime:0.001965s ]
ERR: 非法操作:css

[ 2015-03-31T12:56:02+08:00 ] ::1 /1/index.php/Home/Publish/index.html
INFO: [ app_init ] --START--
INFO: Run Behavior\BuildLiteBehavior [ RunTime:0.000057s ]
INFO: [ app_init ] --END-- [ RunTime:0.001186s ]

[ 2015-03-31T12:56:02+08:00 ] ::1 /1/index.php/Home/Publish/css/slippry.css
INFO: [ app_init ] --START--
INFO: Run Behavior\BuildLiteBehavior [ RunTime:0.000098s ]
INFO: [ app_init ] --END-- [ RunTime:0.001901s ]
ERR: 非法操作:css

[ 2015-03-31T12:58:57+08:00 ] ::1 /1/index.php/Home/Publish/index.html
INFO: [ app_init ] --START--
INFO: Run Behavior\BuildLiteBehavior [ RunTime:0.000092s ]
INFO: [ app_init ] --END-- [ RunTime:0.001785s ]

[ 2015-03-31T12:58:57+08:00 ] ::1 /1/index.php/Home/Publish/css/slippry.css
INFO: [ app_init ] --START--
INFO: Run Behavior\BuildLiteBehavior [ RunTime:0.000058s ]
INFO: [ app_init ] --END-- [ RunTime:0.001241s ]
ERR: 非法操作:css

[ 2015-03-31T12:59:06+08:00 ] ::1 /1/index.php/Home/Publish/css/slippry.css
INFO: [ app_init ] --START--
INFO: Run Behavior\BuildLiteBehavior [ RunTime:0.000088s ]
INFO: [ app_init ] --END-- [ RunTime:0.001730s ]
ERR: 非法操作:css

[ 2015-03-31T13:01:53+08:00 ] ::1 /1/index.php/Home/Publish/index.html
INFO: [ app_init ] --START--
INFO: Run Behavior\BuildLiteBehavior [ RunTime:0.000107s ]
INFO: [ app_init ] --END-- [ RunTime:0.001738s ]

[ 2015-03-31T13:01:54+08:00 ] ::1 /1/index.php/Home/Publish/css/slippry.css
INFO: [ app_init ] --START--
INFO: Run Behavior\BuildLiteBehavior [ RunTime:0.000087s ]
INFO: [ app_init ] --END-- [ RunTime:0.001822s ]
ERR: 非法操作:css

[ 2015-03-31T13:02:32+08:00 ] ::1 /1/index.php/Home/Publish/index.html
INFO: [ app_init ] --START--
INFO: Run Behavior\BuildLiteBehavior [ RunTime:0.000114s ]
INFO: [ app_init ] --END-- [ RunTime:0.004456s ]

[ 2015-03-31T13:02:32+08:00 ] ::1 /1/index.php/Home/Publish/css/slippry.css
INFO: [ app_init ] --START--
INFO: Run Behavior\BuildLiteBehavior [ RunTime:0.000089s ]
INFO: [ app_init ] --END-- [ RunTime:0.001744s ]
ERR: 非法操作:css

[ 2015-03-31T13:04:48+08:00 ] ::1 /1/index.php/Home/Publish/index.html
INFO: [ app_init ] --START--
INFO: Run Behavior\BuildLiteBehavior [ RunTime:0.000135s ]
INFO: [ app_init ] --END-- [ RunTime:0.001816s ]

[ 2015-03-31T13:04:48+08:00 ] ::1 /1/index.php/Home/Publish/css/slippry.css
INFO: [ app_init ] --START--
INFO: Run Behavior\BuildLiteBehavior [ RunTime:0.000091s ]
INFO: [ app_init ] --END-- [ RunTime:0.002725s ]
ERR: 非法操作:css

[ 2015-03-31T13:05:02+08:00 ] ::1 /1/index.php/Home/Publish/index.html
INFO: [ app_init ] --START--
INFO: Run Behavior\BuildLiteBehavior [ RunTime:0.000056s ]
INFO: [ app_init ] --END-- [ RunTime:0.001197s ]

[ 2015-03-31T13:05:03+08:00 ] ::1 /1/index.php/Home/Publish/css/slippry.css
INFO: [ app_init ] --START--
INFO: Run Behavior\BuildLiteBehavior [ RunTime:0.000102s ]
INFO: [ app_init ] --END-- [ RunTime:0.002388s ]
ERR: 非法操作:css

[ 2015-03-31T13:05:23+08:00 ] ::1 /1/index.php/Home/Publish/css/slippry.css
INFO: [ app_init ] --START--
INFO: Run Behavior\BuildLiteBehavior [ RunTime:0.000097s ]
INFO: [ app_init ] --END-- [ RunTime:0.001657s ]
ERR: 非法操作:css

[ 2015-03-31T13:06:04+08:00 ] ::1 /1/index.php/Home/Publish/index.html
INFO: [ app_init ] --START--
INFO: Run Behavior\BuildLiteBehavior [ RunTime:0.000095s ]
INFO: [ app_init ] --END-- [ RunTime:0.001955s ]

[ 2015-03-31T13:06:05+08:00 ] ::1 /1/index.php/Home/Publish/css/slippry.css
INFO: [ app_init ] --START--
INFO: Run Behavior\BuildLiteBehavior [ RunTime:0.000080s ]
INFO: [ app_init ] --END-- [ RunTime:0.001637s ]
ERR: 非法操作:css

[ 2015-03-31T13:06:52+08:00 ] ::1 /1/index.php/Home/Publish/index.html
INFO: [ app_init ] --START--
INFO: Run Behavior\BuildLiteBehavior [ RunTime:0.000098s ]
INFO: [ app_init ] --END-- [ RunTime:0.001928s ]

[ 2015-03-31T13:06:52+08:00 ] ::1 /1/index.php/Home/Publish/css/slippry.css
INFO: [ app_init ] --START--
INFO: Run Behavior\BuildLiteBehavior [ RunTime:0.000058s ]
INFO: [ app_init ] --END-- [ RunTime:0.001527s ]
ERR: 非法操作:css

[ 2015-03-31T13:23:35+08:00 ] ::1 /1/index.php/Home/Publish/index.html
INFO: [ app_init ] --START--
INFO: Run Behavior\BuildLiteBehavior [ RunTime:0.000101s ]
INFO: [ app_init ] --END-- [ RunTime:0.002103s ]

[ 2015-03-31T13:23:35+08:00 ] ::1 /1/index.php/Home/Publish/css/slippry.css
INFO: [ app_init ] --START--
INFO: Run Behavior\BuildLiteBehavior [ RunTime:0.000097s ]
INFO: [ app_init ] --END-- [ RunTime:0.001781s ]
ERR: 非法操作:css

[ 2015-03-31T13:23:49+08:00 ] ::1 /1/index.php/Home/Publish/css/slippry.css
INFO: [ app_init ] --START--
INFO: Run Behavior\BuildLiteBehavior [ RunTime:0.000093s ]
INFO: [ app_init ] --END-- [ RunTime:0.002172s ]
ERR: 非法操作:css

[ 2015-03-31T13:24:11+08:00 ] ::1 /1/index.php/Home/Publish/index.html
INFO: [ app_init ] --START--
INFO: Run Behavior\BuildLiteBehavior [ RunTime:0.000058s ]
INFO: [ app_init ] --END-- [ RunTime:0.001431s ]

[ 2015-03-31T13:24:11+08:00 ] ::1 /1/index.php/Home/Publish/css/slippry.css
INFO: [ app_init ] --START--
INFO: Run Behavior\BuildLiteBehavior [ RunTime:0.000089s ]
INFO: [ app_init ] --END-- [ RunTime:0.001824s ]
ERR: 非法操作:css

[ 2015-03-31T13:28:13+08:00 ] ::1 /1/index.php/Home/Publish/index.html
INFO: [ app_init ] --START--
INFO: Run Behavior\BuildLiteBehavior [ RunTime:0.000097s ]
INFO: [ app_init ] --END-- [ RunTime:0.001809s ]

[ 2015-03-31T13:28:13+08:00 ] ::1 /1/index.php/Home/Publish/css/slippry.css
INFO: [ app_init ] --START--
INFO: Run Behavior\BuildLiteBehavior [ RunTime:0.000094s ]
INFO: [ app_init ] --END-- [ RunTime:0.001737s ]
ERR: 非法操作:css

[ 2015-03-31T13:28:14+08:00 ] ::1 /1/index.php/Home/Publish/null
INFO: [ app_init ] --START--
INFO: Run Behavior\BuildLiteBehavior [ RunTime:0.000058s ]
INFO: [ app_init ] --END-- [ RunTime:0.001508s ]
ERR: 非法操作:null

[ 2015-03-31T13:28:40+08:00 ] ::1 /1/index.php/Home/Publish/index.html
INFO: [ app_init ] --START--
INFO: Run Behavior\BuildLiteBehavior [ RunTime:0.000092s ]
INFO: [ app_init ] --END-- [ RunTime:0.001702s ]

[ 2015-03-31T13:28:40+08:00 ] ::1 /1/index.php/Home/Publish/css/slippry.css
INFO: [ app_init ] --START--
INFO: Run Behavior\BuildLiteBehavior [ RunTime:0.000072s ]
INFO: [ app_init ] --END-- [ RunTime:0.001442s ]
ERR: 非法操作:css

[ 2015-03-31T13:28:41+08:00 ] ::1 /1/index.php/Home/Publish/null
INFO: [ app_init ] --START--
INFO: Run Behavior\BuildLiteBehavior [ RunTime:0.000068s ]
INFO: [ app_init ] --END-- [ RunTime:0.001189s ]
ERR: 非法操作:null

[ 2015-03-31T13:28:55+08:00 ] ::1 /1/index.php/Home/Publish/index.html
INFO: [ app_init ] --START--
INFO: Run Behavior\BuildLiteBehavior [ RunTime:0.000106s ]
INFO: [ app_init ] --END-- [ RunTime:0.001969s ]

[ 2015-03-31T13:28:55+08:00 ] ::1 /1/index.php/Home/Publish/css/slippry.css
INFO: [ app_init ] --START--
INFO: Run Behavior\BuildLiteBehavior [ RunTime:0.000089s ]
INFO: [ app_init ] --END-- [ RunTime:0.001394s ]
ERR: 非法操作:css

[ 2015-03-31T13:28:56+08:00 ] ::1 /1/index.php/Home/Publish/null
INFO: [ app_init ] --START--
INFO: Run Behavior\BuildLiteBehavior [ RunTime:0.000058s ]
INFO: [ app_init ] --END-- [ RunTime:0.001309s ]
ERR: 非法操作:null

[ 2015-03-31T13:29:07+08:00 ] ::1 /1/index.php/Home/Publish/index.html
INFO: [ app_init ] --START--
INFO: Run Behavior\BuildLiteBehavior [ RunTime:0.000058s ]
INFO: [ app_init ] --END-- [ RunTime:0.001416s ]

[ 2015-03-31T13:29:08+08:00 ] ::1 /1/index.php/Home/Publish/css/slippry.css
INFO: [ app_init ] --START--
INFO: Run Behavior\BuildLiteBehavior [ RunTime:0.000089s ]
INFO: [ app_init ] --END-- [ RunTime:0.001820s ]
ERR: 非法操作:css

[ 2015-03-31T13:29:08+08:00 ] ::1 /1/index.php/Home/Publish/null
INFO: [ app_init ] --START--
INFO: Run Behavior\BuildLiteBehavior [ RunTime:0.000100s ]
INFO: [ app_init ] --END-- [ RunTime:0.001677s ]
ERR: 非法操作:null

[ 2015-03-31T13:29:27+08:00 ] ::1 /1/index.php/Home/Publish/index.html
INFO: [ app_init ] --START--
INFO: Run Behavior\BuildLiteBehavior [ RunTime:0.000158s ]
INFO: [ app_init ] --END-- [ RunTime:0.002684s ]

[ 2015-03-31T13:29:28+08:00 ] ::1 /1/index.php/Home/Publish/css/slippry.css
INFO: [ app_init ] --START--
INFO: Run Behavior\BuildLiteBehavior [ RunTime:0.000059s ]
INFO: [ app_init ] --END-- [ RunTime:0.001584s ]
ERR: 非法操作:css

[ 2015-03-31T13:30:20+08:00 ] ::1 /1/index.php/Home/Publish/index.html
INFO: [ app_init ] --START--
INFO: Run Behavior\BuildLiteBehavior [ RunTime:0.000057s ]
INFO: [ app_init ] --END-- [ RunTime:0.001277s ]

[ 2015-03-31T13:30:20+08:00 ] ::1 /1/index.php/Home/Publish/css/slippry.css
INFO: [ app_init ] --START--
INFO: Run Behavior\BuildLiteBehavior [ RunTime:0.000090s ]
INFO: [ app_init ] --END-- [ RunTime:0.001577s ]
ERR: 非法操作:css

[ 2015-03-31T13:31:38+08:00 ] ::1 /1/index.php/Home/Publish/index.html
INFO: [ app_init ] --START--
INFO: Run Behavior\BuildLiteBehavior [ RunTime:0.000112s ]
INFO: [ app_init ] --END-- [ RunTime:0.002083s ]

[ 2015-03-31T13:31:38+08:00 ] ::1 /1/index.php/Home/Publish/css/slippry.css
INFO: [ app_init ] --START--
INFO: Run Behavior\BuildLiteBehavior [ RunTime:0.000057s ]
INFO: [ app_init ] --END-- [ RunTime:0.001358s ]
ERR: 非法操作:css

[ 2015-03-31T13:31:50+08:00 ] ::1 /1/index.php/Home/Publish/css/slippry.css
INFO: [ app_init ] --START--
INFO: Run Behavior\BuildLiteBehavior [ RunTime:0.000101s ]
INFO: [ app_init ] --END-- [ RunTime:0.002259s ]
ERR: 非法操作:css

[ 2015-03-31T13:33:58+08:00 ] ::1 /1/index.php/Home/Publish/css/slippry.css
INFO: [ app_init ] --START--
INFO: Run Behavior\BuildLiteBehavior [ RunTime:0.000056s ]
INFO: [ app_init ] --END-- [ RunTime:0.001271s ]
ERR: 非法操作:css

[ 2015-03-31T13:35:27+08:00 ] ::1 /1/index.php/Home/Publish/index.html
INFO: [ app_init ] --START--
INFO: Run Behavior\BuildLiteBehavior [ RunTime:0.000050s ]
INFO: [ app_init ] --END-- [ RunTime:0.000938s ]

[ 2015-03-31T13:35:27+08:00 ] ::1 /1/index.php/Home/Publish/css/slippry.css
INFO: [ app_init ] --START--
INFO: Run Behavior\BuildLiteBehavior [ RunTime:0.000055s ]
INFO: [ app_init ] --END-- [ RunTime:0.001092s ]
ERR: 非法操作:css

[ 2015-03-31T13:35:28+08:00 ] ::1 /1/index.php/Home/Publish/css/slippry.css
INFO: [ app_init ] --START--
INFO: Run Behavior\BuildLiteBehavior [ RunTime:0.000047s ]
INFO: [ app_init ] --END-- [ RunTime:0.001597s ]
ERR: 非法操作:css

[ 2015-03-31T13:43:55+08:00 ] ::1 /1/index.php/Home/Publish/index.html
INFO: [ app_init ] --START--
INFO: Run Behavior\BuildLiteBehavior [ RunTime:0.000058s ]
INFO: [ app_init ] --END-- [ RunTime:0.001309s ]

[ 2015-03-31T13:43:56+08:00 ] ::1 /1/index.php/Home/Publish/css/slippry.css
INFO: [ app_init ] --START--
INFO: Run Behavior\BuildLiteBehavior [ RunTime:0.000133s ]
INFO: [ app_init ] --END-- [ RunTime:0.002238s ]
ERR: 非法操作:css

[ 2015-03-31T13:43:56+08:00 ] ::1 /1/index.php/Home/Publish/css/slippry.css
INFO: [ app_init ] --START--
INFO: Run Behavior\BuildLiteBehavior [ RunTime:0.000050s ]
INFO: [ app_init ] --END-- [ RunTime:0.001093s ]
ERR: 非法操作:css

[ 2015-03-31T13:44:59+08:00 ] ::1 /1/index.php/Home/Index/search.html?keyword=
INFO: [ app_init ] --START--
INFO: Run Behavior\BuildLiteBehavior [ RunTime:0.000059s ]
INFO: [ app_init ] --END-- [ RunTime:0.001485s ]

[ 2015-03-31T13:44:59+08:00 ] ::1 /1/index.php/Home/Index/js/jstarbox.js
INFO: [ app_init ] --START--
INFO: Run Behavior\BuildLiteBehavior [ RunTime:0.000089s ]
INFO: [ app_init ] --END-- [ RunTime:0.002986s ]
ERR: 非法操作:js

[ 2015-03-31T13:44:59+08:00 ] ::1 /1/index.php/Home/Index/css/jstarbox.css
INFO: [ app_init ] --START--
INFO: Run Behavior\BuildLiteBehavior [ RunTime:0.000112s ]
INFO: [ app_init ] --END-- [ RunTime:0.002175s ]
ERR: 非法操作:css

[ 2015-03-31T13:44:59+08:00 ] ::1 /1/index.php/Home/Index/css/slippry.css
INFO: [ app_init ] --START--
INFO: Run Behavior\BuildLiteBehavior [ RunTime:0.000084s ]
INFO: [ app_init ] --END-- [ RunTime:0.023003s ]
ERR: 非法操作:css

[ 2015-03-31T13:45:03+08:00 ] ::1 /1/index.php/Home/Detail/detail_good/id/87.html
INFO: [ app_init ] --START--
INFO: Run Behavior\BuildLiteBehavior [ RunTime:0.000139s ]
INFO: [ app_init ] --END-- [ RunTime:0.002037s ]

[ 2015-03-31T13:45:03+08:00 ] ::1 /1/index.php/Home/Detail/detail_good/id/css/slippry.css
INFO: [ app_init ] --START--
INFO: Run Behavior\BuildLiteBehavior [ RunTime:0.000130s ]
INFO: [ app_init ] --END-- [ RunTime:0.008534s ]

[ 2015-03-31T13:45:03+08:00 ] ::1 /1/index.php/Home/Detail/detail_good/id/js/jstarbox.js
INFO: [ app_init ] --START--
INFO: Run Behavior\BuildLiteBehavior [ RunTime:0.000069s ]
INFO: [ app_init ] --END-- [ RunTime:0.001338s ]

[ 2015-03-31T20:20:47+08:00 ] ::1 /1/index.php/Home/Publish/index.html
INFO: [ app_init ] --START--
INFO: Run Behavior\BuildLiteBehavior [ RunTime:0.000095s ]
INFO: [ app_init ] --END-- [ RunTime:0.001825s ]

[ 2015-03-31T20:20:47+08:00 ] ::1 /1/index.php/Home/Publish/css/slippry.css
INFO: [ app_init ] --START--
INFO: Run Behavior\BuildLiteBehavior [ RunTime:0.000100s ]
INFO: [ app_init ] --END-- [ RunTime:0.002033s ]
ERR: 非法操作:css

[ 2015-03-31T20:20:47+08:00 ] ::1 /1/index.php/Home/Publish/css/slippry.css
INFO: [ app_init ] --START--
INFO: Run Behavior\BuildLiteBehavior [ RunTime:0.000081s ]
INFO: [ app_init ] --END-- [ RunTime:0.001637s ]
ERR: 非法操作:css

[ 2015-03-31T21:43:12+08:00 ] ::1 /1/index.php/Home/Detail/detail_good/id/87.html
INFO: [ app_init ] --START--
INFO: Run Behavior\BuildLiteBehavior [ RunTime:0.000113s ]
INFO: [ app_init ] --END-- [ RunTime:0.001855s ]

[ 2015-03-31T21:43:12+08:00 ] ::1 /1/index.php/Home/Detail/detail_good/id/css/slippry.css
INFO: [ app_init ] --START--
INFO: Run Behavior\BuildLiteBehavior [ RunTime:0.000100s ]
INFO: [ app_init ] --END-- [ RunTime:0.001824s ]

[ 2015-03-31T21:43:12+08:00 ] ::1 /1/index.php/Home/Detail/detail_good/id/js/jstarbox.js
INFO: [ app_init ] --START--
INFO: Run Behavior\BuildLiteBehavior [ RunTime:0.000099s ]
INFO: [ app_init ] --END-- [ RunTime:0.001739s ]

[ 2015-03-31T21:43:19+08:00 ] ::1 /1/index.php/Home/Index/index.html
INFO: [ app_init ] --START--
INFO: Run Behavior\BuildLiteBehavior [ RunTime:0.000059s ]
INFO: [ app_init ] --END-- [ RunTime:0.001471s ]

[ 2015-03-31T21:43:19+08:00 ] ::1 /1/index.php/Home/Index/css/slippry.css
INFO: [ app_init ] --START--
INFO: Run Behavior\BuildLiteBehavior [ RunTime:0.000057s ]
INFO: [ app_init ] --END-- [ RunTime:0.001074s ]
ERR: 非法操作:css

[ 2015-03-31T21:43:23+08:00 ] ::1 /1/index.php/Home/Detail/detail_good/id/82.html
INFO: [ app_init ] --START--
INFO: Run Behavior\BuildLiteBehavior [ RunTime:0.000088s ]
INFO: [ app_init ] --END-- [ RunTime:0.001582s ]

[ 2015-03-31T21:43:23+08:00 ] ::1 /1/index.php/Home/Detail/detail_good/id/js/jstarbox.js
INFO: [ app_init ] --START--
INFO: Run Behavior\BuildLiteBehavior [ RunTime:0.000092s ]
INFO: [ app_init ] --END-- [ RunTime:0.001637s ]

[ 2015-03-31T21:43:23+08:00 ] ::1 /1/index.php/Home/Detail/detail_good/id/css/slippry.css
INFO: [ app_init ] --START--
INFO: Run Behavior\BuildLiteBehavior [ RunTime:0.000109s ]
INFO: [ app_init ] --END-- [ RunTime:0.003336s ]

[ 2015-03-31T23:07:29+08:00 ] ::1 /1/
INFO: [ app_init ] --START--
INFO: Run Behavior\BuildLiteBehavior [ RunTime:0.000058s ]
INFO: [ app_init ] --END-- [ RunTime:0.001412s ]

[ 2015-03-31T23:07:52+08:00 ] ::1 /1/index.php/Home/Login/index.html
INFO: [ app_init ] --START--
INFO: Run Behavior\BuildLiteBehavior [ RunTime:0.000061s ]
INFO: [ app_init ] --END-- [ RunTime:0.002126s ]

[ 2015-03-31T23:07:52+08:00 ] ::1 /1/index.php/Home/Login/css/slippry.css
INFO: [ app_init ] --START--
INFO: Run Behavior\BuildLiteBehavior [ RunTime:0.000087s ]
INFO: [ app_init ] --END-- [ RunTime:0.001706s ]
ERR: 非法操作:css

[ 2015-03-31T23:07:57+08:00 ] ::1 /1/index.php/Home/Index/index.html
INFO: [ app_init ] --START--
INFO: Run Behavior\BuildLiteBehavior [ RunTime:0.000059s ]
INFO: [ app_init ] --END-- [ RunTime:0.001302s ]

[ 2015-03-31T23:07:57+08:00 ] ::1 /1/index.php/Home/Index/css/slippry.css
INFO: [ app_init ] --START--
INFO: Run Behavior\BuildLiteBehavior [ RunTime:0.000059s ]
INFO: [ app_init ] --END-- [ RunTime:0.001329s ]
ERR: 非法操作:css

[ 2015-03-31T23:18:59+08:00 ] ::1 /1/index.php/Home/Index/index.html
INFO: [ app_init ] --START--
INFO: Run Behavior\BuildLiteBehavior [ RunTime:0.000060s ]
INFO: [ app_init ] --END-- [ RunTime:0.001859s ]

[ 2015-03-31T23:18:59+08:00 ] ::1 /1/index.php/Home/Index/css/slippry.css
INFO: [ app_init ] --START--
INFO: Run Behavior\BuildLiteBehavior [ RunTime:0.000090s ]
INFO: [ app_init ] --END-- [ RunTime:0.001913s ]
ERR: 非法操作:css

[ 2015-03-31T23:19:02+08:00 ] ::1 /1/index.php/Home/Login/index.html
INFO: [ app_init ] --START--
INFO: Run Behavior\BuildLiteBehavior [ RunTime:0.000056s ]
INFO: [ app_init ] --END-- [ RunTime:0.001195s ]

[ 2015-03-31T23:19:02+08:00 ] ::1 /1/index.php/Home/Login/css/slippry.css
INFO: [ app_init ] --START--
INFO: Run Behavior\BuildLiteBehavior [ RunTime:0.000086s ]
INFO: [ app_init ] --END-- [ RunTime:0.001465s ]
ERR: 非法操作:css

[ 2015-03-31T23:19:13+08:00 ] ::1 /1/index.php/Home/Index/index.html
INFO: [ app_init ] --START--
INFO: Run Behavior\BuildLiteBehavior [ RunTime:0.000058s ]
INFO: [ app_init ] --END-- [ RunTime:0.001542s ]

[ 2015-03-31T23:19:14+08:00 ] ::1 /1/index.php/Home/Index/css/slippry.css
INFO: [ app_init ] --START--
INFO: Run Behavior\BuildLiteBehavior [ RunTime:0.000060s ]
INFO: [ app_init ] --END-- [ RunTime:0.001602s ]
ERR: 非法操作:css

[ 2015-03-31T23:20:24+08:00 ] ::1 /1/index.php/Home/Index/index.html
INFO: [ app_init ] --START--
INFO: Run Behavior\BuildLiteBehavior [ RunTime:0.000089s ]
INFO: [ app_init ] --END-- [ RunTime:0.001971s ]

[ 2015-03-31T23:20:24+08:00 ] ::1 /1/index.php/Home/Index/css/slippry.css
INFO: [ app_init ] --START--
INFO: Run Behavior\BuildLiteBehavior [ RunTime:0.000070s ]
INFO: [ app_init ] --END-- [ RunTime:0.001379s ]
ERR: 非法操作:css

[ 2015-03-31T23:20:25+08:00 ] ::1 /1/index.php/Home/Login/index.html
INFO: [ app_init ] --START--
INFO: Run Behavior\BuildLiteBehavior [ RunTime:0.000056s ]
INFO: [ app_init ] --END-- [ RunTime:0.001465s ]

[ 2015-03-31T23:20:26+08:00 ] ::1 /1/index.php/Home/Login/css/slippry.css
INFO: [ app_init ] --START--
INFO: Run Behavior\BuildLiteBehavior [ RunTime:0.000086s ]
INFO: [ app_init ] --END-- [ RunTime:0.001656s ]
ERR: 非法操作:css

[ 2015-03-31T23:20:47+08:00 ] ::1 /1/index.php/Home/Login/login.html
INFO: [ app_init ] --START--
INFO: Run Behavior\BuildLiteBehavior [ RunTime:0.000058s ]
INFO: [ app_init ] --END-- [ RunTime:0.001310s ]

[ 2015-03-31T23:20:48+08:00 ] ::1 /1/index.php/Home/Index/index.html
INFO: [ app_init ] --START--
INFO: Run Behavior\BuildLiteBehavior [ RunTime:0.000059s ]
INFO: [ app_init ] --END-- [ RunTime:0.001786s ]

[ 2015-03-31T23:20:48+08:00 ] ::1 /1/index.php/Home/Index/css/slippry.css
INFO: [ app_init ] --START--
INFO: Run Behavior\BuildLiteBehavior [ RunTime:0.000057s ]
INFO: [ app_init ] --END-- [ RunTime:0.001298s ]
ERR: 非法操作:css

[ 2015-03-31T23:20:50+08:00 ] ::1 /1/index.php/Home/Index/role.html
INFO: [ app_init ] --START--
INFO: Run Behavior\BuildLiteBehavior [ RunTime:0.000056s ]
INFO: [ app_init ] --END-- [ RunTime:0.001276s ]

[ 2015-03-31T23:20:50+08:00 ] ::1 /1/index.php/Home/Com/index.html
INFO: [ app_init ] --START--
INFO: Run Behavior\BuildLiteBehavior [ RunTime:0.000056s ]
INFO: [ app_init ] --END-- [ RunTime:0.001242s ]

[ 2015-03-31T23:20:52+08:00 ] ::1 /1/index.php/Home/Publish/index.html
INFO: [ app_init ] --START--
INFO: Run Behavior\BuildLiteBehavior [ RunTime:0.000090s ]
INFO: [ app_init ] --END-- [ RunTime:0.001818s ]

[ 2015-03-31T23:20:52+08:00 ] ::1 /1/index.php/Home/Publish/css/slippry.css
INFO: [ app_init ] --START--
INFO: Run Behavior\BuildLiteBehavior [ RunTime:0.000058s ]
INFO: [ app_init ] --END-- [ RunTime:0.001762s ]
ERR: 非法操作:css

[ 2015-03-31T23:21:38+08:00 ] ::1 /1/index.php/Home/Publish/index.htm
INFO: [ app_init ] --START--
INFO: Run Behavior\BuildLiteBehavior [ RunTime:0.000056s ]
INFO: [ app_init ] --END-- [ RunTime:0.001307s ]
ERR: 非法操作:index.htm

[ 2015-03-31T23:21:42+08:00 ] ::1 /1/index.php/Home
INFO: [ app_init ] --START--
INFO: Run Behavior\BuildLiteBehavior [ RunTime:0.000057s ]
INFO: [ app_init ] --END-- [ RunTime:0.001119s ]

[ 2015-03-31T23:21:49+08:00 ] ::1 /1/index.php/Home/Index/search.html?keyword=
INFO: [ app_init ] --START--
INFO: Run Behavior\BuildLiteBehavior [ RunTime:0.000057s ]
INFO: [ app_init ] --END-- [ RunTime:0.001344s ]

[ 2015-03-31T23:21:49+08:00 ] ::1 /1/index.php/Home/Index/css/slippry.css
INFO: [ app_init ] --START--
INFO: Run Behavior\BuildLiteBehavior [ RunTime:0.000093s ]
INFO: [ app_init ] --END-- [ RunTime:0.001970s ]
ERR: 非法操作:css

[ 2015-03-31T23:21:49+08:00 ] ::1 /1/index.php/Home/Index/js/jstarbox.js
INFO: [ app_init ] --START--
INFO: Run Behavior\BuildLiteBehavior [ RunTime:0.000095s ]
INFO: [ app_init ] --END-- [ RunTime:0.001730s ]
ERR: 非法操作:js

[ 2015-03-31T23:21:49+08:00 ] ::1 /1/index.php/Home/Index/css/jstarbox.css
INFO: [ app_init ] --START--
INFO: Run Behavior\BuildLiteBehavior [ RunTime:0.000091s ]
INFO: [ app_init ] --END-- [ RunTime:0.003204s ]
ERR: 非法操作:css

[ 2015-03-31T23:22:01+08:00 ] ::1 /1/index.php/Home/Index/role.html
INFO: [ app_init ] --START--
INFO: Run Behavior\BuildLiteBehavior [ RunTime:0.000056s ]
INFO: [ app_init ] --END-- [ RunTime:0.001241s ]

[ 2015-03-31T23:22:01+08:00 ] ::1 /1/index.php/Home/Com/index.html
INFO: [ app_init ] --START--
INFO: Run Behavior\BuildLiteBehavior [ RunTime:0.000109s ]
INFO: [ app_init ] --END-- [ RunTime:0.001328s ]

[ 2015-03-31T23:22:02+08:00 ] ::1 /1/index.php/Home/Pro/comGood.html
INFO: [ app_init ] --START--
INFO: Run Behavior\BuildLiteBehavior [ RunTime:0.000056s ]
INFO: [ app_init ] --END-- [ RunTime:0.001271s ]

[ 2015-03-31T23:22:04+08:00 ] ::1 /1/index.php/Home/Pro/edit/id/86.html
INFO: [ app_init ] --START--
INFO: Run Behavior\BuildLiteBehavior [ RunTime:0.000055s ]
INFO: [ app_init ] --END-- [ RunTime:0.001291s ]

[ 2015-03-31T23:22:05+08:00 ] ::1 /1/index.php/Home/Com/index.html
INFO: [ app_init ] --START--
INFO: Run Behavior\BuildLiteBehavior [ RunTime:0.000056s ]
INFO: [ app_init ] --END-- [ RunTime:0.001693s ]

[ 2015-03-31T23:22:11+08:00 ] ::1 /1/index.php/Home/Pro/comGood.html
INFO: [ app_init ] --START--
INFO: Run Behavior\BuildLiteBehavior [ RunTime:0.000058s ]
INFO: [ app_init ] --END-- [ RunTime:0.001297s ]

[ 2015-03-31T23:22:13+08:00 ] ::1 /1/index.php/Home/Pro/edit/id/85.html
INFO: [ app_init ] --START--
INFO: Run Behavior\BuildLiteBehavior [ RunTime:0.000058s ]
INFO: [ app_init ] --END-- [ RunTime:0.001347s ]

[ 2015-03-31T23:22:16+08:00 ] ::1 /1/index.php/Home/Pro/edit/id/87.html
INFO: [ app_init ] --START--
INFO: Run Behavior\BuildLiteBehavior [ RunTime:0.000083s ]
INFO: [ app_init ] --END-- [ RunTime:0.001426s ]

[ 2015-03-31T23:22:30+08:00 ] ::1 /1/index.php/Home/Publish/edit.html
INFO: [ app_init ] --START--
INFO: Run Behavior\BuildLiteBehavior [ RunTime:0.000058s ]
INFO: [ app_init ] --END-- [ RunTime:0.001293s ]

[ 2015-03-31T23:22:49+08:00 ] ::1 /1/
INFO: [ app_init ] --START--
INFO: Run Behavior\BuildLiteBehavior [ RunTime:0.000060s ]
INFO: [ app_init ] --END-- [ RunTime:0.001565s ]

[ 2015-03-31T23:22:51+08:00 ] ::1 /1/index.php/Home/Login/logout.html
INFO: [ app_init ] --START--
INFO: Run Behavior\BuildLiteBehavior [ RunTime:0.000060s ]
INFO: [ app_init ] --END-- [ RunTime:0.001326s ]

[ 2015-03-31T23:22:52+08:00 ] ::1 /1/index.php/Home/Index/index.html
INFO: [ app_init ] --START--
INFO: Run Behavior\BuildLiteBehavior [ RunTime:0.000062s ]
INFO: [ app_init ] --END-- [ RunTime:0.001240s ]

[ 2015-03-31T23:22:52+08:00 ] ::1 /1/index.php/Home/Index/css/slippry.css
INFO: [ app_init ] --START--
INFO: Run Behavior\BuildLiteBehavior [ RunTime:0.000098s ]
INFO: [ app_init ] --END-- [ RunTime:0.001785s ]
ERR: 非法操作:css

[ 2015-03-31T23:22:56+08:00 ] ::1 /1/index.php/Home/Login/index.html
INFO: [ app_init ] --START--
INFO: Run Behavior\BuildLiteBehavior [ RunTime:0.000076s ]
INFO: [ app_init ] --END-- [ RunTime:0.001367s ]

[ 2015-03-31T23:22:56+08:00 ] ::1 /1/index.php/Home/Login/css/slippry.css
INFO: [ app_init ] --START--
INFO: Run Behavior\BuildLiteBehavior [ RunTime:0.000083s ]
INFO: [ app_init ] --END-- [ RunTime:0.001723s ]
ERR: 非法操作:css

[ 2015-03-31T23:22:59+08:00 ] ::1 /1/index.php/Home/Register/index.html
INFO: [ app_init ] --START--
INFO: Run Behavior\BuildLiteBehavior [ RunTime:0.000057s ]
INFO: [ app_init ] --END-- [ RunTime:0.001300s ]

[ 2015-03-31T23:22:59+08:00 ] ::1 /1/index.php/Home/Register/css/slippry.css
INFO: [ app_init ] --START--
INFO: Run Behavior\BuildLiteBehavior [ RunTime:0.000099s ]
INFO: [ app_init ] --END-- [ RunTime:0.001621s ]
ERR: 非法操作:css

[ 2015-03-31T23:23:07+08:00 ] ::1 /1/index.php/Home/Com/index.html
INFO: [ app_init ] --START--
INFO: Run Behavior\BuildLiteBehavior [ RunTime:0.000058s ]
INFO: [ app_init ] --END-- [ RunTime:0.002063s ]

[ 2015-03-31T23:23:08+08:00 ] ::1 /1/index.php/Home/Index/css/jstarbox.css
INFO: [ app_init ] --START--
INFO: Run Behavior\BuildLiteBehavior [ RunTime:0.000086s ]
INFO: [ app_init ] --END-- [ RunTime:0.001790s ]
ERR: 非法操作:css

[ 2015-03-31T23:23:08+08:00 ] ::1 /1/index.php/Home/Index/js/jstarbox.js
INFO: [ app_init ] --START--
INFO: Run Behavior\BuildLiteBehavior [ RunTime:0.000092s ]
INFO: [ app_init ] --END-- [ RunTime:0.001707s ]
ERR: 非法操作:js

[ 2015-03-31T23:23:08+08:00 ] ::1 /1/index.php/Home/Index/css/slippry.css
INFO: [ app_init ] --START--
INFO: Run Behavior\BuildLiteBehavior [ RunTime:0.000057s ]
INFO: [ app_init ] --END-- [ RunTime:0.001212s ]
ERR: 非法操作:css

[ 2015-03-31T23:23:19+08:00 ] ::1 /1/index.php/Home/Index/css/slippry.css
INFO: [ app_init ] --START--
INFO: Run Behavior\BuildLiteBehavior [ RunTime:0.000060s ]
INFO: [ app_init ] --END-- [ RunTime:0.001385s ]
ERR: 非法操作:css

[ 2015-03-31T23:23:19+08:00 ] ::1 /1/index.php/Home/Index/css/jstarbox.css
INFO: [ app_init ] --START--
INFO: Run Behavior\BuildLiteBehavior [ RunTime:0.000089s ]
INFO: [ app_init ] --END-- [ RunTime:0.001838s ]
ERR: 非法操作:css

[ 2015-03-31T23:23:59+08:00 ] ::1 /1/index.php/Home/Index/search.html?keyword=
INFO: [ app_init ] --START--
INFO: Run Behavior\BuildLiteBehavior [ RunTime:0.000060s ]
INFO: [ app_init ] --END-- [ RunTime:0.001372s ]

[ 2015-03-31T23:24:00+08:00 ] ::1 /1/index.php/Home/Index/css/slippry.css
INFO: [ app_init ] --START--
INFO: Run Behavior\BuildLiteBehavior [ RunTime:0.000136s ]
INFO: [ app_init ] --END-- [ RunTime:0.001715s ]
ERR: 非法操作:css

[ 2015-03-31T23:24:00+08:00 ] ::1 /1/index.php/Home/Index/css/jstarbox.css
INFO: [ app_init ] --START--
INFO: Run Behavior\BuildLiteBehavior [ RunTime:0.000052s ]
INFO: [ app_init ] --END-- [ RunTime:0.001433s ]
ERR: 非法操作:css

[ 2015-03-31T23:24:01+08:00 ] ::1 /1/index.php/Home/Index/js/jstarbox.js
INFO: [ app_init ] --START--
INFO: Run Behavior\BuildLiteBehavior [ RunTime:0.000100s ]
INFO: [ app_init ] --END-- [ RunTime:0.002527s ]
ERR: 非法操作:js

[ 2015-03-31T23:24:21+08:00 ] ::1 /1/index.php/Home/Index/search.html?keyword=
INFO: [ app_init ] --START--
INFO: Run Behavior\BuildLiteBehavior [ RunTime:0.000091s ]
INFO: [ app_init ] --END-- [ RunTime:0.002494s ]

[ 2015-03-31T23:24:21+08:00 ] ::1 /1/index.php/Home/Index/css/slippry.css
INFO: [ app_init ] --START--
INFO: Run Behavior\BuildLiteBehavior [ RunTime:0.000099s ]
INFO: [ app_init ] --END-- [ RunTime:0.001971s ]
ERR: 非法操作:css

[ 2015-03-31T23:24:22+08:00 ] ::1 /1/index.php/Home/Index/js/jstarbox.js
INFO: [ app_init ] --START--
INFO: Run Behavior\BuildLiteBehavior [ RunTime:0.000077s ]
INFO: [ app_init ] --END-- [ RunTime:0.002376s ]
ERR: 非法操作:js

[ 2015-03-31T23:24:22+08:00 ] ::1 /1/index.php/Home/Index/css/jstarbox.css
INFO: [ app_init ] --START--
INFO: Run Behavior\BuildLiteBehavior [ RunTime:0.000083s ]
INFO: [ app_init ] --END-- [ RunTime:0.002453s ]
ERR: 非法操作:css

[ 2015-03-31T23:24:23+08:00 ] ::1 /1/index.php/Home/Index/css/slippry.css
INFO: [ app_init ] --START--
INFO: Run Behavior\BuildLiteBehavior [ RunTime:0.000058s ]
INFO: [ app_init ] --END-- [ RunTime:0.001294s ]
ERR: 非法操作:css

[ 2015-03-31T23:24:24+08:00 ] ::1 /1/index.php/Home/Index/js/jstarbox.js
INFO: [ app_init ] --START--
INFO: Run Behavior\BuildLiteBehavior [ RunTime:0.000072s ]
INFO: [ app_init ] --END-- [ RunTime:0.001980s ]
ERR: 非法操作:js

[ 2015-03-31T23:24:24+08:00 ] ::1 /1/index.php/Home/Index/css/jstarbox.css
INFO: [ app_init ] --START--
INFO: Run Behavior\BuildLiteBehavior [ RunTime:0.000055s ]
INFO: [ app_init ] --END-- [ RunTime:0.001259s ]
ERR: 非法操作:css

[ 2015-03-31T23:26:03+08:00 ] ::1 /1/index.php/Home/Publish/index.html
INFO: [ app_init ] --START--
INFO: Run Behavior\BuildLiteBehavior [ RunTime:0.000059s ]
INFO: [ app_init ] --END-- [ RunTime:0.001444s ]

[ 2015-03-31T23:26:03+08:00 ] ::1 /1/index.php/Home/Publish/css/slippry.css
INFO: [ app_init ] --START--
INFO: Run Behavior\BuildLiteBehavior [ RunTime:0.000086s ]
INFO: [ app_init ] --END-- [ RunTime:0.001731s ]
ERR: 非法操作:css

[ 2015-03-31T23:27:01+08:00 ] ::1 /1/index.php/Home/Index/search.html?keyword=
INFO: [ app_init ] --START--
INFO: Run Behavior\BuildLiteBehavior [ RunTime:0.000058s ]
INFO: [ app_init ] --END-- [ RunTime:0.001209s ]

[ 2015-03-31T23:27:01+08:00 ] ::1 /1/index.php/Home/Index/css/slippry.css
INFO: [ app_init ] --START--
INFO: Run Behavior\BuildLiteBehavior [ RunTime:0.000091s ]
INFO: [ app_init ] --END-- [ RunTime:0.001590s ]
ERR: 非法操作:css

[ 2015-03-31T23:27:01+08:00 ] ::1 /1/index.php/Home/Index/js/jstarbox.js
INFO: [ app_init ] --START--
INFO: Run Behavior\BuildLiteBehavior [ RunTime:0.000049s ]
INFO: [ app_init ] --END-- [ RunTime:0.001072s ]
ERR: 非法操作:js

[ 2015-03-31T23:27:01+08:00 ] ::1 /1/index.php/Home/Index/css/jstarbox.css
INFO: [ app_init ] --START--
INFO: Run Behavior\BuildLiteBehavior [ RunTime:0.000089s ]
INFO: [ app_init ] --END-- [ RunTime:0.001648s ]
ERR: 非法操作:css

[ 2015-03-31T23:27:02+08:00 ] ::1 /1/index.php/Home/Index/css/slippry.css
INFO: [ app_init ] --START--
INFO: Run Behavior\BuildLiteBehavior [ RunTime:0.000057s ]
INFO: [ app_init ] --END-- [ RunTime:0.001273s ]
ERR: 非法操作:css

[ 2015-03-31T23:27:06+08:00 ] ::1 /1/index.php/Home/Index/js/jstarbox.js
INFO: [ app_init ] --START--
INFO: Run Behavior\BuildLiteBehavior [ RunTime:0.000071s ]
INFO: [ app_init ] --END-- [ RunTime:0.001470s ]
ERR: 非法操作:js

[ 2015-03-31T23:27:06+08:00 ] ::1 /1/index.php/Home/Index/css/jstarbox.css
INFO: [ app_init ] --START--
INFO: Run Behavior\BuildLiteBehavior [ RunTime:0.000137s ]
INFO: [ app_init ] --END-- [ RunTime:0.002132s ]
ERR: 非法操作:css

[ 2015-03-31T23:27:08+08:00 ] ::1 /1/index.php/Home/Publish/index.html
INFO: [ app_init ] --START--
INFO: Run Behavior\BuildLiteBehavior [ RunTime:0.000090s ]
INFO: [ app_init ] --END-- [ RunTime:0.002480s ]

[ 2015-03-31T23:27:09+08:00 ] ::1 /1/index.php/Home/Publish/css/slippry.css
INFO: [ app_init ] --START--
INFO: Run Behavior\BuildLiteBehavior [ RunTime:0.000098s ]
INFO: [ app_init ] --END-- [ RunTime:0.002344s ]
ERR: 非法操作:css

[ 2015-03-31T23:28:18+08:00 ] ::1 /1/index.php/Home/Index/search.html?keyword=
INFO: [ app_init ] --START--
INFO: Run Behavior\BuildLiteBehavior [ RunTime:0.000058s ]
INFO: [ app_init ] --END-- [ RunTime:0.001726s ]

[ 2015-03-31T23:28:18+08:00 ] ::1 /1/index.php/Home/Index/css/slippry.css
INFO: [ app_init ] --START--
INFO: Run Behavior\BuildLiteBehavior [ RunTime:0.000127s ]
INFO: [ app_init ] --END-- [ RunTime:0.001828s ]
ERR: 非法操作:css

[ 2015-03-31T23:28:18+08:00 ] ::1 /1/index.php/Home/Index/js/jstarbox.js
INFO: [ app_init ] --START--
INFO: Run Behavior\BuildLiteBehavior [ RunTime:0.000093s ]
INFO: [ app_init ] --END-- [ RunTime:0.001749s ]
ERR: 非法操作:js

[ 2015-03-31T23:28:18+08:00 ] ::1 /1/index.php/Home/Index/css/jstarbox.css
INFO: [ app_init ] --START--
INFO: Run Behavior\BuildLiteBehavior [ RunTime:0.000093s ]
INFO: [ app_init ] --END-- [ RunTime:0.002170s ]
ERR: 非法操作:css

[ 2015-03-31T23:28:19+08:00 ] ::1 /1/index.php/Home/Index/css/slippry.css
INFO: [ app_init ] --START--
INFO: Run Behavior\BuildLiteBehavior [ RunTime:0.000052s ]
INFO: [ app_init ] --END-- [ RunTime:0.001421s ]
ERR: 非法操作:css

[ 2015-03-31T23:28:20+08:00 ] ::1 /1/index.php/Home/Publish/index.html
INFO: [ app_init ] --START--
INFO: Run Behavior\BuildLiteBehavior [ RunTime:0.000066s ]
INFO: [ app_init ] --END-- [ RunTime:0.001439s ]

[ 2015-03-31T23:28:21+08:00 ] ::1 /1/index.php/Home/Publish/css/slippry.css
INFO: [ app_init ] --START--
INFO: Run Behavior\BuildLiteBehavior [ RunTime:0.000066s ]
INFO: [ app_init ] --END-- [ RunTime:0.001368s ]
ERR: 非法操作:css

[ 2015-03-31T23:28:22+08:00 ] ::1 /1/index.php/Home/Index/js/jstarbox.js
INFO: [ app_init ] --START--
INFO: Run Behavior\BuildLiteBehavior [ RunTime:0.000068s ]
INFO: [ app_init ] --END-- [ RunTime:0.001286s ]
ERR: 非法操作:js

[ 2015-03-31T23:28:22+08:00 ] ::1 /1/index.php/Home/Index/css/jstarbox.css
INFO: [ app_init ] --START--
INFO: Run Behavior\BuildLiteBehavior [ RunTime:0.000039s ]
INFO: [ app_init ] --END-- [ RunTime:0.000847s ]
ERR: 非法操作:css

[ 2015-03-31T23:28:56+08:00 ] ::1 /1/index.php/Home/Publish/index.html
INFO: [ app_init ] --START--
INFO: Run Behavior\BuildLiteBehavior [ RunTime:0.000057s ]
INFO: [ app_init ] --END-- [ RunTime:0.001294s ]

[ 2015-03-31T23:28:56+08:00 ] ::1 /1/index.php/Home/Publish/css/slippry.css
INFO: [ app_init ] --START--
INFO: Run Behavior\BuildLiteBehavior [ RunTime:0.000063s ]
INFO: [ app_init ] --END-- [ RunTime:0.001654s ]
ERR: 非法操作:css

[ 2015-03-31T23:31:26+08:00 ] ::1 /1/index.php/Home/Publish/index.html
INFO: [ app_init ] --START--
INFO: Run Behavior\BuildLiteBehavior [ RunTime:0.000105s ]
INFO: [ app_init ] --END-- [ RunTime:0.002208s ]

[ 2015-03-31T23:31:26+08:00 ] ::1 /1/index.php/Home/Publish/css/slippry.css
INFO: [ app_init ] --START--
INFO: Run Behavior\BuildLiteBehavior [ RunTime:0.000091s ]
INFO: [ app_init ] --END-- [ RunTime:0.001454s ]
ERR: 非法操作:css

[ 2015-03-31T23:31:36+08:00 ] ::1 /1/index.php/Home/Publish/index.html
INFO: [ app_init ] --START--
INFO: Run Behavior\BuildLiteBehavior [ RunTime:0.000099s ]
INFO: [ app_init ] --END-- [ RunTime:0.003442s ]

[ 2015-03-31T23:31:36+08:00 ] ::1 /1/index.php/Home/Publish/css/slippry.css
INFO: [ app_init ] --START--
INFO: Run Behavior\BuildLiteBehavior [ RunTime:0.000058s ]
INFO: [ app_init ] --END-- [ RunTime:0.001479s ]
ERR: 非法操作:css

[ 2015-03-31T23:32:06+08:00 ] ::1 /1/index.php/Home/Publish/index.html
INFO: [ app_init ] --START--
INFO: Run Behavior\BuildLiteBehavior [ RunTime:0.000076s ]
INFO: [ app_init ] --END-- [ RunTime:0.001841s ]

[ 2015-03-31T23:32:06+08:00 ] ::1 /1/index.php/Home/Publish/css/slippry.css
INFO: [ app_init ] --START--
INFO: Run Behavior\BuildLiteBehavior [ RunTime:0.000099s ]
INFO: [ app_init ] --END-- [ RunTime:0.001935s ]
ERR: 非法操作:css

[ 2015-03-31T23:33:24+08:00 ] ::1 /1/index.php/Home/Publish/index.html
INFO: [ app_init ] --START--
INFO: Run Behavior\BuildLiteBehavior [ RunTime:0.000051s ]
INFO: [ app_init ] --END-- [ RunTime:0.001120s ]

[ 2015-03-31T23:33:24+08:00 ] ::1 /1/index.php/Home/Publish/css/slippry.css
INFO: [ app_init ] --START--
INFO: Run Behavior\BuildLiteBehavior [ RunTime:0.000069s ]
INFO: [ app_init ] --END-- [ RunTime:0.001341s ]
ERR: 非法操作:css

[ 2015-03-31T23:33:27+08:00 ] ::1 /1/index.php/Home/Publish/edit.html
INFO: [ app_init ] --START--
INFO: Run Behavior\BuildLiteBehavior [ RunTime:0.000058s ]
INFO: [ app_init ] --END-- [ RunTime:0.001258s ]

[ 2015-03-31T23:33:57+08:00 ] ::1 /1/index.php/Home/Publish/index.html
INFO: [ app_init ] --START--
INFO: Run Behavior\BuildLiteBehavior [ RunTime:0.000056s ]
INFO: [ app_init ] --END-- [ RunTime:0.001179s ]

[ 2015-03-31T23:33:57+08:00 ] ::1 /1/index.php/Home/Publish/css/slippry.css
INFO: [ app_init ] --START--
INFO: Run Behavior\BuildLiteBehavior [ RunTime:0.000059s ]
INFO: [ app_init ] --END-- [ RunTime:0.001444s ]
ERR: 非法操作:css

[ 2015-03-31T23:34:04+08:00 ] ::1 /1/index.php/Home/Index/index.html
INFO: [ app_init ] --START--
INFO: Run Behavior\BuildLiteBehavior [ RunTime:0.000057s ]
INFO: [ app_init ] --END-- [ RunTime:0.001279s ]

[ 2015-03-31T23:34:05+08:00 ] ::1 /1/index.php/Home/Index/css/slippry.css
INFO: [ app_init ] --START--
INFO: Run Behavior\BuildLiteBehavior [ RunTime:0.000059s ]
INFO: [ app_init ] --END-- [ RunTime:0.001592s ]
ERR: 非法操作:css

[ 2015-03-31T23:34:36+08:00 ] ::1 /1/index.php/Home/Index/index.html
INFO: [ app_init ] --START--
INFO: Run Behavior\BuildLiteBehavior [ RunTime:0.000098s ]
INFO: [ app_init ] --END-- [ RunTime:0.002568s ]

[ 2015-03-31T23:34:36+08:00 ] ::1 /1/index.php/Home/Index/css/slippry.css
INFO: [ app_init ] --START--
INFO: Run Behavior\BuildLiteBehavior [ RunTime:0.000088s ]
INFO: [ app_init ] --END-- [ RunTime:0.001715s ]
ERR: 非法操作:css

[ 2015-03-31T23:34:45+08:00 ] ::1 /1/index.php/Home/Publish/index.html
INFO: [ app_init ] --START--
INFO: Run Behavior\BuildLiteBehavior [ RunTime:0.000057s ]
INFO: [ app_init ] --END-- [ RunTime:0.001140s ]

[ 2015-03-31T23:34:46+08:00 ] ::1 /1/index.php/Home/Publish/css/slippry.css
INFO: [ app_init ] --START--
INFO: Run Behavior\BuildLiteBehavior [ RunTime:0.000088s ]
INFO: [ app_init ] --END-- [ RunTime:0.001643s ]
ERR: 非法操作:css

[ 2015-03-31T23:35:15+08:00 ] ::1 /1/index.php/Home/Detail/detail_good/id/87.html
INFO: [ app_init ] --START--
INFO: Run Behavior\BuildLiteBehavior [ RunTime:0.000057s ]
INFO: [ app_init ] --END-- [ RunTime:0.001339s ]

[ 2015-03-31T23:35:15+08:00 ] ::1 /1/index.php/Home/Detail/detail_good/id/css/slippry.css
INFO: [ app_init ] --START--
INFO: Run Behavior\BuildLiteBehavior [ RunTime:0.000055s ]
INFO: [ app_init ] --END-- [ RunTime:0.001156s ]

[ 2015-03-31T23:35:16+08:00 ] ::1 /1/index.php/Home/Detail/detail_good/id/js/jstarbox.js
INFO: [ app_init ] --START--
INFO: Run Behavior\BuildLiteBehavior [ RunTime:0.000153s ]
INFO: [ app_init ] --END-- [ RunTime:0.002054s ]

[ 2015-03-31T23:36:10+08:00 ] ::1 /1/index.php/Home/Index/index.html
INFO: [ app_init ] --START--
INFO: Run Behavior\BuildLiteBehavior [ RunTime:0.000061s ]
INFO: [ app_init ] --END-- [ RunTime:0.001927s ]

[ 2015-03-31T23:36:11+08:00 ] ::1 /1/index.php/Home/Index/css/slippry.css
INFO: [ app_init ] --START--
INFO: Run Behavior\BuildLiteBehavior [ RunTime:0.000091s ]
INFO: [ app_init ] --END-- [ RunTime:0.002250s ]
ERR: 非法操作:css

[ 2015-03-31T23:36:23+08:00 ] ::1 /1/index.php/Home/Login/index.html
INFO: [ app_init ] --START--
INFO: Run Behavior\BuildLiteBehavior [ RunTime:0.000057s ]
INFO: [ app_init ] --END-- [ RunTime:0.001327s ]

[ 2015-03-31T23:36:23+08:00 ] ::1 /1/index.php/Home/Login/css/slippry.css
INFO: [ app_init ] --START--
INFO: Run Behavior\BuildLiteBehavior [ RunTime:0.000094s ]
INFO: [ app_init ] --END-- [ RunTime:0.001815s ]
ERR: 非法操作:css

[ 2015-03-31T23:36:28+08:00 ] ::1 /1/index.php/Home/Login/css/slippry.css
INFO: [ app_init ] --START--
INFO: Run Behavior\BuildLiteBehavior [ RunTime:0.000081s ]
INFO: [ app_init ] --END-- [ RunTime:0.001356s ]
ERR: 非法操作:css

[ 2015-03-31T23:36:59+08:00 ] ::1 /1/index.php/Home/Register/index.html
INFO: [ app_init ] --START--
INFO: Run Behavior\BuildLiteBehavior [ RunTime:0.000057s ]
INFO: [ app_init ] --END-- [ RunTime:0.001312s ]

[ 2015-03-31T23:36:59+08:00 ] ::1 /1/index.php/Home/Register/css/slippry.css
INFO: [ app_init ] --START--
INFO: Run Behavior\BuildLiteBehavior [ RunTime:0.000057s ]
INFO: [ app_init ] --END-- [ RunTime:0.001303s ]
ERR: 非法操作:css

[ 2015-03-31T23:37:47+08:00 ] ::1 /1/index.php/Home/Publish/index.html
INFO: [ app_init ] --START--
INFO: Run Behavior\BuildLiteBehavior [ RunTime:0.000061s ]
INFO: [ app_init ] --END-- [ RunTime:0.001316s ]

[ 2015-03-31T23:37:48+08:00 ] ::1 /1/index.php/Home/Publish/css/slippry.css
INFO: [ app_init ] --START--
INFO: Run Behavior\BuildLiteBehavior [ RunTime:0.000083s ]
INFO: [ app_init ] --END-- [ RunTime:0.001747s ]
ERR: 非法操作:css

[ 2015-03-31T23:39:54+08:00 ] ::1 /1/index.php/Home/Publish/index.html
INFO: [ app_init ] --START--
INFO: Run Behavior\BuildLiteBehavior [ RunTime:0.000057s ]
INFO: [ app_init ] --END-- [ RunTime:0.001674s ]

[ 2015-03-31T23:39:54+08:00 ] ::1 /1/index.php/Home/Publish/css/slippry.css
INFO: [ app_init ] --START--
INFO: Run Behavior\BuildLiteBehavior [ RunTime:0.000088s ]
INFO: [ app_init ] --END-- [ RunTime:0.002170s ]
ERR: 非法操作:css

[ 2015-03-31T23:40:26+08:00 ] ::1 /1/index.php/Home/Publish/index.html
INFO: [ app_init ] --START--
INFO: Run Behavior\BuildLiteBehavior [ RunTime:0.000100s ]
INFO: [ app_init ] --END-- [ RunTime:0.001774s ]

[ 2015-03-31T23:40:26+08:00 ] ::1 /1/index.php/Home/Publish/css/slippry.css
INFO: [ app_init ] --START--
INFO: Run Behavior\BuildLiteBehavior [ RunTime:0.000059s ]
INFO: [ app_init ] --END-- [ RunTime:0.001196s ]
ERR: 非法操作:css

[ 2015-03-31T23:41:27+08:00 ] ::1 /1/index.php/Home/Publish/index.html
INFO: [ app_init ] --START--
INFO: Run Behavior\BuildLiteBehavior [ RunTime:0.000090s ]
INFO: [ app_init ] --END-- [ RunTime:0.001472s ]

[ 2015-03-31T23:41:27+08:00 ] ::1 /1/index.php/Home/Publish/css/slippry.css
INFO: [ app_init ] --START--
INFO: Run Behavior\BuildLiteBehavior [ RunTime:0.000056s ]
INFO: [ app_init ] --END-- [ RunTime:0.001142s ]
ERR: 非法操作:css

[ 2015-03-31T23:41:39+08:00 ] ::1 /1/index.php/Home/Publish/index.html
INFO: [ app_init ] --START--
INFO: Run Behavior\BuildLiteBehavior [ RunTime:0.000073s ]
INFO: [ app_init ] --END-- [ RunTime:0.001291s ]

[ 2015-03-31T23:41:39+08:00 ] ::1 /1/index.php/Home/Publish/css/slippry.css
INFO: [ app_init ] --START--
INFO: Run Behavior\BuildLiteBehavior [ RunTime:0.000121s ]
INFO: [ app_init ] --END-- [ RunTime:0.001820s ]
ERR: 非法操作:css

[ 2015-03-31T23:42:08+08:00 ] ::1 /1/index.php/Home/Publish/index.html
INFO: [ app_init ] --START--
INFO: Run Behavior\BuildLiteBehavior [ RunTime:0.000057s ]
INFO: [ app_init ] --END-- [ RunTime:0.001230s ]

[ 2015-03-31T23:42:08+08:00 ] ::1 /1/index.php/Home/Publish/css/slippry.css
INFO: [ app_init ] --START--
INFO: Run Behavior\BuildLiteBehavior [ RunTime:0.000088s ]
INFO: [ app_init ] --END-- [ RunTime:0.001660s ]
ERR: 非法操作:css

[ 2015-03-31T23:42:20+08:00 ] ::1 /1/index.php/Home/Publish/index.html
INFO: [ app_init ] --START--
INFO: Run Behavior\BuildLiteBehavior [ RunTime:0.000058s ]
INFO: [ app_init ] --END-- [ RunTime:0.001441s ]

[ 2015-03-31T23:42:21+08:00 ] ::1 /1/index.php/Home/Publish/css/slippry.css
INFO: [ app_init ] --START--
INFO: Run Behavior\BuildLiteBehavior [ RunTime:0.000102s ]
INFO: [ app_init ] --END-- [ RunTime:0.002214s ]
ERR: 非法操作:css

[ 2015-03-31T23:43:08+08:00 ] ::1 /1/index.php/Home/Publish/index.html
INFO: [ app_init ] --START--
INFO: Run Behavior\BuildLiteBehavior [ RunTime:0.000094s ]
INFO: [ app_init ] --END-- [ RunTime:0.001443s ]

[ 2015-03-31T23:43:08+08:00 ] ::1 /1/index.php/Home/Publish/css/slippry.css
INFO: [ app_init ] --START--
INFO: Run Behavior\BuildLiteBehavior [ RunTime:0.000099s ]
INFO: [ app_init ] --END-- [ RunTime:0.002213s ]
ERR: 非法操作:css

[ 2015-03-31T23:43:58+08:00 ] ::1 /1/index.php/Home/Publish/index.html
INFO: [ app_init ] --START--
INFO: Run Behavior\BuildLiteBehavior [ RunTime:0.000090s ]
INFO: [ app_init ] --END-- [ RunTime:0.001574s ]

[ 2015-03-31T23:43:58+08:00 ] ::1 /1/index.php/Home/Publish/css/slippry.css
INFO: [ app_init ] --START--
INFO: Run Behavior\BuildLiteBehavior [ RunTime:0.000058s ]
INFO: [ app_init ] --END-- [ RunTime:0.001587s ]
ERR: 非法操作:css

[ 2015-03-31T23:44:32+08:00 ] ::1 /1/index.php/Home/Publish/index.html
INFO: [ app_init ] --START--
INFO: Run Behavior\BuildLiteBehavior [ RunTime:0.000128s ]
INFO: [ app_init ] --END-- [ RunTime:0.001959s ]

[ 2015-03-31T23:44:32+08:00 ] ::1 /1/index.php/Home/Publish/css/slippry.css
INFO: [ app_init ] --START--
INFO: Run Behavior\BuildLiteBehavior [ RunTime:0.000096s ]
INFO: [ app_init ] --END-- [ RunTime:0.001817s ]
ERR: 非法操作:css

[ 2015-03-31T23:44:54+08:00 ] ::1 /1/index.php/Home/Publish/index.html
INFO: [ app_init ] --START--
INFO: Run Behavior\BuildLiteBehavior [ RunTime:0.000057s ]
INFO: [ app_init ] --END-- [ RunTime:0.001267s ]

[ 2015-03-31T23:44:55+08:00 ] ::1 /1/index.php/Home/Publish/css/slippry.css
INFO: [ app_init ] --START--
INFO: Run Behavior\BuildLiteBehavior [ RunTime:0.000093s ]
INFO: [ app_init ] --END-- [ RunTime:0.002278s ]
ERR: 非法操作:css

[ 2015-03-31T23:45:47+08:00 ] ::1 /1/index.php/Home/Publish/index.html
INFO: [ app_init ] --START--
INFO: Run Behavior\BuildLiteBehavior [ RunTime:0.000091s ]
INFO: [ app_init ] --END-- [ RunTime:0.002125s ]

[ 2015-03-31T23:45:48+08:00 ] ::1 /1/index.php/Home/Publish/css/slippry.css
INFO: [ app_init ] --START--
INFO: Run Behavior\BuildLiteBehavior [ RunTime:0.000095s ]
INFO: [ app_init ] --END-- [ RunTime:0.001752s ]
ERR: 非法操作:css

[ 2015-03-31T23:46:14+08:00 ] ::1 /1/index.php/Home/Publish/index.html
INFO: [ app_init ] --START--
INFO: Run Behavior\BuildLiteBehavior [ RunTime:0.000059s ]
INFO: [ app_init ] --END-- [ RunTime:0.001560s ]

[ 2015-03-31T23:46:14+08:00 ] ::1 /1/index.php/Home/Publish/css/slippry.css
INFO: [ app_init ] --START--
INFO: Run Behavior\BuildLiteBehavior [ RunTime:0.000085s ]
INFO: [ app_init ] --END-- [ RunTime:0.001674s ]
ERR: 非法操作:css

[ 2015-03-31T23:46:46+08:00 ] ::1 /1/index.php/Home/Index/search.html?keyword=
INFO: [ app_init ] --START--
INFO: Run Behavior\BuildLiteBehavior [ RunTime:0.000062s ]
INFO: [ app_init ] --END-- [ RunTime:0.001571s ]

[ 2015-03-31T23:46:46+08:00 ] ::1 /1/index.php/Home/Index/css/slippry.css
INFO: [ app_init ] --START--
INFO: Run Behavior\BuildLiteBehavior [ RunTime:0.000093s ]
INFO: [ app_init ] --END-- [ RunTime:0.001782s ]
ERR: 非法操作:css

[ 2015-03-31T23:46:47+08:00 ] ::1 /1/index.php/Home/Index/css/jstarbox.css
INFO: [ app_init ] --START--
INFO: Run Behavior\BuildLiteBehavior [ RunTime:0.000090s ]
INFO: [ app_init ] --END-- [ RunTime:0.001990s ]
ERR: 非法操作:css

[ 2015-03-31T23:46:47+08:00 ] ::1 /1/index.php/Home/Index/js/jstarbox.js
INFO: [ app_init ] --START--
INFO: Run Behavior\BuildLiteBehavior [ RunTime:0.000092s ]
INFO: [ app_init ] --END-- [ RunTime:0.001363s ]
ERR: 非法操作:js

[ 2015-03-31T23:47:27+08:00 ] ::1 /1/index.php/Home/Publish/index.html
INFO: [ app_init ] --START--
INFO: Run Behavior\BuildLiteBehavior [ RunTime:0.000056s ]
INFO: [ app_init ] --END-- [ RunTime:0.001294s ]

[ 2015-03-31T23:47:27+08:00 ] ::1 /1/index.php/Home/Publish/css/slippry.css
INFO: [ app_init ] --START--
INFO: Run Behavior\BuildLiteBehavior [ RunTime:0.000115s ]
INFO: [ app_init ] --END-- [ RunTime:0.001773s ]
ERR: 非法操作:css

[ 2015-03-31T23:47:54+08:00 ] ::1 /1/index.php/Home/Publish/index.html
INFO: [ app_init ] --START--
INFO: Run Behavior\BuildLiteBehavior [ RunTime:0.000116s ]
INFO: [ app_init ] --END-- [ RunTime:0.001359s ]

[ 2015-03-31T23:47:54+08:00 ] ::1 /1/index.php/Home/Publish/css/slippry.css
INFO: [ app_init ] --START--
INFO: Run Behavior\BuildLiteBehavior [ RunTime:0.000087s ]
INFO: [ app_init ] --END-- [ RunTime:0.001549s ]
ERR: 非法操作:css

[ 2015-03-31T23:48:13+08:00 ] ::1 /1/index.php/Home/Publish/index.html
INFO: [ app_init ] --START--
INFO: Run Behavior\BuildLiteBehavior [ RunTime:0.000097s ]
INFO: [ app_init ] --END-- [ RunTime:0.001986s ]

[ 2015-03-31T23:48:14+08:00 ] ::1 /1/index.php/Home/Publish/css/slippry.css
INFO: [ app_init ] --START--
INFO: Run Behavior\BuildLiteBehavior [ RunTime:0.000090s ]
INFO: [ app_init ] --END-- [ RunTime:0.001674s ]
ERR: 非法操作:css

[ 2015-03-31T23:49:00+08:00 ] ::1 /1/index.php/Home/Publish/index.html
INFO: [ app_init ] --START--
INFO: Run Behavior\BuildLiteBehavior [ RunTime:0.000057s ]
INFO: [ app_init ] --END-- [ RunTime:0.001359s ]

[ 2015-03-31T23:49:00+08:00 ] ::1 /1/index.php/Home/Publish/css/slippry.css
INFO: [ app_init ] --START--
INFO: Run Behavior\BuildLiteBehavior [ RunTime:0.000090s ]
INFO: [ app_init ] --END-- [ RunTime:0.001720s ]
ERR: 非法操作:css

[ 2015-03-31T23:49:22+08:00 ] ::1 /1/index.php/Home/Publish/index.html
INFO: [ app_init ] --START--
INFO: Run Behavior\BuildLiteBehavior [ RunTime:0.000056s ]
INFO: [ app_init ] --END-- [ RunTime:0.001226s ]

[ 2015-03-31T23:49:22+08:00 ] ::1 /1/index.php/Home/Publish/css/slippry.css
INFO: [ app_init ] --START--
INFO: Run Behavior\BuildLiteBehavior [ RunTime:0.000096s ]
INFO: [ app_init ] --END-- [ RunTime:0.001883s ]
ERR: 非法操作:css

[ 2015-03-31T23:49:40+08:00 ] ::1 /1/index.php/Home/Publish/index.html
INFO: [ app_init ] --START--
INFO: Run Behavior\BuildLiteBehavior [ RunTime:0.000058s ]
INFO: [ app_init ] --END-- [ RunTime:0.001314s ]

[ 2015-03-31T23:49:40+08:00 ] ::1 /1/index.php/Home/Publish/css/slippry.css
INFO: [ app_init ] --START--
INFO: Run Behavior\BuildLiteBehavior [ RunTime:0.000060s ]
INFO: [ app_init ] --END-- [ RunTime:0.001534s ]
ERR: 非法操作:css

[ 2015-03-31T23:50:01+08:00 ] ::1 /1/index.php/Home/Publish/index.html
INFO: [ app_init ] --START--
INFO: Run Behavior\BuildLiteBehavior [ RunTime:0.000064s ]
INFO: [ app_init ] --END-- [ RunTime:0.001333s ]

[ 2015-03-31T23:50:02+08:00 ] ::1 /1/index.php/Home/Publish/css/slippry.css
INFO: [ app_init ] --START--
INFO: Run Behavior\BuildLiteBehavior [ RunTime:0.000083s ]
INFO: [ app_init ] --END-- [ RunTime:0.001807s ]
ERR: 非法操作:css

[ 2015-03-31T23:50:17+08:00 ] ::1 /1/index.php/Home/Publish/index.html
INFO: [ app_init ] --START--
INFO: Run Behavior\BuildLiteBehavior [ RunTime:0.000058s ]
INFO: [ app_init ] --END-- [ RunTime:0.001201s ]

[ 2015-03-31T23:50:17+08:00 ] ::1 /1/index.php/Home/Publish/css/slippry.css
INFO: [ app_init ] --START--
INFO: Run Behavior\BuildLiteBehavior [ RunTime:0.000093s ]
INFO: [ app_init ] --END-- [ RunTime:0.001870s ]
ERR: 非法操作:css

[ 2015-03-31T23:50:46+08:00 ] ::1 /1/index.php/Home/Publish/edit.html
INFO: [ app_init ] --START--
INFO: Run Behavior\BuildLiteBehavior [ RunTime:0.000062s ]
INFO: [ app_init ] --END-- [ RunTime:0.001939s ]

[ 2015-03-31T23:52:33+08:00 ] ::1 /1/index.php/Home/Publish/index.html
INFO: [ app_init ] --START--
INFO: Run Behavior\BuildLiteBehavior [ RunTime:0.000057s ]
INFO: [ app_init ] --END-- [ RunTime:0.001318s ]

[ 2015-03-31T23:52:33+08:00 ] ::1 /1/index.php/Home/Publish/css/slippry.css
INFO: [ app_init ] --START--
INFO: Run Behavior\BuildLiteBehavior [ RunTime:0.000058s ]
INFO: [ app_init ] --END-- [ RunTime:0.001216s ]
ERR: 非法操作:css

[ 2015-03-31T23:52:35+08:00 ] ::1 /1/index.php/Home/Login/index.html
INFO: [ app_init ] --START--
INFO: Run Behavior\BuildLiteBehavior [ RunTime:0.000056s ]
INFO: [ app_init ] --END-- [ RunTime:0.001399s ]

[ 2015-03-31T23:52:35+08:00 ] ::1 /1/index.php/Home/Login/css/slippry.css
INFO: [ app_init ] --START--
INFO: Run Behavior\BuildLiteBehavior [ RunTime:0.000056s ]
INFO: [ app_init ] --END-- [ RunTime:0.001090s ]
ERR: 非法操作:css

[ 2015-03-31T23:52:47+08:00 ] ::1 /1/index.php/Home/Login/login.html
INFO: [ app_init ] --START--
INFO: Run Behavior\BuildLiteBehavior [ RunTime:0.000065s ]
INFO: [ app_init ] --END-- [ RunTime:0.001208s ]

[ 2015-03-31T23:52:49+08:00 ] ::1 /1/index.php/Home/Index/index.html
INFO: [ app_init ] --START--
INFO: Run Behavior\BuildLiteBehavior [ RunTime:0.000057s ]
INFO: [ app_init ] --END-- [ RunTime:0.001418s ]

[ 2015-03-31T23:52:49+08:00 ] ::1 /1/index.php/Home/Index/css/slippry.css
INFO: [ app_init ] --START--
INFO: Run Behavior\BuildLiteBehavior [ RunTime:0.000056s ]
INFO: [ app_init ] --END-- [ RunTime:0.001072s ]
ERR: 非法操作:css

[ 2015-03-31T23:52:51+08:00 ] ::1 /1/index.php/Home/Index/role.html
INFO: [ app_init ] --START--
INFO: Run Behavior\BuildLiteBehavior [ RunTime:0.000056s ]
INFO: [ app_init ] --END-- [ RunTime:0.001103s ]

[ 2015-03-31T23:52:51+08:00 ] ::1 /1/index.php/Home/Com/index.html
INFO: [ app_init ] --START--
INFO: Run Behavior\BuildLiteBehavior [ RunTime:0.000055s ]
INFO: [ app_init ] --END-- [ RunTime:0.001196s ]

[ 2015-03-31T23:52:52+08:00 ] ::1 /1/index.php/Home/Publish/index.html
INFO: [ app_init ] --START--
INFO: Run Behavior\BuildLiteBehavior [ RunTime:0.000055s ]
INFO: [ app_init ] --END-- [ RunTime:0.001061s ]

[ 2015-03-31T23:52:52+08:00 ] ::1 /1/index.php/Home/Publish/css/slippry.css
INFO: [ app_init ] --START--
INFO: Run Behavior\BuildLiteBehavior [ RunTime:0.000056s ]
INFO: [ app_init ] --END-- [ RunTime:0.001134s ]
ERR: 非法操作:css

[ 2015-03-31T23:53:46+08:00 ] ::1 /1/index.php/Home/Publish/edit.html
INFO: [ app_init ] --START--
INFO: Run Behavior\BuildLiteBehavior [ RunTime:0.000098s ]
INFO: [ app_init ] --END-- [ RunTime:0.001993s ]

[ 2015-03-31T23:53:46+08:00 ] ::1 /1/index.php/Home/index/index.html
INFO: [ app_init ] --START--
INFO: Run Behavior\BuildLiteBehavior [ RunTime:0.000059s ]
INFO: [ app_init ] --END-- [ RunTime:0.001447s ]

[ 2015-03-31T23:53:47+08:00 ] ::1 /1/index.php/Home/index/css/slippry.css
INFO: [ app_init ] --START--
INFO: Run Behavior\BuildLiteBehavior [ RunTime:0.000093s ]
INFO: [ app_init ] --END-- [ RunTime:0.001838s ]
ERR: 非法操作:css

[ 2015-03-31T23:53:50+08:00 ] ::1 /1/index.php/Home/Detail/detail_good/id/89.html
INFO: [ app_init ] --START--
INFO: Run Behavior\BuildLiteBehavior [ RunTime:0.000055s ]
INFO: [ app_init ] --END-- [ RunTime:0.001185s ]

[ 2015-03-31T23:53:50+08:00 ] ::1 /1/index.php/Home/Detail/detail_good/id/js/jstarbox.js
INFO: [ app_init ] --START--
INFO: Run Behavior\BuildLiteBehavior [ RunTime:0.000083s ]
INFO: [ app_init ] --END-- [ RunTime:0.001628s ]

[ 2015-03-31T23:53:50+08:00 ] ::1 /1/index.php/Home/Detail/detail_good/id/css/slippry.css
INFO: [ app_init ] --START--
INFO: Run Behavior\BuildLiteBehavior [ RunTime:0.000079s ]
INFO: [ app_init ] --END-- [ RunTime:0.001781s ]

[ 2015-03-31T23:54:07+08:00 ] ::1 /1/index.php/Home/Index/role.html
INFO: [ app_init ] --START--
INFO: Run Behavior\BuildLiteBehavior [ RunTime:0.000155s ]
INFO: [ app_init ] --END-- [ RunTime:0.001852s ]

[ 2015-03-31T23:54:07+08:00 ] ::1 /1/index.php/Home/Com/index.html
INFO: [ app_init ] --START--
INFO: Run Behavior\BuildLiteBehavior [ RunTime:0.000056s ]
INFO: [ app_init ] --END-- [ RunTime:0.001100s ]

[ 2015-03-31T23:54:09+08:00 ] ::1 /1/index.php/Home/Publish/index.html
INFO: [ app_init ] --START--
INFO: Run Behavior\BuildLiteBehavior [ RunTime:0.000056s ]
INFO: [ app_init ] --END-- [ RunTime:0.001090s ]

[ 2015-03-31T23:54:09+08:00 ] ::1 /1/index.php/Home/Publish/css/slippry.css
INFO: [ app_init ] --START--
INFO: Run Behavior\BuildLiteBehavior [ RunTime:0.000097s ]
INFO: [ app_init ] --END-- [ RunTime:0.001956s ]
ERR: 非法操作:css

[ 2015-03-31T23:54:51+08:00 ] ::1 /1/index.php/Home/Publish/edit.html
INFO: [ app_init ] --START--
INFO: Run Behavior\BuildLiteBehavior [ RunTime:0.000058s ]
INFO: [ app_init ] --END-- [ RunTime:0.001346s ]

[ 2015-03-31T23:54:52+08:00 ] ::1 /1/index.php/Home/index/index.html
INFO: [ app_init ] --START--
INFO: Run Behavior\BuildLiteBehavior [ RunTime:0.000056s ]
INFO: [ app_init ] --END-- [ RunTime:0.001268s ]

[ 2015-03-31T23:54:52+08:00 ] ::1 /1/index.php/Home/index/css/slippry.css
INFO: [ app_init ] --START--
INFO: Run Behavior\BuildLiteBehavior [ RunTime:0.000100s ]
INFO: [ app_init ] --END-- [ RunTime:0.001755s ]
ERR: 非法操作:css

[ 2015-03-31T23:54:55+08:00 ] ::1 /1/index.php/Home/Detail/detail_good/id/90.html
INFO: [ app_init ] --START--
INFO: Run Behavior\BuildLiteBehavior [ RunTime:0.000057s ]
INFO: [ app_init ] --END-- [ RunTime:0.001221s ]

[ 2015-03-31T23:54:55+08:00 ] ::1 /1/index.php/Home/Detail/detail_good/id/css/slippry.css
INFO: [ app_init ] --START--
INFO: Run Behavior\BuildLiteBehavior [ RunTime:0.000092s ]
INFO: [ app_init ] --END-- [ RunTime:0.003058s ]

[ 2015-03-31T23:54:55+08:00 ] ::1 /1/index.php/Home/Detail/detail_good/id/js/jstarbox.js
INFO: [ app_init ] --START--
INFO: Run Behavior\BuildLiteBehavior [ RunTime:0.000107s ]
INFO: [ app_init ] --END-- [ RunTime:0.001777s ]

[ 2015-03-31T23:59:19+08:00 ] ::1 /1/index.php/Home/Index/clist/c/2.html
INFO: [ app_init ] --START--
INFO: Run Behavior\BuildLiteBehavior [ RunTime:0.000089s ]
INFO: [ app_init ] --END-- [ RunTime:0.001361s ]

[ 2015-03-31T23:59:25+08:00 ] ::1 /1/index.php/Home/Index/clist/c/3.html
INFO: [ app_init ] --START--
INFO: Run Behavior\BuildLiteBehavior [ RunTime:0.000090s ]
INFO: [ app_init ] --END-- [ RunTime:0.001525s ]

