[ 2015-03-30T21:54:53+08:00 ] ::1 /1/
INFO: [ app_init ] --START--
INFO: Run Behavior\BuildLiteBehavior [ RunTime:0.000104s ]
INFO: [ app_init ] --END-- [ RunTime:0.094969s ]

[ 2015-03-30T21:55:03+08:00 ] ::1 /1/index.php/Home/Detail/detail_good/id/87.html
INFO: [ app_init ] --START--
INFO: Run Behavior\BuildLiteBehavior [ RunTime:0.000057s ]
INFO: [ app_init ] --END-- [ RunTime:0.001327s ]

[ 2015-03-30T21:55:03+08:00 ] ::1 /1/index.php/Home/Detail/detail_good/id/css/slippry.css
INFO: [ app_init ] --START--
INFO: Run Behavior\BuildLiteBehavior [ RunTime:0.000099s ]
INFO: [ app_init ] --END-- [ RunTime:0.001855s ]

[ 2015-03-30T21:55:03+08:00 ] ::1 /1/index.php/Home/Detail/detail_good/id/js/jstarbox.js
INFO: [ app_init ] --START--
INFO: Run Behavior\BuildLiteBehavior [ RunTime:0.000100s ]
INFO: [ app_init ] --END-- [ RunTime:0.003129s ]

[ 2015-03-30T21:55:15+08:00 ] ::1 /1/index.php/Home/Login/index.html
INFO: [ app_init ] --START--
INFO: Run Behavior\BuildLiteBehavior [ RunTime:0.000056s ]
INFO: [ app_init ] --END-- [ RunTime:0.001180s ]

[ 2015-03-30T21:55:16+08:00 ] ::1 /1/index.php/Home/Login/css/slippry.css
INFO: [ app_init ] --START--
INFO: Run Behavior\BuildLiteBehavior [ RunTime:0.000091s ]
INFO: [ app_init ] --END-- [ RunTime:0.001772s ]
ERR: 非法操作:css

[ 2015-03-30T21:55:20+08:00 ] ::1 /1/index.php/Home/Index/index.html
INFO: [ app_init ] --START--
INFO: Run Behavior\BuildLiteBehavior [ RunTime:0.000099s ]
INFO: [ app_init ] --END-- [ RunTime:0.001567s ]

[ 2015-03-30T21:55:20+08:00 ] ::1 /1/index.php/Home/Index/css/slippry.css
INFO: [ app_init ] --START--
INFO: Run Behavior\BuildLiteBehavior [ RunTime:0.000087s ]
INFO: [ app_init ] --END-- [ RunTime:0.001542s ]
ERR: 非法操作:css

[ 2015-03-30T21:55:22+08:00 ] ::1 /1/index.php/Home/Index/details.html
INFO: [ app_init ] --START--
INFO: Run Behavior\BuildLiteBehavior [ RunTime:0.000094s ]
INFO: [ app_init ] --END-- [ RunTime:0.001679s ]
ERR: 非法操作:details

[ 2015-03-30T21:59:20+08:00 ] ::1 /1/index.php/Home/Login/index.html
INFO: [ app_init ] --START--
INFO: Run Behavior\BuildLiteBehavior [ RunTime:0.000058s ]
INFO: [ app_init ] --END-- [ RunTime:0.001456s ]

[ 2015-03-30T21:59:21+08:00 ] ::1 /1/index.php/Home/Login/css/slippry.css
INFO: [ app_init ] --START--
INFO: Run Behavior\BuildLiteBehavior [ RunTime:0.000057s ]
INFO: [ app_init ] --END-- [ RunTime:0.001175s ]
ERR: 非法操作:css

[ 2015-03-30T22:15:50+08:00 ] ::1 /1/index.php/Home/Login/index.html
INFO: [ app_init ] --START--
INFO: Run Behavior\BuildLiteBehavior [ RunTime:0.000058s ]
INFO: [ app_init ] --END-- [ RunTime:0.001431s ]

[ 2015-03-30T22:15:50+08:00 ] ::1 /1/index.php/Home/Login/css/slippry.css
INFO: [ app_init ] --START--
INFO: Run Behavior\BuildLiteBehavior [ RunTime:0.000087s ]
INFO: [ app_init ] --END-- [ RunTime:0.001749s ]
ERR: 非法操作:css

[ 2015-03-30T22:37:32+08:00 ] ::1 /1/index.php/Home/Login/index.html
INFO: [ app_init ] --START--
INFO: Run Behavior\BuildLiteBehavior [ RunTime:0.000057s ]
INFO: [ app_init ] --END-- [ RunTime:0.001390s ]

[ 2015-03-30T22:37:32+08:00 ] ::1 /1/index.php/Home/Login/css/slippry.css
INFO: [ app_init ] --START--
INFO: Run Behavior\BuildLiteBehavior [ RunTime:0.000060s ]
INFO: [ app_init ] --END-- [ RunTime:0.001311s ]
ERR: 非法操作:css

[ 2015-03-30T22:37:43+08:00 ] ::1 /1/index.php/Home/Login/login.html
INFO: [ app_init ] --START--
INFO: Run Behavior\BuildLiteBehavior [ RunTime:0.000098s ]
INFO: [ app_init ] --END-- [ RunTime:0.001834s ]

[ 2015-03-30T22:37:44+08:00 ] ::1 /1/index.php/Home/Index/index.html
INFO: [ app_init ] --START--
INFO: Run Behavior\BuildLiteBehavior [ RunTime:0.000074s ]
INFO: [ app_init ] --END-- [ RunTime:0.001210s ]

[ 2015-03-30T22:37:44+08:00 ] ::1 /1/index.php/Home/Index/css/slippry.css
INFO: [ app_init ] --START--
INFO: Run Behavior\BuildLiteBehavior [ RunTime:0.000088s ]
INFO: [ app_init ] --END-- [ RunTime:0.001664s ]
ERR: 非法操作:css

[ 2015-03-30T22:37:46+08:00 ] ::1 /1/index.php/Home/Index/role.html
INFO: [ app_init ] --START--
INFO: Run Behavior\BuildLiteBehavior [ RunTime:0.000090s ]
INFO: [ app_init ] --END-- [ RunTime:0.001765s ]

[ 2015-03-30T22:37:46+08:00 ] ::1 /1/index.php/Home/Com/index.html
INFO: [ app_init ] --START--
INFO: Run Behavior\BuildLiteBehavior [ RunTime:0.000108s ]
INFO: [ app_init ] --END-- [ RunTime:0.002016s ]

[ 2015-03-30T22:37:48+08:00 ] ::1 /1/index.php/Home/Publish/index.html
INFO: [ app_init ] --START--
INFO: Run Behavior\BuildLiteBehavior [ RunTime:0.000057s ]
INFO: [ app_init ] --END-- [ RunTime:0.001233s ]

[ 2015-03-30T22:37:48+08:00 ] ::1 /1/index.php/Home/Publish/css/slippry.css
INFO: [ app_init ] --START--
INFO: Run Behavior\BuildLiteBehavior [ RunTime:0.000194s ]
INFO: [ app_init ] --END-- [ RunTime:0.001882s ]
ERR: 非法操作:css

[ 2015-03-30T22:39:13+08:00 ] ::1 /1/index.php/Home/Publish/index.html
INFO: [ app_init ] --START--
INFO: Run Behavior\BuildLiteBehavior [ RunTime:0.000058s ]
INFO: [ app_init ] --END-- [ RunTime:0.001645s ]

[ 2015-03-30T22:39:13+08:00 ] ::1 /1/index.php/Home/Publish/css/slippry.css
INFO: [ app_init ] --START--
INFO: Run Behavior\BuildLiteBehavior [ RunTime:0.000100s ]
INFO: [ app_init ] --END-- [ RunTime:0.002220s ]
ERR: 非法操作:css

[ 2015-03-30T22:39:23+08:00 ] ::1 /1/index.php/Home/Publish/index.html
INFO: [ app_init ] --START--
INFO: Run Behavior\BuildLiteBehavior [ RunTime:0.000070s ]
INFO: [ app_init ] --END-- [ RunTime:0.001686s ]

[ 2015-03-30T22:39:23+08:00 ] ::1 /1/index.php/Home/Publish/css/slippry.css
INFO: [ app_init ] --START--
INFO: Run Behavior\BuildLiteBehavior [ RunTime:0.000097s ]
INFO: [ app_init ] --END-- [ RunTime:0.002965s ]
ERR: 非法操作:css

[ 2015-03-30T22:39:26+08:00 ] ::1 /1/index.php/Home/Publish/index.html
INFO: [ app_init ] --START--
INFO: Run Behavior\BuildLiteBehavior [ RunTime:0.000062s ]
INFO: [ app_init ] --END-- [ RunTime:0.002353s ]

[ 2015-03-30T22:39:26+08:00 ] ::1 /1/index.php/Home/Publish/css/slippry.css
INFO: [ app_init ] --START--
INFO: Run Behavior\BuildLiteBehavior [ RunTime:0.000060s ]
INFO: [ app_init ] --END-- [ RunTime:0.001428s ]
ERR: 非法操作:css

[ 2015-03-30T22:40:14+08:00 ] ::1 /1/index.php/Home/Index/role.html
INFO: [ app_init ] --START--
INFO: Run Behavior\BuildLiteBehavior [ RunTime:0.000058s ]
INFO: [ app_init ] --END-- [ RunTime:0.001392s ]

[ 2015-03-30T22:40:14+08:00 ] ::1 /1/index.php/Home/Com/index.html
INFO: [ app_init ] --START--
INFO: Run Behavior\BuildLiteBehavior [ RunTime:0.000097s ]
INFO: [ app_init ] --END-- [ RunTime:0.001577s ]

[ 2015-03-30T22:40:16+08:00 ] ::1 /1/index.php/Home/Pro/comGood.html
INFO: [ app_init ] --START--
INFO: Run Behavior\BuildLiteBehavior [ RunTime:0.000096s ]
INFO: [ app_init ] --END-- [ RunTime:0.001920s ]

[ 2015-03-30T22:40:18+08:00 ] ::1 /1/index.php/Home/Pro/edit/id/86.html
INFO: [ app_init ] --START--
INFO: Run Behavior\BuildLiteBehavior [ RunTime:0.000059s ]
INFO: [ app_init ] --END-- [ RunTime:0.001218s ]

[ 2015-03-30T22:41:57+08:00 ] ::1 /1/index.php/
INFO: [ app_init ] --START--
INFO: Run Behavior\BuildLiteBehavior [ RunTime:0.000092s ]
INFO: [ app_init ] --END-- [ RunTime:0.001861s ]

[ 2015-03-30T22:41:59+08:00 ] ::1 /1/index.php/Home/Detail/detail_good/id/84.html
INFO: [ app_init ] --START--
INFO: Run Behavior\BuildLiteBehavior [ RunTime:0.000061s ]
INFO: [ app_init ] --END-- [ RunTime:0.001656s ]

[ 2015-03-30T22:41:59+08:00 ] ::1 /1/index.php/Home/Detail/detail_good/id/js/jstarbox.js
INFO: [ app_init ] --START--
INFO: Run Behavior\BuildLiteBehavior [ RunTime:0.000143s ]
INFO: [ app_init ] --END-- [ RunTime:0.001801s ]

[ 2015-03-30T22:42:00+08:00 ] ::1 /1/index.php/Home/Detail/detail_good/id/css/slippry.css
INFO: [ app_init ] --START--
INFO: Run Behavior\BuildLiteBehavior [ RunTime:0.000077s ]
INFO: [ app_init ] --END-- [ RunTime:0.001842s ]

[ 2015-03-30T22:42:06+08:00 ] ::1 /1/index.php/Home/Index/role.html
INFO: [ app_init ] --START--
INFO: Run Behavior\BuildLiteBehavior [ RunTime:0.000070s ]
INFO: [ app_init ] --END-- [ RunTime:0.001268s ]

[ 2015-03-30T22:42:06+08:00 ] ::1 /1/index.php/Home/Com/index.html
INFO: [ app_init ] --START--
INFO: Run Behavior\BuildLiteBehavior [ RunTime:0.000058s ]
INFO: [ app_init ] --END-- [ RunTime:0.001341s ]

[ 2015-03-30T22:42:08+08:00 ] ::1 /1/index.php/Home/Com/index.html
INFO: [ app_init ] --START--
INFO: Run Behavior\BuildLiteBehavior [ RunTime:0.000057s ]
INFO: [ app_init ] --END-- [ RunTime:0.001285s ]

[ 2015-03-30T22:42:14+08:00 ] ::1 /1/index.php/Home/Index/search.html?keyword=
INFO: [ app_init ] --START--
INFO: Run Behavior\BuildLiteBehavior [ RunTime:0.000057s ]
INFO: [ app_init ] --END-- [ RunTime:0.001374s ]

[ 2015-03-30T22:42:14+08:00 ] ::1 /1/index.php/Home/Index/js/jstarbox.js
INFO: [ app_init ] --START--
INFO: Run Behavior\BuildLiteBehavior [ RunTime:0.000108s ]
INFO: [ app_init ] --END-- [ RunTime:0.001720s ]
ERR: 非法操作:js

[ 2015-03-30T22:42:14+08:00 ] ::1 /1/index.php/Home/Index/css/jstarbox.css
INFO: [ app_init ] --START--
INFO: Run Behavior\BuildLiteBehavior [ RunTime:0.000085s ]
INFO: [ app_init ] --END-- [ RunTime:0.001691s ]
ERR: 非法操作:css

[ 2015-03-30T22:42:14+08:00 ] ::1 /1/index.php/Home/Index/css/slippry.css
INFO: [ app_init ] --START--
INFO: Run Behavior\BuildLiteBehavior [ RunTime:0.000112s ]
INFO: [ app_init ] --END-- [ RunTime:0.001909s ]
ERR: 非法操作:css

[ 2015-03-30T22:42:18+08:00 ] ::1 /1/index.php/Home/Index/clist/c/3.html
INFO: [ app_init ] --START--
INFO: Run Behavior\BuildLiteBehavior [ RunTime:0.000096s ]
INFO: [ app_init ] --END-- [ RunTime:0.001884s ]

[ 2015-03-30T22:42:23+08:00 ] ::1 /1/index.php/Home/Index/search.html?keyword=
INFO: [ app_init ] --START--
INFO: Run Behavior\BuildLiteBehavior [ RunTime:0.000092s ]
INFO: [ app_init ] --END-- [ RunTime:0.002110s ]

[ 2015-03-30T22:42:23+08:00 ] ::1 /1/index.php/Home/Index/css/slippry.css
INFO: [ app_init ] --START--
INFO: Run Behavior\BuildLiteBehavior [ RunTime:0.000083s ]
INFO: [ app_init ] --END-- [ RunTime:0.001731s ]
ERR: 非法操作:css

[ 2015-03-30T22:42:23+08:00 ] ::1 /1/index.php/Home/Index/css/jstarbox.css
INFO: [ app_init ] --START--
INFO: Run Behavior\BuildLiteBehavior [ RunTime:0.000093s ]
INFO: [ app_init ] --END-- [ RunTime:0.003169s ]
ERR: 非法操作:css

[ 2015-03-30T22:42:23+08:00 ] ::1 /1/index.php/Home/Index/js/jstarbox.js
INFO: [ app_init ] --START--
INFO: Run Behavior\BuildLiteBehavior [ RunTime:0.000089s ]
INFO: [ app_init ] --END-- [ RunTime:0.002579s ]
ERR: 非法操作:js

[ 2015-03-30T22:44:58+08:00 ] ::1 /1/index.php/Home/Detail/detail_good/id/84.html
INFO: [ app_init ] --START--
INFO: Run Behavior\BuildLiteBehavior [ RunTime:0.000089s ]
INFO: [ app_init ] --END-- [ RunTime:0.001826s ]

[ 2015-03-30T22:44:58+08:00 ] ::1 /1/index.php/Home/Detail/detail_good/id/css/slippry.css
INFO: [ app_init ] --START--
INFO: Run Behavior\BuildLiteBehavior [ RunTime:0.000099s ]
INFO: [ app_init ] --END-- [ RunTime:0.001724s ]

[ 2015-03-30T22:44:58+08:00 ] ::1 /1/index.php/Home/Detail/detail_good/id/js/jstarbox.js
INFO: [ app_init ] --START--
INFO: Run Behavior\BuildLiteBehavior [ RunTime:0.000143s ]
INFO: [ app_init ] --END-- [ RunTime:0.002333s ]

[ 2015-03-30T22:45:10+08:00 ] ::1 /1/index.php/Home/Index/role.html
INFO: [ app_init ] --START--
INFO: Run Behavior\BuildLiteBehavior [ RunTime:0.000060s ]
INFO: [ app_init ] --END-- [ RunTime:0.001622s ]

[ 2015-03-30T22:45:10+08:00 ] ::1 /1/index.php/Home/Com/index.html
INFO: [ app_init ] --START--
INFO: Run Behavior\BuildLiteBehavior [ RunTime:0.000059s ]
INFO: [ app_init ] --END-- [ RunTime:0.001344s ]

[ 2015-03-30T22:45:11+08:00 ] ::1 /1/index.php/Home/Publish/index.html
INFO: [ app_init ] --START--
INFO: Run Behavior\BuildLiteBehavior [ RunTime:0.000058s ]
INFO: [ app_init ] --END-- [ RunTime:0.001333s ]

[ 2015-03-30T22:45:11+08:00 ] ::1 /1/index.php/Home/Publish/css/slippry.css
INFO: [ app_init ] --START--
INFO: Run Behavior\BuildLiteBehavior [ RunTime:0.000057s ]
INFO: [ app_init ] --END-- [ RunTime:0.001255s ]
ERR: 非法操作:css

[ 2015-03-30T22:46:42+08:00 ] ::1 /1/index.php/Home/Index/role.html
INFO: [ app_init ] --START--
INFO: Run Behavior\BuildLiteBehavior [ RunTime:0.000092s ]
INFO: [ app_init ] --END-- [ RunTime:0.001633s ]

[ 2015-03-30T22:46:42+08:00 ] ::1 /1/index.php/Home/Com/index.html
INFO: [ app_init ] --START--
INFO: Run Behavior\BuildLiteBehavior [ RunTime:0.000063s ]
INFO: [ app_init ] --END-- [ RunTime:0.002127s ]

[ 2015-03-30T22:46:46+08:00 ] ::1 /1/index.php/Home/Publish/index.html
INFO: [ app_init ] --START--
INFO: Run Behavior\BuildLiteBehavior [ RunTime:0.000062s ]
INFO: [ app_init ] --END-- [ RunTime:0.002229s ]

[ 2015-03-30T22:46:47+08:00 ] ::1 /1/index.php/Home/Publish/css/slippry.css
INFO: [ app_init ] --START--
INFO: Run Behavior\BuildLiteBehavior [ RunTime:0.000103s ]
INFO: [ app_init ] --END-- [ RunTime:0.002522s ]
ERR: 非法操作:css

[ 2015-03-30T22:55:44+08:00 ] ::1 /1/index.php/Home/Publish/index.html
INFO: [ app_init ] --START--
INFO: Run Behavior\BuildLiteBehavior [ RunTime:0.000061s ]
INFO: [ app_init ] --END-- [ RunTime:0.002000s ]

[ 2015-03-30T22:55:45+08:00 ] ::1 /1/index.php/Home/Publish/css/slippry.css
INFO: [ app_init ] --START--
INFO: Run Behavior\BuildLiteBehavior [ RunTime:0.000100s ]
INFO: [ app_init ] --END-- [ RunTime:0.002939s ]
ERR: 非法操作:css

[ 2015-03-30T22:58:34+08:00 ] ::1 /1/index.php/Home/Index/index.html
INFO: [ app_init ] --START--
INFO: Run Behavior\BuildLiteBehavior [ RunTime:0.000088s ]
INFO: [ app_init ] --END-- [ RunTime:0.001866s ]

[ 2015-03-30T22:58:34+08:00 ] ::1 /1/index.php/Home/Index/css/slippry.css
INFO: [ app_init ] --START--
INFO: Run Behavior\BuildLiteBehavior [ RunTime:0.000087s ]
INFO: [ app_init ] --END-- [ RunTime:0.001622s ]
ERR: 非法操作:css

[ 2015-03-30T22:58:37+08:00 ] ::1 /1/index.php/Home/Detail/detail_good/id/82.html
INFO: [ app_init ] --START--
INFO: Run Behavior\BuildLiteBehavior [ RunTime:0.000141s ]
INFO: [ app_init ] --END-- [ RunTime:0.001959s ]

[ 2015-03-30T22:58:37+08:00 ] ::1 /1/index.php/Home/Detail/detail_good/id/css/slippry.css
INFO: [ app_init ] --START--
INFO: Run Behavior\BuildLiteBehavior [ RunTime:0.000163s ]
INFO: [ app_init ] --END-- [ RunTime:0.001821s ]

[ 2015-03-30T22:58:37+08:00 ] ::1 /1/index.php/Home/Detail/detail_good/id/js/jstarbox.js
INFO: [ app_init ] --START--
INFO: Run Behavior\BuildLiteBehavior [ RunTime:0.000098s ]
INFO: [ app_init ] --END-- [ RunTime:0.001950s ]

[ 2015-03-30T22:58:44+08:00 ] ::1 /1/index.php/Home/Detail/detail_good/id/82.html?
INFO: [ app_init ] --START--
INFO: Run Behavior\BuildLiteBehavior [ RunTime:0.000095s ]
INFO: [ app_init ] --END-- [ RunTime:0.002058s ]

[ 2015-03-30T22:58:44+08:00 ] ::1 /1/index.php/Home/Detail/detail_good/id/css/slippry.css
INFO: [ app_init ] --START--
INFO: Run Behavior\BuildLiteBehavior [ RunTime:0.000095s ]
INFO: [ app_init ] --END-- [ RunTime:0.001674s ]

[ 2015-03-30T22:58:45+08:00 ] ::1 /1/index.php/Home/Detail/detail_good/id/js/jstarbox.js
INFO: [ app_init ] --START--
INFO: Run Behavior\BuildLiteBehavior [ RunTime:0.000094s ]
INFO: [ app_init ] --END-- [ RunTime:0.004530s ]

[ 2015-03-30T23:02:27+08:00 ] ::1 /1/index.php/Home/Index/index.html
INFO: [ app_init ] --START--
INFO: Run Behavior\BuildLiteBehavior [ RunTime:0.000145s ]
INFO: [ app_init ] --END-- [ RunTime:0.001752s ]

[ 2015-03-30T23:02:27+08:00 ] ::1 /1/index.php/Home/Index/css/slippry.css
INFO: [ app_init ] --START--
INFO: Run Behavior\BuildLiteBehavior [ RunTime:0.000099s ]
INFO: [ app_init ] --END-- [ RunTime:0.001824s ]
ERR: 非法操作:css

[ 2015-03-30T23:03:04+08:00 ] ::1 /1/index.php/Home/Publish/index.html
INFO: [ app_init ] --START--
INFO: Run Behavior\BuildLiteBehavior [ RunTime:0.000102s ]
INFO: [ app_init ] --END-- [ RunTime:0.001892s ]

[ 2015-03-30T23:03:04+08:00 ] ::1 /1/index.php/Home/Publish/css/slippry.css
INFO: [ app_init ] --START--
INFO: Run Behavior\BuildLiteBehavior [ RunTime:0.000086s ]
INFO: [ app_init ] --END-- [ RunTime:0.001717s ]
ERR: 非法操作:css

[ 2015-03-30T23:03:19+08:00 ] ::1 /1/index.php/Home/Publish/index.html
INFO: [ app_init ] --START--
INFO: Run Behavior\BuildLiteBehavior [ RunTime:0.000169s ]
INFO: [ app_init ] --END-- [ RunTime:0.003392s ]

[ 2015-03-30T23:03:19+08:00 ] ::1 /1/index.php/Home/Publish/css/slippry.css
INFO: [ app_init ] --START--
INFO: Run Behavior\BuildLiteBehavior [ RunTime:0.000079s ]
INFO: [ app_init ] --END-- [ RunTime:0.001594s ]
ERR: 非法操作:css

[ 2015-03-30T23:08:00+08:00 ] ::1 /1/index.php/Home/Publish/index.html
INFO: [ app_init ] --START--
INFO: Run Behavior\BuildLiteBehavior [ RunTime:0.000099s ]
INFO: [ app_init ] --END-- [ RunTime:0.001810s ]

[ 2015-03-30T23:08:00+08:00 ] ::1 /1/index.php/Home/Publish/css/slippry.css
INFO: [ app_init ] --START--
INFO: Run Behavior\BuildLiteBehavior [ RunTime:0.000100s ]
INFO: [ app_init ] --END-- [ RunTime:0.002349s ]
ERR: 非法操作:css

[ 2015-03-30T23:13:21+08:00 ] ::1 /1/index.php/Home/Publish/index.html
INFO: [ app_init ] --START--
INFO: Run Behavior\BuildLiteBehavior [ RunTime:0.000089s ]
INFO: [ app_init ] --END-- [ RunTime:0.001832s ]

[ 2015-03-30T23:13:21+08:00 ] ::1 /1/index.php/Home/Publish/css/slippry.css
INFO: [ app_init ] --START--
INFO: Run Behavior\BuildLiteBehavior [ RunTime:0.000100s ]
INFO: [ app_init ] --END-- [ RunTime:0.002446s ]
ERR: 非法操作:css

[ 2015-03-30T23:13:37+08:00 ] ::1 /1/index.php/Home/Publish/index.html
INFO: [ app_init ] --START--
INFO: Run Behavior\BuildLiteBehavior [ RunTime:0.000088s ]
INFO: [ app_init ] --END-- [ RunTime:0.001654s ]

[ 2015-03-30T23:13:38+08:00 ] ::1 /1/index.php/Home/Publish/css/slippry.css
INFO: [ app_init ] --START--
INFO: Run Behavior\BuildLiteBehavior [ RunTime:0.000089s ]
INFO: [ app_init ] --END-- [ RunTime:0.001797s ]
ERR: 非法操作:css

[ 2015-03-30T23:14:16+08:00 ] ::1 /1/index.php/Home/Publish/index.html
INFO: [ app_init ] --START--
INFO: Run Behavior\BuildLiteBehavior [ RunTime:0.000102s ]
INFO: [ app_init ] --END-- [ RunTime:0.002022s ]

[ 2015-03-30T23:14:16+08:00 ] ::1 /1/index.php/Home/Publish/css/slippry.css
INFO: [ app_init ] --START--
INFO: Run Behavior\BuildLiteBehavior [ RunTime:0.000157s ]
INFO: [ app_init ] --END-- [ RunTime:0.002267s ]
ERR: 非法操作:css

[ 2015-03-30T23:14:20+08:00 ] ::1 /1/index.php/Home/Publish/index.html
INFO: [ app_init ] --START--
INFO: Run Behavior\BuildLiteBehavior [ RunTime:0.000095s ]
INFO: [ app_init ] --END-- [ RunTime:0.002445s ]

[ 2015-03-30T23:14:20+08:00 ] ::1 /1/index.php/Home/Publish/css/slippry.css
INFO: [ app_init ] --START--
INFO: Run Behavior\BuildLiteBehavior [ RunTime:0.000101s ]
INFO: [ app_init ] --END-- [ RunTime:0.001770s ]
ERR: 非法操作:css

[ 2015-03-30T23:14:27+08:00 ] ::1 /1/index.php/Home/Index/index.html
INFO: [ app_init ] --START--
INFO: Run Behavior\BuildLiteBehavior [ RunTime:0.000138s ]
INFO: [ app_init ] --END-- [ RunTime:0.001732s ]

[ 2015-03-30T23:14:27+08:00 ] ::1 /1/index.php/Home/Index/css/slippry.css
INFO: [ app_init ] --START--
INFO: Run Behavior\BuildLiteBehavior [ RunTime:0.000087s ]
INFO: [ app_init ] --END-- [ RunTime:0.001508s ]
ERR: 非法操作:css

[ 2015-03-30T23:15:27+08:00 ] ::1 /1/index.php/Home/Publish/index.html
INFO: [ app_init ] --START--
INFO: Run Behavior\BuildLiteBehavior [ RunTime:0.000099s ]
INFO: [ app_init ] --END-- [ RunTime:0.001832s ]

[ 2015-03-30T23:15:27+08:00 ] ::1 /1/index.php/Home/Publish/css/slippry.css
INFO: [ app_init ] --START--
INFO: Run Behavior\BuildLiteBehavior [ RunTime:0.000096s ]
INFO: [ app_init ] --END-- [ RunTime:0.001486s ]
ERR: 非法操作:css

[ 2015-03-30T23:17:56+08:00 ] ::1 /1/index.php/Home/Publish/index.html
INFO: [ app_init ] --START--
INFO: Run Behavior\BuildLiteBehavior [ RunTime:0.000059s ]
INFO: [ app_init ] --END-- [ RunTime:0.001455s ]

[ 2015-03-30T23:17:57+08:00 ] ::1 /1/index.php/Home/Publish/css/slippry.css
INFO: [ app_init ] --START--
INFO: Run Behavior\BuildLiteBehavior [ RunTime:0.000092s ]
INFO: [ app_init ] --END-- [ RunTime:0.001691s ]
ERR: 非法操作:css

[ 2015-03-30T23:18:50+08:00 ] ::1 /1/index.php/Home/Publish/index.html
INFO: [ app_init ] --START--
INFO: Run Behavior\BuildLiteBehavior [ RunTime:0.000120s ]
INFO: [ app_init ] --END-- [ RunTime:0.002217s ]

[ 2015-03-30T23:18:50+08:00 ] ::1 /1/index.php/Home/Publish/css/slippry.css
INFO: [ app_init ] --START--
INFO: Run Behavior\BuildLiteBehavior [ RunTime:0.000082s ]
INFO: [ app_init ] --END-- [ RunTime:0.001506s ]
ERR: 非法操作:css

[ 2015-03-30T23:21:06+08:00 ] ::1 /1/index.php/Home/Publish/index.html
INFO: [ app_init ] --START--
INFO: Run Behavior\BuildLiteBehavior [ RunTime:0.000096s ]
INFO: [ app_init ] --END-- [ RunTime:0.002140s ]

[ 2015-03-30T23:21:06+08:00 ] ::1 /1/index.php/Home/Publish/css/slippry.css
INFO: [ app_init ] --START--
INFO: Run Behavior\BuildLiteBehavior [ RunTime:0.000074s ]
INFO: [ app_init ] --END-- [ RunTime:0.001496s ]
ERR: 非法操作:css

[ 2015-03-30T23:21:31+08:00 ] ::1 /1/index.php/Home/Publish/index.html
INFO: [ app_init ] --START--
INFO: Run Behavior\BuildLiteBehavior [ RunTime:0.000096s ]
INFO: [ app_init ] --END-- [ RunTime:0.001827s ]

[ 2015-03-30T23:21:31+08:00 ] ::1 /1/index.php/Home/Publish/css/slippry.css
INFO: [ app_init ] --START--
INFO: Run Behavior\BuildLiteBehavior [ RunTime:0.000100s ]
INFO: [ app_init ] --END-- [ RunTime:0.001715s ]
ERR: 非法操作:css

[ 2015-03-30T23:22:03+08:00 ] ::1 /1/index.php/Home/Publish/index.html
INFO: [ app_init ] --START--
INFO: Run Behavior\BuildLiteBehavior [ RunTime:0.000061s ]
INFO: [ app_init ] --END-- [ RunTime:0.001485s ]

[ 2015-03-30T23:22:03+08:00 ] ::1 /1/index.php/Home/Publish/css/slippry.css
INFO: [ app_init ] --START--
INFO: Run Behavior\BuildLiteBehavior [ RunTime:0.000077s ]
INFO: [ app_init ] --END-- [ RunTime:0.001376s ]
ERR: 非法操作:css

[ 2015-03-30T23:23:33+08:00 ] ::1 /1/index.php/Home/Publish/index.html
INFO: [ app_init ] --START--
INFO: Run Behavior\BuildLiteBehavior [ RunTime:0.000100s ]
INFO: [ app_init ] --END-- [ RunTime:0.002153s ]

[ 2015-03-30T23:23:33+08:00 ] ::1 /1/index.php/Home/Publish/css/slippry.css
INFO: [ app_init ] --START--
INFO: Run Behavior\BuildLiteBehavior [ RunTime:0.000090s ]
INFO: [ app_init ] --END-- [ RunTime:0.002252s ]
ERR: 非法操作:css

[ 2015-03-30T23:24:46+08:00 ] ::1 /1/index.php/Home/Publish/index.html
INFO: [ app_init ] --START--
INFO: Run Behavior\BuildLiteBehavior [ RunTime:0.000118s ]
INFO: [ app_init ] --END-- [ RunTime:0.003116s ]

[ 2015-03-30T23:24:46+08:00 ] ::1 /1/index.php/Home/Publish/css/slippry.css
INFO: [ app_init ] --START--
INFO: Run Behavior\BuildLiteBehavior [ RunTime:0.000124s ]
INFO: [ app_init ] --END-- [ RunTime:0.002048s ]
ERR: 非法操作:css

[ 2015-03-30T23:34:22+08:00 ] ::1 /1/index.php/Home/Publish/css/slippry.css
INFO: [ app_init ] --START--
INFO: Run Behavior\BuildLiteBehavior [ RunTime:0.000089s ]
INFO: [ app_init ] --END-- [ RunTime:0.001640s ]
ERR: 非法操作:css

[ 2015-03-30T23:35:02+08:00 ] ::1 /1/index.php/Home/Publish/index.html
INFO: [ app_init ] --START--
INFO: Run Behavior\BuildLiteBehavior [ RunTime:0.000093s ]
INFO: [ app_init ] --END-- [ RunTime:0.002388s ]

[ 2015-03-30T23:35:03+08:00 ] ::1 /1/index.php/Home/Publish/css/slippry.css
INFO: [ app_init ] --START--
INFO: Run Behavior\BuildLiteBehavior [ RunTime:0.000076s ]
INFO: [ app_init ] --END-- [ RunTime:0.001927s ]
ERR: 非法操作:css

[ 2015-03-30T23:35:15+08:00 ] ::1 /1/index.php/Home/Publish/index.html
INFO: [ app_init ] --START--
INFO: Run Behavior\BuildLiteBehavior [ RunTime:0.000056s ]
INFO: [ app_init ] --END-- [ RunTime:0.001212s ]

[ 2015-03-30T23:35:16+08:00 ] ::1 /1/index.php/Home/Publish/css/slippry.css
INFO: [ app_init ] --START--
INFO: Run Behavior\BuildLiteBehavior [ RunTime:0.000093s ]
INFO: [ app_init ] --END-- [ RunTime:0.001615s ]
ERR: 非法操作:css

[ 2015-03-30T23:35:22+08:00 ] ::1 /1/index.php/Home/Publish/css/slippry.css
INFO: [ app_init ] --START--
INFO: Run Behavior\BuildLiteBehavior [ RunTime:0.000084s ]
INFO: [ app_init ] --END-- [ RunTime:0.001909s ]
ERR: 非法操作:css

[ 2015-03-30T23:37:32+08:00 ] ::1 /1/index.php/Home/Publish/index.html
INFO: [ app_init ] --START--
INFO: Run Behavior\BuildLiteBehavior [ RunTime:0.000099s ]
INFO: [ app_init ] --END-- [ RunTime:0.001906s ]

[ 2015-03-30T23:37:32+08:00 ] ::1 /1/index.php/Home/Publish/css/slippry.css
INFO: [ app_init ] --START--
INFO: Run Behavior\BuildLiteBehavior [ RunTime:0.000087s ]
INFO: [ app_init ] --END-- [ RunTime:0.002063s ]
ERR: 非法操作:css

[ 2015-03-30T23:37:47+08:00 ] ::1 /1/index.php/Home/Publish/index.html
INFO: [ app_init ] --START--
INFO: Run Behavior\BuildLiteBehavior [ RunTime:0.000096s ]
INFO: [ app_init ] --END-- [ RunTime:0.001841s ]

[ 2015-03-30T23:37:47+08:00 ] ::1 /1/index.php/Home/Publish/css/slippry.css
INFO: [ app_init ] --START--
INFO: Run Behavior\BuildLiteBehavior [ RunTime:0.000093s ]
INFO: [ app_init ] --END-- [ RunTime:0.001775s ]
ERR: 非法操作:css

[ 2015-03-30T23:39:38+08:00 ] ::1 /1/index.php/Home/Publish/index.html
INFO: [ app_init ] --START--
INFO: Run Behavior\BuildLiteBehavior [ RunTime:0.000056s ]
INFO: [ app_init ] --END-- [ RunTime:0.001324s ]

[ 2015-03-30T23:39:38+08:00 ] ::1 /1/index.php/Home/Publish/css/slippry.css
INFO: [ app_init ] --START--
INFO: Run Behavior\BuildLiteBehavior [ RunTime:0.000059s ]
INFO: [ app_init ] --END-- [ RunTime:0.001981s ]
ERR: 非法操作:css

[ 2015-03-30T23:39:39+08:00 ] ::1 /1/index.php/Home/Publish/css/slippry.css
INFO: [ app_init ] --START--
INFO: Run Behavior\BuildLiteBehavior [ RunTime:0.000135s ]
INFO: [ app_init ] --END-- [ RunTime:0.002469s ]
ERR: 非法操作:css

[ 2015-03-30T23:40:32+08:00 ] ::1 /1/index.php/Home/Publish/index.html
INFO: [ app_init ] --START--
INFO: Run Behavior\BuildLiteBehavior [ RunTime:0.000071s ]
INFO: [ app_init ] --END-- [ RunTime:0.001616s ]

[ 2015-03-30T23:40:33+08:00 ] ::1 /1/index.php/Home/Publish/css/slippry.css
INFO: [ app_init ] --START--
INFO: Run Behavior\BuildLiteBehavior [ RunTime:0.000153s ]
INFO: [ app_init ] --END-- [ RunTime:0.002664s ]
ERR: 非法操作:css

[ 2015-03-30T23:40:48+08:00 ] ::1 /1/index.php/Home/Publish/index.html
INFO: [ app_init ] --START--
INFO: Run Behavior\BuildLiteBehavior [ RunTime:0.000096s ]
INFO: [ app_init ] --END-- [ RunTime:0.001850s ]

[ 2015-03-30T23:40:48+08:00 ] ::1 /1/index.php/Home/Publish/css/slippry.css
INFO: [ app_init ] --START--
INFO: Run Behavior\BuildLiteBehavior [ RunTime:0.000084s ]
INFO: [ app_init ] --END-- [ RunTime:0.001560s ]
ERR: 非法操作:css

[ 2015-03-30T23:41:01+08:00 ] ::1 /1/index.php/Home/Index/role.html
INFO: [ app_init ] --START--
INFO: Run Behavior\BuildLiteBehavior [ RunTime:0.000084s ]
INFO: [ app_init ] --END-- [ RunTime:0.002812s ]

[ 2015-03-30T23:41:01+08:00 ] ::1 /1/index.php/Home/Com/index.html
INFO: [ app_init ] --START--
INFO: Run Behavior\BuildLiteBehavior [ RunTime:0.000086s ]
INFO: [ app_init ] --END-- [ RunTime:0.001166s ]

[ 2015-03-30T23:41:08+08:00 ] ::1 /1/index.php/Home/Publish/contact.html
INFO: [ app_init ] --START--
INFO: Run Behavior\BuildLiteBehavior [ RunTime:0.000049s ]
INFO: [ app_init ] --END-- [ RunTime:0.000955s ]
ERR: 非法操作:contact

[ 2015-03-30T23:43:12+08:00 ] ::1 /1/index.php/Home/Publish/index.html
INFO: [ app_init ] --START--
INFO: Run Behavior\BuildLiteBehavior [ RunTime:0.000099s ]
INFO: [ app_init ] --END-- [ RunTime:0.002544s ]

[ 2015-03-30T23:43:12+08:00 ] ::1 /1/index.php/Home/Publish/css/slippry.css
INFO: [ app_init ] --START--
INFO: Run Behavior\BuildLiteBehavior [ RunTime:0.000093s ]
INFO: [ app_init ] --END-- [ RunTime:0.001957s ]
ERR: 非法操作:css

[ 2015-03-30T23:44:22+08:00 ] ::1 /1/index.php/Home/Publish/index.html
INFO: [ app_init ] --START--
INFO: Run Behavior\BuildLiteBehavior [ RunTime:0.000100s ]
INFO: [ app_init ] --END-- [ RunTime:0.002052s ]

[ 2015-03-30T23:44:22+08:00 ] ::1 /1/index.php/Home/Publish/css/slippry.css
INFO: [ app_init ] --START--
INFO: Run Behavior\BuildLiteBehavior [ RunTime:0.000192s ]
INFO: [ app_init ] --END-- [ RunTime:0.003284s ]
ERR: 非法操作:css

[ 2015-03-30T23:48:48+08:00 ] ::1 /1/index.php/Home/Publish/index.html
INFO: [ app_init ] --START--
INFO: Run Behavior\BuildLiteBehavior [ RunTime:0.000098s ]
INFO: [ app_init ] --END-- [ RunTime:0.002018s ]

[ 2015-03-30T23:48:48+08:00 ] ::1 /1/index.php/Home/Publish/css/slippry.css
INFO: [ app_init ] --START--
INFO: Run Behavior\BuildLiteBehavior [ RunTime:0.000086s ]
INFO: [ app_init ] --END-- [ RunTime:0.001835s ]
ERR: 非法操作:css

[ 2015-03-30T23:48:52+08:00 ] ::1 /1/index.php/Home/Publish/index.html
INFO: [ app_init ] --START--
INFO: Run Behavior\BuildLiteBehavior [ RunTime:0.000105s ]
INFO: [ app_init ] --END-- [ RunTime:0.002179s ]

[ 2015-03-30T23:48:52+08:00 ] ::1 /1/index.php/Home/Publish/css/slippry.css
INFO: [ app_init ] --START--
INFO: Run Behavior\BuildLiteBehavior [ RunTime:0.000099s ]
INFO: [ app_init ] --END-- [ RunTime:0.001720s ]
ERR: 非法操作:css

[ 2015-03-30T23:49:20+08:00 ] ::1 /1/index.php/Home/Publish/index.html
INFO: [ app_init ] --START--
INFO: Run Behavior\BuildLiteBehavior [ RunTime:0.000088s ]
INFO: [ app_init ] --END-- [ RunTime:0.004888s ]

[ 2015-03-30T23:49:20+08:00 ] ::1 /1/index.php/Home/Publish/css/slippry.css
INFO: [ app_init ] --START--
INFO: Run Behavior\BuildLiteBehavior [ RunTime:0.000078s ]
INFO: [ app_init ] --END-- [ RunTime:0.001551s ]
ERR: 非法操作:css

[ 2015-03-30T23:49:44+08:00 ] ::1 /1/index.php/Home/Publish/index.html
INFO: [ app_init ] --START--
INFO: Run Behavior\BuildLiteBehavior [ RunTime:0.000100s ]
INFO: [ app_init ] --END-- [ RunTime:0.001803s ]

[ 2015-03-30T23:49:44+08:00 ] ::1 /1/index.php/Home/Publish/css/slippry.css
INFO: [ app_init ] --START--
INFO: Run Behavior\BuildLiteBehavior [ RunTime:0.000176s ]
INFO: [ app_init ] --END-- [ RunTime:0.001826s ]
ERR: 非法操作:css

[ 2015-03-30T23:49:46+08:00 ] ::1 /1/index.php/Home/Publish/index.html
INFO: [ app_init ] --START--
INFO: Run Behavior\BuildLiteBehavior [ RunTime:0.000100s ]
INFO: [ app_init ] --END-- [ RunTime:0.002096s ]

[ 2015-03-30T23:49:46+08:00 ] ::1 /1/index.php/Home/Publish/css/slippry.css
INFO: [ app_init ] --START--
INFO: Run Behavior\BuildLiteBehavior [ RunTime:0.000248s ]
INFO: [ app_init ] --END-- [ RunTime:0.003687s ]
ERR: 非法操作:css

[ 2015-03-30T23:49:47+08:00 ] ::1 /1/index.php/Home/Publish/index.html
INFO: [ app_init ] --START--
INFO: Run Behavior\BuildLiteBehavior [ RunTime:0.000107s ]
INFO: [ app_init ] --END-- [ RunTime:0.002294s ]

[ 2015-03-30T23:49:48+08:00 ] ::1 /1/index.php/Home/Publish/css/slippry.css
INFO: [ app_init ] --START--
INFO: Run Behavior\BuildLiteBehavior [ RunTime:0.000087s ]
INFO: [ app_init ] --END-- [ RunTime:0.001892s ]
ERR: 非法操作:css

[ 2015-03-30T23:49:49+08:00 ] ::1 /1/index.php/Home/Publish/index.html
INFO: [ app_init ] --START--
INFO: Run Behavior\BuildLiteBehavior [ RunTime:0.000095s ]
INFO: [ app_init ] --END-- [ RunTime:0.001775s ]

[ 2015-03-30T23:49:49+08:00 ] ::1 /1/index.php/Home/Publish/css/slippry.css
INFO: [ app_init ] --START--
INFO: Run Behavior\BuildLiteBehavior [ RunTime:0.000088s ]
INFO: [ app_init ] --END-- [ RunTime:0.002208s ]
ERR: 非法操作:css

[ 2015-03-30T23:49:57+08:00 ] ::1 /1/index.php/Home/Publish/index.html
INFO: [ app_init ] --START--
INFO: Run Behavior\BuildLiteBehavior [ RunTime:0.000096s ]
INFO: [ app_init ] --END-- [ RunTime:0.002214s ]

[ 2015-03-30T23:49:57+08:00 ] ::1 /1/index.php/Home/Publish/css/slippry.css
INFO: [ app_init ] --START--
INFO: Run Behavior\BuildLiteBehavior [ RunTime:0.000092s ]
INFO: [ app_init ] --END-- [ RunTime:0.001849s ]
ERR: 非法操作:css

[ 2015-03-30T23:50:20+08:00 ] ::1 /1/index.php/Home/Publish/index.html
INFO: [ app_init ] --START--
INFO: Run Behavior\BuildLiteBehavior [ RunTime:0.000094s ]
INFO: [ app_init ] --END-- [ RunTime:0.002315s ]

[ 2015-03-30T23:50:20+08:00 ] ::1 /1/index.php/Home/Publish/css/slippry.css
INFO: [ app_init ] --START--
INFO: Run Behavior\BuildLiteBehavior [ RunTime:0.000064s ]
INFO: [ app_init ] --END-- [ RunTime:0.001610s ]
ERR: 非法操作:css

[ 2015-03-30T23:50:34+08:00 ] ::1 /1/index.php/Home/Publish/index.html
INFO: [ app_init ] --START--
INFO: Run Behavior\BuildLiteBehavior [ RunTime:0.000094s ]
INFO: [ app_init ] --END-- [ RunTime:0.002221s ]

[ 2015-03-30T23:50:35+08:00 ] ::1 /1/index.php/Home/Publish/css/slippry.css
INFO: [ app_init ] --START--
INFO: Run Behavior\BuildLiteBehavior [ RunTime:0.000115s ]
INFO: [ app_init ] --END-- [ RunTime:0.001882s ]
ERR: 非法操作:css

[ 2015-03-30T23:50:55+08:00 ] ::1 /1/index.php/Home/Publish/index.html
INFO: [ app_init ] --START--
INFO: Run Behavior\BuildLiteBehavior [ RunTime:0.000104s ]
INFO: [ app_init ] --END-- [ RunTime:0.002257s ]

[ 2015-03-30T23:50:55+08:00 ] ::1 /1/index.php/Home/Publish/css/slippry.css
INFO: [ app_init ] --START--
INFO: Run Behavior\BuildLiteBehavior [ RunTime:0.000157s ]
INFO: [ app_init ] --END-- [ RunTime:0.001554s ]
ERR: 非法操作:css

[ 2015-03-30T23:51:08+08:00 ] ::1 /1/index.php/Home/Publish/index.html
INFO: [ app_init ] --START--
INFO: Run Behavior\BuildLiteBehavior [ RunTime:0.000128s ]
INFO: [ app_init ] --END-- [ RunTime:0.001810s ]

[ 2015-03-30T23:51:08+08:00 ] ::1 /1/index.php/Home/Publish/css/slippry.css
INFO: [ app_init ] --START--
INFO: Run Behavior\BuildLiteBehavior [ RunTime:0.000193s ]
INFO: [ app_init ] --END-- [ RunTime:0.003413s ]
ERR: 非法操作:css

[ 2015-03-30T23:51:13+08:00 ] ::1 /1/index.php/Home/Publish/index.html
INFO: [ app_init ] --START--
INFO: Run Behavior\BuildLiteBehavior [ RunTime:0.000061s ]
INFO: [ app_init ] --END-- [ RunTime:0.001742s ]

[ 2015-03-30T23:51:13+08:00 ] ::1 /1/index.php/Home/Publish/css/slippry.css
INFO: [ app_init ] --START--
INFO: Run Behavior\BuildLiteBehavior [ RunTime:0.000116s ]
INFO: [ app_init ] --END-- [ RunTime:0.002389s ]
ERR: 非法操作:css

[ 2015-03-30T23:51:20+08:00 ] ::1 /1/index.php/Home/Publish/index.html
INFO: [ app_init ] --START--
INFO: Run Behavior\BuildLiteBehavior [ RunTime:0.000102s ]
INFO: [ app_init ] --END-- [ RunTime:0.002595s ]

[ 2015-03-30T23:51:20+08:00 ] ::1 /1/index.php/Home/Publish/css/slippry.css
INFO: [ app_init ] --START--
INFO: Run Behavior\BuildLiteBehavior [ RunTime:0.000097s ]
INFO: [ app_init ] --END-- [ RunTime:0.002035s ]
ERR: 非法操作:css

[ 2015-03-30T23:51:36+08:00 ] ::1 /1/index.php/Home/Publish/index.html
INFO: [ app_init ] --START--
INFO: Run Behavior\BuildLiteBehavior [ RunTime:0.000287s ]
INFO: [ app_init ] --END-- [ RunTime:0.006656s ]

[ 2015-03-30T23:51:36+08:00 ] ::1 /1/index.php/Home/Publish/css/slippry.css
INFO: [ app_init ] --START--
INFO: Run Behavior\BuildLiteBehavior [ RunTime:0.000082s ]
INFO: [ app_init ] --END-- [ RunTime:0.001636s ]
ERR: 非法操作:css

[ 2015-03-30T23:51:39+08:00 ] ::1 /1/index.php/Home/Publish/index.html
INFO: [ app_init ] --START--
INFO: Run Behavior\BuildLiteBehavior [ RunTime:0.000120s ]
INFO: [ app_init ] --END-- [ RunTime:0.001975s ]

[ 2015-03-30T23:51:39+08:00 ] ::1 /1/index.php/Home/Publish/css/slippry.css
INFO: [ app_init ] --START--
INFO: Run Behavior\BuildLiteBehavior [ RunTime:0.000090s ]
INFO: [ app_init ] --END-- [ RunTime:0.001891s ]
ERR: 非法操作:css

[ 2015-03-30T23:52:11+08:00 ] ::1 /1/index.php/Home/Publish/index.html
INFO: [ app_init ] --START--
INFO: Run Behavior\BuildLiteBehavior [ RunTime:0.000096s ]
INFO: [ app_init ] --END-- [ RunTime:0.001919s ]

[ 2015-03-30T23:52:11+08:00 ] ::1 /1/index.php/Home/Publish/css/slippry.css
INFO: [ app_init ] --START--
INFO: Run Behavior\BuildLiteBehavior [ RunTime:0.000108s ]
INFO: [ app_init ] --END-- [ RunTime:0.002492s ]
ERR: 非法操作:css

[ 2015-03-30T23:52:50+08:00 ] ::1 /1/index.php/Home/Publish/index.html
INFO: [ app_init ] --START--
INFO: Run Behavior\BuildLiteBehavior [ RunTime:0.000102s ]
INFO: [ app_init ] --END-- [ RunTime:0.002625s ]

[ 2015-03-30T23:52:51+08:00 ] ::1 /1/index.php/Home/Publish/css/slippry.css
INFO: [ app_init ] --START--
INFO: Run Behavior\BuildLiteBehavior [ RunTime:0.000080s ]
INFO: [ app_init ] --END-- [ RunTime:0.001769s ]
ERR: 非法操作:css

[ 2015-03-30T23:53:51+08:00 ] ::1 /1/index.php/Home/Publish/index.html
INFO: [ app_init ] --START--
INFO: Run Behavior\BuildLiteBehavior [ RunTime:0.000089s ]
INFO: [ app_init ] --END-- [ RunTime:0.001798s ]

[ 2015-03-30T23:53:51+08:00 ] ::1 /1/index.php/Home/Publish/css/slippry.css
INFO: [ app_init ] --START--
INFO: Run Behavior\BuildLiteBehavior [ RunTime:0.000084s ]
INFO: [ app_init ] --END-- [ RunTime:0.003810s ]
ERR: 非法操作:css

[ 2015-03-30T23:53:51+08:00 ] ::1 /1/index.php/Home/Publish/css/slippry.css
INFO: [ app_init ] --START--
INFO: Run Behavior\BuildLiteBehavior [ RunTime:0.000080s ]
INFO: [ app_init ] --END-- [ RunTime:0.001737s ]
ERR: 非法操作:css

[ 2015-03-30T23:54:50+08:00 ] ::1 /1/index.php/Home/Publish/index.html
INFO: [ app_init ] --START--
INFO: Run Behavior\BuildLiteBehavior [ RunTime:0.000097s ]
INFO: [ app_init ] --END-- [ RunTime:0.001869s ]

[ 2015-03-30T23:54:50+08:00 ] ::1 /1/index.php/Home/Publish/css/slippry.css
INFO: [ app_init ] --START--
INFO: Run Behavior\BuildLiteBehavior [ RunTime:0.000116s ]
INFO: [ app_init ] --END-- [ RunTime:0.001929s ]
ERR: 非法操作:css

[ 2015-03-30T23:58:07+08:00 ] ::1 /1/index.php/Home/Publish/index.html
INFO: [ app_init ] --START--
INFO: Run Behavior\BuildLiteBehavior [ RunTime:0.000096s ]
INFO: [ app_init ] --END-- [ RunTime:0.001929s ]

[ 2015-03-30T23:58:07+08:00 ] ::1 /1/index.php/Home/Publish/css/slippry.css
INFO: [ app_init ] --START--
INFO: Run Behavior\BuildLiteBehavior [ RunTime:0.000106s ]
INFO: [ app_init ] --END-- [ RunTime:0.001998s ]
ERR: 非法操作:css

[ 2015-03-30T23:58:28+08:00 ] ::1 /1/index.php/Home/Publish/index.html
INFO: [ app_init ] --START--
INFO: Run Behavior\BuildLiteBehavior [ RunTime:0.000116s ]
INFO: [ app_init ] --END-- [ RunTime:0.001783s ]

[ 2015-03-30T23:58:28+08:00 ] ::1 /1/index.php/Home/Publish/css/slippry.css
INFO: [ app_init ] --START--
INFO: Run Behavior\BuildLiteBehavior [ RunTime:0.000106s ]
INFO: [ app_init ] --END-- [ RunTime:0.002332s ]
ERR: 非法操作:css

[ 2015-03-30T23:58:45+08:00 ] ::1 /1/index.php/Home/Publish/index.html
INFO: [ app_init ] --START--
INFO: Run Behavior\BuildLiteBehavior [ RunTime:0.000089s ]
INFO: [ app_init ] --END-- [ RunTime:0.001777s ]

[ 2015-03-30T23:58:45+08:00 ] ::1 /1/index.php/Home/Publish/css/slippry.css
INFO: [ app_init ] --START--
INFO: Run Behavior\BuildLiteBehavior [ RunTime:0.000094s ]
INFO: [ app_init ] --END-- [ RunTime:0.001735s ]
ERR: 非法操作:css

[ 2015-03-30T23:59:38+08:00 ] ::1 /1/index.php/Home/Publish/index.html
INFO: [ app_init ] --START--
INFO: Run Behavior\BuildLiteBehavior [ RunTime:0.000097s ]
INFO: [ app_init ] --END-- [ RunTime:0.008709s ]

[ 2015-03-30T23:59:38+08:00 ] ::1 /1/index.php/Home/Publish/css/slippry.css
INFO: [ app_init ] --START--
INFO: Run Behavior\BuildLiteBehavior [ RunTime:0.000075s ]
INFO: [ app_init ] --END-- [ RunTime:0.001499s ]
ERR: 非法操作:css

