[ 2015-03-09T23:03:54+08:00 ] ::1 /wmall/
INFO: [ app_init ] --START--
INFO: Run Behavior\BuildLiteBehavior [ RunTime:0.000056s ]
INFO: [ app_init ] --END-- [ RunTime:0.000329s ]
INFO: [ app_begin ] --START--
INFO: Run Behavior\ReadHtmlCacheBehavior [ RunTime:0.003241s ]
INFO: [ app_begin ] --END-- [ RunTime:0.003537s ]
INFO: [ view_parse ] --START--
INFO: [ template_filter ] --START--
INFO: Run Behavior\ContentReplaceBehavior [ RunTime:0.000137s ]
INFO: [ template_filter ] --END-- [ RunTime:0.000431s ]
INFO: Run Behavior\ParseTemplateBehavior [ RunTime:0.048723s ]
INFO: [ view_parse ] --END-- [ RunTime:0.049044s ]
INFO: [ view_filter ] --START--
INFO: Run Behavior\WriteHtmlCacheBehavior [ RunTime:0.001631s ]
INFO: [ view_filter ] --END-- [ RunTime:0.001900s ]
INFO: [ app_end ] --START--
INFO: Run Behavior\ShowPageTraceBehavior [ RunTime:0.002241s ]
INFO: [ app_end ] --END-- [ RunTime:0.002496s ]

[ 2015-03-09T23:03:57+08:00 ] ::1 /wmall/
INFO: [ app_init ] --START--
INFO: Run Behavior\BuildLiteBehavior [ RunTime:0.000060s ]
INFO: [ app_init ] --END-- [ RunTime:0.001385s ]
INFO: [ app_begin ] --START--
INFO: Run Behavior\ReadHtmlCacheBehavior [ RunTime:0.002853s ]
INFO: [ app_begin ] --END-- [ RunTime:0.003348s ]
INFO: [ view_parse ] --START--
INFO: Run Behavior\ParseTemplateBehavior [ RunTime:0.001757s ]
INFO: [ view_parse ] --END-- [ RunTime:0.002042s ]
INFO: [ view_filter ] --START--
INFO: Run Behavior\WriteHtmlCacheBehavior [ RunTime:0.001840s ]
INFO: [ view_filter ] --END-- [ RunTime:0.002092s ]
INFO: [ app_end ] --START--
INFO: Run Behavior\ShowPageTraceBehavior [ RunTime:0.002147s ]
INFO: [ app_end ] --END-- [ RunTime:0.002408s ]

[ 2015-03-09T23:04:00+08:00 ] ::1 /wmall/
INFO: [ app_init ] --START--
INFO: Run Behavior\BuildLiteBehavior [ RunTime:0.000112s ]
INFO: [ app_init ] --END-- [ RunTime:0.002166s ]
INFO: [ app_begin ] --START--
INFO: Run Behavior\ReadHtmlCacheBehavior [ RunTime:0.002576s ]
INFO: [ app_begin ] --END-- [ RunTime:0.003012s ]
INFO: [ view_parse ] --START--
INFO: Run Behavior\ParseTemplateBehavior [ RunTime:0.002280s ]
INFO: [ view_parse ] --END-- [ RunTime:0.002817s ]
INFO: [ view_filter ] --START--
INFO: Run Behavior\WriteHtmlCacheBehavior [ RunTime:0.001371s ]
INFO: [ view_filter ] --END-- [ RunTime:0.001626s ]
INFO: [ app_end ] --START--
INFO: Run Behavior\ShowPageTraceBehavior [ RunTime:0.002757s ]
INFO: [ app_end ] --END-- [ RunTime:0.003131s ]

[ 2015-03-09T23:04:09+08:00 ] ::1 /wmall/
INFO: [ app_init ] --START--
INFO: Run Behavior\BuildLiteBehavior [ RunTime:0.000093s ]
INFO: [ app_init ] --END-- [ RunTime:0.001639s ]
INFO: [ app_begin ] --START--
INFO: Run Behavior\ReadHtmlCacheBehavior [ RunTime:0.002023s ]
INFO: [ app_begin ] --END-- [ RunTime:0.002332s ]
INFO: [ view_parse ] --START--
INFO: Run Behavior\ParseTemplateBehavior [ RunTime:0.001658s ]
INFO: [ view_parse ] --END-- [ RunTime:0.001939s ]
INFO: [ view_filter ] --START--
INFO: Run Behavior\WriteHtmlCacheBehavior [ RunTime:0.001455s ]
INFO: [ view_filter ] --END-- [ RunTime:0.001702s ]
INFO: [ app_end ] --START--
INFO: Run Behavior\ShowPageTraceBehavior [ RunTime:0.002362s ]
INFO: [ app_end ] --END-- [ RunTime:0.002893s ]

[ 2015-03-09T23:04:33+08:00 ] ::1 /wmall/
INFO: [ app_init ] --START--
INFO: Run Behavior\BuildLiteBehavior [ RunTime:0.000061s ]
INFO: [ app_init ] --END-- [ RunTime:0.001715s ]
INFO: [ app_begin ] --START--
INFO: Run Behavior\ReadHtmlCacheBehavior [ RunTime:0.003126s ]
INFO: [ app_begin ] --END-- [ RunTime:0.003586s ]
INFO: [ view_parse ] --START--
INFO: Run Behavior\ParseTemplateBehavior [ RunTime:0.001738s ]
INFO: [ view_parse ] --END-- [ RunTime:0.002024s ]
INFO: [ view_filter ] --START--
INFO: Run Behavior\WriteHtmlCacheBehavior [ RunTime:0.001546s ]
INFO: [ view_filter ] --END-- [ RunTime:0.001806s ]
INFO: [ app_end ] --START--
INFO: Run Behavior\ShowPageTraceBehavior [ RunTime:0.002218s ]
INFO: [ app_end ] --END-- [ RunTime:0.002491s ]

[ 2015-03-09T23:05:57+08:00 ] ::1 /wmall/
INFO: [ app_init ] --START--
INFO: Run Behavior\BuildLiteBehavior [ RunTime:0.000058s ]
INFO: [ app_init ] --END-- [ RunTime:0.001272s ]
INFO: [ app_begin ] --START--
INFO: Run Behavior\ReadHtmlCacheBehavior [ RunTime:0.002268s ]
INFO: [ app_begin ] --END-- [ RunTime:0.002635s ]
INFO: [ view_parse ] --START--
INFO: Run Behavior\ParseTemplateBehavior [ RunTime:0.001585s ]
INFO: [ view_parse ] --END-- [ RunTime:0.001857s ]
INFO: [ view_filter ] --START--
INFO: Run Behavior\WriteHtmlCacheBehavior [ RunTime:0.001514s ]
INFO: [ view_filter ] --END-- [ RunTime:0.001777s ]
INFO: [ app_end ] --START--
INFO: Run Behavior\ShowPageTraceBehavior [ RunTime:0.002262s ]
INFO: [ app_end ] --END-- [ RunTime:0.002519s ]

[ 2015-03-09T23:06:05+08:00 ] ::1 /wmall/
INFO: [ app_init ] --START--
INFO: Run Behavior\BuildLiteBehavior [ RunTime:0.000096s ]
INFO: [ app_init ] --END-- [ RunTime:0.001732s ]
INFO: [ app_begin ] --START--
INFO: Run Behavior\ReadHtmlCacheBehavior [ RunTime:0.002785s ]
INFO: [ app_begin ] --END-- [ RunTime:0.003228s ]
INFO: [ view_parse ] --START--
INFO: Run Behavior\ParseTemplateBehavior [ RunTime:0.001495s ]
INFO: [ view_parse ] --END-- [ RunTime:0.001822s ]
INFO: [ view_filter ] --START--
INFO: Run Behavior\WriteHtmlCacheBehavior [ RunTime:0.001302s ]
INFO: [ view_filter ] --END-- [ RunTime:0.001579s ]
INFO: [ app_end ] --START--
INFO: Run Behavior\ShowPageTraceBehavior [ RunTime:0.002202s ]
INFO: [ app_end ] --END-- [ RunTime:0.002462s ]

[ 2015-03-09T23:06:08+08:00 ] ::1 /wmall/
INFO: [ app_init ] --START--
INFO: Run Behavior\BuildLiteBehavior [ RunTime:0.000059s ]
INFO: [ app_init ] --END-- [ RunTime:0.001303s ]
INFO: [ app_begin ] --START--
INFO: Run Behavior\ReadHtmlCacheBehavior [ RunTime:0.003330s ]
INFO: [ app_begin ] --END-- [ RunTime:0.003855s ]
INFO: [ view_parse ] --START--
INFO: Run Behavior\ParseTemplateBehavior [ RunTime:0.001588s ]
INFO: [ view_parse ] --END-- [ RunTime:0.001924s ]
INFO: [ view_filter ] --START--
INFO: Run Behavior\WriteHtmlCacheBehavior [ RunTime:0.001348s ]
INFO: [ view_filter ] --END-- [ RunTime:0.001607s ]
INFO: [ app_end ] --START--
INFO: Run Behavior\ShowPageTraceBehavior [ RunTime:0.002613s ]
INFO: [ app_end ] --END-- [ RunTime:0.002989s ]

[ 2015-03-09T23:06:38+08:00 ] ::1 /wmall/
INFO: [ app_init ] --START--
INFO: Run Behavior\BuildLiteBehavior [ RunTime:0.000066s ]
INFO: [ app_init ] --END-- [ RunTime:0.001407s ]
INFO: [ app_begin ] --START--
INFO: Run Behavior\ReadHtmlCacheBehavior [ RunTime:0.002249s ]
INFO: [ app_begin ] --END-- [ RunTime:0.002625s ]
INFO: [ view_parse ] --START--
INFO: Run Behavior\ParseTemplateBehavior [ RunTime:0.001609s ]
INFO: [ view_parse ] --END-- [ RunTime:0.001919s ]
INFO: [ view_filter ] --START--
INFO: Run Behavior\WriteHtmlCacheBehavior [ RunTime:0.002099s ]
INFO: [ view_filter ] --END-- [ RunTime:0.003109s ]
INFO: [ app_end ] --START--
INFO: Run Behavior\ShowPageTraceBehavior [ RunTime:0.003023s ]
INFO: [ app_end ] --END-- [ RunTime:0.003468s ]

[ 2015-03-09T23:06:40+08:00 ] ::1 /wmall/
INFO: [ app_init ] --START--
INFO: Run Behavior\BuildLiteBehavior [ RunTime:0.000059s ]
INFO: [ app_init ] --END-- [ RunTime:0.001472s ]
INFO: [ app_begin ] --START--
INFO: Run Behavior\ReadHtmlCacheBehavior [ RunTime:0.002643s ]
INFO: [ app_begin ] --END-- [ RunTime:0.003093s ]
INFO: [ view_parse ] --START--
INFO: Run Behavior\ParseTemplateBehavior [ RunTime:0.003101s ]
INFO: [ view_parse ] --END-- [ RunTime:0.003597s ]
INFO: [ view_filter ] --START--
INFO: Run Behavior\WriteHtmlCacheBehavior [ RunTime:0.001706s ]
INFO: [ view_filter ] --END-- [ RunTime:0.002164s ]
INFO: [ app_end ] --START--
INFO: Run Behavior\ShowPageTraceBehavior [ RunTime:0.002660s ]
INFO: [ app_end ] --END-- [ RunTime:0.003098s ]

[ 2015-03-09T23:06:47+08:00 ] ::1 /wmall/
INFO: [ app_init ] --START--
INFO: Run Behavior\BuildLiteBehavior [ RunTime:0.000062s ]
INFO: [ app_init ] --END-- [ RunTime:0.002513s ]
INFO: [ app_begin ] --START--
INFO: Run Behavior\ReadHtmlCacheBehavior [ RunTime:0.001778s ]
INFO: [ app_begin ] --END-- [ RunTime:0.002080s ]
INFO: [ view_parse ] --START--
INFO: Run Behavior\ParseTemplateBehavior [ RunTime:0.001478s ]
INFO: [ view_parse ] --END-- [ RunTime:0.001767s ]
INFO: [ view_filter ] --START--
INFO: Run Behavior\WriteHtmlCacheBehavior [ RunTime:0.001346s ]
INFO: [ view_filter ] --END-- [ RunTime:0.001643s ]
INFO: [ app_end ] --START--
INFO: Run Behavior\ShowPageTraceBehavior [ RunTime:0.002389s ]
INFO: [ app_end ] --END-- [ RunTime:0.002660s ]

[ 2015-03-09T23:06:54+08:00 ] ::1 /wmall/
INFO: [ app_init ] --START--
INFO: Run Behavior\BuildLiteBehavior [ RunTime:0.000058s ]
INFO: [ app_init ] --END-- [ RunTime:0.001282s ]
INFO: [ app_begin ] --START--
INFO: Run Behavior\ReadHtmlCacheBehavior [ RunTime:0.001881s ]
INFO: [ app_begin ] --END-- [ RunTime:0.002262s ]
INFO: [ view_parse ] --START--
INFO: Run Behavior\ParseTemplateBehavior [ RunTime:0.001854s ]
INFO: [ view_parse ] --END-- [ RunTime:0.002160s ]
INFO: [ view_filter ] --START--
INFO: Run Behavior\WriteHtmlCacheBehavior [ RunTime:0.001284s ]
INFO: [ view_filter ] --END-- [ RunTime:0.001552s ]
INFO: [ app_end ] --START--
INFO: Run Behavior\ShowPageTraceBehavior [ RunTime:0.001958s ]
INFO: [ app_end ] --END-- [ RunTime:0.002284s ]

[ 2015-03-09T23:07:09+08:00 ] ::1 /wmall/
INFO: [ app_init ] --START--
INFO: Run Behavior\BuildLiteBehavior [ RunTime:0.000059s ]
INFO: [ app_init ] --END-- [ RunTime:0.001330s ]
INFO: [ app_begin ] --START--
INFO: Run Behavior\ReadHtmlCacheBehavior [ RunTime:0.001831s ]
INFO: [ app_begin ] --END-- [ RunTime:0.002197s ]
INFO: [ view_parse ] --START--
INFO: Run Behavior\ParseTemplateBehavior [ RunTime:0.001579s ]
INFO: [ view_parse ] --END-- [ RunTime:0.001873s ]
INFO: [ view_filter ] --START--
INFO: Run Behavior\WriteHtmlCacheBehavior [ RunTime:0.001304s ]
INFO: [ view_filter ] --END-- [ RunTime:0.001563s ]
INFO: [ app_end ] --START--
INFO: Run Behavior\ShowPageTraceBehavior [ RunTime:0.002355s ]
INFO: [ app_end ] --END-- [ RunTime:0.002634s ]

[ 2015-03-09T23:08:19+08:00 ] ::1 /wmall/
INFO: [ app_init ] --START--
INFO: Run Behavior\BuildLiteBehavior [ RunTime:0.000060s ]
INFO: [ app_init ] --END-- [ RunTime:0.001298s ]
INFO: [ app_begin ] --START--
INFO: Run Behavior\ReadHtmlCacheBehavior [ RunTime:0.002231s ]
INFO: [ app_begin ] --END-- [ RunTime:0.002838s ]
INFO: [ view_parse ] --START--
INFO: Run Behavior\ParseTemplateBehavior [ RunTime:0.001590s ]
INFO: [ view_parse ] --END-- [ RunTime:0.001901s ]
INFO: [ view_filter ] --START--
INFO: Run Behavior\WriteHtmlCacheBehavior [ RunTime:0.001467s ]
INFO: [ view_filter ] --END-- [ RunTime:0.001756s ]
INFO: [ app_end ] --START--
INFO: Run Behavior\ShowPageTraceBehavior [ RunTime:0.002288s ]
INFO: [ app_end ] --END-- [ RunTime:0.002611s ]

