[ 2015-04-18T10:45:31+08:00 ] 127.0.0.1 /1/
INFO: [ app_init ] --START--
INFO: Run Behavior\BuildLiteBehavior [ RunTime:0.000021s ]
INFO: [ app_init ] --END-- [ RunTime:0.000406s ]

[ 2015-04-18T10:45:34+08:00 ] 127.0.0.1 /1/index.php/Home/Detail/detail_good/id/145.html
INFO: [ app_init ] --START--
INFO: Run Behavior\BuildLiteBehavior [ RunTime:0.000058s ]
INFO: [ app_init ] --END-- [ RunTime:0.001623s ]

[ 2015-04-18T10:45:34+08:00 ] 127.0.0.1 /1/index.php/Home/Detail/detail_good/id/css/slippry.css
INFO: [ app_init ] --START--
INFO: Run Behavior\BuildLiteBehavior [ RunTime:0.000025s ]
INFO: [ app_init ] --END-- [ RunTime:0.000375s ]

[ 2015-04-18T10:45:34+08:00 ] 127.0.0.1 /1/index.php/Home/Pro/commentAjax.html
INFO: [ app_init ] --START--
INFO: Run Behavior\BuildLiteBehavior [ RunTime:0.000047s ]
INFO: [ app_init ] --END-- [ RunTime:0.000969s ]
INFO: [ app_begin ] --START--
INFO: Run Behavior\ReadHtmlCacheBehavior [ RunTime:0.001962s ]
INFO: [ app_begin ] --END-- [ RunTime:0.002328s ]
SQL: SHOW COLUMNS FROM `comment` [ RunTime:0.023607s ]
SQL: SELECT * FROM `comment` WHERE `good_id` = 145 ORDER BY add_time desc LIMIT 8   [ RunTime:0.000668s ]

[ 2015-04-18T10:45:40+08:00 ] 127.0.0.1 /1/index.php/Home/Detail/detail_good/id/css/slippry.css
INFO: [ app_init ] --START--
INFO: Run Behavior\BuildLiteBehavior [ RunTime:0.000040s ]
INFO: [ app_init ] --END-- [ RunTime:0.000591s ]

[ 2015-04-18T13:00:15+08:00 ] 127.0.0.1 /1/
INFO: [ app_init ] --START--
INFO: Run Behavior\BuildLiteBehavior [ RunTime:0.000024s ]
INFO: [ app_init ] --END-- [ RunTime:0.000415s ]

[ 2015-04-18T13:00:18+08:00 ] 127.0.0.1 /1/index.php/Home/Detail/detail_good/id/145.html
INFO: [ app_init ] --START--
INFO: Run Behavior\BuildLiteBehavior [ RunTime:0.000023s ]
INFO: [ app_init ] --END-- [ RunTime:0.000411s ]

[ 2015-04-18T13:00:18+08:00 ] 127.0.0.1 /1/index.php/Home/Detail/detail_good/id/css/slippry.css
INFO: [ app_init ] --START--
INFO: Run Behavior\BuildLiteBehavior [ RunTime:0.000024s ]
INFO: [ app_init ] --END-- [ RunTime:0.000379s ]

[ 2015-04-18T13:00:18+08:00 ] 127.0.0.1 /1/index.php/Home/Pro/commentAjax.html
INFO: [ app_init ] --START--
INFO: Run Behavior\BuildLiteBehavior [ RunTime:0.000082s ]
INFO: [ app_init ] --END-- [ RunTime:0.000897s ]
INFO: [ app_begin ] --START--
INFO: Run Behavior\ReadHtmlCacheBehavior [ RunTime:0.000790s ]
INFO: [ app_begin ] --END-- [ RunTime:0.000968s ]
SQL: SHOW COLUMNS FROM `comment` [ RunTime:0.033341s ]
SQL: SELECT * FROM `comment` WHERE `good_id` = 145 ORDER BY add_time desc LIMIT 8   [ RunTime:0.000632s ]

[ 2015-04-18T13:02:46+08:00 ] 127.0.0.1 /1/index.php/Home/Detail/detail_good/id/css/slippry.css
INFO: [ app_init ] --START--
INFO: Run Behavior\BuildLiteBehavior [ RunTime:0.000043s ]
INFO: [ app_init ] --END-- [ RunTime:0.000714s ]

[ 2015-04-18T13:08:38+08:00 ] 127.0.0.1 /1/index.php/Home/Detail
INFO: [ app_init ] --START--
INFO: Run Behavior\BuildLiteBehavior [ RunTime:0.000024s ]
INFO: [ app_init ] --END-- [ RunTime:0.000424s ]

[ 2015-04-18T13:08:39+08:00 ] 127.0.0.1 /1/index.php/Home/css/slippry.css
INFO: [ app_init ] --START--
INFO: Run Behavior\BuildLiteBehavior [ RunTime:0.000037s ]
INFO: [ app_init ] --END-- [ RunTime:0.000653s ]
ERR: 无法加载控制器:Css

[ 2015-04-18T13:08:39+08:00 ] 127.0.0.1 /1/index.php/Home/Pro/commentAjax.html
INFO: [ app_init ] --START--
INFO: Run Behavior\BuildLiteBehavior [ RunTime:0.000408s ]
INFO: [ app_init ] --END-- [ RunTime:0.002539s ]
INFO: [ app_begin ] --START--
INFO: Run Behavior\ReadHtmlCacheBehavior [ RunTime:0.001106s ]
INFO: [ app_begin ] --END-- [ RunTime:0.001573s ]
SQL: SHOW COLUMNS FROM `comment` [ RunTime:0.009153s ]
SQL: SELECT * FROM `comment` WHERE `good_id` = 0 ORDER BY add_time desc LIMIT 8   [ RunTime:0.001622s ]

[ 2015-04-18T13:12:43+08:00 ] 127.0.0.1 /1/index.php/Home/Pro/commentAjax.html
INFO: [ app_init ] --START--
INFO: Run Behavior\BuildLiteBehavior [ RunTime:0.000088s ]
INFO: [ app_init ] --END-- [ RunTime:0.002217s ]
INFO: [ app_begin ] --START--
INFO: Run Behavior\ReadHtmlCacheBehavior [ RunTime:0.001310s ]
INFO: [ app_begin ] --END-- [ RunTime:0.001614s ]
SQL: SHOW COLUMNS FROM `comment` [ RunTime:0.006172s ]
SQL: SELECT * FROM `comment` WHERE `good_id` = 145 ORDER BY add_time desc LIMIT 8   [ RunTime:0.000934s ]

[ 2015-04-18T13:13:22+08:00 ] 127.0.0.1 /1/index.php/Home/Detail/detail_good/id/css/slippry.css
INFO: [ app_init ] --START--
INFO: Run Behavior\BuildLiteBehavior [ RunTime:0.000026s ]
INFO: [ app_init ] --END-- [ RunTime:0.000453s ]

[ 2015-04-18T13:36:47+08:00 ] 127.0.0.1 /1/index.php/Home/Index/index.html
INFO: [ app_init ] --START--
INFO: Run Behavior\BuildLiteBehavior [ RunTime:0.000026s ]
INFO: [ app_init ] --END-- [ RunTime:0.000569s ]

[ 2015-04-18T13:36:47+08:00 ] 127.0.0.1 /1/index.php/Home/Index/css/slippry.css
INFO: [ app_init ] --START--
INFO: Run Behavior\BuildLiteBehavior [ RunTime:0.000078s ]
INFO: [ app_init ] --END-- [ RunTime:0.000666s ]
ERR: 非法操作:css

[ 2015-04-18T13:36:47+08:00 ] 127.0.0.1 /1/index.php/Home/Index/js/jstarbox.js
INFO: [ app_init ] --START--
INFO: Run Behavior\BuildLiteBehavior [ RunTime:0.000036s ]
INFO: [ app_init ] --END-- [ RunTime:0.000639s ]
ERR: 非法操作:js

[ 2015-04-18T13:36:47+08:00 ] 127.0.0.1 /1/index.php/Home/Index/css/jstarbox.css
INFO: [ app_init ] --START--
INFO: Run Behavior\BuildLiteBehavior [ RunTime:0.000041s ]
INFO: [ app_init ] --END-- [ RunTime:0.000759s ]
ERR: 非法操作:css

[ 2015-04-18T13:36:54+08:00 ] 127.0.0.1 /1/index.php/Home/Detail/detail_good/id/143.html
INFO: [ app_init ] --START--
INFO: Run Behavior\BuildLiteBehavior [ RunTime:0.000027s ]
INFO: [ app_init ] --END-- [ RunTime:0.000425s ]

[ 2015-04-18T13:36:54+08:00 ] 127.0.0.1 /1/index.php/Home/Detail/detail_good/id/css/slippry.css
INFO: [ app_init ] --START--
INFO: Run Behavior\BuildLiteBehavior [ RunTime:0.000025s ]
INFO: [ app_init ] --END-- [ RunTime:0.000367s ]

[ 2015-04-18T13:36:55+08:00 ] 127.0.0.1 /1/index.php/Home/Pro/commentAjax.html
INFO: [ app_init ] --START--
INFO: Run Behavior\BuildLiteBehavior [ RunTime:0.000053s ]
INFO: [ app_init ] --END-- [ RunTime:0.000764s ]
INFO: [ app_begin ] --START--
INFO: Run Behavior\ReadHtmlCacheBehavior [ RunTime:0.001113s ]
INFO: [ app_begin ] --END-- [ RunTime:0.001353s ]
SQL: SHOW COLUMNS FROM `comment` [ RunTime:0.005698s ]
SQL: SELECT * FROM `comment` WHERE `good_id` = 143 ORDER BY add_time desc LIMIT 8   [ RunTime:0.000517s ]

[ 2015-04-18T13:37:05+08:00 ] 127.0.0.1 /1/index.php/Home/Detail/detail_good/id/css/slippry.css
INFO: [ app_init ] --START--
INFO: Run Behavior\BuildLiteBehavior [ RunTime:0.000041s ]
INFO: [ app_init ] --END-- [ RunTime:0.000616s ]

[ 2015-04-18T13:38:04+08:00 ] 127.0.0.1 /1/index.php/Home/Detail/detail_good/id/143.html
INFO: [ app_init ] --START--
INFO: Run Behavior\BuildLiteBehavior [ RunTime:0.000061s ]
INFO: [ app_init ] --END-- [ RunTime:0.000792s ]

[ 2015-04-18T13:38:05+08:00 ] 127.0.0.1 /1/index.php/Home/Detail/detail_good/id/css/slippry.css
INFO: [ app_init ] --START--
INFO: Run Behavior\BuildLiteBehavior [ RunTime:0.000025s ]
INFO: [ app_init ] --END-- [ RunTime:0.000367s ]

[ 2015-04-18T13:38:05+08:00 ] 127.0.0.1 /1/index.php/Home/Pro/commentAjax.html
INFO: [ app_init ] --START--
INFO: Run Behavior\BuildLiteBehavior [ RunTime:0.000036s ]
INFO: [ app_init ] --END-- [ RunTime:0.001630s ]
INFO: [ app_begin ] --START--
INFO: Run Behavior\ReadHtmlCacheBehavior [ RunTime:0.001649s ]
INFO: [ app_begin ] --END-- [ RunTime:0.002796s ]
SQL: SHOW COLUMNS FROM `comment` [ RunTime:0.004742s ]
SQL: SELECT * FROM `comment` WHERE `good_id` = 143 ORDER BY add_time desc LIMIT 8   [ RunTime:0.000431s ]

[ 2015-04-18T13:38:46+08:00 ] 127.0.0.1 /1/index.php/Home/Index/index.html
INFO: [ app_init ] --START--
INFO: Run Behavior\BuildLiteBehavior [ RunTime:0.000042s ]
INFO: [ app_init ] --END-- [ RunTime:0.001123s ]

[ 2015-04-18T13:38:46+08:00 ] 127.0.0.1 /1/index.php/Home/Index/css/slippry.css
INFO: [ app_init ] --START--
INFO: Run Behavior\BuildLiteBehavior [ RunTime:0.000039s ]
INFO: [ app_init ] --END-- [ RunTime:0.000589s ]
ERR: 非法操作:css

[ 2015-04-18T13:38:46+08:00 ] 127.0.0.1 /1/index.php/Home/Index/js/jstarbox.js
INFO: [ app_init ] --START--
INFO: Run Behavior\BuildLiteBehavior [ RunTime:0.000044s ]
INFO: [ app_init ] --END-- [ RunTime:0.000625s ]
ERR: 非法操作:js

[ 2015-04-18T13:38:46+08:00 ] 127.0.0.1 /1/index.php/Home/Index/css/jstarbox.css
INFO: [ app_init ] --START--
INFO: Run Behavior\BuildLiteBehavior [ RunTime:0.000040s ]
INFO: [ app_init ] --END-- [ RunTime:0.000625s ]
ERR: 非法操作:css

[ 2015-04-18T13:38:49+08:00 ] 127.0.0.1 /1/index.php/Home/Detail/detail_good/id/144.html
INFO: [ app_init ] --START--
INFO: Run Behavior\BuildLiteBehavior [ RunTime:0.000026s ]
INFO: [ app_init ] --END-- [ RunTime:0.000465s ]

[ 2015-04-18T13:38:49+08:00 ] 127.0.0.1 /1/index.php/Home/Detail/detail_good/id/css/slippry.css
INFO: [ app_init ] --START--
INFO: Run Behavior\BuildLiteBehavior [ RunTime:0.000027s ]
INFO: [ app_init ] --END-- [ RunTime:0.000702s ]

[ 2015-04-18T13:38:50+08:00 ] 127.0.0.1 /1/index.php/Home/Pro/commentAjax.html
INFO: [ app_init ] --START--
INFO: Run Behavior\BuildLiteBehavior [ RunTime:0.000046s ]
INFO: [ app_init ] --END-- [ RunTime:0.000856s ]
INFO: [ app_begin ] --START--
INFO: Run Behavior\ReadHtmlCacheBehavior [ RunTime:0.000877s ]
INFO: [ app_begin ] --END-- [ RunTime:0.001106s ]
SQL: SHOW COLUMNS FROM `comment` [ RunTime:0.003672s ]
SQL: SELECT * FROM `comment` WHERE `good_id` = 144 ORDER BY add_time desc LIMIT 8   [ RunTime:0.000443s ]

[ 2015-04-18T13:38:56+08:00 ] 127.0.0.1 /1/index.php/Home/Index/index.html
INFO: [ app_init ] --START--
INFO: Run Behavior\BuildLiteBehavior [ RunTime:0.000083s ]
INFO: [ app_init ] --END-- [ RunTime:0.000716s ]

[ 2015-04-18T13:38:56+08:00 ] 127.0.0.1 /1/index.php/Home/Index/css/slippry.css
INFO: [ app_init ] --START--
INFO: Run Behavior\BuildLiteBehavior [ RunTime:0.000030s ]
INFO: [ app_init ] --END-- [ RunTime:0.000479s ]
ERR: 非法操作:css

[ 2015-04-18T13:38:56+08:00 ] 127.0.0.1 /1/index.php/Home/Index/css/jstarbox.css
INFO: [ app_init ] --START--
INFO: Run Behavior\BuildLiteBehavior [ RunTime:0.000045s ]
INFO: [ app_init ] --END-- [ RunTime:0.000729s ]
ERR: 非法操作:css

[ 2015-04-18T13:38:56+08:00 ] 127.0.0.1 /1/index.php/Home/Index/js/jstarbox.js
INFO: [ app_init ] --START--
INFO: Run Behavior\BuildLiteBehavior [ RunTime:0.000048s ]
INFO: [ app_init ] --END-- [ RunTime:0.000746s ]
ERR: 非法操作:js

[ 2015-04-18T13:38:57+08:00 ] 127.0.0.1 /1/index.php/Home/Detail/detail_good/id/145.html
INFO: [ app_init ] --START--
INFO: Run Behavior\BuildLiteBehavior [ RunTime:0.000023s ]
INFO: [ app_init ] --END-- [ RunTime:0.000508s ]

[ 2015-04-18T13:38:57+08:00 ] 127.0.0.1 /1/index.php/Home/Detail/detail_good/id/css/slippry.css
INFO: [ app_init ] --START--
INFO: Run Behavior\BuildLiteBehavior [ RunTime:0.000073s ]
INFO: [ app_init ] --END-- [ RunTime:0.001312s ]

[ 2015-04-18T13:38:57+08:00 ] 127.0.0.1 /1/index.php/Home/Pro/commentAjax.html
INFO: [ app_init ] --START--
INFO: Run Behavior\BuildLiteBehavior [ RunTime:0.000035s ]
INFO: [ app_init ] --END-- [ RunTime:0.000640s ]
INFO: [ app_begin ] --START--
INFO: Run Behavior\ReadHtmlCacheBehavior [ RunTime:0.002373s ]
INFO: [ app_begin ] --END-- [ RunTime:0.002746s ]
SQL: SHOW COLUMNS FROM `comment` [ RunTime:0.007098s ]
SQL: SELECT * FROM `comment` WHERE `good_id` = 145 ORDER BY add_time desc LIMIT 8   [ RunTime:0.001016s ]

[ 2015-04-18T13:39:44+08:00 ] 127.0.0.1 /1/index.php/Home/Detail/detail_good/id/145.html
INFO: [ app_init ] --START--
INFO: Run Behavior\BuildLiteBehavior [ RunTime:0.000026s ]
INFO: [ app_init ] --END-- [ RunTime:0.000413s ]

[ 2015-04-18T13:39:44+08:00 ] 127.0.0.1 /1/index.php/Home/Detail/detail_good/id/css/slippry.css
INFO: [ app_init ] --START--
INFO: Run Behavior\BuildLiteBehavior [ RunTime:0.000025s ]
INFO: [ app_init ] --END-- [ RunTime:0.000479s ]

[ 2015-04-18T13:39:44+08:00 ] 127.0.0.1 /1/index.php/Home/Pro/commentAjax.html
INFO: [ app_init ] --START--
INFO: Run Behavior\BuildLiteBehavior [ RunTime:0.000106s ]
INFO: [ app_init ] --END-- [ RunTime:0.001011s ]
INFO: [ app_begin ] --START--
INFO: Run Behavior\ReadHtmlCacheBehavior [ RunTime:0.001570s ]
INFO: [ app_begin ] --END-- [ RunTime:0.001866s ]
SQL: SHOW COLUMNS FROM `comment` [ RunTime:0.003175s ]
SQL: SELECT * FROM `comment` WHERE `good_id` = 145 ORDER BY add_time desc LIMIT 8   [ RunTime:0.000535s ]

[ 2015-04-18T13:41:08+08:00 ] 127.0.0.1 /1/index.php/Home/Detail/detail_good/id/145.html
INFO: [ app_init ] --START--
INFO: Run Behavior\BuildLiteBehavior [ RunTime:0.000069s ]
INFO: [ app_init ] --END-- [ RunTime:0.001247s ]

[ 2015-04-18T13:41:08+08:00 ] 127.0.0.1 /1/index.php/Home/Detail/detail_good/id/css/slippry.css
INFO: [ app_init ] --START--
INFO: Run Behavior\BuildLiteBehavior [ RunTime:0.000026s ]
INFO: [ app_init ] --END-- [ RunTime:0.000389s ]

[ 2015-04-18T13:41:08+08:00 ] 127.0.0.1 /1/index.php/Home/Pro/commentAjax.html
INFO: [ app_init ] --START--
INFO: Run Behavior\BuildLiteBehavior [ RunTime:0.000051s ]
INFO: [ app_init ] --END-- [ RunTime:0.001288s ]
INFO: [ app_begin ] --START--
INFO: Run Behavior\ReadHtmlCacheBehavior [ RunTime:0.001155s ]
INFO: [ app_begin ] --END-- [ RunTime:0.001382s ]
SQL: SHOW COLUMNS FROM `comment` [ RunTime:0.003253s ]
SQL: SELECT * FROM `comment` WHERE `good_id` = 145 ORDER BY add_time desc LIMIT 8   [ RunTime:0.000541s ]

[ 2015-04-18T13:42:16+08:00 ] 127.0.0.1 /1/index.php/Home/Detail/detail_good/id/145.html
INFO: [ app_init ] --START--
INFO: Run Behavior\BuildLiteBehavior [ RunTime:0.000027s ]
INFO: [ app_init ] --END-- [ RunTime:0.000452s ]

[ 2015-04-18T13:42:17+08:00 ] 127.0.0.1 /1/index.php/Home/Detail/detail_good/id/css/slippry.css
INFO: [ app_init ] --START--
INFO: Run Behavior\BuildLiteBehavior [ RunTime:0.000025s ]
INFO: [ app_init ] --END-- [ RunTime:0.000403s ]

[ 2015-04-18T13:42:17+08:00 ] 127.0.0.1 /1/index.php/Home/Pro/commentAjax.html
INFO: [ app_init ] --START--
INFO: Run Behavior\BuildLiteBehavior [ RunTime:0.000052s ]
INFO: [ app_init ] --END-- [ RunTime:0.002170s ]
INFO: [ app_begin ] --START--
INFO: Run Behavior\ReadHtmlCacheBehavior [ RunTime:0.001200s ]
INFO: [ app_begin ] --END-- [ RunTime:0.001452s ]
SQL: SHOW COLUMNS FROM `comment` [ RunTime:0.007578s ]
SQL: SELECT * FROM `comment` WHERE `good_id` = 145 ORDER BY add_time desc LIMIT 8   [ RunTime:0.000708s ]

[ 2015-04-18T13:43:17+08:00 ] 127.0.0.1 /1/index.php/Home/Detail/detail_good/id/145.html
INFO: [ app_init ] --START--
INFO: Run Behavior\BuildLiteBehavior [ RunTime:0.000023s ]
INFO: [ app_init ] --END-- [ RunTime:0.000452s ]

[ 2015-04-18T13:43:17+08:00 ] 127.0.0.1 /1/index.php/Home/Detail/detail_good/id/css/slippry.css
INFO: [ app_init ] --START--
INFO: Run Behavior\BuildLiteBehavior [ RunTime:0.000025s ]
INFO: [ app_init ] --END-- [ RunTime:0.000395s ]

[ 2015-04-18T13:43:17+08:00 ] 127.0.0.1 /1/index.php/Home/Pro/commentAjax.html
INFO: [ app_init ] --START--
INFO: Run Behavior\BuildLiteBehavior [ RunTime:0.000058s ]
INFO: [ app_init ] --END-- [ RunTime:0.000904s ]
INFO: [ app_begin ] --START--
INFO: Run Behavior\ReadHtmlCacheBehavior [ RunTime:0.001583s ]
INFO: [ app_begin ] --END-- [ RunTime:0.001796s ]
SQL: SHOW COLUMNS FROM `comment` [ RunTime:0.004885s ]
SQL: SELECT * FROM `comment` WHERE `good_id` = 145 ORDER BY add_time desc LIMIT 8   [ RunTime:0.000561s ]

[ 2015-04-18T13:47:04+08:00 ] 127.0.0.1 /1/index.php/Home/Detail/detail_good/id/145.html
INFO: [ app_init ] --START--
INFO: Run Behavior\BuildLiteBehavior [ RunTime:0.000024s ]
INFO: [ app_init ] --END-- [ RunTime:0.000558s ]

[ 2015-04-18T13:47:04+08:00 ] 127.0.0.1 /1/index.php/Home/Detail/detail_good/id/css/slippry.css
INFO: [ app_init ] --START--
INFO: Run Behavior\BuildLiteBehavior [ RunTime:0.000025s ]
INFO: [ app_init ] --END-- [ RunTime:0.000448s ]

[ 2015-04-18T13:47:04+08:00 ] 127.0.0.1 /1/index.php/Home/Pro/commentAjax.html
INFO: [ app_init ] --START--
INFO: Run Behavior\BuildLiteBehavior [ RunTime:0.000045s ]
INFO: [ app_init ] --END-- [ RunTime:0.000983s ]
INFO: [ app_begin ] --START--
INFO: Run Behavior\ReadHtmlCacheBehavior [ RunTime:0.002189s ]
INFO: [ app_begin ] --END-- [ RunTime:0.002542s ]
SQL: SHOW COLUMNS FROM `comment` [ RunTime:0.007728s ]
SQL: SELECT * FROM `comment` WHERE `good_id` = 145 ORDER BY add_time desc LIMIT 8   [ RunTime:0.001386s ]

[ 2015-04-18T13:47:16+08:00 ] 127.0.0.1 /1/index.php/Home/Detail/detail_good/id/145.html
INFO: [ app_init ] --START--
INFO: Run Behavior\BuildLiteBehavior [ RunTime:0.000025s ]
INFO: [ app_init ] --END-- [ RunTime:0.000417s ]

[ 2015-04-18T13:47:16+08:00 ] 127.0.0.1 /1/index.php/Home/Detail/detail_good/id/css/slippry.css
INFO: [ app_init ] --START--
INFO: Run Behavior\BuildLiteBehavior [ RunTime:0.000025s ]
INFO: [ app_init ] --END-- [ RunTime:0.000387s ]

[ 2015-04-18T13:47:16+08:00 ] 127.0.0.1 /1/index.php/Home/Pro/commentAjax.html
INFO: [ app_init ] --START--
INFO: Run Behavior\BuildLiteBehavior [ RunTime:0.000046s ]
INFO: [ app_init ] --END-- [ RunTime:0.000904s ]
INFO: [ app_begin ] --START--
INFO: Run Behavior\ReadHtmlCacheBehavior [ RunTime:0.002845s ]
INFO: [ app_begin ] --END-- [ RunTime:0.003629s ]
SQL: SHOW COLUMNS FROM `comment` [ RunTime:0.003037s ]
SQL: SELECT * FROM `comment` WHERE `good_id` = 145 ORDER BY add_time desc LIMIT 8   [ RunTime:0.000586s ]

[ 2015-04-18T13:49:12+08:00 ] 127.0.0.1 /1/index.php/Home/Detail/detail_good/id/145.html
INFO: [ app_init ] --START--
INFO: Run Behavior\BuildLiteBehavior [ RunTime:0.000025s ]
INFO: [ app_init ] --END-- [ RunTime:0.000401s ]

[ 2015-04-18T13:49:13+08:00 ] 127.0.0.1 /1/index.php/Home/Detail/detail_good/id/css/slippry.css
INFO: [ app_init ] --START--
INFO: Run Behavior\BuildLiteBehavior [ RunTime:0.000043s ]
INFO: [ app_init ] --END-- [ RunTime:0.000780s ]

[ 2015-04-18T13:49:13+08:00 ] 127.0.0.1 /1/index.php/Home/Pro/commentAjax.html
INFO: [ app_init ] --START--
INFO: Run Behavior\BuildLiteBehavior [ RunTime:0.000089s ]
INFO: [ app_init ] --END-- [ RunTime:0.001962s ]
INFO: [ app_begin ] --START--
INFO: Run Behavior\ReadHtmlCacheBehavior [ RunTime:0.001245s ]
INFO: [ app_begin ] --END-- [ RunTime:0.001491s ]
SQL: SHOW COLUMNS FROM `comment` [ RunTime:0.003166s ]
SQL: SELECT * FROM `comment` WHERE `good_id` = 145 ORDER BY add_time desc LIMIT 8   [ RunTime:0.000574s ]

[ 2015-04-18T13:49:27+08:00 ] 127.0.0.1 /1/index.php/Home/Detail/detail_good/id/145.html
INFO: [ app_init ] --START--
INFO: Run Behavior\BuildLiteBehavior [ RunTime:0.000028s ]
INFO: [ app_init ] --END-- [ RunTime:0.000401s ]

[ 2015-04-18T13:49:27+08:00 ] 127.0.0.1 /1/index.php/Home/Detail/detail_good/id/css/slippry.css
INFO: [ app_init ] --START--
INFO: Run Behavior\BuildLiteBehavior [ RunTime:0.000027s ]
INFO: [ app_init ] --END-- [ RunTime:0.000390s ]

[ 2015-04-18T13:49:27+08:00 ] 127.0.0.1 /1/index.php/Home/Pro/commentAjax.html
INFO: [ app_init ] --START--
INFO: Run Behavior\BuildLiteBehavior [ RunTime:0.000132s ]
INFO: [ app_init ] --END-- [ RunTime:0.001218s ]
INFO: [ app_begin ] --START--
INFO: Run Behavior\ReadHtmlCacheBehavior [ RunTime:0.001561s ]
INFO: [ app_begin ] --END-- [ RunTime:0.001911s ]
SQL: SHOW COLUMNS FROM `comment` [ RunTime:0.007393s ]
SQL: SELECT * FROM `comment` WHERE `good_id` = 145 ORDER BY add_time desc LIMIT 8   [ RunTime:0.000777s ]

[ 2015-04-18T13:50:16+08:00 ] 127.0.0.1 /1/index.php/Home/Detail/detail_good/id/145.html
INFO: [ app_init ] --START--
INFO: Run Behavior\BuildLiteBehavior [ RunTime:0.000027s ]
INFO: [ app_init ] --END-- [ RunTime:0.000420s ]

[ 2015-04-18T13:50:16+08:00 ] 127.0.0.1 /1/index.php/Home/Detail/detail_good/id/css/slippry.css
INFO: [ app_init ] --START--
INFO: Run Behavior\BuildLiteBehavior [ RunTime:0.000045s ]
INFO: [ app_init ] --END-- [ RunTime:0.000638s ]

[ 2015-04-18T13:50:16+08:00 ] 127.0.0.1 /1/index.php/Home/Pro/commentAjax.html
INFO: [ app_init ] --START--
INFO: Run Behavior\BuildLiteBehavior [ RunTime:0.000042s ]
INFO: [ app_init ] --END-- [ RunTime:0.000786s ]
INFO: [ app_begin ] --START--
INFO: Run Behavior\ReadHtmlCacheBehavior [ RunTime:0.001007s ]
INFO: [ app_begin ] --END-- [ RunTime:0.001229s ]
SQL: SHOW COLUMNS FROM `comment` [ RunTime:0.008832s ]
SQL: SELECT * FROM `comment` WHERE `good_id` = 145 ORDER BY add_time desc LIMIT 8   [ RunTime:0.001094s ]

[ 2015-04-18T13:50:53+08:00 ] 127.0.0.1 /1/index.php/Home/Detail/detail_good/id/145.html
INFO: [ app_init ] --START--
INFO: Run Behavior\BuildLiteBehavior [ RunTime:0.000024s ]
INFO: [ app_init ] --END-- [ RunTime:0.000371s ]

[ 2015-04-18T13:50:54+08:00 ] 127.0.0.1 /1/index.php/Home/Detail/detail_good/id/css/slippry.css
INFO: [ app_init ] --START--
INFO: Run Behavior\BuildLiteBehavior [ RunTime:0.000025s ]
INFO: [ app_init ] --END-- [ RunTime:0.000441s ]

[ 2015-04-18T13:50:54+08:00 ] 127.0.0.1 /1/index.php/Home/Pro/commentAjax.html
INFO: [ app_init ] --START--
INFO: Run Behavior\BuildLiteBehavior [ RunTime:0.000047s ]
INFO: [ app_init ] --END-- [ RunTime:0.000843s ]
INFO: [ app_begin ] --START--
INFO: Run Behavior\ReadHtmlCacheBehavior [ RunTime:0.001219s ]
INFO: [ app_begin ] --END-- [ RunTime:0.001546s ]
SQL: SHOW COLUMNS FROM `comment` [ RunTime:0.005439s ]
SQL: SELECT * FROM `comment` WHERE `good_id` = 145 ORDER BY add_time desc LIMIT 8   [ RunTime:0.000553s ]

[ 2015-04-18T13:51:58+08:00 ] 127.0.0.1 /1/index.php/Home/Detail/detail_good/id/145.html
INFO: [ app_init ] --START--
INFO: Run Behavior\BuildLiteBehavior [ RunTime:0.000026s ]
INFO: [ app_init ] --END-- [ RunTime:0.000488s ]

[ 2015-04-18T13:51:58+08:00 ] 127.0.0.1 /1/index.php/Home/Detail/detail_good/id/css/slippry.css
INFO: [ app_init ] --START--
INFO: Run Behavior\BuildLiteBehavior [ RunTime:0.000026s ]
INFO: [ app_init ] --END-- [ RunTime:0.000530s ]

[ 2015-04-18T13:51:58+08:00 ] 127.0.0.1 /1/index.php/Home/Pro/commentAjax.html
INFO: [ app_init ] --START--
INFO: Run Behavior\BuildLiteBehavior [ RunTime:0.000050s ]
INFO: [ app_init ] --END-- [ RunTime:0.000760s ]
INFO: [ app_begin ] --START--
INFO: Run Behavior\ReadHtmlCacheBehavior [ RunTime:0.000545s ]
INFO: [ app_begin ] --END-- [ RunTime:0.000652s ]
SQL: SHOW COLUMNS FROM `comment` [ RunTime:0.006236s ]
SQL: SELECT * FROM `comment` WHERE `good_id` = 145 ORDER BY add_time desc LIMIT 8   [ RunTime:0.000557s ]

[ 2015-04-18T13:53:40+08:00 ] 127.0.0.1 /1/index.php/Home/Detail/detail_good/id/145.html
INFO: [ app_init ] --START--
INFO: Run Behavior\BuildLiteBehavior [ RunTime:0.000023s ]
INFO: [ app_init ] --END-- [ RunTime:0.000393s ]

[ 2015-04-18T13:53:40+08:00 ] 127.0.0.1 /1/index.php/Home/Detail/detail_good/id/css/slippry.css
INFO: [ app_init ] --START--
INFO: Run Behavior\BuildLiteBehavior [ RunTime:0.000024s ]
INFO: [ app_init ] --END-- [ RunTime:0.000410s ]

[ 2015-04-18T13:53:40+08:00 ] 127.0.0.1 /1/index.php/Home/Pro/commentAjax.html
INFO: [ app_init ] --START--
INFO: Run Behavior\BuildLiteBehavior [ RunTime:0.000162s ]
INFO: [ app_init ] --END-- [ RunTime:0.003067s ]
INFO: [ app_begin ] --START--
INFO: Run Behavior\ReadHtmlCacheBehavior [ RunTime:0.000676s ]
INFO: [ app_begin ] --END-- [ RunTime:0.000800s ]
SQL: SHOW COLUMNS FROM `comment` [ RunTime:0.003907s ]
SQL: SELECT * FROM `comment` WHERE `good_id` = 145 ORDER BY add_time desc LIMIT 8   [ RunTime:0.000594s ]

[ 2015-04-18T13:54:02+08:00 ] 127.0.0.1 /1/index.php/Home/Detail/detail_good/id/145.html
INFO: [ app_init ] --START--
INFO: Run Behavior\BuildLiteBehavior [ RunTime:0.000027s ]
INFO: [ app_init ] --END-- [ RunTime:0.000389s ]

[ 2015-04-18T13:54:02+08:00 ] 127.0.0.1 /1/index.php/Home/Detail/detail_good/id/css/slippry.css
INFO: [ app_init ] --START--
INFO: Run Behavior\BuildLiteBehavior [ RunTime:0.000025s ]
INFO: [ app_init ] --END-- [ RunTime:0.000421s ]

[ 2015-04-18T13:54:02+08:00 ] 127.0.0.1 /1/index.php/Home/Pro/commentAjax.html
INFO: [ app_init ] --START--
INFO: Run Behavior\BuildLiteBehavior [ RunTime:0.000172s ]
INFO: [ app_init ] --END-- [ RunTime:0.001720s ]
INFO: [ app_begin ] --START--
INFO: Run Behavior\ReadHtmlCacheBehavior [ RunTime:0.000984s ]
INFO: [ app_begin ] --END-- [ RunTime:0.001177s ]
SQL: SHOW COLUMNS FROM `comment` [ RunTime:0.006800s ]
SQL: SELECT * FROM `comment` WHERE `good_id` = 145 ORDER BY add_time desc LIMIT 8   [ RunTime:0.001945s ]

[ 2015-04-18T13:54:25+08:00 ] 127.0.0.1 /1/index.php/Home/Detail/detail_good/id/145.html
INFO: [ app_init ] --START--
INFO: Run Behavior\BuildLiteBehavior [ RunTime:0.000023s ]
INFO: [ app_init ] --END-- [ RunTime:0.000366s ]

[ 2015-04-18T13:54:26+08:00 ] 127.0.0.1 /1/index.php/Home/Detail/detail_good/id/css/slippry.css
INFO: [ app_init ] --START--
INFO: Run Behavior\BuildLiteBehavior [ RunTime:0.000043s ]
INFO: [ app_init ] --END-- [ RunTime:0.000716s ]

[ 2015-04-18T13:54:26+08:00 ] 127.0.0.1 /1/index.php/Home/Pro/commentAjax.html
INFO: [ app_init ] --START--
INFO: Run Behavior\BuildLiteBehavior [ RunTime:0.000123s ]
INFO: [ app_init ] --END-- [ RunTime:0.002029s ]
INFO: [ app_begin ] --START--
INFO: Run Behavior\ReadHtmlCacheBehavior [ RunTime:0.000809s ]
INFO: [ app_begin ] --END-- [ RunTime:0.001005s ]
SQL: SHOW COLUMNS FROM `comment` [ RunTime:0.007275s ]
SQL: SELECT * FROM `comment` WHERE `good_id` = 145 ORDER BY add_time desc LIMIT 8   [ RunTime:0.000639s ]

[ 2015-04-18T14:02:26+08:00 ] 127.0.0.1 /1/index.php/Home/Detail/detail_good/id/145.html
INFO: [ app_init ] --START--
INFO: Run Behavior\BuildLiteBehavior [ RunTime:0.000027s ]
INFO: [ app_init ] --END-- [ RunTime:0.000462s ]

[ 2015-04-18T14:02:26+08:00 ] 127.0.0.1 /1/index.php/Home/Detail/detail_good/id/css/slippry.css
INFO: [ app_init ] --START--
INFO: Run Behavior\BuildLiteBehavior [ RunTime:0.000028s ]
INFO: [ app_init ] --END-- [ RunTime:0.000551s ]

[ 2015-04-18T14:02:27+08:00 ] 127.0.0.1 /1/index.php/Home/Pro/commentAjax.html
INFO: [ app_init ] --START--
INFO: Run Behavior\BuildLiteBehavior [ RunTime:0.000047s ]
INFO: [ app_init ] --END-- [ RunTime:0.001988s ]
INFO: [ app_begin ] --START--
INFO: Run Behavior\ReadHtmlCacheBehavior [ RunTime:0.000985s ]
INFO: [ app_begin ] --END-- [ RunTime:0.001189s ]
SQL: SHOW COLUMNS FROM `comment` [ RunTime:0.006761s ]
SQL: SELECT * FROM `comment` WHERE `good_id` = 145 ORDER BY add_time desc LIMIT 8   [ RunTime:0.001442s ]

[ 2015-04-18T14:02:54+08:00 ] 127.0.0.1 /1/index.php/Home/Detail/detail_good/id/145.html
INFO: [ app_init ] --START--
INFO: Run Behavior\BuildLiteBehavior [ RunTime:0.000023s ]
INFO: [ app_init ] --END-- [ RunTime:0.000398s ]

[ 2015-04-18T14:02:54+08:00 ] 127.0.0.1 /1/index.php/Home/Detail/detail_good/id/css/slippry.css
INFO: [ app_init ] --START--
INFO: Run Behavior\BuildLiteBehavior [ RunTime:0.000027s ]
INFO: [ app_init ] --END-- [ RunTime:0.000491s ]

[ 2015-04-18T14:02:54+08:00 ] 127.0.0.1 /1/index.php/Home/Pro/commentAjax.html
INFO: [ app_init ] --START--
INFO: Run Behavior\BuildLiteBehavior [ RunTime:0.000049s ]
INFO: [ app_init ] --END-- [ RunTime:0.001104s ]
INFO: [ app_begin ] --START--
INFO: Run Behavior\ReadHtmlCacheBehavior [ RunTime:0.001363s ]
INFO: [ app_begin ] --END-- [ RunTime:0.001631s ]
SQL: SHOW COLUMNS FROM `comment` [ RunTime:0.003033s ]
SQL: SELECT * FROM `comment` WHERE `good_id` = 145 ORDER BY add_time desc LIMIT 8   [ RunTime:0.000568s ]

[ 2015-04-18T14:06:21+08:00 ] 127.0.0.1 /1/index.php/Home/Detail/detail_good/id/145.html
INFO: [ app_init ] --START--
INFO: Run Behavior\BuildLiteBehavior [ RunTime:0.000027s ]
INFO: [ app_init ] --END-- [ RunTime:0.000445s ]

[ 2015-04-18T14:06:21+08:00 ] 127.0.0.1 /1/index.php/Home/Detail/detail_good/id/css/slippry.css
INFO: [ app_init ] --START--
INFO: Run Behavior\BuildLiteBehavior [ RunTime:0.000043s ]
INFO: [ app_init ] --END-- [ RunTime:0.000986s ]

[ 2015-04-18T14:06:21+08:00 ] 127.0.0.1 /1/index.php/Home/Pro/commentAjax.html
INFO: [ app_init ] --START--
INFO: Run Behavior\BuildLiteBehavior [ RunTime:0.000051s ]
INFO: [ app_init ] --END-- [ RunTime:0.001654s ]
INFO: [ app_begin ] --START--
INFO: Run Behavior\ReadHtmlCacheBehavior [ RunTime:0.000584s ]
INFO: [ app_begin ] --END-- [ RunTime:0.000813s ]
SQL: SHOW COLUMNS FROM `comment` [ RunTime:0.005937s ]
SQL: SELECT * FROM `comment` WHERE `good_id` = 145 ORDER BY add_time desc LIMIT 8   [ RunTime:0.000571s ]

[ 2015-04-18T14:06:44+08:00 ] 127.0.0.1 /1/index.php/Home/Detail/detail_good/id/145.html
INFO: [ app_init ] --START--
INFO: Run Behavior\BuildLiteBehavior [ RunTime:0.000025s ]
INFO: [ app_init ] --END-- [ RunTime:0.000382s ]

[ 2015-04-18T14:06:44+08:00 ] 127.0.0.1 /1/index.php/Home/Detail/detail_good/id/css/slippry.css
INFO: [ app_init ] --START--
INFO: Run Behavior\BuildLiteBehavior [ RunTime:0.000028s ]
INFO: [ app_init ] --END-- [ RunTime:0.000613s ]

[ 2015-04-18T14:06:44+08:00 ] 127.0.0.1 /1/index.php/Home/Pro/commentAjax.html
INFO: [ app_init ] --START--
INFO: Run Behavior\BuildLiteBehavior [ RunTime:0.000118s ]
INFO: [ app_init ] --END-- [ RunTime:0.002273s ]
INFO: [ app_begin ] --START--
INFO: Run Behavior\ReadHtmlCacheBehavior [ RunTime:0.000661s ]
INFO: [ app_begin ] --END-- [ RunTime:0.000770s ]
SQL: SHOW COLUMNS FROM `comment` [ RunTime:0.003194s ]
SQL: SELECT * FROM `comment` WHERE `good_id` = 145 ORDER BY add_time desc LIMIT 8   [ RunTime:0.000567s ]

[ 2015-04-18T14:07:58+08:00 ] 127.0.0.1 /1/index.php/Home/Detail/detail_good/id/145.html
INFO: [ app_init ] --START--
INFO: Run Behavior\BuildLiteBehavior [ RunTime:0.000042s ]
INFO: [ app_init ] --END-- [ RunTime:0.000630s ]

[ 2015-04-18T14:07:58+08:00 ] 127.0.0.1 /1/index.php/Home/Detail/detail_good/id/css/slippry.css
INFO: [ app_init ] --START--
INFO: Run Behavior\BuildLiteBehavior [ RunTime:0.000046s ]
INFO: [ app_init ] --END-- [ RunTime:0.001436s ]

[ 2015-04-18T14:07:58+08:00 ] 127.0.0.1 /1/index.php/Home/Pro/commentAjax.html
INFO: [ app_init ] --START--
INFO: Run Behavior\BuildLiteBehavior [ RunTime:0.000065s ]
INFO: [ app_init ] --END-- [ RunTime:0.001498s ]
INFO: [ app_begin ] --START--
INFO: Run Behavior\ReadHtmlCacheBehavior [ RunTime:0.001272s ]
INFO: [ app_begin ] --END-- [ RunTime:0.001769s ]
SQL: SHOW COLUMNS FROM `comment` [ RunTime:0.008413s ]
SQL: SELECT * FROM `comment` WHERE `good_id` = 145 ORDER BY add_time desc LIMIT 8   [ RunTime:0.001848s ]

[ 2015-04-18T14:08:50+08:00 ] 127.0.0.1 /1/index.php/Home/Detail/detail_good/id/145.html
INFO: [ app_init ] --START--
INFO: Run Behavior\BuildLiteBehavior [ RunTime:0.000052s ]
INFO: [ app_init ] --END-- [ RunTime:0.001186s ]

[ 2015-04-18T14:08:50+08:00 ] 127.0.0.1 /1/index.php/Home/Detail/detail_good/id/css/slippry.css
INFO: [ app_init ] --START--
INFO: Run Behavior\BuildLiteBehavior [ RunTime:0.000047s ]
INFO: [ app_init ] --END-- [ RunTime:0.000672s ]

[ 2015-04-18T14:08:50+08:00 ] 127.0.0.1 /1/index.php/Home/Pro/commentAjax.html
INFO: [ app_init ] --START--
INFO: Run Behavior\BuildLiteBehavior [ RunTime:0.000031s ]
INFO: [ app_init ] --END-- [ RunTime:0.000669s ]
INFO: [ app_begin ] --START--
INFO: Run Behavior\ReadHtmlCacheBehavior [ RunTime:0.002466s ]
INFO: [ app_begin ] --END-- [ RunTime:0.003466s ]
SQL: SHOW COLUMNS FROM `comment` [ RunTime:0.003055s ]
SQL: SELECT * FROM `comment` WHERE `good_id` = 145 ORDER BY add_time desc LIMIT 8   [ RunTime:0.000822s ]

[ 2015-04-18T14:09:33+08:00 ] 127.0.0.1 /1/index.php/Home/Detail/detail_good/id/145.html
INFO: [ app_init ] --START--
INFO: Run Behavior\BuildLiteBehavior [ RunTime:0.000045s ]
INFO: [ app_init ] --END-- [ RunTime:0.000683s ]

[ 2015-04-18T14:09:33+08:00 ] 127.0.0.1 /1/index.php/Home/Detail/detail_good/id/css/slippry.css
INFO: [ app_init ] --START--
INFO: Run Behavior\BuildLiteBehavior [ RunTime:0.000046s ]
INFO: [ app_init ] --END-- [ RunTime:0.000686s ]

[ 2015-04-18T14:09:33+08:00 ] 127.0.0.1 /1/index.php/Home/Pro/commentAjax.html
INFO: [ app_init ] --START--
INFO: Run Behavior\BuildLiteBehavior [ RunTime:0.000028s ]
INFO: [ app_init ] --END-- [ RunTime:0.000553s ]
INFO: [ app_begin ] --START--
INFO: Run Behavior\ReadHtmlCacheBehavior [ RunTime:0.000610s ]
INFO: [ app_begin ] --END-- [ RunTime:0.000729s ]
SQL: SHOW COLUMNS FROM `comment` [ RunTime:0.002937s ]
SQL: SELECT * FROM `comment` WHERE `good_id` = 145 ORDER BY add_time desc LIMIT 8   [ RunTime:0.000565s ]

[ 2015-04-18T14:10:29+08:00 ] 127.0.0.1 /1/index.php/Home/Detail/detail_good/id/145.html
INFO: [ app_init ] --START--
INFO: Run Behavior\BuildLiteBehavior [ RunTime:0.000030s ]
INFO: [ app_init ] --END-- [ RunTime:0.000474s ]

[ 2015-04-18T14:10:29+08:00 ] 127.0.0.1 /1/index.php/Home/Detail/detail_good/id/css/slippry.css
INFO: [ app_init ] --START--
INFO: Run Behavior\BuildLiteBehavior [ RunTime:0.000042s ]
INFO: [ app_init ] --END-- [ RunTime:0.000779s ]

[ 2015-04-18T14:10:29+08:00 ] 127.0.0.1 /1/index.php/Home/Pro/commentAjax.html
INFO: [ app_init ] --START--
INFO: Run Behavior\BuildLiteBehavior [ RunTime:0.000156s ]
INFO: [ app_init ] --END-- [ RunTime:0.001947s ]
INFO: [ app_begin ] --START--
INFO: Run Behavior\ReadHtmlCacheBehavior [ RunTime:0.001502s ]
INFO: [ app_begin ] --END-- [ RunTime:0.001760s ]
SQL: SHOW COLUMNS FROM `comment` [ RunTime:0.005773s ]
SQL: SELECT * FROM `comment` WHERE `good_id` = 145 ORDER BY add_time desc LIMIT 8   [ RunTime:0.000772s ]

[ 2015-04-18T14:11:59+08:00 ] 127.0.0.1 /1/index.php/Home/Detail/detail_good/id/145.html
INFO: [ app_init ] --START--
INFO: Run Behavior\BuildLiteBehavior [ RunTime:0.000024s ]
INFO: [ app_init ] --END-- [ RunTime:0.000392s ]

[ 2015-04-18T14:11:59+08:00 ] 127.0.0.1 /1/index.php/Home/Detail/detail_good/id/css/slippry.css
INFO: [ app_init ] --START--
INFO: Run Behavior\BuildLiteBehavior [ RunTime:0.000030s ]
INFO: [ app_init ] --END-- [ RunTime:0.000489s ]

[ 2015-04-18T14:11:59+08:00 ] 127.0.0.1 /1/index.php/Home/Pro/commentAjax.html
INFO: [ app_init ] --START--
INFO: Run Behavior\BuildLiteBehavior [ RunTime:0.000055s ]
INFO: [ app_init ] --END-- [ RunTime:0.000715s ]
INFO: [ app_begin ] --START--
INFO: Run Behavior\ReadHtmlCacheBehavior [ RunTime:0.002726s ]
INFO: [ app_begin ] --END-- [ RunTime:0.003181s ]
SQL: SHOW COLUMNS FROM `comment` [ RunTime:0.002862s ]
SQL: SELECT * FROM `comment` WHERE `good_id` = 145 ORDER BY add_time desc LIMIT 8   [ RunTime:0.000616s ]

[ 2015-04-18T14:12:12+08:00 ] 127.0.0.1 /1/index.php/Home/Detail/detail_good/id/145.html
INFO: [ app_init ] --START--
INFO: Run Behavior\BuildLiteBehavior [ RunTime:0.000024s ]
INFO: [ app_init ] --END-- [ RunTime:0.000370s ]

[ 2015-04-18T14:12:12+08:00 ] 127.0.0.1 /1/index.php/Home/Detail/detail_good/id/css/slippry.css
INFO: [ app_init ] --START--
INFO: Run Behavior\BuildLiteBehavior [ RunTime:0.000042s ]
INFO: [ app_init ] --END-- [ RunTime:0.000661s ]

[ 2015-04-18T14:12:12+08:00 ] 127.0.0.1 /1/index.php/Home/Pro/commentAjax.html
INFO: [ app_init ] --START--
INFO: Run Behavior\BuildLiteBehavior [ RunTime:0.000047s ]
INFO: [ app_init ] --END-- [ RunTime:0.000697s ]
INFO: [ app_begin ] --START--
INFO: Run Behavior\ReadHtmlCacheBehavior [ RunTime:0.000811s ]
INFO: [ app_begin ] --END-- [ RunTime:0.001021s ]
SQL: SHOW COLUMNS FROM `comment` [ RunTime:0.002906s ]
SQL: SELECT * FROM `comment` WHERE `good_id` = 145 ORDER BY add_time desc LIMIT 8   [ RunTime:0.000568s ]

[ 2015-04-18T14:14:26+08:00 ] 127.0.0.1 /1/index.php/Home/Detail/detail_good/id/145.html
INFO: [ app_init ] --START--
INFO: Run Behavior\BuildLiteBehavior [ RunTime:0.000024s ]
INFO: [ app_init ] --END-- [ RunTime:0.000389s ]

[ 2015-04-18T14:14:26+08:00 ] 127.0.0.1 /1/index.php/Home/Detail/detail_good/id/css/slippry.css
INFO: [ app_init ] --START--
INFO: Run Behavior\BuildLiteBehavior [ RunTime:0.000026s ]
INFO: [ app_init ] --END-- [ RunTime:0.000478s ]

[ 2015-04-18T14:14:26+08:00 ] 127.0.0.1 /1/index.php/Home/Pro/commentAjax.html
INFO: [ app_init ] --START--
INFO: Run Behavior\BuildLiteBehavior [ RunTime:0.000152s ]
INFO: [ app_init ] --END-- [ RunTime:0.001352s ]
INFO: [ app_begin ] --START--
INFO: Run Behavior\ReadHtmlCacheBehavior [ RunTime:0.001499s ]
INFO: [ app_begin ] --END-- [ RunTime:0.001835s ]
SQL: SHOW COLUMNS FROM `comment` [ RunTime:0.002805s ]
SQL: SELECT * FROM `comment` WHERE `good_id` = 145 ORDER BY add_time desc LIMIT 8   [ RunTime:0.000566s ]

[ 2015-04-18T14:14:30+08:00 ] 127.0.0.1 /1/index.php/Home/Index/index.html
INFO: [ app_init ] --START--
INFO: Run Behavior\BuildLiteBehavior [ RunTime:0.000027s ]
INFO: [ app_init ] --END-- [ RunTime:0.000443s ]

[ 2015-04-18T14:14:30+08:00 ] 127.0.0.1 /1/index.php/Home/Index/js/jstarbox.js
INFO: [ app_init ] --START--
INFO: Run Behavior\BuildLiteBehavior [ RunTime:0.000025s ]
INFO: [ app_init ] --END-- [ RunTime:0.000386s ]
ERR: 非法操作:js

[ 2015-04-18T14:14:30+08:00 ] 127.0.0.1 /1/index.php/Home/Index/css/slippry.css
INFO: [ app_init ] --START--
INFO: Run Behavior\BuildLiteBehavior [ RunTime:0.000044s ]
INFO: [ app_init ] --END-- [ RunTime:0.000598s ]
ERR: 非法操作:css

[ 2015-04-18T14:14:30+08:00 ] 127.0.0.1 /1/index.php/Home/Index/css/jstarbox.css
INFO: [ app_init ] --START--
INFO: Run Behavior\BuildLiteBehavior [ RunTime:0.000026s ]
INFO: [ app_init ] --END-- [ RunTime:0.000469s ]
ERR: 非法操作:css

[ 2015-04-18T14:15:55+08:00 ] 127.0.0.1 /1/index.php/Home/Index/index.html
INFO: [ app_init ] --START--
INFO: Run Behavior\BuildLiteBehavior [ RunTime:0.000026s ]
INFO: [ app_init ] --END-- [ RunTime:0.000398s ]

[ 2015-04-18T14:15:55+08:00 ] 127.0.0.1 /1/index.php/Home/Index/css/slippry.css
INFO: [ app_init ] --START--
INFO: Run Behavior\BuildLiteBehavior [ RunTime:0.000047s ]
INFO: [ app_init ] --END-- [ RunTime:0.001255s ]
ERR: 非法操作:css

[ 2015-04-18T14:15:55+08:00 ] 127.0.0.1 /1/index.php/Home/Index/css/jstarbox.css
INFO: [ app_init ] --START--
INFO: Run Behavior\BuildLiteBehavior [ RunTime:0.000070s ]
INFO: [ app_init ] --END-- [ RunTime:0.002096s ]
ERR: 非法操作:css

[ 2015-04-18T14:15:55+08:00 ] 127.0.0.1 /1/index.php/Home/Index/js/jstarbox.js
INFO: [ app_init ] --START--
INFO: Run Behavior\BuildLiteBehavior [ RunTime:0.000040s ]
INFO: [ app_init ] --END-- [ RunTime:0.000440s ]
ERR: 非法操作:js

[ 2015-04-18T14:17:39+08:00 ] 127.0.0.1 /1/index.php/Home/Index/index.html
INFO: [ app_init ] --START--
INFO: Run Behavior\BuildLiteBehavior [ RunTime:0.000027s ]
INFO: [ app_init ] --END-- [ RunTime:0.000490s ]

[ 2015-04-18T14:17:39+08:00 ] 127.0.0.1 /1/index.php/Home/Index/css/slippry.css
INFO: [ app_init ] --START--
INFO: Run Behavior\BuildLiteBehavior [ RunTime:0.000045s ]
INFO: [ app_init ] --END-- [ RunTime:0.000723s ]
ERR: 非法操作:css

[ 2015-04-18T14:17:39+08:00 ] 127.0.0.1 /1/index.php/Home/Index/css/jstarbox.css
INFO: [ app_init ] --START--
INFO: Run Behavior\BuildLiteBehavior [ RunTime:0.000038s ]
INFO: [ app_init ] --END-- [ RunTime:0.000756s ]
ERR: 非法操作:css

[ 2015-04-18T14:17:39+08:00 ] 127.0.0.1 /1/index.php/Home/Index/js/jstarbox.js
INFO: [ app_init ] --START--
INFO: Run Behavior\BuildLiteBehavior [ RunTime:0.000027s ]
INFO: [ app_init ] --END-- [ RunTime:0.000504s ]
ERR: 非法操作:js

[ 2015-04-18T14:18:22+08:00 ] 127.0.0.1 /1/index.php/Home/Detail/detail_good/id/145.html
INFO: [ app_init ] --START--
INFO: Run Behavior\BuildLiteBehavior [ RunTime:0.000034s ]
INFO: [ app_init ] --END-- [ RunTime:0.001091s ]

[ 2015-04-18T14:18:22+08:00 ] 127.0.0.1 /1/index.php/Home/Detail/detail_good/id/css/slippry.css
INFO: [ app_init ] --START--
INFO: Run Behavior\BuildLiteBehavior [ RunTime:0.000025s ]
INFO: [ app_init ] --END-- [ RunTime:0.000401s ]

[ 2015-04-18T14:18:23+08:00 ] 127.0.0.1 /1/index.php/Home/Pro/commentAjax.html
INFO: [ app_init ] --START--
INFO: Run Behavior\BuildLiteBehavior [ RunTime:0.000027s ]
INFO: [ app_init ] --END-- [ RunTime:0.000481s ]
INFO: [ app_begin ] --START--
INFO: Run Behavior\ReadHtmlCacheBehavior [ RunTime:0.001773s ]
INFO: [ app_begin ] --END-- [ RunTime:0.002140s ]
SQL: SHOW COLUMNS FROM `comment` [ RunTime:0.002836s ]
SQL: SELECT * FROM `comment` WHERE `good_id` = 145 ORDER BY add_time desc LIMIT 8   [ RunTime:0.000742s ]

[ 2015-04-18T14:20:32+08:00 ] 127.0.0.1 /1/index.php/Home/Detail/detail_good/id/145.html
INFO: [ app_init ] --START--
INFO: Run Behavior\BuildLiteBehavior [ RunTime:0.000028s ]
INFO: [ app_init ] --END-- [ RunTime:0.000525s ]

[ 2015-04-18T14:20:32+08:00 ] 127.0.0.1 /1/index.php/Home/Detail/detail_good/id/css/slippry.css
INFO: [ app_init ] --START--
INFO: Run Behavior\BuildLiteBehavior [ RunTime:0.000023s ]
INFO: [ app_init ] --END-- [ RunTime:0.000391s ]

[ 2015-04-18T14:20:32+08:00 ] 127.0.0.1 /1/index.php/Home/Pro/commentAjax.html
INFO: [ app_init ] --START--
INFO: Run Behavior\BuildLiteBehavior [ RunTime:0.000043s ]
INFO: [ app_init ] --END-- [ RunTime:0.001448s ]
INFO: [ app_begin ] --START--
INFO: Run Behavior\ReadHtmlCacheBehavior [ RunTime:0.001749s ]
INFO: [ app_begin ] --END-- [ RunTime:0.002049s ]
SQL: SHOW COLUMNS FROM `comment` [ RunTime:0.002769s ]
SQL: SELECT * FROM `comment` WHERE `good_id` = 145 ORDER BY add_time desc LIMIT 8   [ RunTime:0.000514s ]

[ 2015-04-18T14:20:44+08:00 ] 127.0.0.1 /1/index.php/Home/Index/index.html
INFO: [ app_init ] --START--
INFO: Run Behavior\BuildLiteBehavior [ RunTime:0.000026s ]
INFO: [ app_init ] --END-- [ RunTime:0.000453s ]

[ 2015-04-18T14:20:44+08:00 ] 127.0.0.1 /1/index.php/Home/Index/css/slippry.css
INFO: [ app_init ] --START--
INFO: Run Behavior\BuildLiteBehavior [ RunTime:0.000045s ]
INFO: [ app_init ] --END-- [ RunTime:0.000661s ]
ERR: 非法操作:css

[ 2015-04-18T14:20:44+08:00 ] 127.0.0.1 /1/index.php/Home/Index/css/jstarbox.css
INFO: [ app_init ] --START--
INFO: Run Behavior\BuildLiteBehavior [ RunTime:0.000024s ]
INFO: [ app_init ] --END-- [ RunTime:0.000496s ]
ERR: 非法操作:css

[ 2015-04-18T14:20:44+08:00 ] 127.0.0.1 /1/index.php/Home/Index/js/jstarbox.js
INFO: [ app_init ] --START--
INFO: Run Behavior\BuildLiteBehavior [ RunTime:0.000169s ]
INFO: [ app_init ] --END-- [ RunTime:0.001568s ]
ERR: 非法操作:js

