[ 2015-03-21T13:31:26+08:00 ] ::1 /1/index.php
INFO: [ app_init ] --START--
INFO: Run Behavior\BuildLiteBehavior [ RunTime:0.000061s ]
INFO: [ app_init ] --END-- [ RunTime:0.001684s ]

[ 2015-03-21T13:31:27+08:00 ] ::1 /1/index.php
INFO: [ app_init ] --START--
INFO: Run Behavior\BuildLiteBehavior [ RunTime:0.000058s ]
INFO: [ app_init ] --END-- [ RunTime:0.001384s ]

[ 2015-03-21T13:31:28+08:00 ] ::1 /1/index.php
INFO: [ app_init ] --START--
INFO: Run Behavior\BuildLiteBehavior [ RunTime:0.000057s ]
INFO: [ app_init ] --END-- [ RunTime:0.001386s ]

[ 2015-03-21T13:31:35+08:00 ] ::1 /1/index.php/Home/Detail/detail_good/id/87.html
INFO: [ app_init ] --START--
INFO: Run Behavior\BuildLiteBehavior [ RunTime:0.000057s ]
INFO: [ app_init ] --END-- [ RunTime:0.001178s ]

[ 2015-03-21T13:31:36+08:00 ] ::1 /1/index.php/Home/Detail/detail_good/id/css/slippry.css
INFO: [ app_init ] --START--
INFO: Run Behavior\BuildLiteBehavior [ RunTime:0.000058s ]
INFO: [ app_init ] --END-- [ RunTime:0.001421s ]

[ 2015-03-21T13:31:36+08:00 ] ::1 /1/index.php/Home/Detail/detail_good/id/js/jstarbox.js
INFO: [ app_init ] --START--
INFO: Run Behavior\BuildLiteBehavior [ RunTime:0.000056s ]
INFO: [ app_init ] --END-- [ RunTime:0.001333s ]

[ 2015-03-21T13:32:12+08:00 ] ::1 /1/index.php/Home/Detail/detail_good/id/contact.html
INFO: [ app_init ] --START--
INFO: Run Behavior\BuildLiteBehavior [ RunTime:0.000057s ]
INFO: [ app_init ] --END-- [ RunTime:0.001320s ]

[ 2015-03-21T13:32:12+08:00 ] ::1 /1/index.php/Home/Detail/detail_good/id/css/slippry.css
INFO: [ app_init ] --START--
INFO: Run Behavior\BuildLiteBehavior [ RunTime:0.000116s ]
INFO: [ app_init ] --END-- [ RunTime:0.002351s ]

[ 2015-03-21T13:32:12+08:00 ] ::1 /1/index.php/Home/Detail/detail_good/id/js/jstarbox.js
INFO: [ app_init ] --START--
INFO: Run Behavior\BuildLiteBehavior [ RunTime:0.000086s ]
INFO: [ app_init ] --END-- [ RunTime:0.001796s ]

[ 2015-03-21T13:32:12+08:00 ] ::1 /1/index.php/Home/Detail/detail_good/id/js/jstarbox.js
INFO: [ app_init ] --START--
INFO: Run Behavior\BuildLiteBehavior [ RunTime:0.000091s ]
INFO: [ app_init ] --END-- [ RunTime:0.001405s ]

[ 2015-03-21T13:32:45+08:00 ] ::1 /1/index.php/Home/Index/role.html
INFO: [ app_init ] --START--
INFO: Run Behavior\BuildLiteBehavior [ RunTime:0.000060s ]
INFO: [ app_init ] --END-- [ RunTime:0.001426s ]

[ 2015-03-21T13:32:45+08:00 ] ::1 /1/index.php/Home/Com/index.html
INFO: [ app_init ] --START--
INFO: Run Behavior\BuildLiteBehavior [ RunTime:0.000099s ]
INFO: [ app_init ] --END-- [ RunTime:0.001772s ]

[ 2015-03-21T13:32:47+08:00 ] ::1 /1/index.php/Home/Com/index.html
INFO: [ app_init ] --START--
INFO: Run Behavior\BuildLiteBehavior [ RunTime:0.000056s ]
INFO: [ app_init ] --END-- [ RunTime:0.001286s ]

[ 2015-03-21T13:33:02+08:00 ] ::1 /1/index.php/Home/Publish/index.html
INFO: [ app_init ] --START--
INFO: Run Behavior\BuildLiteBehavior [ RunTime:0.000176s ]
INFO: [ app_init ] --END-- [ RunTime:0.001669s ]

[ 2015-03-21T13:33:09+08:00 ] ::1 /1/index.php/Home/Publish/index.html
INFO: [ app_init ] --START--
INFO: Run Behavior\BuildLiteBehavior [ RunTime:0.000096s ]
INFO: [ app_init ] --END-- [ RunTime:0.001708s ]

[ 2015-03-21T13:33:18+08:00 ] ::1 /1/index.php/Home/Publish/index.html
INFO: [ app_init ] --START--
INFO: Run Behavior\BuildLiteBehavior [ RunTime:0.000057s ]
INFO: [ app_init ] --END-- [ RunTime:0.001230s ]

[ 2015-03-21T13:36:14+08:00 ] ::1 /1/index.php/Home/Publish/index.html
INFO: [ app_init ] --START--
INFO: Run Behavior\BuildLiteBehavior [ RunTime:0.000074s ]
INFO: [ app_init ] --END-- [ RunTime:0.001741s ]

[ 2015-03-21T13:36:18+08:00 ] ::1 /1/index.php/Home/Publish/index.html
INFO: [ app_init ] --START--
INFO: Run Behavior\BuildLiteBehavior [ RunTime:0.000065s ]
INFO: [ app_init ] --END-- [ RunTime:0.001345s ]

[ 2015-03-21T13:50:00+08:00 ] ::1 /1/index.php/
INFO: [ app_init ] --START--
INFO: Run Behavior\BuildLiteBehavior [ RunTime:0.000058s ]
INFO: [ app_init ] --END-- [ RunTime:0.001458s ]

[ 2015-03-21T13:50:04+08:00 ] ::1 /1/index.php/Home/Detail/detail_good/id/85.html
INFO: [ app_init ] --START--
INFO: Run Behavior\BuildLiteBehavior [ RunTime:0.000059s ]
INFO: [ app_init ] --END-- [ RunTime:0.001441s ]

[ 2015-03-21T13:50:05+08:00 ] ::1 /1/index.php/Home/Detail/detail_good/id/css/slippry.css
INFO: [ app_init ] --START--
INFO: Run Behavior\BuildLiteBehavior [ RunTime:0.000093s ]
INFO: [ app_init ] --END-- [ RunTime:0.001850s ]

[ 2015-03-21T13:50:05+08:00 ] ::1 /1/index.php/Home/Detail/detail_good/id/js/jstarbox.js
INFO: [ app_init ] --START--
INFO: Run Behavior\BuildLiteBehavior [ RunTime:0.000100s ]
INFO: [ app_init ] --END-- [ RunTime:0.002928s ]

[ 2015-03-21T13:53:04+08:00 ] ::1 /1/index.php/Home/Index/role.html
INFO: [ app_init ] --START--
INFO: Run Behavior\BuildLiteBehavior [ RunTime:0.000088s ]
INFO: [ app_init ] --END-- [ RunTime:0.001410s ]

[ 2015-03-21T13:53:04+08:00 ] ::1 /1/index.php/Home/Com/index.html
INFO: [ app_init ] --START--
INFO: Run Behavior\BuildLiteBehavior [ RunTime:0.000061s ]
INFO: [ app_init ] --END-- [ RunTime:0.001322s ]

[ 2015-03-21T13:54:38+08:00 ] ::1 /1/index.php/Home/Detail/detail_good/id/85.html
INFO: [ app_init ] --START--
INFO: Run Behavior\BuildLiteBehavior [ RunTime:0.000056s ]
INFO: [ app_init ] --END-- [ RunTime:0.001330s ]

[ 2015-03-21T13:54:39+08:00 ] ::1 /1/index.php/Home/Detail/detail_good/id/css/slippry.css
INFO: [ app_init ] --START--
INFO: Run Behavior\BuildLiteBehavior [ RunTime:0.000091s ]
INFO: [ app_init ] --END-- [ RunTime:0.001781s ]

[ 2015-03-21T13:54:39+08:00 ] ::1 /1/index.php/Home/Detail/detail_good/id/js/jstarbox.js
INFO: [ app_init ] --START--
INFO: Run Behavior\BuildLiteBehavior [ RunTime:0.000089s ]
INFO: [ app_init ] --END-- [ RunTime:0.001654s ]

[ 2015-03-21T13:54:46+08:00 ] ::1 /1/index.php/Home/Detail/detail_good/id/85.html
INFO: [ app_init ] --START--
INFO: Run Behavior\BuildLiteBehavior [ RunTime:0.000057s ]
INFO: [ app_init ] --END-- [ RunTime:0.001320s ]

[ 2015-03-21T13:54:47+08:00 ] ::1 /1/index.php/Home/Detail/detail_good/id/css/slippry.css
INFO: [ app_init ] --START--
INFO: Run Behavior\BuildLiteBehavior [ RunTime:0.000092s ]
INFO: [ app_init ] --END-- [ RunTime:0.001678s ]

[ 2015-03-21T13:54:47+08:00 ] ::1 /1/index.php/Home/Detail/detail_good/id/js/jstarbox.js
INFO: [ app_init ] --START--
INFO: Run Behavior\BuildLiteBehavior [ RunTime:0.000098s ]
INFO: [ app_init ] --END-- [ RunTime:0.001956s ]

[ 2015-03-21T13:56:10+08:00 ] ::1 /1/index.php/Home/Detail/detail_good/id/85.html
INFO: [ app_init ] --START--
INFO: Run Behavior\BuildLiteBehavior [ RunTime:0.000059s ]
INFO: [ app_init ] --END-- [ RunTime:0.001282s ]

[ 2015-03-21T13:56:10+08:00 ] ::1 /1/index.php/Home/Detail/detail_good/id/css/slippry.css
INFO: [ app_init ] --START--
INFO: Run Behavior\BuildLiteBehavior [ RunTime:0.000089s ]
INFO: [ app_init ] --END-- [ RunTime:0.001792s ]

[ 2015-03-21T13:56:11+08:00 ] ::1 /1/index.php/Home/Detail/detail_good/id/js/jstarbox.js
INFO: [ app_init ] --START--
INFO: Run Behavior\BuildLiteBehavior [ RunTime:0.000057s ]
INFO: [ app_init ] --END-- [ RunTime:0.001206s ]

[ 2015-03-21T13:56:12+08:00 ] ::1 /1/index.php/Home/Index/index.html
INFO: [ app_init ] --START--
INFO: Run Behavior\BuildLiteBehavior [ RunTime:0.000058s ]
INFO: [ app_init ] --END-- [ RunTime:0.001290s ]

[ 2015-03-21T13:56:13+08:00 ] ::1 /1/index.php/Home/Index/css/slippry.css
INFO: [ app_init ] --START--
INFO: Run Behavior\BuildLiteBehavior [ RunTime:0.000090s ]
INFO: [ app_init ] --END-- [ RunTime:0.001883s ]
ERR: 非法操作:css

[ 2015-03-21T13:56:23+08:00 ] ::1 /1/index.php/Home/Detail/detail_good/id/87.html
INFO: [ app_init ] --START--
INFO: Run Behavior\BuildLiteBehavior [ RunTime:0.000057s ]
INFO: [ app_init ] --END-- [ RunTime:0.001240s ]

[ 2015-03-21T13:56:23+08:00 ] ::1 /1/index.php/Home/Detail/detail_good/id/js/jstarbox.js
INFO: [ app_init ] --START--
INFO: Run Behavior\BuildLiteBehavior [ RunTime:0.000095s ]
INFO: [ app_init ] --END-- [ RunTime:0.001716s ]

[ 2015-03-21T13:56:23+08:00 ] ::1 /1/index.php/Home/Detail/detail_good/id/css/slippry.css
INFO: [ app_init ] --START--
INFO: Run Behavior\BuildLiteBehavior [ RunTime:0.000090s ]
INFO: [ app_init ] --END-- [ RunTime:0.004919s ]

[ 2015-03-21T13:56:51+08:00 ] ::1 /1/index.php/Home/Index/role.html
INFO: [ app_init ] --START--
INFO: Run Behavior\BuildLiteBehavior [ RunTime:0.000057s ]
INFO: [ app_init ] --END-- [ RunTime:0.001340s ]

[ 2015-03-21T13:56:51+08:00 ] ::1 /1/index.php/Home/Com/index.html
INFO: [ app_init ] --START--
INFO: Run Behavior\BuildLiteBehavior [ RunTime:0.000094s ]
INFO: [ app_init ] --END-- [ RunTime:0.001732s ]

[ 2015-03-21T13:56:53+08:00 ] ::1 /1/index.php/Home/Com/index.html
INFO: [ app_init ] --START--
INFO: Run Behavior\BuildLiteBehavior [ RunTime:0.000061s ]
INFO: [ app_init ] --END-- [ RunTime:0.001780s ]

[ 2015-03-21T13:57:01+08:00 ] ::1 /1/index.php/Home/Com/index.html
INFO: [ app_init ] --START--
INFO: Run Behavior\BuildLiteBehavior [ RunTime:0.000058s ]
INFO: [ app_init ] --END-- [ RunTime:0.001375s ]

[ 2015-03-21T13:57:06+08:00 ] ::1 /1/index.php/Home/Index/index.html
INFO: [ app_init ] --START--
INFO: Run Behavior\BuildLiteBehavior [ RunTime:0.000057s ]
INFO: [ app_init ] --END-- [ RunTime:0.001225s ]

[ 2015-03-21T13:57:06+08:00 ] ::1 /1/index.php/Home/Index/css/slippry.css
INFO: [ app_init ] --START--
INFO: Run Behavior\BuildLiteBehavior [ RunTime:0.000058s ]
INFO: [ app_init ] --END-- [ RunTime:0.001208s ]
ERR: 非法操作:css

[ 2015-03-21T13:57:09+08:00 ] ::1 /1/index.php/Home/Detail/detail_good/id/87.html
INFO: [ app_init ] --START--
INFO: Run Behavior\BuildLiteBehavior [ RunTime:0.000074s ]
INFO: [ app_init ] --END-- [ RunTime:0.001281s ]

[ 2015-03-21T13:57:09+08:00 ] ::1 /1/index.php/Home/Detail/detail_good/id/css/slippry.css
INFO: [ app_init ] --START--
INFO: Run Behavior\BuildLiteBehavior [ RunTime:0.000096s ]
INFO: [ app_init ] --END-- [ RunTime:0.001823s ]

[ 2015-03-21T13:57:09+08:00 ] ::1 /1/index.php/Home/Detail/detail_good/id/js/jstarbox.js
INFO: [ app_init ] --START--
INFO: Run Behavior\BuildLiteBehavior [ RunTime:0.000087s ]
INFO: [ app_init ] --END-- [ RunTime:0.001635s ]

[ 2015-03-21T13:57:14+08:00 ] ::1 /1/index.php/Home/Index/role.html
INFO: [ app_init ] --START--
INFO: Run Behavior\BuildLiteBehavior [ RunTime:0.000058s ]
INFO: [ app_init ] --END-- [ RunTime:0.001279s ]

[ 2015-03-21T13:57:14+08:00 ] ::1 /1/index.php/Home/Com/index.html
INFO: [ app_init ] --START--
INFO: Run Behavior\BuildLiteBehavior [ RunTime:0.000058s ]
INFO: [ app_init ] --END-- [ RunTime:0.001290s ]

[ 2015-03-21T13:57:17+08:00 ] ::1 /1/index.php/Home/Index/role.html
INFO: [ app_init ] --START--
INFO: Run Behavior\BuildLiteBehavior [ RunTime:0.000060s ]
INFO: [ app_init ] --END-- [ RunTime:0.001360s ]

[ 2015-03-21T13:57:17+08:00 ] ::1 /1/index.php/Home/Com/index.html
INFO: [ app_init ] --START--
INFO: Run Behavior\BuildLiteBehavior [ RunTime:0.000057s ]
INFO: [ app_init ] --END-- [ RunTime:0.001180s ]

[ 2015-03-21T13:57:19+08:00 ] ::1 /1/index.php/Home/Publish/index.html
INFO: [ app_init ] --START--
INFO: Run Behavior\BuildLiteBehavior [ RunTime:0.000058s ]
INFO: [ app_init ] --END-- [ RunTime:0.001472s ]

[ 2015-03-21T13:58:11+08:00 ] ::1 /1/index.php/Home/Com/index.html
INFO: [ app_init ] --START--
INFO: Run Behavior\BuildLiteBehavior [ RunTime:0.000058s ]
INFO: [ app_init ] --END-- [ RunTime:0.001331s ]

[ 2015-03-21T13:58:35+08:00 ] ::1 /1/index.php/Home/Index/details.html
INFO: [ app_init ] --START--
INFO: Run Behavior\BuildLiteBehavior [ RunTime:0.000112s ]
INFO: [ app_init ] --END-- [ RunTime:0.001874s ]
ERR: 非法操作:details

[ 2015-03-21T13:58:51+08:00 ] ::1 /1/index.php/Home/Index/index.html
INFO: [ app_init ] --START--
INFO: Run Behavior\BuildLiteBehavior [ RunTime:0.000062s ]
INFO: [ app_init ] --END-- [ RunTime:0.001211s ]

[ 2015-03-21T13:58:51+08:00 ] ::1 /1/index.php/Home/Index/css/slippry.css
INFO: [ app_init ] --START--
INFO: Run Behavior\BuildLiteBehavior [ RunTime:0.000056s ]
INFO: [ app_init ] --END-- [ RunTime:0.001140s ]
ERR: 非法操作:css

[ 2015-03-21T13:58:52+08:00 ] ::1 /1/index.php/Home/Detail/detail_good/id/87.html
INFO: [ app_init ] --START--
INFO: Run Behavior\BuildLiteBehavior [ RunTime:0.000098s ]
INFO: [ app_init ] --END-- [ RunTime:0.001738s ]

[ 2015-03-21T13:58:53+08:00 ] ::1 /1/index.php/Home/Detail/detail_good/id/css/slippry.css
INFO: [ app_init ] --START--
INFO: Run Behavior\BuildLiteBehavior [ RunTime:0.000058s ]
INFO: [ app_init ] --END-- [ RunTime:0.001181s ]

[ 2015-03-21T13:58:53+08:00 ] ::1 /1/index.php/Home/Detail/detail_good/id/js/jstarbox.js
INFO: [ app_init ] --START--
INFO: Run Behavior\BuildLiteBehavior [ RunTime:0.000086s ]
INFO: [ app_init ] --END-- [ RunTime:0.001616s ]

[ 2015-03-21T13:59:07+08:00 ] ::1 /1/index.php/Home/Detail/detail_good/id/87.html
INFO: [ app_init ] --START--
INFO: Run Behavior\BuildLiteBehavior [ RunTime:0.000056s ]
INFO: [ app_init ] --END-- [ RunTime:0.001283s ]

[ 2015-03-21T13:59:07+08:00 ] ::1 /1/index.php/Home/Detail/detail_good/id/css/slippry.css
INFO: [ app_init ] --START--
INFO: Run Behavior\BuildLiteBehavior [ RunTime:0.000097s ]
INFO: [ app_init ] --END-- [ RunTime:0.001746s ]

[ 2015-03-21T13:59:07+08:00 ] ::1 /1/index.php/Home/Detail/detail_good/id/js/jstarbox.js
INFO: [ app_init ] --START--
INFO: Run Behavior\BuildLiteBehavior [ RunTime:0.000100s ]
INFO: [ app_init ] --END-- [ RunTime:0.001838s ]

[ 2015-03-21T14:00:53+08:00 ] ::1 /1/index.php/Home/Detail/detail_good/id/87.html
INFO: [ app_init ] --START--
INFO: Run Behavior\BuildLiteBehavior [ RunTime:0.000059s ]
INFO: [ app_init ] --END-- [ RunTime:0.001269s ]

[ 2015-03-21T14:00:54+08:00 ] ::1 /1/index.php/Home/Detail/detail_good/id/css/slippry.css
INFO: [ app_init ] --START--
INFO: Run Behavior\BuildLiteBehavior [ RunTime:0.000062s ]
INFO: [ app_init ] --END-- [ RunTime:0.001517s ]

[ 2015-03-21T14:00:54+08:00 ] ::1 /1/index.php/Home/Detail/detail_good/id/js/jstarbox.js
INFO: [ app_init ] --START--
INFO: Run Behavior\BuildLiteBehavior [ RunTime:0.000096s ]
INFO: [ app_init ] --END-- [ RunTime:0.001852s ]

[ 2015-03-21T14:03:47+08:00 ] ::1 /1/index.php/Home/Index/index.html
INFO: [ app_init ] --START--
INFO: Run Behavior\BuildLiteBehavior [ RunTime:0.000062s ]
INFO: [ app_init ] --END-- [ RunTime:0.001975s ]

[ 2015-03-21T14:03:47+08:00 ] ::1 /1/index.php/Home/Index/css/slippry.css
INFO: [ app_init ] --START--
INFO: Run Behavior\BuildLiteBehavior [ RunTime:0.000091s ]
INFO: [ app_init ] --END-- [ RunTime:0.001622s ]
ERR: 非法操作:css

[ 2015-03-21T14:03:53+08:00 ] ::1 /1/index.php/Home/Index/index.html
INFO: [ app_init ] --START--
INFO: Run Behavior\BuildLiteBehavior [ RunTime:0.000061s ]
INFO: [ app_init ] --END-- [ RunTime:0.001405s ]

[ 2015-03-21T14:03:53+08:00 ] ::1 /1/index.php/Home/Index/css/slippry.css
INFO: [ app_init ] --START--
INFO: Run Behavior\BuildLiteBehavior [ RunTime:0.000089s ]
INFO: [ app_init ] --END-- [ RunTime:0.001620s ]
ERR: 非法操作:css

[ 2015-03-21T14:03:57+08:00 ] ::1 /1/index.php/Home/Index/index.html
INFO: [ app_init ] --START--
INFO: Run Behavior\BuildLiteBehavior [ RunTime:0.000065s ]
INFO: [ app_init ] --END-- [ RunTime:0.001779s ]

[ 2015-03-21T14:03:57+08:00 ] ::1 /1/index.php/Home/Index/css/slippry.css
INFO: [ app_init ] --START--
INFO: Run Behavior\BuildLiteBehavior [ RunTime:0.000137s ]
INFO: [ app_init ] --END-- [ RunTime:0.001919s ]
ERR: 非法操作:css

[ 2015-03-21T14:04:59+08:00 ] ::1 /1/index.php/Home/Index/index.html
INFO: [ app_init ] --START--
INFO: Run Behavior\BuildLiteBehavior [ RunTime:0.000096s ]
INFO: [ app_init ] --END-- [ RunTime:0.001922s ]

[ 2015-03-21T14:04:59+08:00 ] ::1 /1/index.php/Home/Index/css/slippry.css
INFO: [ app_init ] --START--
INFO: Run Behavior\BuildLiteBehavior [ RunTime:0.000056s ]
INFO: [ app_init ] --END-- [ RunTime:0.001173s ]
ERR: 非法操作:css

[ 2015-03-21T14:05:09+08:00 ] ::1 /1/index.php/Home/Index/index.html
INFO: [ app_init ] --START--
INFO: Run Behavior\BuildLiteBehavior [ RunTime:0.000062s ]
INFO: [ app_init ] --END-- [ RunTime:0.001765s ]

[ 2015-03-21T14:05:09+08:00 ] ::1 /1/index.php/Home/Index/css/slippry.css
INFO: [ app_init ] --START--
INFO: Run Behavior\BuildLiteBehavior [ RunTime:0.000101s ]
INFO: [ app_init ] --END-- [ RunTime:0.002105s ]
ERR: 非法操作:css

[ 2015-03-21T14:05:25+08:00 ] ::1 /1/index.php/Home/Index/role.html
INFO: [ app_init ] --START--
INFO: Run Behavior\BuildLiteBehavior [ RunTime:0.000057s ]
INFO: [ app_init ] --END-- [ RunTime:0.001256s ]

[ 2015-03-21T14:05:25+08:00 ] ::1 /1/index.php/Home/Com/index.html
INFO: [ app_init ] --START--
INFO: Run Behavior\BuildLiteBehavior [ RunTime:0.000057s ]
INFO: [ app_init ] --END-- [ RunTime:0.001257s ]

[ 2015-03-21T14:05:40+08:00 ] ::1 /1/index.php/Home/Detail/detail_good/id/87.html
INFO: [ app_init ] --START--
INFO: Run Behavior\BuildLiteBehavior [ RunTime:0.000138s ]
INFO: [ app_init ] --END-- [ RunTime:0.002220s ]

[ 2015-03-21T14:05:40+08:00 ] ::1 /1/index.php/Home/Detail/detail_good/id/css/slippry.css
INFO: [ app_init ] --START--
INFO: Run Behavior\BuildLiteBehavior [ RunTime:0.000100s ]
INFO: [ app_init ] --END-- [ RunTime:0.001756s ]

[ 2015-03-21T14:05:40+08:00 ] ::1 /1/index.php/Home/Detail/detail_good/id/js/jstarbox.js
INFO: [ app_init ] --START--
INFO: Run Behavior\BuildLiteBehavior [ RunTime:0.000091s ]
INFO: [ app_init ] --END-- [ RunTime:0.001830s ]

[ 2015-03-21T14:06:46+08:00 ] ::1 /1/index.php/Home/Detail/detail_good/id/87.html
INFO: [ app_init ] --START--
INFO: Run Behavior\BuildLiteBehavior [ RunTime:0.000094s ]
INFO: [ app_init ] --END-- [ RunTime:0.001409s ]

[ 2015-03-21T14:06:46+08:00 ] ::1 /1/index.php/Home/Detail/detail_good/id/js/jstarbox.js
INFO: [ app_init ] --START--
INFO: Run Behavior\BuildLiteBehavior [ RunTime:0.000091s ]
INFO: [ app_init ] --END-- [ RunTime:0.001705s ]

[ 2015-03-21T14:06:46+08:00 ] ::1 /1/index.php/Home/Detail/detail_good/id/css/slippry.css
INFO: [ app_init ] --START--
INFO: Run Behavior\BuildLiteBehavior [ RunTime:0.000212s ]
INFO: [ app_init ] --END-- [ RunTime:0.001820s ]

[ 2015-03-21T14:08:43+08:00 ] ::1 /1/index.php/Home/Detail/detail_good/id/87.html
INFO: [ app_init ] --START--
INFO: Run Behavior\BuildLiteBehavior [ RunTime:0.000060s ]
INFO: [ app_init ] --END-- [ RunTime:0.001267s ]

[ 2015-03-21T14:08:43+08:00 ] ::1 /1/index.php/Home/Detail/detail_good/id/css/slippry.css
INFO: [ app_init ] --START--
INFO: Run Behavior\BuildLiteBehavior [ RunTime:0.000100s ]
INFO: [ app_init ] --END-- [ RunTime:0.001952s ]

[ 2015-03-21T14:08:43+08:00 ] ::1 /1/index.php/Home/Detail/detail_good/id/js/jstarbox.js
INFO: [ app_init ] --START--
INFO: Run Behavior\BuildLiteBehavior [ RunTime:0.000107s ]
INFO: [ app_init ] --END-- [ RunTime:0.021549s ]

[ 2015-03-21T14:09:04+08:00 ] ::1 /1/index.php/Home/Detail/detail_good/id/87.html
INFO: [ app_init ] --START--
INFO: Run Behavior\BuildLiteBehavior [ RunTime:0.000094s ]
INFO: [ app_init ] --END-- [ RunTime:0.001479s ]

[ 2015-03-21T14:09:04+08:00 ] ::1 /1/index.php/Home/Detail/detail_good/id/css/slippry.css
INFO: [ app_init ] --START--
INFO: Run Behavior\BuildLiteBehavior [ RunTime:0.000099s ]
INFO: [ app_init ] --END-- [ RunTime:0.001803s ]

[ 2015-03-21T14:09:04+08:00 ] ::1 /1/index.php/Home/Detail/detail_good/id/js/jstarbox.js
INFO: [ app_init ] --START--
INFO: Run Behavior\BuildLiteBehavior [ RunTime:0.000118s ]
INFO: [ app_init ] --END-- [ RunTime:0.002623s ]

[ 2015-03-21T14:09:17+08:00 ] ::1 /1/index.php/Home/Detail/detail_good/id/87.html
INFO: [ app_init ] --START--
INFO: Run Behavior\BuildLiteBehavior [ RunTime:0.000058s ]
INFO: [ app_init ] --END-- [ RunTime:0.001231s ]

[ 2015-03-21T14:09:17+08:00 ] ::1 /1/index.php/Home/Detail/detail_good/id/css/slippry.css
INFO: [ app_init ] --START--
INFO: Run Behavior\BuildLiteBehavior [ RunTime:0.000089s ]
INFO: [ app_init ] --END-- [ RunTime:0.001673s ]

[ 2015-03-21T14:09:17+08:00 ] ::1 /1/index.php/Home/Detail/detail_good/id/js/jstarbox.js
INFO: [ app_init ] --START--
INFO: Run Behavior\BuildLiteBehavior [ RunTime:0.000098s ]
INFO: [ app_init ] --END-- [ RunTime:0.001736s ]

[ 2015-03-21T14:09:31+08:00 ] ::1 /1/index.php/Home/Detail/detail_good/id/87.html
INFO: [ app_init ] --START--
INFO: Run Behavior\BuildLiteBehavior [ RunTime:0.000057s ]
INFO: [ app_init ] --END-- [ RunTime:0.001337s ]

[ 2015-03-21T14:09:31+08:00 ] ::1 /1/index.php/Home/Detail/detail_good/id/js/jstarbox.js
INFO: [ app_init ] --START--
INFO: Run Behavior\BuildLiteBehavior [ RunTime:0.000104s ]
INFO: [ app_init ] --END-- [ RunTime:0.001859s ]

[ 2015-03-21T14:09:31+08:00 ] ::1 /1/index.php/Home/Detail/detail_good/id/css/slippry.css
INFO: [ app_init ] --START--
INFO: Run Behavior\BuildLiteBehavior [ RunTime:0.000087s ]
INFO: [ app_init ] --END-- [ RunTime:0.001613s ]

[ 2015-03-21T14:10:23+08:00 ] ::1 /1/index.php/Home/Detail/detail_good/id/87.html
INFO: [ app_init ] --START--
INFO: Run Behavior\BuildLiteBehavior [ RunTime:0.000061s ]
INFO: [ app_init ] --END-- [ RunTime:0.001644s ]

[ 2015-03-21T14:10:23+08:00 ] ::1 /1/index.php/Home/Detail/detail_good/id/css/slippry.css
INFO: [ app_init ] --START--
INFO: Run Behavior\BuildLiteBehavior [ RunTime:0.000057s ]
INFO: [ app_init ] --END-- [ RunTime:0.001217s ]

[ 2015-03-21T14:10:23+08:00 ] ::1 /1/index.php/Home/Detail/detail_good/id/js/jstarbox.js
INFO: [ app_init ] --START--
INFO: Run Behavior\BuildLiteBehavior [ RunTime:0.000054s ]
INFO: [ app_init ] --END-- [ RunTime:0.001237s ]

[ 2015-03-21T14:10:51+08:00 ] ::1 /1/index.php/Home/Index/index.html
INFO: [ app_init ] --START--
INFO: Run Behavior\BuildLiteBehavior [ RunTime:0.000060s ]
INFO: [ app_init ] --END-- [ RunTime:0.001901s ]

[ 2015-03-21T14:10:51+08:00 ] ::1 /1/index.php/Home/Index/css/slippry.css
INFO: [ app_init ] --START--
INFO: Run Behavior\BuildLiteBehavior [ RunTime:0.000065s ]
INFO: [ app_init ] --END-- [ RunTime:0.001446s ]
ERR: 非法操作:css

[ 2015-03-21T14:11:17+08:00 ] ::1 /1/index.php/Home/Detail/detail_good/id/87.html
INFO: [ app_init ] --START--
INFO: Run Behavior\BuildLiteBehavior [ RunTime:0.000092s ]
INFO: [ app_init ] --END-- [ RunTime:0.001673s ]

[ 2015-03-21T14:11:17+08:00 ] ::1 /1/index.php/Home/Detail/detail_good/id/css/slippry.css
INFO: [ app_init ] --START--
INFO: Run Behavior\BuildLiteBehavior [ RunTime:0.000087s ]
INFO: [ app_init ] --END-- [ RunTime:0.001725s ]

[ 2015-03-21T14:11:17+08:00 ] ::1 /1/index.php/Home/Detail/detail_good/id/js/jstarbox.js
INFO: [ app_init ] --START--
INFO: Run Behavior\BuildLiteBehavior [ RunTime:0.000095s ]
INFO: [ app_init ] --END-- [ RunTime:0.003536s ]

[ 2015-03-21T14:11:39+08:00 ] ::1 /1/index.php/Home/Detail/detail_good/id/87.html
INFO: [ app_init ] --START--
INFO: Run Behavior\BuildLiteBehavior [ RunTime:0.000058s ]
INFO: [ app_init ] --END-- [ RunTime:0.001582s ]

[ 2015-03-21T14:11:39+08:00 ] ::1 /1/index.php/Home/Detail/detail_good/id/css/slippry.css
INFO: [ app_init ] --START--
INFO: Run Behavior\BuildLiteBehavior [ RunTime:0.000097s ]
INFO: [ app_init ] --END-- [ RunTime:0.002978s ]

[ 2015-03-21T14:11:39+08:00 ] ::1 /1/index.php/Home/Detail/detail_good/id/js/jstarbox.js
INFO: [ app_init ] --START--
INFO: Run Behavior\BuildLiteBehavior [ RunTime:0.000088s ]
INFO: [ app_init ] --END-- [ RunTime:0.001763s ]

[ 2015-03-21T14:12:12+08:00 ] ::1 /1/index.php/Home/Detail/detail_good/id/87.html
INFO: [ app_init ] --START--
INFO: Run Behavior\BuildLiteBehavior [ RunTime:0.000060s ]
INFO: [ app_init ] --END-- [ RunTime:0.001790s ]

[ 2015-03-21T14:12:13+08:00 ] ::1 /1/index.php/Home/Detail/detail_good/id/js/jstarbox.js
INFO: [ app_init ] --START--
INFO: Run Behavior\BuildLiteBehavior [ RunTime:0.000088s ]
INFO: [ app_init ] --END-- [ RunTime:0.001558s ]

[ 2015-03-21T14:12:13+08:00 ] ::1 /1/index.php/Home/Detail/detail_good/id/css/slippry.css
INFO: [ app_init ] --START--
INFO: Run Behavior\BuildLiteBehavior [ RunTime:0.000080s ]
INFO: [ app_init ] --END-- [ RunTime:0.001237s ]

[ 2015-03-21T14:12:34+08:00 ] ::1 /1/index.php/Home/Detail/detail_good/id/87.html
INFO: [ app_init ] --START--
INFO: Run Behavior\BuildLiteBehavior [ RunTime:0.000059s ]
INFO: [ app_init ] --END-- [ RunTime:0.001320s ]

[ 2015-03-21T14:12:35+08:00 ] ::1 /1/index.php/Home/Detail/detail_good/id/js/jstarbox.js
INFO: [ app_init ] --START--
INFO: Run Behavior\BuildLiteBehavior [ RunTime:0.000102s ]
INFO: [ app_init ] --END-- [ RunTime:0.001724s ]

[ 2015-03-21T14:12:35+08:00 ] ::1 /1/index.php/Home/Detail/detail_good/id/css/slippry.css
INFO: [ app_init ] --START--
INFO: Run Behavior\BuildLiteBehavior [ RunTime:0.000086s ]
INFO: [ app_init ] --END-- [ RunTime:0.001843s ]

[ 2015-03-21T14:12:50+08:00 ] ::1 /1/index.php/Home/Detail/detail_good/id/87.html
INFO: [ app_init ] --START--
INFO: Run Behavior\BuildLiteBehavior [ RunTime:0.000075s ]
INFO: [ app_init ] --END-- [ RunTime:0.001357s ]

[ 2015-03-21T14:12:50+08:00 ] ::1 /1/index.php/Home/Detail/detail_good/id/css/slippry.css
INFO: [ app_init ] --START--
INFO: Run Behavior\BuildLiteBehavior [ RunTime:0.000104s ]
INFO: [ app_init ] --END-- [ RunTime:0.002039s ]

[ 2015-03-21T14:12:50+08:00 ] ::1 /1/index.php/Home/Detail/detail_good/id/js/jstarbox.js
INFO: [ app_init ] --START--
INFO: Run Behavior\BuildLiteBehavior [ RunTime:0.000090s ]
INFO: [ app_init ] --END-- [ RunTime:0.001774s ]

[ 2015-03-21T14:13:09+08:00 ] ::1 /1/index.php/Home/Detail/detail_good/id/87.html
INFO: [ app_init ] --START--
INFO: Run Behavior\BuildLiteBehavior [ RunTime:0.000058s ]
INFO: [ app_init ] --END-- [ RunTime:0.001164s ]

[ 2015-03-21T14:13:10+08:00 ] ::1 /1/index.php/Home/Detail/detail_good/id/js/jstarbox.js
INFO: [ app_init ] --START--
INFO: Run Behavior\BuildLiteBehavior [ RunTime:0.000099s ]
INFO: [ app_init ] --END-- [ RunTime:0.001863s ]

[ 2015-03-21T14:13:10+08:00 ] ::1 /1/index.php/Home/Detail/detail_good/id/css/slippry.css
INFO: [ app_init ] --START--
INFO: Run Behavior\BuildLiteBehavior [ RunTime:0.000140s ]
INFO: [ app_init ] --END-- [ RunTime:0.001836s ]

[ 2015-03-21T14:13:23+08:00 ] ::1 /1/index.php/Home/Detail/detail_good/id/87.html
INFO: [ app_init ] --START--
INFO: Run Behavior\BuildLiteBehavior [ RunTime:0.000061s ]
INFO: [ app_init ] --END-- [ RunTime:0.001902s ]

[ 2015-03-21T14:13:23+08:00 ] ::1 /1/index.php/Home/Detail/detail_good/id/css/slippry.css
INFO: [ app_init ] --START--
INFO: Run Behavior\BuildLiteBehavior [ RunTime:0.000096s ]
INFO: [ app_init ] --END-- [ RunTime:0.001714s ]

[ 2015-03-21T14:13:23+08:00 ] ::1 /1/index.php/Home/Detail/detail_good/id/js/jstarbox.js
INFO: [ app_init ] --START--
INFO: Run Behavior\BuildLiteBehavior [ RunTime:0.000103s ]
INFO: [ app_init ] --END-- [ RunTime:0.020868s ]

[ 2015-03-21T14:13:40+08:00 ] ::1 /1/index.php/Home/Detail/detail_good/id/87.html
INFO: [ app_init ] --START--
INFO: Run Behavior\BuildLiteBehavior [ RunTime:0.000059s ]
INFO: [ app_init ] --END-- [ RunTime:0.001371s ]

[ 2015-03-21T14:13:40+08:00 ] ::1 /1/index.php/Home/Detail/detail_good/id/js/jstarbox.js
INFO: [ app_init ] --START--
INFO: Run Behavior\BuildLiteBehavior [ RunTime:0.000096s ]
INFO: [ app_init ] --END-- [ RunTime:0.001837s ]

[ 2015-03-21T14:13:40+08:00 ] ::1 /1/index.php/Home/Detail/detail_good/id/css/slippry.css
INFO: [ app_init ] --START--
INFO: Run Behavior\BuildLiteBehavior [ RunTime:0.000093s ]
INFO: [ app_init ] --END-- [ RunTime:0.001787s ]

[ 2015-03-21T14:13:57+08:00 ] ::1 /1/index.php/Home/Detail/detail_good/id/87.html
INFO: [ app_init ] --START--
INFO: Run Behavior\BuildLiteBehavior [ RunTime:0.000097s ]
INFO: [ app_init ] --END-- [ RunTime:0.002070s ]

[ 2015-03-21T14:13:57+08:00 ] ::1 /1/index.php/Home/Detail/detail_good/id/css/slippry.css
INFO: [ app_init ] --START--
INFO: Run Behavior\BuildLiteBehavior [ RunTime:0.000097s ]
INFO: [ app_init ] --END-- [ RunTime:0.001732s ]

[ 2015-03-21T14:13:57+08:00 ] ::1 /1/index.php/Home/Detail/detail_good/id/js/jstarbox.js
INFO: [ app_init ] --START--
INFO: Run Behavior\BuildLiteBehavior [ RunTime:0.000083s ]
INFO: [ app_init ] --END-- [ RunTime:0.001574s ]

[ 2015-03-21T14:14:10+08:00 ] ::1 /1/index.php/Home/Detail/detail_good/id/87.html
INFO: [ app_init ] --START--
INFO: Run Behavior\BuildLiteBehavior [ RunTime:0.000059s ]
INFO: [ app_init ] --END-- [ RunTime:0.001423s ]

[ 2015-03-21T14:14:11+08:00 ] ::1 /1/index.php/Home/Detail/detail_good/id/css/slippry.css
INFO: [ app_init ] --START--
INFO: Run Behavior\BuildLiteBehavior [ RunTime:0.000095s ]
INFO: [ app_init ] --END-- [ RunTime:0.001727s ]

[ 2015-03-21T14:14:11+08:00 ] ::1 /1/index.php/Home/Detail/detail_good/id/js/jstarbox.js
INFO: [ app_init ] --START--
INFO: Run Behavior\BuildLiteBehavior [ RunTime:0.000098s ]
INFO: [ app_init ] --END-- [ RunTime:0.001909s ]

[ 2015-03-21T14:14:23+08:00 ] ::1 /1/index.php/Home/Detail/detail_good/id/87.html
INFO: [ app_init ] --START--
INFO: Run Behavior\BuildLiteBehavior [ RunTime:0.000057s ]
INFO: [ app_init ] --END-- [ RunTime:0.001290s ]

[ 2015-03-21T14:14:23+08:00 ] ::1 /1/index.php/Home/Detail/detail_good/id/css/slippry.css
INFO: [ app_init ] --START--
INFO: Run Behavior\BuildLiteBehavior [ RunTime:0.000099s ]
INFO: [ app_init ] --END-- [ RunTime:0.001726s ]

[ 2015-03-21T14:14:23+08:00 ] ::1 /1/index.php/Home/Detail/detail_good/id/js/jstarbox.js
INFO: [ app_init ] --START--
INFO: Run Behavior\BuildLiteBehavior [ RunTime:0.000156s ]
INFO: [ app_init ] --END-- [ RunTime:0.002258s ]

[ 2015-03-21T14:14:38+08:00 ] ::1 /1/index.php/Home/Detail/detail_good/id/87.html
INFO: [ app_init ] --START--
INFO: Run Behavior\BuildLiteBehavior [ RunTime:0.000067s ]
INFO: [ app_init ] --END-- [ RunTime:0.001341s ]

[ 2015-03-21T14:14:38+08:00 ] ::1 /1/index.php/Home/Detail/detail_good/id/js/jstarbox.js
INFO: [ app_init ] --START--
INFO: Run Behavior\BuildLiteBehavior [ RunTime:0.000101s ]
INFO: [ app_init ] --END-- [ RunTime:0.002079s ]

[ 2015-03-21T14:14:38+08:00 ] ::1 /1/index.php/Home/Detail/detail_good/id/css/slippry.css
INFO: [ app_init ] --START--
INFO: Run Behavior\BuildLiteBehavior [ RunTime:0.000100s ]
INFO: [ app_init ] --END-- [ RunTime:0.013919s ]

[ 2015-03-21T14:16:44+08:00 ] ::1 /1/index.php/Home/Index/index.html
INFO: [ app_init ] --START--
INFO: Run Behavior\BuildLiteBehavior [ RunTime:0.000057s ]
INFO: [ app_init ] --END-- [ RunTime:0.001319s ]

[ 2015-03-21T14:16:44+08:00 ] ::1 /1/index.php/Home/Index/css/slippry.css
INFO: [ app_init ] --START--
INFO: Run Behavior\BuildLiteBehavior [ RunTime:0.000058s ]
INFO: [ app_init ] --END-- [ RunTime:0.001181s ]
ERR: 非法操作:css

[ 2015-03-21T14:16:48+08:00 ] ::1 /1/index.php/Home/Detail/detail_good/id/85.html
INFO: [ app_init ] --START--
INFO: Run Behavior\BuildLiteBehavior [ RunTime:0.000058s ]
INFO: [ app_init ] --END-- [ RunTime:0.001377s ]

[ 2015-03-21T14:16:48+08:00 ] ::1 /1/index.php/Home/Detail/detail_good/id/css/slippry.css
INFO: [ app_init ] --START--
INFO: Run Behavior\BuildLiteBehavior [ RunTime:0.000084s ]
INFO: [ app_init ] --END-- [ RunTime:0.001574s ]

[ 2015-03-21T14:16:48+08:00 ] ::1 /1/index.php/Home/Detail/detail_good/id/js/jstarbox.js
INFO: [ app_init ] --START--
INFO: Run Behavior\BuildLiteBehavior [ RunTime:0.000103s ]
INFO: [ app_init ] --END-- [ RunTime:0.002513s ]

[ 2015-03-21T14:19:10+08:00 ] ::1 /1/index.php/Home/Index/index.html
INFO: [ app_init ] --START--
INFO: Run Behavior\BuildLiteBehavior [ RunTime:0.000067s ]
INFO: [ app_init ] --END-- [ RunTime:0.001347s ]

[ 2015-03-21T14:19:10+08:00 ] ::1 /1/index.php/Home/Index/css/slippry.css
INFO: [ app_init ] --START--
INFO: Run Behavior\BuildLiteBehavior [ RunTime:0.000056s ]
INFO: [ app_init ] --END-- [ RunTime:0.001155s ]
ERR: 非法操作:css

[ 2015-03-21T14:19:13+08:00 ] ::1 /1/index.php/Home/Index/index.html
INFO: [ app_init ] --START--
INFO: Run Behavior\BuildLiteBehavior [ RunTime:0.000101s ]
INFO: [ app_init ] --END-- [ RunTime:0.002013s ]

[ 2015-03-21T14:19:13+08:00 ] ::1 /1/index.php/Home/Index/css/slippry.css
INFO: [ app_init ] --START--
INFO: Run Behavior\BuildLiteBehavior [ RunTime:0.000090s ]
INFO: [ app_init ] --END-- [ RunTime:0.001936s ]
ERR: 非法操作:css

[ 2015-03-21T14:19:15+08:00 ] ::1 /1/index.php/Home/Index/index.html
INFO: [ app_init ] --START--
INFO: Run Behavior\BuildLiteBehavior [ RunTime:0.000061s ]
INFO: [ app_init ] --END-- [ RunTime:0.001653s ]

[ 2015-03-21T14:19:15+08:00 ] ::1 /1/index.php/Home/Index/css/slippry.css
INFO: [ app_init ] --START--
INFO: Run Behavior\BuildLiteBehavior [ RunTime:0.000058s ]
INFO: [ app_init ] --END-- [ RunTime:0.001369s ]
ERR: 非法操作:css

[ 2015-03-21T14:19:21+08:00 ] ::1 /1/index.php/Home/Index/index.html?
INFO: [ app_init ] --START--
INFO: Run Behavior\BuildLiteBehavior [ RunTime:0.000060s ]
INFO: [ app_init ] --END-- [ RunTime:0.001559s ]

[ 2015-03-21T14:19:21+08:00 ] ::1 /1/index.php/Home/Index/css/slippry.css
INFO: [ app_init ] --START--
INFO: Run Behavior\BuildLiteBehavior [ RunTime:0.000060s ]
INFO: [ app_init ] --END-- [ RunTime:0.001381s ]
ERR: 非法操作:css

[ 2015-03-21T14:19:28+08:00 ] ::1 /1/index.php/Home/Index/role.html
INFO: [ app_init ] --START--
INFO: Run Behavior\BuildLiteBehavior [ RunTime:0.000058s ]
INFO: [ app_init ] --END-- [ RunTime:0.001356s ]

[ 2015-03-21T14:19:28+08:00 ] ::1 /1/index.php/Home/Com/index.html
INFO: [ app_init ] --START--
INFO: Run Behavior\BuildLiteBehavior [ RunTime:0.000068s ]
INFO: [ app_init ] --END-- [ RunTime:0.001500s ]

[ 2015-03-21T14:19:29+08:00 ] ::1 /1/index.php/Home/Publish/index.html
INFO: [ app_init ] --START--
INFO: Run Behavior\BuildLiteBehavior [ RunTime:0.000057s ]
INFO: [ app_init ] --END-- [ RunTime:0.001350s ]

[ 2015-03-21T14:19:34+08:00 ] ::1 /1/index.php/Home/Publish/index.html
INFO: [ app_init ] --START--
INFO: Run Behavior\BuildLiteBehavior [ RunTime:0.000058s ]
INFO: [ app_init ] --END-- [ RunTime:0.001365s ]

[ 2015-03-21T14:19:37+08:00 ] ::1 /1/index.php/Home/Publish/index.html
INFO: [ app_init ] --START--
INFO: Run Behavior\BuildLiteBehavior [ RunTime:0.000064s ]
INFO: [ app_init ] --END-- [ RunTime:0.001996s ]

[ 2015-03-21T14:20:56+08:00 ] ::1 /1/index.php/Home/Publish/index.html
INFO: [ app_init ] --START--
INFO: Run Behavior\BuildLiteBehavior [ RunTime:0.000060s ]
INFO: [ app_init ] --END-- [ RunTime:0.001255s ]

[ 2015-03-21T14:21:05+08:00 ] ::1 /1/index.php/Home/Publish/Publish.html
INFO: [ app_init ] --START--
INFO: Run Behavior\BuildLiteBehavior [ RunTime:0.000059s ]
INFO: [ app_init ] --END-- [ RunTime:0.001324s ]

[ 2015-03-21T14:21:09+08:00 ] ::1 /1/index.php/Home/Publish/Publish.html
INFO: [ app_init ] --START--
INFO: Run Behavior\BuildLiteBehavior [ RunTime:0.000058s ]
INFO: [ app_init ] --END-- [ RunTime:0.001286s ]

[ 2015-03-21T14:21:28+08:00 ] ::1 /1/index.php/Home/Publish/Publish.html
INFO: [ app_init ] --START--
INFO: Run Behavior\BuildLiteBehavior [ RunTime:0.000057s ]
INFO: [ app_init ] --END-- [ RunTime:0.001222s ]

[ 2015-03-21T14:21:28+08:00 ] ::1 /1/index.php/Home/Publish/css/slippry.css
INFO: [ app_init ] --START--
INFO: Run Behavior\BuildLiteBehavior [ RunTime:0.000089s ]
INFO: [ app_init ] --END-- [ RunTime:0.001805s ]
ERR: 非法操作:css

[ 2015-03-21T14:22:12+08:00 ] ::1 /1/index.php/Home/Publish/Publish.html
INFO: [ app_init ] --START--
INFO: Run Behavior\BuildLiteBehavior [ RunTime:0.000058s ]
INFO: [ app_init ] --END-- [ RunTime:0.001372s ]

[ 2015-03-21T14:22:12+08:00 ] ::1 /1/index.php/Home/Publish/css/slippry.css
INFO: [ app_init ] --START--
INFO: Run Behavior\BuildLiteBehavior [ RunTime:0.000091s ]
INFO: [ app_init ] --END-- [ RunTime:0.001713s ]
ERR: 非法操作:css

[ 2015-03-21T14:22:32+08:00 ] ::1 /1/index.php/Home/Publish/Publish.html
INFO: [ app_init ] --START--
INFO: Run Behavior\BuildLiteBehavior [ RunTime:0.000059s ]
INFO: [ app_init ] --END-- [ RunTime:0.001485s ]

[ 2015-03-21T14:22:32+08:00 ] ::1 /1/index.php/Home/Publish/css/slippry.css
INFO: [ app_init ] --START--
INFO: Run Behavior\BuildLiteBehavior [ RunTime:0.000099s ]
INFO: [ app_init ] --END-- [ RunTime:0.001849s ]
ERR: 非法操作:css

[ 2015-03-21T14:22:39+08:00 ] ::1 /1/index.php/Home/Publish/Publish.html
INFO: [ app_init ] --START--
INFO: Run Behavior\BuildLiteBehavior [ RunTime:0.000059s ]
INFO: [ app_init ] --END-- [ RunTime:0.001384s ]

[ 2015-03-21T14:22:39+08:00 ] ::1 /1/index.php/Home/Publish/css/slippry.css
INFO: [ app_init ] --START--
INFO: Run Behavior\BuildLiteBehavior [ RunTime:0.000098s ]
INFO: [ app_init ] --END-- [ RunTime:0.001888s ]
ERR: 非法操作:css

[ 2015-03-21T14:23:08+08:00 ] ::1 /1/index.php/Home/Publish/Publish.html
INFO: [ app_init ] --START--
INFO: Run Behavior\BuildLiteBehavior [ RunTime:0.000058s ]
INFO: [ app_init ] --END-- [ RunTime:0.001648s ]

[ 2015-03-21T14:23:08+08:00 ] ::1 /1/index.php/Home/Publish/css/slippry.css
INFO: [ app_init ] --START--
INFO: Run Behavior\BuildLiteBehavior [ RunTime:0.000122s ]
INFO: [ app_init ] --END-- [ RunTime:0.001896s ]
ERR: 非法操作:css

[ 2015-03-21T14:23:41+08:00 ] ::1 /1/index.php/Home/Publish/Publish.html
INFO: [ app_init ] --START--
INFO: Run Behavior\BuildLiteBehavior [ RunTime:0.000058s ]
INFO: [ app_init ] --END-- [ RunTime:0.001295s ]

[ 2015-03-21T14:23:41+08:00 ] ::1 /1/index.php/Home/Publish/css/slippry.css
INFO: [ app_init ] --START--
INFO: Run Behavior\BuildLiteBehavior [ RunTime:0.000097s ]
INFO: [ app_init ] --END-- [ RunTime:0.001714s ]
ERR: 非法操作:css

[ 2015-03-21T14:23:45+08:00 ] ::1 /1/index.php/Home/Publish/Publish.html
INFO: [ app_init ] --START--
INFO: Run Behavior\BuildLiteBehavior [ RunTime:0.000065s ]
INFO: [ app_init ] --END-- [ RunTime:0.001516s ]

[ 2015-03-21T14:23:45+08:00 ] ::1 /1/index.php/Home/Publish/css/slippry.css
INFO: [ app_init ] --START--
INFO: Run Behavior\BuildLiteBehavior [ RunTime:0.000091s ]
INFO: [ app_init ] --END-- [ RunTime:0.001690s ]
ERR: 非法操作:css

[ 2015-03-21T14:24:51+08:00 ] ::1 /1/index.php/Home/Publish/contact.html
INFO: [ app_init ] --START--
INFO: Run Behavior\BuildLiteBehavior [ RunTime:0.000059s ]
INFO: [ app_init ] --END-- [ RunTime:0.001313s ]
ERR: 非法操作:contact

[ 2015-03-21T14:25:52+08:00 ] ::1 /1/index.php/Home/Publish/Publish.html
INFO: [ app_init ] --START--
INFO: Run Behavior\BuildLiteBehavior [ RunTime:0.000065s ]
INFO: [ app_init ] --END-- [ RunTime:0.001618s ]

[ 2015-03-21T14:25:52+08:00 ] ::1 /1/index.php/Home/Publish/css/slippry.css
INFO: [ app_init ] --START--
INFO: Run Behavior\BuildLiteBehavior [ RunTime:0.000059s ]
INFO: [ app_init ] --END-- [ RunTime:0.001636s ]
ERR: 非法操作:css

[ 2015-03-21T14:25:58+08:00 ] ::1 /1/index.php/Home/Publish/css/slippry.css
INFO: [ app_init ] --START--
INFO: Run Behavior\BuildLiteBehavior [ RunTime:0.000060s ]
INFO: [ app_init ] --END-- [ RunTime:0.001232s ]
ERR: 非法操作:css

[ 2015-03-21T14:26:21+08:00 ] ::1 /1/index.php/Home/Publish/Publish.html
INFO: [ app_init ] --START--
INFO: Run Behavior\BuildLiteBehavior [ RunTime:0.000073s ]
INFO: [ app_init ] --END-- [ RunTime:0.001309s ]

[ 2015-03-21T14:26:21+08:00 ] ::1 /1/index.php/Home/Publish/css/slippry.css
INFO: [ app_init ] --START--
INFO: Run Behavior\BuildLiteBehavior [ RunTime:0.000105s ]
INFO: [ app_init ] --END-- [ RunTime:0.001816s ]
ERR: 非法操作:css

[ 2015-03-21T14:28:17+08:00 ] ::1 /1/index.php/Home/Publish/Publish.html
INFO: [ app_init ] --START--
INFO: Run Behavior\BuildLiteBehavior [ RunTime:0.000059s ]
INFO: [ app_init ] --END-- [ RunTime:0.001285s ]

[ 2015-03-21T14:28:17+08:00 ] ::1 /1/index.php/Home/Publish/css/slippry.css
INFO: [ app_init ] --START--
INFO: Run Behavior\BuildLiteBehavior [ RunTime:0.000058s ]
INFO: [ app_init ] --END-- [ RunTime:0.001178s ]
ERR: 非法操作:css

[ 2015-03-21T14:28:22+08:00 ] ::1 /1/index.php/Home/Index/index.html
INFO: [ app_init ] --START--
INFO: Run Behavior\BuildLiteBehavior [ RunTime:0.000104s ]
INFO: [ app_init ] --END-- [ RunTime:0.002910s ]

[ 2015-03-21T14:28:22+08:00 ] ::1 /1/index.php/Home/Index/css/slippry.css
INFO: [ app_init ] --START--
INFO: Run Behavior\BuildLiteBehavior [ RunTime:0.000099s ]
INFO: [ app_init ] --END-- [ RunTime:0.001887s ]
ERR: 非法操作:css

[ 2015-03-21T14:41:37+08:00 ] ::1 /1/index.php/
INFO: [ app_init ] --START--
INFO: Run Behavior\BuildLiteBehavior [ RunTime:0.000059s ]
INFO: [ app_init ] --END-- [ RunTime:0.001262s ]

[ 2015-03-21T14:41:41+08:00 ] ::1 /1/index.php/Home/Detail/detail_good/id/87.html
INFO: [ app_init ] --START--
INFO: Run Behavior\BuildLiteBehavior [ RunTime:0.000063s ]
INFO: [ app_init ] --END-- [ RunTime:0.001318s ]

[ 2015-03-21T14:41:42+08:00 ] ::1 /1/index.php/Home/Detail/detail_good/id/css/slippry.css
INFO: [ app_init ] --START--
INFO: Run Behavior\BuildLiteBehavior [ RunTime:0.000087s ]
INFO: [ app_init ] --END-- [ RunTime:0.001491s ]

[ 2015-03-21T14:41:42+08:00 ] ::1 /1/index.php/Home/Detail/detail_good/id/js/jstarbox.js
INFO: [ app_init ] --START--
INFO: Run Behavior\BuildLiteBehavior [ RunTime:0.000079s ]
INFO: [ app_init ] --END-- [ RunTime:0.001480s ]

[ 2015-03-21T14:41:44+08:00 ] ::1 /1/index.php/Home/Index/role.html
INFO: [ app_init ] --START--
INFO: Run Behavior\BuildLiteBehavior [ RunTime:0.000058s ]
INFO: [ app_init ] --END-- [ RunTime:0.001270s ]

[ 2015-03-21T14:41:44+08:00 ] ::1 /1/index.php/Home/Com/index.html
INFO: [ app_init ] --START--
INFO: Run Behavior\BuildLiteBehavior [ RunTime:0.000058s ]
INFO: [ app_init ] --END-- [ RunTime:0.001276s ]

[ 2015-03-21T14:41:46+08:00 ] ::1 /1/index.php/Home/Publish/index.html
INFO: [ app_init ] --START--
INFO: Run Behavior\BuildLiteBehavior [ RunTime:0.000060s ]
INFO: [ app_init ] --END-- [ RunTime:0.001677s ]

[ 2015-03-21T14:41:51+08:00 ] ::1 /1/index.php/Home/Publish/index.html
INFO: [ app_init ] --START--
INFO: Run Behavior\BuildLiteBehavior [ RunTime:0.000158s ]
INFO: [ app_init ] --END-- [ RunTime:0.002104s ]

[ 2015-03-21T15:41:30+08:00 ] ::1 /1/
INFO: [ app_init ] --START--
INFO: Run Behavior\BuildLiteBehavior [ RunTime:0.000072s ]
INFO: [ app_init ] --END-- [ RunTime:0.001303s ]

[ 2015-03-21T15:41:39+08:00 ] ::1 /1/index.php/Home/Detail/detail_good/id/87.html
INFO: [ app_init ] --START--
INFO: Run Behavior\BuildLiteBehavior [ RunTime:0.000089s ]
INFO: [ app_init ] --END-- [ RunTime:0.001284s ]

[ 2015-03-21T15:41:40+08:00 ] ::1 /1/index.php/Home/Detail/detail_good/id/css/slippry.css
INFO: [ app_init ] --START--
INFO: Run Behavior\BuildLiteBehavior [ RunTime:0.000097s ]
INFO: [ app_init ] --END-- [ RunTime:0.002097s ]

[ 2015-03-21T15:41:40+08:00 ] ::1 /1/index.php/Home/Detail/detail_good/id/js/jstarbox.js
INFO: [ app_init ] --START--
INFO: Run Behavior\BuildLiteBehavior [ RunTime:0.000097s ]
INFO: [ app_init ] --END-- [ RunTime:0.001812s ]

[ 2015-03-21T15:43:38+08:00 ] ::1 /1/
INFO: [ app_init ] --START--
INFO: Run Behavior\BuildLiteBehavior [ RunTime:0.000058s ]
INFO: [ app_init ] --END-- [ RunTime:0.001332s ]

[ 2015-03-21T16:06:45+08:00 ] ::1 /1/
INFO: [ app_init ] --START--
INFO: Run Behavior\BuildLiteBehavior [ RunTime:0.000078s ]
INFO: [ app_init ] --END-- [ RunTime:0.001297s ]

[ 2015-03-21T16:06:47+08:00 ] ::1 /1/index.php/Home/Login/hangon.html
INFO: [ app_init ] --START--
INFO: Run Behavior\BuildLiteBehavior [ RunTime:0.000057s ]
INFO: [ app_init ] --END-- [ RunTime:0.001218s ]

[ 2015-03-21T16:06:47+08:00 ] ::1 /1/index.php/Home/Login/style.css
INFO: [ app_init ] --START--
INFO: Run Behavior\BuildLiteBehavior [ RunTime:0.000105s ]
INFO: [ app_init ] --END-- [ RunTime:0.001888s ]
ERR: 非法操作:style.css

[ 2015-03-21T16:06:49+08:00 ] ::1 /1/index.php/Home/Login/hangon.html
INFO: [ app_init ] --START--
INFO: Run Behavior\BuildLiteBehavior [ RunTime:0.000058s ]
INFO: [ app_init ] --END-- [ RunTime:0.001323s ]

[ 2015-03-21T16:06:49+08:00 ] ::1 /1/index.php/Home/Login/style.css
INFO: [ app_init ] --START--
INFO: Run Behavior\BuildLiteBehavior [ RunTime:0.000063s ]
INFO: [ app_init ] --END-- [ RunTime:0.001766s ]
ERR: 非法操作:style.css

[ 2015-03-21T16:07:58+08:00 ] ::1 /1/
INFO: [ app_init ] --START--
INFO: Run Behavior\BuildLiteBehavior [ RunTime:0.000059s ]
INFO: [ app_init ] --END-- [ RunTime:0.001355s ]

[ 2015-03-21T16:08:02+08:00 ] ::1 /1/
INFO: [ app_init ] --START--
INFO: Run Behavior\BuildLiteBehavior [ RunTime:0.000062s ]
INFO: [ app_init ] --END-- [ RunTime:0.001532s ]

[ 2015-03-21T16:08:05+08:00 ] ::1 /1/
INFO: [ app_init ] --START--
INFO: Run Behavior\BuildLiteBehavior [ RunTime:0.000058s ]
INFO: [ app_init ] --END-- [ RunTime:0.001587s ]

[ 2015-03-21T16:19:46+08:00 ] ::1 /1/
INFO: [ app_init ] --START--
INFO: Run Behavior\BuildLiteBehavior [ RunTime:0.000059s ]
INFO: [ app_init ] --END-- [ RunTime:0.001397s ]

[ 2015-03-21T16:19:49+08:00 ] ::1 /1/
INFO: [ app_init ] --START--
INFO: Run Behavior\BuildLiteBehavior [ RunTime:0.000061s ]
INFO: [ app_init ] --END-- [ RunTime:0.001424s ]

[ 2015-03-21T16:19:53+08:00 ] ::1 /1/index.php/Home/Login/logout.html
INFO: [ app_init ] --START--
INFO: Run Behavior\BuildLiteBehavior [ RunTime:0.000098s ]
INFO: [ app_init ] --END-- [ RunTime:0.001885s ]

[ 2015-03-21T16:19:54+08:00 ] ::1 /1/index.php/Home/Index/index.html
INFO: [ app_init ] --START--
INFO: Run Behavior\BuildLiteBehavior [ RunTime:0.000058s ]
INFO: [ app_init ] --END-- [ RunTime:0.001307s ]

[ 2015-03-21T16:19:54+08:00 ] ::1 /1/index.php/Home/Index/css/slippry.css
INFO: [ app_init ] --START--
INFO: Run Behavior\BuildLiteBehavior [ RunTime:0.000059s ]
INFO: [ app_init ] --END-- [ RunTime:0.001206s ]
ERR: 非法操作:css

[ 2015-03-21T16:19:55+08:00 ] ::1 /1/index.php/Home/Login/hangon.html
INFO: [ app_init ] --START--
INFO: Run Behavior\BuildLiteBehavior [ RunTime:0.000060s ]
INFO: [ app_init ] --END-- [ RunTime:0.001322s ]

[ 2015-03-21T16:19:56+08:00 ] ::1 /1/index.php/Home/Login/style.css
INFO: [ app_init ] --START--
INFO: Run Behavior\BuildLiteBehavior [ RunTime:0.000058s ]
INFO: [ app_init ] --END-- [ RunTime:0.001287s ]
ERR: 非法操作:style.css

[ 2015-03-21T16:20:01+08:00 ] ::1 /1/index.php/Home/Index/index.html
INFO: [ app_init ] --START--
INFO: Run Behavior\BuildLiteBehavior [ RunTime:0.000058s ]
INFO: [ app_init ] --END-- [ RunTime:0.001227s ]

[ 2015-03-21T16:20:01+08:00 ] ::1 /1/index.php/Home/Index/css/slippry.css
INFO: [ app_init ] --START--
INFO: Run Behavior\BuildLiteBehavior [ RunTime:0.000061s ]
INFO: [ app_init ] --END-- [ RunTime:0.001554s ]
ERR: 非法操作:css

[ 2015-03-21T18:23:45+08:00 ] ::1 /1/
INFO: [ app_init ] --START--
INFO: Run Behavior\BuildLiteBehavior [ RunTime:0.000058s ]
INFO: [ app_init ] --END-- [ RunTime:0.001314s ]

[ 2015-03-21T18:34:56+08:00 ] ::1 /1/
INFO: [ app_init ] --START--
INFO: Run Behavior\BuildLiteBehavior [ RunTime:0.000096s ]
INFO: [ app_init ] --END-- [ RunTime:0.001839s ]

[ 2015-03-21T18:34:59+08:00 ] ::1 /1/
INFO: [ app_init ] --START--
INFO: Run Behavior\BuildLiteBehavior [ RunTime:0.000061s ]
INFO: [ app_init ] --END-- [ RunTime:0.001305s ]

[ 2015-03-21T18:35:02+08:00 ] ::1 /1/index.php/Home/Detail/detail_good/id/87.html
INFO: [ app_init ] --START--
INFO: Run Behavior\BuildLiteBehavior [ RunTime:0.000058s ]
INFO: [ app_init ] --END-- [ RunTime:0.001222s ]

[ 2015-03-21T18:35:03+08:00 ] ::1 /1/index.php/Home/Detail/detail_good/id/js/jstarbox.js
INFO: [ app_init ] --START--
INFO: Run Behavior\BuildLiteBehavior [ RunTime:0.000098s ]
INFO: [ app_init ] --END-- [ RunTime:0.001876s ]

[ 2015-03-21T18:35:03+08:00 ] ::1 /1/index.php/Home/Detail/detail_good/id/css/slippry.css
INFO: [ app_init ] --START--
INFO: Run Behavior\BuildLiteBehavior [ RunTime:0.000128s ]
INFO: [ app_init ] --END-- [ RunTime:0.001823s ]

[ 2015-03-21T18:35:09+08:00 ] ::1 /1/index.php/Home/Detail/detail_good/id/87.html
INFO: [ app_init ] --START--
INFO: Run Behavior\BuildLiteBehavior [ RunTime:0.000061s ]
INFO: [ app_init ] --END-- [ RunTime:0.001304s ]

[ 2015-03-21T18:35:10+08:00 ] ::1 /1/index.php/Home/Detail/detail_good/id/css/slippry.css
INFO: [ app_init ] --START--
INFO: Run Behavior\BuildLiteBehavior [ RunTime:0.000103s ]
INFO: [ app_init ] --END-- [ RunTime:0.001699s ]

[ 2015-03-21T18:35:10+08:00 ] ::1 /1/index.php/Home/Detail/detail_good/id/js/jstarbox.js
INFO: [ app_init ] --START--
INFO: Run Behavior\BuildLiteBehavior [ RunTime:0.000058s ]
INFO: [ app_init ] --END-- [ RunTime:0.001270s ]

[ 2015-03-21T18:36:10+08:00 ] ::1 /1/index.php/Home/Login/hangon.html
INFO: [ app_init ] --START--
INFO: Run Behavior\BuildLiteBehavior [ RunTime:0.000058s ]
INFO: [ app_init ] --END-- [ RunTime:0.001429s ]

[ 2015-03-21T18:36:10+08:00 ] ::1 /1/index.php/Home/Login/style.css
INFO: [ app_init ] --START--
INFO: Run Behavior\BuildLiteBehavior [ RunTime:0.000092s ]
INFO: [ app_init ] --END-- [ RunTime:0.001888s ]
ERR: 非法操作:style.css

[ 2015-03-21T18:36:12+08:00 ] ::1 /1/index.php/Home/Login/hangon.html
INFO: [ app_init ] --START--
INFO: Run Behavior\BuildLiteBehavior [ RunTime:0.000060s ]
INFO: [ app_init ] --END-- [ RunTime:0.001728s ]

[ 2015-03-21T18:36:12+08:00 ] ::1 /1/index.php/Home/Login/style.css
INFO: [ app_init ] --START--
INFO: Run Behavior\BuildLiteBehavior [ RunTime:0.000115s ]
INFO: [ app_init ] --END-- [ RunTime:0.001432s ]
ERR: 非法操作:style.css

[ 2015-03-21T18:36:14+08:00 ] ::1 /1/index.php/Home/Login/hangon.html
INFO: [ app_init ] --START--
INFO: Run Behavior\BuildLiteBehavior [ RunTime:0.000102s ]
INFO: [ app_init ] --END-- [ RunTime:0.001904s ]

[ 2015-03-21T18:36:14+08:00 ] ::1 /1/index.php/Home/Login/style.css
INFO: [ app_init ] --START--
INFO: Run Behavior\BuildLiteBehavior [ RunTime:0.000058s ]
INFO: [ app_init ] --END-- [ RunTime:0.001195s ]
ERR: 非法操作:style.css

[ 2015-03-21T18:36:38+08:00 ] ::1 /1/index.php/Home/
INFO: [ app_init ] --START--
INFO: Run Behavior\BuildLiteBehavior [ RunTime:0.000060s ]
INFO: [ app_init ] --END-- [ RunTime:0.001440s ]

[ 2015-03-21T18:36:39+08:00 ] ::1 /1/index.php/Home/css/slippry.css
INFO: [ app_init ] --START--
INFO: Run Behavior\BuildLiteBehavior [ RunTime:0.000057s ]
INFO: [ app_init ] --END-- [ RunTime:0.001208s ]
ERR: 无法加载控制器:Css

[ 2015-03-21T18:37:10+08:00 ] ::1 /1/index.php/Home/Register/setup.html
INFO: [ app_init ] --START--
INFO: Run Behavior\BuildLiteBehavior [ RunTime:0.000100s ]
INFO: [ app_init ] --END-- [ RunTime:0.002114s ]

[ 2015-03-21T18:37:10+08:00 ] ::1 /1/index.php/Home/Register/style.css
INFO: [ app_init ] --START--
INFO: Run Behavior\BuildLiteBehavior [ RunTime:0.000086s ]
INFO: [ app_init ] --END-- [ RunTime:0.001451s ]
ERR: 非法操作:style.css

[ 2015-03-21T18:37:18+08:00 ] ::1 /1/index.php/Home/
INFO: [ app_init ] --START--
INFO: Run Behavior\BuildLiteBehavior [ RunTime:0.000060s ]
INFO: [ app_init ] --END-- [ RunTime:0.002458s ]

[ 2015-03-21T18:37:18+08:00 ] ::1 /1/index.php/Home/css/slippry.css
INFO: [ app_init ] --START--
INFO: Run Behavior\BuildLiteBehavior [ RunTime:0.000093s ]
INFO: [ app_init ] --END-- [ RunTime:0.001422s ]
ERR: 无法加载控制器:Css

[ 2015-03-21T18:37:34+08:00 ] ::1 /1/index.php/Home/
INFO: [ app_init ] --START--
INFO: Run Behavior\BuildLiteBehavior [ RunTime:0.000058s ]
INFO: [ app_init ] --END-- [ RunTime:0.001315s ]

[ 2015-03-21T18:37:34+08:00 ] ::1 /1/index.php/Home/css/slippry.css
INFO: [ app_init ] --START--
INFO: Run Behavior\BuildLiteBehavior [ RunTime:0.000117s ]
INFO: [ app_init ] --END-- [ RunTime:0.001875s ]
ERR: 无法加载控制器:Css

[ 2015-03-21T18:37:40+08:00 ] ::1 /1/index.php/Home/Login/hangon.html
INFO: [ app_init ] --START--
INFO: Run Behavior\BuildLiteBehavior [ RunTime:0.000059s ]
INFO: [ app_init ] --END-- [ RunTime:0.001338s ]

[ 2015-03-21T18:37:40+08:00 ] ::1 /1/index.php/Home/Login/style.css
INFO: [ app_init ] --START--
INFO: Run Behavior\BuildLiteBehavior [ RunTime:0.000060s ]
INFO: [ app_init ] --END-- [ RunTime:0.001277s ]
ERR: 非法操作:style.css

[ 2015-03-21T18:37:48+08:00 ] ::1 /1/index.php/Home/Login/index.html
INFO: [ app_init ] --START--
INFO: Run Behavior\BuildLiteBehavior [ RunTime:0.000059s ]
INFO: [ app_init ] --END-- [ RunTime:0.001363s ]

[ 2015-03-21T18:37:52+08:00 ] ::1 /1/index.php/Home/Login/hangon.html
INFO: [ app_init ] --START--
INFO: Run Behavior\BuildLiteBehavior [ RunTime:0.000057s ]
INFO: [ app_init ] --END-- [ RunTime:0.001372s ]

[ 2015-03-21T18:37:52+08:00 ] ::1 /1/index.php/Home/Login/style.css
INFO: [ app_init ] --START--
INFO: Run Behavior\BuildLiteBehavior [ RunTime:0.000091s ]
INFO: [ app_init ] --END-- [ RunTime:0.001667s ]
ERR: 非法操作:style.css

[ 2015-03-21T18:37:57+08:00 ] ::1 /1/index.php/Home/Login/index.html
INFO: [ app_init ] --START--
INFO: Run Behavior\BuildLiteBehavior [ RunTime:0.000058s ]
INFO: [ app_init ] --END-- [ RunTime:0.001307s ]

[ 2015-03-21T18:37:59+08:00 ] ::1 /1/index.php/Home/Index/index.html
INFO: [ app_init ] --START--
INFO: Run Behavior\BuildLiteBehavior [ RunTime:0.000058s ]
INFO: [ app_init ] --END-- [ RunTime:0.001322s ]

[ 2015-03-21T18:37:59+08:00 ] ::1 /1/index.php/Home/Index/css/slippry.css
INFO: [ app_init ] --START--
INFO: Run Behavior\BuildLiteBehavior [ RunTime:0.000058s ]
INFO: [ app_init ] --END-- [ RunTime:0.001177s ]
ERR: 非法操作:css

[ 2015-03-21T18:38:01+08:00 ] ::1 /1/index.php/Home/Index/role.html
INFO: [ app_init ] --START--
INFO: Run Behavior\BuildLiteBehavior [ RunTime:0.000061s ]
INFO: [ app_init ] --END-- [ RunTime:0.001459s ]

[ 2015-03-21T18:38:01+08:00 ] ::1 /1/index.php/Home/Com/index.html
INFO: [ app_init ] --START--
INFO: Run Behavior\BuildLiteBehavior [ RunTime:0.000058s ]
INFO: [ app_init ] --END-- [ RunTime:0.001309s ]

[ 2015-03-21T18:38:03+08:00 ] ::1 /1/index.php/Home/Publish/index.html
INFO: [ app_init ] --START--
INFO: Run Behavior\BuildLiteBehavior [ RunTime:0.000057s ]
INFO: [ app_init ] --END-- [ RunTime:0.001325s ]

[ 2015-03-21T18:41:00+08:00 ] ::1 /1/index.php/Home/Publish/Publish.html
INFO: [ app_init ] --START--
INFO: Run Behavior\BuildLiteBehavior [ RunTime:0.000081s ]
INFO: [ app_init ] --END-- [ RunTime:0.001688s ]

[ 2015-03-21T18:41:00+08:00 ] ::1 /1/index.php/Home/Publish/css/slippry.css
INFO: [ app_init ] --START--
INFO: Run Behavior\BuildLiteBehavior [ RunTime:0.000060s ]
INFO: [ app_init ] --END-- [ RunTime:0.001356s ]
ERR: 非法操作:css

[ 2015-03-21T18:41:52+08:00 ] ::1 /1/index.php/Home/Publish/Publish.html
INFO: [ app_init ] --START--
INFO: Run Behavior\BuildLiteBehavior [ RunTime:0.000058s ]
INFO: [ app_init ] --END-- [ RunTime:0.001349s ]

[ 2015-03-21T18:41:52+08:00 ] ::1 /1/index.php/Home/Publish/css/slippry.css
INFO: [ app_init ] --START--
INFO: Run Behavior\BuildLiteBehavior [ RunTime:0.000104s ]
INFO: [ app_init ] --END-- [ RunTime:0.001806s ]
ERR: 非法操作:css

[ 2015-03-21T18:42:06+08:00 ] ::1 /1/index.php/Home/Publish/Publish.html
INFO: [ app_init ] --START--
INFO: Run Behavior\BuildLiteBehavior [ RunTime:0.000100s ]
INFO: [ app_init ] --END-- [ RunTime:0.001972s ]

[ 2015-03-21T18:42:06+08:00 ] ::1 /1/index.php/Home/Publish/css/slippry.css
INFO: [ app_init ] --START--
INFO: Run Behavior\BuildLiteBehavior [ RunTime:0.000098s ]
INFO: [ app_init ] --END-- [ RunTime:0.001859s ]
ERR: 非法操作:css

[ 2015-03-21T18:42:16+08:00 ] ::1 /1/index.php/Home/Publish/Publish.html
INFO: [ app_init ] --START--
INFO: Run Behavior\BuildLiteBehavior [ RunTime:0.000058s ]
INFO: [ app_init ] --END-- [ RunTime:0.001429s ]

[ 2015-03-21T18:42:16+08:00 ] ::1 /1/index.php/Home/Publish/css/slippry.css
INFO: [ app_init ] --START--
INFO: Run Behavior\BuildLiteBehavior [ RunTime:0.000060s ]
INFO: [ app_init ] --END-- [ RunTime:0.001295s ]
ERR: 非法操作:css

[ 2015-03-21T18:42:20+08:00 ] ::1 /1/index.php/Home/Publish/Publish.html
INFO: [ app_init ] --START--
INFO: Run Behavior\BuildLiteBehavior [ RunTime:0.000058s ]
INFO: [ app_init ] --END-- [ RunTime:0.001351s ]

[ 2015-03-21T18:42:20+08:00 ] ::1 /1/index.php/Home/Publish/css/slippry.css
INFO: [ app_init ] --START--
INFO: Run Behavior\BuildLiteBehavior [ RunTime:0.000094s ]
INFO: [ app_init ] --END-- [ RunTime:0.001737s ]
ERR: 非法操作:css

[ 2015-03-21T18:43:03+08:00 ] ::1 /1/index.php/Home/Publish/Publish.html
INFO: [ app_init ] --START--
INFO: Run Behavior\BuildLiteBehavior [ RunTime:0.000061s ]
INFO: [ app_init ] --END-- [ RunTime:0.002353s ]

[ 2015-03-21T18:43:03+08:00 ] ::1 /1/index.php/Home/Publish/css/slippry.css
INFO: [ app_init ] --START--
INFO: Run Behavior\BuildLiteBehavior [ RunTime:0.000090s ]
INFO: [ app_init ] --END-- [ RunTime:0.001729s ]
ERR: 非法操作:css

[ 2015-03-21T18:44:12+08:00 ] ::1 /1/index.php/Home/Publish/Publish.html
INFO: [ app_init ] --START--
INFO: Run Behavior\BuildLiteBehavior [ RunTime:0.000097s ]
INFO: [ app_init ] --END-- [ RunTime:0.001697s ]

[ 2015-03-21T18:44:12+08:00 ] ::1 /1/index.php/Home/Publish/css/slippry.css
INFO: [ app_init ] --START--
INFO: Run Behavior\BuildLiteBehavior [ RunTime:0.000091s ]
INFO: [ app_init ] --END-- [ RunTime:0.001447s ]
ERR: 非法操作:css

[ 2015-03-21T18:44:57+08:00 ] ::1 /1/index.php/Home/Publish/Publish.html
INFO: [ app_init ] --START--
INFO: Run Behavior\BuildLiteBehavior [ RunTime:0.000092s ]
INFO: [ app_init ] --END-- [ RunTime:0.002019s ]

[ 2015-03-21T18:44:57+08:00 ] ::1 /1/index.php/Home/Publish/css/slippry.css
INFO: [ app_init ] --START--
INFO: Run Behavior\BuildLiteBehavior [ RunTime:0.000100s ]
INFO: [ app_init ] --END-- [ RunTime:0.001822s ]
ERR: 非法操作:css

[ 2015-03-21T18:45:23+08:00 ] ::1 /1/index.php/Home/Publish/Publish.html
INFO: [ app_init ] --START--
INFO: Run Behavior\BuildLiteBehavior [ RunTime:0.000094s ]
INFO: [ app_init ] --END-- [ RunTime:0.001699s ]

[ 2015-03-21T18:45:23+08:00 ] ::1 /1/index.php/Home/Publish/css/slippry.css
INFO: [ app_init ] --START--
INFO: Run Behavior\BuildLiteBehavior [ RunTime:0.000101s ]
INFO: [ app_init ] --END-- [ RunTime:0.002319s ]
ERR: 非法操作:css

[ 2015-03-21T18:45:58+08:00 ] ::1 /1/index.php/Home/Publish/Publish.html
INFO: [ app_init ] --START--
INFO: Run Behavior\BuildLiteBehavior [ RunTime:0.000061s ]
INFO: [ app_init ] --END-- [ RunTime:0.001723s ]

[ 2015-03-21T18:45:58+08:00 ] ::1 /1/index.php/Home/Publish/css/slippry.css
INFO: [ app_init ] --START--
INFO: Run Behavior\BuildLiteBehavior [ RunTime:0.000104s ]
INFO: [ app_init ] --END-- [ RunTime:0.002116s ]
ERR: 非法操作:css

[ 2015-03-21T18:46:15+08:00 ] ::1 /1/index.php/Home/Publish/Publish.html
INFO: [ app_init ] --START--
INFO: Run Behavior\BuildLiteBehavior [ RunTime:0.000057s ]
INFO: [ app_init ] --END-- [ RunTime:0.001328s ]

[ 2015-03-21T18:46:15+08:00 ] ::1 /1/index.php/Home/Publish/css/slippry.css
INFO: [ app_init ] --START--
INFO: Run Behavior\BuildLiteBehavior [ RunTime:0.000093s ]
INFO: [ app_init ] --END-- [ RunTime:0.001801s ]
ERR: 非法操作:css

[ 2015-03-21T18:46:26+08:00 ] ::1 /1/index.php/Home/Publish/Publish.html
INFO: [ app_init ] --START--
INFO: Run Behavior\BuildLiteBehavior [ RunTime:0.000106s ]
INFO: [ app_init ] --END-- [ RunTime:0.001823s ]

[ 2015-03-21T18:46:26+08:00 ] ::1 /1/index.php/Home/Publish/css/slippry.css
INFO: [ app_init ] --START--
INFO: Run Behavior\BuildLiteBehavior [ RunTime:0.000101s ]
INFO: [ app_init ] --END-- [ RunTime:0.002108s ]
ERR: 非法操作:css

[ 2015-03-21T18:46:31+08:00 ] ::1 /1/index.php/Home/Publish/Publish.html
INFO: [ app_init ] --START--
INFO: Run Behavior\BuildLiteBehavior [ RunTime:0.000111s ]
INFO: [ app_init ] --END-- [ RunTime:0.001847s ]

[ 2015-03-21T18:46:31+08:00 ] ::1 /1/index.php/Home/Publish/css/slippry.css
INFO: [ app_init ] --START--
INFO: Run Behavior\BuildLiteBehavior [ RunTime:0.000099s ]
INFO: [ app_init ] --END-- [ RunTime:0.002002s ]
ERR: 非法操作:css

[ 2015-03-21T18:46:34+08:00 ] ::1 /1/index.php/Home/Publish/Publish.html
INFO: [ app_init ] --START--
INFO: Run Behavior\BuildLiteBehavior [ RunTime:0.000059s ]
INFO: [ app_init ] --END-- [ RunTime:0.001401s ]

[ 2015-03-21T18:46:34+08:00 ] ::1 /1/index.php/Home/Publish/css/slippry.css
INFO: [ app_init ] --START--
INFO: Run Behavior\BuildLiteBehavior [ RunTime:0.000093s ]
INFO: [ app_init ] --END-- [ RunTime:0.001438s ]
ERR: 非法操作:css

[ 2015-03-21T18:46:41+08:00 ] ::1 /1/index.php/Home/Publish/Publish.html
INFO: [ app_init ] --START--
INFO: Run Behavior\BuildLiteBehavior [ RunTime:0.000075s ]
INFO: [ app_init ] --END-- [ RunTime:0.001429s ]

[ 2015-03-21T18:46:41+08:00 ] ::1 /1/index.php/Home/Publish/css/slippry.css
INFO: [ app_init ] --START--
INFO: Run Behavior\BuildLiteBehavior [ RunTime:0.000104s ]
INFO: [ app_init ] --END-- [ RunTime:0.001996s ]
ERR: 非法操作:css

[ 2015-03-21T18:46:46+08:00 ] ::1 /1/index.php/Home/Publish/Publish.html
INFO: [ app_init ] --START--
INFO: Run Behavior\BuildLiteBehavior [ RunTime:0.000059s ]
INFO: [ app_init ] --END-- [ RunTime:0.001353s ]

[ 2015-03-21T18:46:46+08:00 ] ::1 /1/index.php/Home/Publish/css/slippry.css
INFO: [ app_init ] --START--
INFO: Run Behavior\BuildLiteBehavior [ RunTime:0.000103s ]
INFO: [ app_init ] --END-- [ RunTime:0.001676s ]
ERR: 非法操作:css

[ 2015-03-21T18:47:03+08:00 ] ::1 /1/index.php/Home/Index/role.html
INFO: [ app_init ] --START--
INFO: Run Behavior\BuildLiteBehavior [ RunTime:0.000059s ]
INFO: [ app_init ] --END-- [ RunTime:0.001305s ]

[ 2015-03-21T18:47:03+08:00 ] ::1 /1/index.php/Home/Com/index.html
INFO: [ app_init ] --START--
INFO: Run Behavior\BuildLiteBehavior [ RunTime:0.000089s ]
INFO: [ app_init ] --END-- [ RunTime:0.001618s ]

[ 2015-03-21T18:47:10+08:00 ] ::1 /1/index.php/Home/
INFO: [ app_init ] --START--
INFO: Run Behavior\BuildLiteBehavior [ RunTime:0.000057s ]
INFO: [ app_init ] --END-- [ RunTime:0.001288s ]

[ 2015-03-21T18:47:11+08:00 ] ::1 /1/index.php/Home/css/slippry.css
INFO: [ app_init ] --START--
INFO: Run Behavior\BuildLiteBehavior [ RunTime:0.000056s ]
INFO: [ app_init ] --END-- [ RunTime:0.001169s ]
ERR: 无法加载控制器:Css

[ 2015-03-21T18:47:17+08:00 ] ::1 /1/index.php/Home/
INFO: [ app_init ] --START--
INFO: Run Behavior\BuildLiteBehavior [ RunTime:0.000087s ]
INFO: [ app_init ] --END-- [ RunTime:0.001645s ]

[ 2015-03-21T18:47:17+08:00 ] ::1 /1/index.php/Home/css/slippry.css
INFO: [ app_init ] --START--
INFO: Run Behavior\BuildLiteBehavior [ RunTime:0.000150s ]
INFO: [ app_init ] --END-- [ RunTime:0.001780s ]
ERR: 无法加载控制器:Css

[ 2015-03-21T18:48:29+08:00 ] ::1 /1/
INFO: [ app_init ] --START--
INFO: Run Behavior\BuildLiteBehavior [ RunTime:0.000060s ]
INFO: [ app_init ] --END-- [ RunTime:0.001328s ]

[ 2015-03-21T18:48:33+08:00 ] ::1 /1/index.php/Home/Detail/detail_good/id/87.html
INFO: [ app_init ] --START--
INFO: Run Behavior\BuildLiteBehavior [ RunTime:0.000060s ]
INFO: [ app_init ] --END-- [ RunTime:0.001292s ]

[ 2015-03-21T18:48:34+08:00 ] ::1 /1/index.php/Home/Detail/detail_good/id/css/slippry.css
INFO: [ app_init ] --START--
INFO: Run Behavior\BuildLiteBehavior [ RunTime:0.000098s ]
INFO: [ app_init ] --END-- [ RunTime:0.001822s ]

[ 2015-03-21T18:48:34+08:00 ] ::1 /1/index.php/Home/Detail/detail_good/id/js/jstarbox.js
INFO: [ app_init ] --START--
INFO: Run Behavior\BuildLiteBehavior [ RunTime:0.000090s ]
INFO: [ app_init ] --END-- [ RunTime:0.001682s ]

[ 2015-03-21T18:48:44+08:00 ] ::1 /1/index.php/Home/Detail/detail_good/id/contact.html
INFO: [ app_init ] --START--
INFO: Run Behavior\BuildLiteBehavior [ RunTime:0.000058s ]
INFO: [ app_init ] --END-- [ RunTime:0.001327s ]

[ 2015-03-21T18:48:44+08:00 ] ::1 /1/index.php/Home/Detail/detail_good/id/css/slippry.css
INFO: [ app_init ] --START--
INFO: Run Behavior\BuildLiteBehavior [ RunTime:0.000101s ]
INFO: [ app_init ] --END-- [ RunTime:0.001865s ]

[ 2015-03-21T18:48:45+08:00 ] ::1 /1/index.php/Home/Detail/detail_good/id/js/jstarbox.js
INFO: [ app_init ] --START--
INFO: Run Behavior\BuildLiteBehavior [ RunTime:0.000093s ]
INFO: [ app_init ] --END-- [ RunTime:0.002568s ]

[ 2015-03-21T19:30:43+08:00 ] ::1 /1/
INFO: [ app_init ] --START--
INFO: Run Behavior\BuildLiteBehavior [ RunTime:0.000099s ]
INFO: [ app_init ] --END-- [ RunTime:0.001646s ]

[ 2015-03-21T19:30:50+08:00 ] ::1 /1/index.php/Home/Login/hangon.html
INFO: [ app_init ] --START--
INFO: Run Behavior\BuildLiteBehavior [ RunTime:0.000057s ]
INFO: [ app_init ] --END-- [ RunTime:0.001192s ]

[ 2015-03-21T19:30:50+08:00 ] ::1 /1/index.php/Home/Login/style.css
INFO: [ app_init ] --START--
INFO: Run Behavior\BuildLiteBehavior [ RunTime:0.000058s ]
INFO: [ app_init ] --END-- [ RunTime:0.001179s ]
ERR: 非法操作:style.css

[ 2015-03-21T19:30:55+08:00 ] ::1 /1/
INFO: [ app_init ] --START--
INFO: Run Behavior\BuildLiteBehavior [ RunTime:0.000099s ]
INFO: [ app_init ] --END-- [ RunTime:0.001874s ]

[ 2015-03-21T19:42:21+08:00 ] ::1 /1/
INFO: [ app_init ] --START--
INFO: Run Behavior\BuildLiteBehavior [ RunTime:0.000096s ]
INFO: [ app_init ] --END-- [ RunTime:0.001951s ]

[ 2015-03-21T19:42:25+08:00 ] ::1 /1/
INFO: [ app_init ] --START--
INFO: Run Behavior\BuildLiteBehavior [ RunTime:0.000101s ]
INFO: [ app_init ] --END-- [ RunTime:0.001884s ]

[ 2015-03-21T19:42:28+08:00 ] ::1 /1/index.php/Home/Detail/detail_good/id/84.html
INFO: [ app_init ] --START--
INFO: Run Behavior\BuildLiteBehavior [ RunTime:0.000060s ]
INFO: [ app_init ] --END-- [ RunTime:0.001368s ]

[ 2015-03-21T19:42:28+08:00 ] ::1 /1/index.php/Home/Detail/detail_good/id/js/jstarbox.js
INFO: [ app_init ] --START--
INFO: Run Behavior\BuildLiteBehavior [ RunTime:0.000086s ]
INFO: [ app_init ] --END-- [ RunTime:0.001636s ]

[ 2015-03-21T19:42:28+08:00 ] ::1 /1/index.php/Home/Detail/detail_good/id/css/slippry.css
INFO: [ app_init ] --START--
INFO: Run Behavior\BuildLiteBehavior [ RunTime:0.000092s ]
INFO: [ app_init ] --END-- [ RunTime:0.001831s ]

[ 2015-03-21T19:42:31+08:00 ] ::1 /1/index.php/Home/Detail/detail_good/id/84.html
INFO: [ app_init ] --START--
INFO: Run Behavior\BuildLiteBehavior [ RunTime:0.000095s ]
INFO: [ app_init ] --END-- [ RunTime:0.001876s ]

[ 2015-03-21T19:42:32+08:00 ] ::1 /1/index.php/Home/Detail/detail_good/id/css/slippry.css
INFO: [ app_init ] --START--
INFO: Run Behavior\BuildLiteBehavior [ RunTime:0.000082s ]
INFO: [ app_init ] --END-- [ RunTime:0.001557s ]

[ 2015-03-21T19:42:32+08:00 ] ::1 /1/index.php/Home/Detail/detail_good/id/js/jstarbox.js
INFO: [ app_init ] --START--
INFO: Run Behavior\BuildLiteBehavior [ RunTime:0.000099s ]
INFO: [ app_init ] --END-- [ RunTime:0.001944s ]

[ 2015-03-21T19:46:23+08:00 ] ::1 /1/index.php/Home/Detail/detail_good/id/84.html
INFO: [ app_init ] --START--
INFO: Run Behavior\BuildLiteBehavior [ RunTime:0.000100s ]
INFO: [ app_init ] --END-- [ RunTime:0.001848s ]

[ 2015-03-21T19:46:23+08:00 ] ::1 /1/index.php/Home/Detail/detail_good/id/css/slippry.css
INFO: [ app_init ] --START--
INFO: Run Behavior\BuildLiteBehavior [ RunTime:0.000091s ]
INFO: [ app_init ] --END-- [ RunTime:0.001954s ]

[ 2015-03-21T19:46:23+08:00 ] ::1 /1/index.php/Home/Detail/detail_good/id/js/jstarbox.js
INFO: [ app_init ] --START--
INFO: Run Behavior\BuildLiteBehavior [ RunTime:0.000088s ]
INFO: [ app_init ] --END-- [ RunTime:0.001631s ]

[ 2015-03-21T19:46:28+08:00 ] ::1 /1/index.php/Home/Detail/detail_good/id/84.html
INFO: [ app_init ] --START--
INFO: Run Behavior\BuildLiteBehavior [ RunTime:0.000096s ]
INFO: [ app_init ] --END-- [ RunTime:0.001995s ]

[ 2015-03-21T19:46:29+08:00 ] ::1 /1/index.php/Home/Detail/detail_good/id/css/slippry.css
INFO: [ app_init ] --START--
INFO: Run Behavior\BuildLiteBehavior [ RunTime:0.000102s ]
INFO: [ app_init ] --END-- [ RunTime:0.001976s ]

[ 2015-03-21T19:46:29+08:00 ] ::1 /1/index.php/Home/Detail/detail_good/id/js/jstarbox.js
INFO: [ app_init ] --START--
INFO: Run Behavior\BuildLiteBehavior [ RunTime:0.000095s ]
INFO: [ app_init ] --END-- [ RunTime:0.001768s ]

[ 2015-03-21T19:46:37+08:00 ] ::1 /1/index.php/Home
INFO: [ app_init ] --START--
INFO: Run Behavior\BuildLiteBehavior [ RunTime:0.000060s ]
INFO: [ app_init ] --END-- [ RunTime:0.001543s ]

[ 2015-03-21T19:46:53+08:00 ] ::1 /1/index.php/Home/Detail/detail_good/id/85.html
INFO: [ app_init ] --START--
INFO: Run Behavior\BuildLiteBehavior [ RunTime:0.000062s ]
INFO: [ app_init ] --END-- [ RunTime:0.001671s ]

[ 2015-03-21T19:46:53+08:00 ] ::1 /1/index.php/Home/Detail/detail_good/id/css/slippry.css
INFO: [ app_init ] --START--
INFO: Run Behavior\BuildLiteBehavior [ RunTime:0.000158s ]
INFO: [ app_init ] --END-- [ RunTime:0.003482s ]

[ 2015-03-21T19:46:53+08:00 ] ::1 /1/index.php/Home/Detail/detail_good/id/js/jstarbox.js
INFO: [ app_init ] --START--
INFO: Run Behavior\BuildLiteBehavior [ RunTime:0.000081s ]
INFO: [ app_init ] --END-- [ RunTime:0.001470s ]

[ 2015-03-21T19:50:32+08:00 ] ::1 /1/index.php/Home/Detail/detail_good/id/85.html
INFO: [ app_init ] --START--
INFO: Run Behavior\BuildLiteBehavior [ RunTime:0.000121s ]
INFO: [ app_init ] --END-- [ RunTime:0.012973s ]

[ 2015-03-21T19:50:32+08:00 ] ::1 /1/index.php/Home/Detail/detail_good/id/css/slippry.css
INFO: [ app_init ] --START--
INFO: Run Behavior\BuildLiteBehavior [ RunTime:0.000083s ]
INFO: [ app_init ] --END-- [ RunTime:0.002639s ]

[ 2015-03-21T19:50:32+08:00 ] ::1 /1/index.php/Home/Detail/detail_good/id/js/jstarbox.js
INFO: [ app_init ] --START--
INFO: Run Behavior\BuildLiteBehavior [ RunTime:0.000050s ]
INFO: [ app_init ] --END-- [ RunTime:0.001033s ]

